
===========================================================================
 report_power
============================================================================
======================= Fastest Corner ===================================

Group                  Internal  Switching    Leakage      Total
                          Power      Power      Power      Power (Watts)
----------------------------------------------------------------
Sequential             4.68e-05   7.81e-06   4.28e-08   5.46e-05   5.2%
Combinational          4.69e-04   5.32e-04   8.30e-09   1.00e-03  94.8%
Macro                  0.00e+00   0.00e+00   0.00e+00   0.00e+00   0.0%
Pad                    0.00e+00   0.00e+00   0.00e+00   0.00e+00   0.0%
----------------------------------------------------------------
Total                  5.16e-04   5.40e-04   5.11e-08   1.06e-03 100.0%
                          48.9%      51.1%       0.0%

======================= Slowest Corner ===================================

Group                  Internal  Switching    Leakage      Total
                          Power      Power      Power      Power (Watts)
----------------------------------------------------------------
Sequential             3.13e-05   5.19e-06   1.71e-07   3.67e-05   5.0%
Combinational          3.45e-04   3.52e-04   4.09e-06   7.01e-04  95.0%
Macro                  0.00e+00   0.00e+00   0.00e+00   0.00e+00   0.0%
Pad                    0.00e+00   0.00e+00   0.00e+00   0.00e+00   0.0%
----------------------------------------------------------------
Total                  3.76e-04   3.57e-04   4.26e-06   7.38e-04 100.0%
                          51.0%      48.4%       0.6%

======================= Typical Corner ===================================

Group                  Internal  Switching    Leakage      Total
                          Power      Power      Power      Power (Watts)
----------------------------------------------------------------
Sequential             4.03e-05   6.60e-06   4.28e-08   4.69e-05   5.1%
Combinational          4.22e-04   4.49e-04   5.67e-09   8.71e-04  94.9%
Macro                  0.00e+00   0.00e+00   0.00e+00   0.00e+00   0.0%
Pad                    0.00e+00   0.00e+00   0.00e+00   0.00e+00   0.0%
----------------------------------------------------------------
Total                  4.62e-04   4.56e-04   4.85e-08   9.18e-04 100.0%
                          50.3%      49.7%       0.0%

