Instance name,  X location,  Y location,  Voltage 
FILLER_0_64_361, 175.44, 187.68, 1.79856
FILLER_0_64_365, 175.44, 187.68, 1.79856
output34, 175.44, 182.24, 1.79855
FILLER_0_62_357, 175.44, 182.24, 1.79855
FILLER_0_60_357, 175.44, 176.8, 1.79857
FILLER_0_58_357, 175.44, 171.36, 1.79856
FILLER_0_56_357, 175.44, 165.92, 1.79857
FILLER_0_54_357, 175.44, 160.48, 1.79857
FILLER_0_52_357, 175.44, 155.04, 1.79858
FILLER_0_50_357, 175.44, 149.6, 1.79855
FILLER_0_48_360, 175.44, 144.16, 1.79852
FILLER_0_44_361, 175.44, 133.28, 1.79857
FILLER_0_42_356, 175.44, 127.84, 1.79859
FILLER_0_36_357, 175.44, 111.52, 1.79862
FILLER_0_34_361, 175.44, 106.08, 1.79863
FILLER_0_32_361, 175.44, 100.64, 1.79862
FILLER_0_28_361, 175.44, 89.76, 1.79876
FILLER_0_18_361, 175.44, 62.56, 1.79905
FILLER_0_16_357, 175.44, 57.12, 1.79919
FILLER_0_14_357, 175.44, 51.68, 1.79922
FILLER_0_12_357, 175.44, 46.24, 1.79939
FILLER_0_10_357, 175.44, 40.8, 1.79949
FILLER_0_8_357, 175.44, 35.36, 1.79958
FILLER_0_6_357, 175.44, 29.92, 1.79966
FILLER_0_4_357, 175.44, 24.48, 1.79971
FILLER_0_2_357, 175.44, 19.04, 1.79971
FILLER_0_0_357, 175.44, 13.6, 1.79969
FILLER_0_0_377, 175.44, 13.6, 1.79969
FILLER_0_59_45, 21.84, 171.36, 1.79853
_1602_, 21.84, 51.68, 1.79884
FILLER_0_14_29, 21.84, 51.68, 1.79884
FILLER_0_11_45, 21.84, 40.8, 1.79907
output36, 21.84, 13.6, 1.79916
PHY_128, 5.52, 187.68, 1.79852
PHY_129, 194.12, 187.68, 1.79856
output29, 13.68, 187.68, 1.79852
FILLER_0_64_9, 13.68, 187.68, 1.79852
FILLER_0_64_53, 34.64, 187.68, 1.79853
FILLER_0_64_57, 34.64, 187.68, 1.79853
input11, 60.24, 187.68, 1.79852
FILLER_0_64_137, 73.04, 187.68, 1.79852
FILLER_0_64_141, 73.04, 187.68, 1.79852
input24, 98.64, 187.68, 1.79853
FILLER_0_64_193, 98.64, 187.68, 1.79853
FILLER_0_64_219, 111.44, 187.68, 1.79853
FILLER_0_64_245, 124.24, 187.68, 1.79853
input5, 137.04, 187.68, 1.79854
FILLER_0_64_277, 137.04, 187.68, 1.79854
input3, 162.64, 187.68, 1.79855
FILLER_0_64_329, 162.64, 187.68, 1.79855
PHY_124, 5.52, 182.24, 1.79852
PHY_126, 5.52, 182.24, 1.79852
input27, 5.52, 182.24, 1.79852
PHY_125, 194.12, 182.24, 1.79855
PHY_127, 194.12, 182.24, 1.79855
FILLER_0_62_401, 194.12, 182.24, 1.79855
FILLER_0_64_23, 13.68, 182.24, 1.79852
input6, 34.64, 182.24, 1.79852
FILLER_0_63_51, 34.64, 182.24, 1.79852
FILLER_0_63_105, 47.44, 182.24, 1.79852
FILLER_0_64_97, 47.44, 182.24, 1.79852
FILLER_0_64_105, 47.44, 182.24, 1.79852
input23, 73.04, 182.24, 1.79852
FILLER_0_62_133, 73.04, 182.24, 1.79852
FILLER_0_63_161, 85.84, 182.24, 1.79852
FILLER_0_62_189, 98.64, 182.24, 1.79853
input4, 111.44, 182.24, 1.79853
FILLER_0_63_217, 111.44, 182.24, 1.79853
FILLER_0_64_237, 111.44, 182.24, 1.79853
FILLER_0_62_245, 124.24, 182.24, 1.79853
FILLER_0_63_273, 137.04, 182.24, 1.79854
FILLER_0_64_299, 137.04, 182.24, 1.79854
FILLER_0_62_301, 149.84, 182.24, 1.79854
FILLER_0_64_321, 149.84, 182.24, 1.79854
FILLER_0_63_329, 162.64, 182.24, 1.79855
input22, 184.78, 182.24, 1.79855
FILLER_0_63_385, 184.78, 182.24, 1.79855
FILLER_0_64_393, 184.78, 182.24, 1.79855
PHY_120, 5.52, 176.8, 1.79853
PHY_122, 5.52, 176.8, 1.79853
PHY_121, 194.12, 176.8, 1.79857
PHY_123, 194.12, 176.8, 1.79857
FILLER_0_61_51, 34.64, 176.8, 1.79854
FILLER_0_62_77, 34.64, 176.8, 1.79854
FILLER_0_61_105, 47.44, 176.8, 1.79854
FILLER_0_60_133, 73.04, 176.8, 1.79854
FILLER_0_61_161, 85.84, 176.8, 1.79855
FILLER_0_60_189, 98.64, 176.8, 1.79855
FILLER_0_61_217, 111.44, 176.8, 1.79855
FILLER_0_60_245, 124.24, 176.8, 1.79856
FILLER_0_61_273, 137.04, 176.8, 1.79856
FILLER_0_60_301, 149.84, 176.8, 1.79856
FILLER_0_61_329, 162.64, 176.8, 1.79856
FILLER_0_61_385, 184.78, 176.8, 1.79857
PHY_116, 5.52, 171.36, 1.79853
PHY_118, 5.52, 171.36, 1.79853
input12, 5.52, 171.36, 1.79853
PHY_117, 194.12, 171.36, 1.79856
PHY_119, 194.12, 171.36, 1.79856
FILLER_0_58_401, 194.12, 171.36, 1.79856
FILLER_0_59_53, 34.64, 171.36, 1.79853
FILLER_0_60_77, 34.64, 171.36, 1.79853
FILLER_0_59_105, 47.44, 171.36, 1.79854
FILLER_0_58_133, 73.04, 171.36, 1.79854
FILLER_0_59_161, 85.84, 171.36, 1.79854
FILLER_0_58_189, 98.64, 171.36, 1.79855
FILLER_0_59_217, 111.44, 171.36, 1.79855
FILLER_0_58_245, 124.24, 171.36, 1.79855
FILLER_0_59_273, 137.04, 171.36, 1.79856
FILLER_0_58_301, 149.84, 171.36, 1.79856
FILLER_0_59_329, 162.64, 171.36, 1.79856
input21, 184.78, 171.36, 1.79856
FILLER_0_59_385, 184.78, 171.36, 1.79856
PHY_112, 5.52, 165.92, 1.79853
PHY_114, 5.52, 165.92, 1.79853
PHY_113, 194.12, 165.92, 1.79857
PHY_115, 194.12, 165.92, 1.79857
FILLER_0_56_401, 194.12, 165.92, 1.79857
FILLER_0_57_51, 34.64, 165.92, 1.79854
FILLER_0_58_77, 34.64, 165.92, 1.79854
FILLER_0_57_105, 47.44, 165.92, 1.79854
FILLER_0_56_133, 73.04, 165.92, 1.79855
FILLER_0_57_161, 85.84, 165.92, 1.79855
FILLER_0_56_189, 98.64, 165.92, 1.79855
FILLER_0_57_217, 111.44, 165.92, 1.79856
FILLER_0_56_245, 124.24, 165.92, 1.79856
FILLER_0_57_273, 137.04, 165.92, 1.79856
FILLER_0_56_301, 149.84, 165.92, 1.79856
FILLER_0_57_329, 162.64, 165.92, 1.79857
FILLER_0_57_385, 184.78, 165.92, 1.79857
PHY_108, 5.52, 160.48, 1.79853
PHY_110, 5.52, 160.48, 1.79853
PHY_109, 194.12, 160.48, 1.79857
PHY_111, 194.12, 160.48, 1.79857
input16, 194.12, 160.48, 1.79857
FILLER_0_55_51, 34.64, 160.48, 1.79853
FILLER_0_56_77, 34.64, 160.48, 1.79853
FILLER_0_55_105, 47.44, 160.48, 1.79854
FILLER_0_54_133, 73.04, 160.48, 1.79855
FILLER_0_55_161, 85.84, 160.48, 1.79855
FILLER_0_54_189, 98.64, 160.48, 1.79855
FILLER_0_55_217, 111.44, 160.48, 1.79856
FILLER_0_54_245, 124.24, 160.48, 1.79856
FILLER_0_55_273, 137.04, 160.48, 1.79856
FILLER_0_54_301, 149.84, 160.48, 1.79857
FILLER_0_55_329, 162.64, 160.48, 1.79857
FILLER_0_55_385, 184.78, 160.48, 1.79857
PHY_104, 5.52, 155.04, 1.79853
PHY_106, 5.52, 155.04, 1.79853
PHY_105, 194.12, 155.04, 1.79858
PHY_107, 194.12, 155.04, 1.79858
FILLER_0_52_401, 194.12, 155.04, 1.79858
FILLER_0_53_51, 34.64, 155.04, 1.79853
FILLER_0_54_77, 34.64, 155.04, 1.79853
FILLER_0_53_105, 47.44, 155.04, 1.79854
FILLER_0_52_133, 73.04, 155.04, 1.79854
FILLER_0_53_161, 85.84, 155.04, 1.79855
FILLER_0_52_189, 98.64, 155.04, 1.79855
_1286_, 111.44, 155.04, 1.79855
FILLER_0_53_217, 111.44, 155.04, 1.79855
FILLER_0_52_246, 124.24, 155.04, 1.79856
FILLER_0_53_273, 137.04, 155.04, 1.79856
FILLER_0_52_301, 149.84, 155.04, 1.79857
FILLER_0_53_329, 162.64, 155.04, 1.79857
FILLER_0_53_385, 184.78, 155.04, 1.79858
PHY_100, 5.52, 149.6, 1.7985
PHY_102, 5.52, 149.6, 1.7985
input2, 5.52, 149.6, 1.7985
PHY_101, 194.12, 149.6, 1.79855
PHY_103, 194.12, 149.6, 1.79855
FILLER_0_50_401, 194.12, 149.6, 1.79855
FILLER_0_52_77, 34.64, 149.6, 1.79847
FILLER_0_51_105, 47.44, 149.6, 1.79845
FILLER_0_50_133, 73.04, 149.6, 1.79839
FILLER_0_50_141, 73.04, 149.6, 1.79839
_1281_, 85.84, 149.6, 1.79836
_1321_, 85.84, 149.6, 1.79836
rebuffer10, 85.84, 149.6, 1.79836
rebuffer11, 85.84, 149.6, 1.79836
rebuffer13, 85.84, 149.6, 1.79836
FILLER_0_50_166, 85.84, 149.6, 1.79836
FILLER_0_51_161, 85.84, 149.6, 1.79836
FILLER_0_51_169, 85.84, 149.6, 1.79836
_1276_, 98.64, 149.6, 1.79835
_1278_, 98.64, 149.6, 1.79835
_1279_, 98.64, 149.6, 1.79835
_1315_, 98.64, 149.6, 1.79835
_1318_, 98.64, 149.6, 1.79835
_1319_, 98.64, 149.6, 1.79835
rebuffer12, 98.64, 149.6, 1.79835
FILLER_0_51_191, 98.64, 149.6, 1.79835
FILLER_0_51_205, 98.64, 149.6, 1.79835
FILLER_0_52_213, 98.64, 149.6, 1.79835
_1269_, 111.44, 149.6, 1.79836
_1277_, 111.44, 149.6, 1.79836
_1314_, 111.44, 149.6, 1.79836
_1362_, 111.44, 149.6, 1.79836
FILLER_0_51_220, 111.44, 149.6, 1.79836
_1313_, 124.24, 149.6, 1.7984
FILLER_0_50_253, 124.24, 149.6, 1.7984
FILLER_0_51_269, 124.24, 149.6, 1.7984
_1360_, 137.04, 149.6, 1.79843
FILLER_0_50_278, 137.04, 149.6, 1.79843
FILLER_0_51_277, 137.04, 149.6, 1.79843
FILLER_0_50_300, 149.84, 149.6, 1.79847
FILLER_0_51_329, 162.64, 149.6, 1.79851
FILLER_0_51_385, 184.78, 149.6, 1.79855
PHY_96, 5.52, 144.16, 1.79848
PHY_98, 5.52, 144.16, 1.79848
PHY_97, 194.12, 144.16, 1.79852
PHY_99, 194.12, 144.16, 1.79852
FILLER_0_48_401, 194.12, 144.16, 1.79852
FILLER_0_49_51, 34.64, 144.16, 1.79843
FILLER_0_50_77, 34.64, 144.16, 1.79843
FILLER_0_49_105, 47.44, 144.16, 1.79837
_1040_, 73.04, 144.16, 1.79827
_1041_, 73.04, 144.16, 1.79827
_1043_, 73.04, 144.16, 1.79827
_1251_, 73.04, 144.16, 1.79827
_1282_, 73.04, 144.16, 1.79827
FILLER_0_48_133, 73.04, 144.16, 1.79827
FILLER_0_48_141, 73.04, 144.16, 1.79827
FILLER_0_49_137, 73.04, 144.16, 1.79827
_1028_, 85.84, 144.16, 1.79822
_1030_, 85.84, 144.16, 1.79822
_1031_, 85.84, 144.16, 1.79822
_1032_, 85.84, 144.16, 1.79822
_1266_, 85.84, 144.16, 1.79822
_1280_, 85.84, 144.16, 1.79822
_1283_, 85.84, 144.16, 1.79822
_1284_, 85.84, 144.16, 1.79822
FILLER_0_49_161, 85.84, 144.16, 1.79822
FILLER_0_50_176, 85.84, 144.16, 1.79822
_1273_, 98.64, 144.16, 1.7982
_1274_, 98.64, 144.16, 1.7982
_1275_, 98.64, 144.16, 1.7982
_1285_, 98.64, 144.16, 1.7982
_1316_, 98.64, 144.16, 1.7982
_1317_, 98.64, 144.16, 1.7982
_1322_, 98.64, 144.16, 1.7982
FILLER_0_48_192, 98.64, 144.16, 1.7982
FILLER_0_48_197, 98.64, 144.16, 1.7982
FILLER_0_49_216, 98.64, 144.16, 1.7982
_1265_, 111.44, 144.16, 1.7982
_1267_, 111.44, 144.16, 1.7982
_1268_, 111.44, 144.16, 1.7982
_1287_, 111.44, 144.16, 1.7982
_1363_, 111.44, 144.16, 1.7982
_1405_, 111.44, 144.16, 1.7982
FILLER_0_49_230, 111.44, 144.16, 1.7982
FILLER_0_50_232, 111.44, 144.16, 1.7982
FILLER_0_50_242, 111.44, 144.16, 1.7982
_1303_, 124.24, 144.16, 1.79823
_1304_, 124.24, 144.16, 1.79823
_1310_, 124.24, 144.16, 1.79823
_1311_, 124.24, 144.16, 1.79823
_1312_, 124.24, 144.16, 1.79823
_1328_, 124.24, 144.16, 1.79823
FILLER_0_49_246, 124.24, 144.16, 1.79823
FILLER_0_49_254, 124.24, 144.16, 1.79823
_1358_, 137.04, 144.16, 1.79828
_1359_, 137.04, 144.16, 1.79828
_1361_, 137.04, 144.16, 1.79828
FILLER_0_49_294, 137.04, 144.16, 1.79828
_1407_, 149.84, 144.16, 1.79836
rebuffer20, 149.84, 144.16, 1.79836
rebuffer21, 149.84, 144.16, 1.79836
FILLER_0_49_329, 162.64, 144.16, 1.79844
FILLER_0_49_385, 184.78, 144.16, 1.79852
PHY_92, 5.52, 138.72, 1.79851
PHY_94, 5.52, 138.72, 1.79851
PHY_93, 194.12, 138.72, 1.79855
PHY_95, 194.12, 138.72, 1.79855
FILLER_0_46_401, 194.12, 138.72, 1.79855
FILLER_0_47_51, 34.64, 138.72, 1.79848
FILLER_0_48_77, 34.64, 138.72, 1.79848
FILLER_0_47_105, 47.44, 138.72, 1.79846
_1007_, 73.04, 138.72, 1.79841
_1008_, 73.04, 138.72, 1.79841
_1029_, 73.04, 138.72, 1.79841
_1037_, 73.04, 138.72, 1.79841
_1038_, 73.04, 138.72, 1.79841
_1039_, 73.04, 138.72, 1.79841
_1042_, 73.04, 138.72, 1.79841
FILLER_0_47_137, 73.04, 138.72, 1.79841
FILLER_0_47_150, 73.04, 138.72, 1.79841
FILLER_0_47_157, 73.04, 138.72, 1.79841
_1000_, 85.84, 138.72, 1.79839
_1021_, 85.84, 138.72, 1.79839
_1022_, 85.84, 138.72, 1.79839
_1027_, 85.84, 138.72, 1.79839
FILLER_0_48_178, 85.84, 138.72, 1.79839
_1018_, 98.64, 138.72, 1.79838
_1020_, 98.64, 138.72, 1.79838
_1252_, 98.64, 138.72, 1.79838
FILLER_0_46_197, 98.64, 138.72, 1.79838
FILLER_0_47_213, 98.64, 138.72, 1.79838
_1253_, 111.44, 138.72, 1.79838
_1258_, 111.44, 138.72, 1.79838
_1259_, 111.44, 138.72, 1.79838
_1293_, 111.44, 138.72, 1.79838
FILLER_0_46_224, 111.44, 138.72, 1.79838
FILLER_0_47_221, 111.44, 138.72, 1.79838
FILLER_0_47_235, 111.44, 138.72, 1.79838
FILLER_0_47_243, 111.44, 138.72, 1.79838
FILLER_0_48_237, 111.44, 138.72, 1.79838
_1301_, 124.24, 138.72, 1.79838
_1302_, 124.24, 138.72, 1.79838
_1309_, 124.24, 138.72, 1.79838
_1326_, 124.24, 138.72, 1.79838
_1327_, 124.24, 138.72, 1.79838
_1338_, 124.24, 138.72, 1.79838
FILLER_0_46_249, 124.24, 138.72, 1.79838
FILLER_0_47_256, 124.24, 138.72, 1.79838
FILLER_0_48_269, 124.24, 138.72, 1.79838
_1336_, 137.04, 138.72, 1.79839
_1397_, 137.04, 138.72, 1.79839
_1398_, 137.04, 138.72, 1.79839
_1399_, 137.04, 138.72, 1.79839
_1406_, 137.04, 138.72, 1.79839
FILLER_0_46_273, 137.04, 138.72, 1.79839
FILLER_0_46_280, 137.04, 138.72, 1.79839
FILLER_0_47_287, 137.04, 138.72, 1.79839
FILLER_0_47_295, 137.04, 138.72, 1.79839
_1395_, 149.84, 138.72, 1.79843
_1408_, 149.84, 138.72, 1.79843
FILLER_0_47_385, 184.78, 138.72, 1.79855
PHY_88, 5.52, 133.28, 1.7985
PHY_90, 5.52, 133.28, 1.7985
PHY_89, 194.12, 133.28, 1.79856
PHY_91, 194.12, 133.28, 1.79856
input10, 194.12, 133.28, 1.79856
FILLER_0_44_401, 194.12, 133.28, 1.79856
FILLER_0_45_51, 34.64, 133.28, 1.79846
FILLER_0_46_77, 34.64, 133.28, 1.79846
FILLER_0_45_105, 47.44, 133.28, 1.79842
_1009_, 60.24, 133.28, 1.79838
_1010_, 60.24, 133.28, 1.79838
_1013_, 60.24, 133.28, 1.79838
_1044_, 60.24, 133.28, 1.79838
_1045_, 60.24, 133.28, 1.79838
FILLER_0_46_121, 60.24, 133.28, 1.79838
_1006_, 73.04, 133.28, 1.79837
_1034_, 73.04, 133.28, 1.79837
_1035_, 73.04, 133.28, 1.79837
_1036_, 73.04, 133.28, 1.79837
FILLER_0_44_135, 73.04, 133.28, 1.79837
FILLER_0_44_141, 73.04, 133.28, 1.79837
FILLER_0_46_147, 73.04, 133.28, 1.79837
FILLER_0_46_159, 73.04, 133.28, 1.79837
_0987_, 85.84, 133.28, 1.79836
_0997_, 85.84, 133.28, 1.79836
_0999_, 85.84, 133.28, 1.79836
_1001_, 85.84, 133.28, 1.79836
_1003_, 85.84, 133.28, 1.79836
_1004_, 85.84, 133.28, 1.79836
_1005_, 85.84, 133.28, 1.79836
_1019_, 85.84, 133.28, 1.79836
FILLER_0_46_188, 85.84, 133.28, 1.79836
_0829_, 98.64, 133.28, 1.79837
_1016_, 98.64, 133.28, 1.79837
_1017_, 98.64, 133.28, 1.79837
_1271_, 98.64, 133.28, 1.79837
_1272_, 98.64, 133.28, 1.79837
FILLER_0_45_192, 98.64, 133.28, 1.79837
FILLER_0_46_210, 98.64, 133.28, 1.79837
_1256_, 111.44, 133.28, 1.79838
_1257_, 111.44, 133.28, 1.79838
_1260_, 111.44, 133.28, 1.79838
_1288_, 111.44, 133.28, 1.79838
_1290_, 111.44, 133.28, 1.79838
FILLER_0_45_239, 111.44, 133.28, 1.79838
FILLER_0_46_241, 111.44, 133.28, 1.79838
_1299_, 124.24, 133.28, 1.7984
_1300_, 124.24, 133.28, 1.7984
_1306_, 124.24, 133.28, 1.7984
_1307_, 124.24, 133.28, 1.7984
_1329_, 124.24, 133.28, 1.7984
FILLER_0_44_246, 124.24, 133.28, 1.7984
FILLER_0_45_267, 124.24, 133.28, 1.7984
_1335_, 137.04, 133.28, 1.79842
_1337_, 137.04, 133.28, 1.79842
_1354_, 137.04, 133.28, 1.79842
_1355_, 137.04, 133.28, 1.79842
_1356_, 137.04, 133.28, 1.79842
_1357_, 137.04, 133.28, 1.79842
_1364_, 137.04, 133.28, 1.79842
_1365_, 137.04, 133.28, 1.79842
FILLER_0_46_296, 137.04, 133.28, 1.79842
_1393_, 149.84, 133.28, 1.79845
_1396_, 149.84, 133.28, 1.79845
_1463_, 149.84, 133.28, 1.79845
FILLER_0_44_304, 149.84, 133.28, 1.79845
FILLER_0_45_333, 162.64, 133.28, 1.79851
FILLER_0_45_385, 184.78, 133.28, 1.79856
FILLER_0_45_393, 184.78, 133.28, 1.79856
PHY_84, 5.52, 127.84, 1.7985
PHY_86, 5.52, 127.84, 1.7985
input9, 5.52, 127.84, 1.7985
PHY_85, 194.12, 127.84, 1.79859
PHY_87, 194.12, 127.84, 1.79859
FILLER_0_42_401, 194.12, 127.84, 1.79859
FILLER_0_44_19, 13.68, 127.84, 1.79851
FILLER_0_43_51, 34.64, 127.84, 1.79847
FILLER_0_44_77, 34.64, 127.84, 1.79847
FILLER_0_43_105, 47.44, 127.84, 1.79843
_0968_, 60.24, 127.84, 1.79839
_0971_, 60.24, 127.84, 1.79839
_0972_, 60.24, 127.84, 1.79839
_1011_, 60.24, 127.84, 1.79839
_1012_, 60.24, 127.84, 1.79839
_1046_, 60.24, 127.84, 1.79839
_1047_, 60.24, 127.84, 1.79839
_1076_, 60.24, 127.84, 1.79839
FILLER_0_42_109, 60.24, 127.84, 1.79839
_0965_, 73.04, 127.84, 1.79838
_0967_, 73.04, 127.84, 1.79838
_0989_, 73.04, 127.84, 1.79838
_0990_, 73.04, 127.84, 1.79838
_1002_, 73.04, 127.84, 1.79838
_1033_, 73.04, 127.84, 1.79838
FILLER_0_42_137, 73.04, 127.84, 1.79838
FILLER_0_42_141, 73.04, 127.84, 1.79838
FILLER_0_43_149, 73.04, 127.84, 1.79838
_0891_, 85.84, 127.84, 1.79838
_0962_, 85.84, 127.84, 1.79838
_0978_, 85.84, 127.84, 1.79838
_0980_, 85.84, 127.84, 1.79838
_0981_, 85.84, 127.84, 1.79838
_1023_, 85.84, 127.84, 1.79838
split25, 85.84, 127.84, 1.79838
FILLER_0_43_163, 85.84, 127.84, 1.79838
FILLER_0_43_169, 85.84, 127.84, 1.79838
_0974_, 98.64, 127.84, 1.79838
_0994_, 98.64, 127.84, 1.79838
_0995_, 98.64, 127.84, 1.79838
_0996_, 98.64, 127.84, 1.79838
_1024_, 98.64, 127.84, 1.79838
_1025_, 98.64, 127.84, 1.79838
_1026_, 98.64, 127.84, 1.79838
_1270_, 98.64, 127.84, 1.79838
FILLER_0_43_201, 98.64, 127.84, 1.79838
_1263_, 111.44, 127.84, 1.7984
_1264_, 111.44, 127.84, 1.7984
_1291_, 111.44, 127.84, 1.7984
_1292_, 111.44, 127.84, 1.7984
_1333_, 111.44, 127.84, 1.7984
split28, 111.44, 127.84, 1.7984
FILLER_0_43_220, 111.44, 127.84, 1.7984
FILLER_0_43_225, 111.44, 127.84, 1.7984
FILLER_0_43_236, 111.44, 127.84, 1.7984
FILLER_0_43_243, 111.44, 127.84, 1.7984
_1297_, 124.24, 127.84, 1.79842
_1298_, 124.24, 127.84, 1.79842
_1330_, 124.24, 127.84, 1.79842
_1332_, 124.24, 127.84, 1.79842
_1334_, 124.24, 127.84, 1.79842
_1349_, 124.24, 127.84, 1.79842
FILLER_0_43_254, 124.24, 127.84, 1.79842
FILLER_0_43_270, 124.24, 127.84, 1.79842
FILLER_0_44_260, 124.24, 127.84, 1.79842
FILLER_0_44_268, 124.24, 127.84, 1.79842
_1343_, 137.04, 127.84, 1.79845
_1352_, 137.04, 127.84, 1.79845
_1353_, 137.04, 127.84, 1.79845
_1388_, 137.04, 127.84, 1.79845
_1394_, 137.04, 127.84, 1.79845
split29, 137.04, 127.84, 1.79845
FILLER_0_44_295, 137.04, 127.84, 1.79845
_1371_, 149.84, 127.84, 1.79849
_1372_, 149.84, 127.84, 1.79849
_1389_, 149.84, 127.84, 1.79849
_1391_, 149.84, 127.84, 1.79849
_1392_, 149.84, 127.84, 1.79849
FILLER_0_43_310, 149.84, 127.84, 1.79849
FILLER_0_43_332, 162.64, 127.84, 1.79854
FILLER_0_44_353, 162.64, 127.84, 1.79854
FILLER_0_43_385, 184.78, 127.84, 1.79859
PHY_80, 5.52, 122.4, 1.79851
PHY_82, 5.52, 122.4, 1.79851
PHY_81, 194.12, 122.4, 1.79859
PHY_83, 194.12, 122.4, 1.79859
FILLER_0_40_401, 194.12, 122.4, 1.79859
FILLER_0_41_51, 34.64, 122.4, 1.79846
FILLER_0_42_77, 34.64, 122.4, 1.79846
_1071_, 47.44, 122.4, 1.79842
FILLER_0_40_85, 47.44, 122.4, 1.79842
FILLER_0_41_105, 47.44, 122.4, 1.79842
_1048_, 60.24, 122.4, 1.79837
_1063_, 60.24, 122.4, 1.79837
_1064_, 60.24, 122.4, 1.79837
_1065_, 60.24, 122.4, 1.79837
_1072_, 60.24, 122.4, 1.79837
_1078_, 60.24, 122.4, 1.79837
_1080_, 60.24, 122.4, 1.79837
_1323_, 60.24, 122.4, 1.79837
FILLER_0_41_121, 60.24, 122.4, 1.79837
FILLER_0_42_124, 60.24, 122.4, 1.79837
_0842_, 73.04, 122.4, 1.79836
_0961_, 73.04, 122.4, 1.79836
_0963_, 73.04, 122.4, 1.79836
_0988_, 73.04, 122.4, 1.79836
_0992_, 73.04, 122.4, 1.79836
_1066_, 73.04, 122.4, 1.79836
FILLER_0_41_146, 73.04, 122.4, 1.79836
_0966_, 85.84, 122.4, 1.79835
_0979_, 85.84, 122.4, 1.79835
_0991_, 85.84, 122.4, 1.79835
_0998_, 85.84, 122.4, 1.79835
_1056_, 85.84, 122.4, 1.79835
FILLER_0_41_169, 85.84, 122.4, 1.79835
_0851_, 98.64, 122.4, 1.79835
_0942_, 98.64, 122.4, 1.79835
_0975_, 98.64, 122.4, 1.79835
_0977_, 98.64, 122.4, 1.79835
_1015_, 98.64, 122.4, 1.79835
_1331_, 98.64, 122.4, 1.79835
FILLER_0_40_197, 98.64, 122.4, 1.79835
FILLER_0_41_190, 98.64, 122.4, 1.79835
_1255_, 111.44, 122.4, 1.79836
_1289_, 111.44, 122.4, 1.79836
_1295_, 111.44, 122.4, 1.79836
_1305_, 111.44, 122.4, 1.79836
split32, 111.44, 122.4, 1.79836
FILLER_0_40_230, 111.44, 122.4, 1.79836
FILLER_0_42_243, 111.44, 122.4, 1.79836
_1294_, 124.24, 122.4, 1.79839
_1308_, 124.24, 122.4, 1.79839
_1345_, 124.24, 122.4, 1.79839
_1348_, 124.24, 122.4, 1.79839
_1350_, 124.24, 122.4, 1.79839
_1351_, 124.24, 122.4, 1.79839
FILLER_0_40_253, 124.24, 122.4, 1.79839
FILLER_0_41_258, 124.24, 122.4, 1.79839
FILLER_0_41_267, 124.24, 122.4, 1.79839
_1014_, 137.04, 122.4, 1.79842
_1341_, 137.04, 122.4, 1.79842
_1342_, 137.04, 122.4, 1.79842
_1366_, 137.04, 122.4, 1.79842
_1370_, 137.04, 122.4, 1.79842
_1390_, 137.04, 122.4, 1.79842
FILLER_0_41_290, 137.04, 122.4, 1.79842
FILLER_0_42_293, 137.04, 122.4, 1.79842
_1373_, 149.84, 122.4, 1.79845
_1409_, 149.84, 122.4, 1.79845
_1435_, 149.84, 122.4, 1.79845
_1436_, 149.84, 122.4, 1.79845
_1437_, 149.84, 122.4, 1.79845
_1438_, 149.84, 122.4, 1.79845
FILLER_0_41_301, 149.84, 122.4, 1.79845
FILLER_0_42_315, 149.84, 122.4, 1.79845
_1464_, 162.64, 122.4, 1.79851
_1482_, 162.64, 122.4, 1.79851
FILLER_0_41_385, 184.78, 122.4, 1.79859
PHY_76, 5.52, 116.96, 1.79852
PHY_78, 5.52, 116.96, 1.79852
PHY_77, 194.12, 116.96, 1.79861
PHY_79, 194.12, 116.96, 1.79861
FILLER_0_38_401, 194.12, 116.96, 1.79861
FILLER_0_39_51, 34.64, 116.96, 1.79846
FILLER_0_40_77, 34.64, 116.96, 1.79846
_1074_, 47.44, 116.96, 1.79841
_1079_, 47.44, 116.96, 1.79841
FILLER_0_38_85, 47.44, 116.96, 1.79841
FILLER_0_39_81, 47.44, 116.96, 1.79841
FILLER_0_40_96, 47.44, 116.96, 1.79841
_1069_, 60.24, 116.96, 1.79837
_1070_, 60.24, 116.96, 1.79837
rebuffer18, 60.24, 116.96, 1.79837
rebuffer32, 60.24, 116.96, 1.79837
rebuffer33, 60.24, 116.96, 1.79837
rebuffer34, 60.24, 116.96, 1.79837
rebuffer37, 60.24, 116.96, 1.79837
FILLER_0_39_106, 60.24, 116.96, 1.79837
_0969_, 73.04, 116.96, 1.79835
_0970_, 73.04, 116.96, 1.79835
_1060_, 73.04, 116.96, 1.79835
_1062_, 73.04, 116.96, 1.79835
_1068_, 73.04, 116.96, 1.79835
_1083_, 73.04, 116.96, 1.79835
rebuffer38, 73.04, 116.96, 1.79835
FILLER_0_40_155, 73.04, 116.96, 1.79835
_0827_, 85.84, 116.96, 1.79834
_0983_, 85.84, 116.96, 1.79834
_0985_, 85.84, 116.96, 1.79834
_0986_, 85.84, 116.96, 1.79834
_1055_, 85.84, 116.96, 1.79834
_1061_, 85.84, 116.96, 1.79834
rebuffer36, 85.84, 116.96, 1.79834
FILLER_0_39_169, 85.84, 116.96, 1.79834
_0908_, 98.64, 116.96, 1.79835
_0909_, 98.64, 116.96, 1.79835
_0976_, 98.64, 116.96, 1.79835
_0982_, 98.64, 116.96, 1.79835
_1057_, 98.64, 116.96, 1.79835
_1346_, 98.64, 116.96, 1.79835
_0926_, 111.44, 116.96, 1.79837
_1254_, 111.44, 116.96, 1.79837
_1261_, 111.44, 116.96, 1.79837
_1339_, 111.44, 116.96, 1.79837
_1340_, 111.44, 116.96, 1.79837
_1375_, 111.44, 116.96, 1.79837
split30, 111.44, 116.96, 1.79837
FILLER_0_38_219, 111.44, 116.96, 1.79837
_1296_, 124.24, 116.96, 1.7984
_1344_, 124.24, 116.96, 1.7984
_1347_, 124.24, 116.96, 1.7984
_1378_, 124.24, 116.96, 1.7984
_1379_, 124.24, 116.96, 1.7984
FILLER_0_38_248, 124.24, 116.96, 1.7984
FILLER_0_39_252, 124.24, 116.96, 1.7984
FILLER_0_40_267, 124.24, 116.96, 1.7984
_0889_, 137.04, 116.96, 1.79843
_1368_, 137.04, 116.96, 1.79843
_1383_, 137.04, 116.96, 1.79843
_1384_, 137.04, 116.96, 1.79843
_1386_, 137.04, 116.96, 1.79843
_1387_, 137.04, 116.96, 1.79843
_1424_, 137.04, 116.96, 1.79843
FILLER_0_38_274, 137.04, 116.96, 1.79843
_1431_, 149.84, 116.96, 1.79848
_1433_, 149.84, 116.96, 1.79848
_1434_, 149.84, 116.96, 1.79848
_1461_, 149.84, 116.96, 1.79848
FILLER_0_39_305, 149.84, 116.96, 1.79848
_1462_, 162.64, 116.96, 1.79854
FILLER_0_40_355, 162.64, 116.96, 1.79854
FILLER_0_39_385, 184.78, 116.96, 1.79861
PHY_72, 5.52, 111.52, 1.79852
PHY_74, 5.52, 111.52, 1.79852
PHY_73, 194.12, 111.52, 1.79862
PHY_75, 194.12, 111.52, 1.79862
input15, 194.12, 111.52, 1.79862
FILLER_0_36_401, 194.12, 111.52, 1.79862
FILLER_0_37_51, 34.64, 111.52, 1.79845
FILLER_0_38_77, 34.64, 111.52, 1.79845
_1073_, 47.44, 111.52, 1.79838
_1081_, 47.44, 111.52, 1.79838
_1117_, 47.44, 111.52, 1.79838
FILLER_0_37_93, 47.44, 111.52, 1.79838
FILLER_0_37_103, 47.44, 111.52, 1.79838
_1075_, 60.24, 111.52, 1.79833
_1077_, 60.24, 111.52, 1.79833
_1111_, 60.24, 111.52, 1.79833
_1112_, 60.24, 111.52, 1.79833
rebuffer30, 60.24, 111.52, 1.79833
_0833_, 73.04, 111.52, 1.7983
_1059_, 73.04, 111.52, 1.7983
_1067_, 73.04, 111.52, 1.7983
_1082_, 73.04, 111.52, 1.7983
_1098_, 73.04, 111.52, 1.7983
_1105_, 73.04, 111.52, 1.7983
_1155_, 73.04, 111.52, 1.7983
FILLER_0_38_155, 73.04, 111.52, 1.7983
_0984_, 85.84, 111.52, 1.79829
_1049_, 85.84, 111.52, 1.79829
_1050_, 85.84, 111.52, 1.79829
_1051_, 85.84, 111.52, 1.79829
_1054_, 85.84, 111.52, 1.79829
_1084_, 85.84, 111.52, 1.79829
FILLER_0_36_166, 85.84, 111.52, 1.79829
FILLER_0_37_164, 85.84, 111.52, 1.79829
FILLER_0_37_169, 85.84, 111.52, 1.79829
FILLER_0_38_176, 85.84, 111.52, 1.79829
_0832_, 98.64, 111.52, 1.79829
_0852_, 98.64, 111.52, 1.79829
_0993_, 98.64, 111.52, 1.79829
_1053_, 98.64, 111.52, 1.79829
_1058_, 98.64, 111.52, 1.79829
_1324_, 98.64, 111.52, 1.79829
FILLER_0_36_189, 98.64, 111.52, 1.79829
FILLER_0_37_206, 98.64, 111.52, 1.79829
_0820_, 111.44, 111.52, 1.7983
_0823_, 111.44, 111.52, 1.7983
_0825_, 111.44, 111.52, 1.7983
_0960_, 111.44, 111.52, 1.7983
_1262_, 111.44, 111.52, 1.7983
_1376_, 111.44, 111.52, 1.7983
_1377_, 111.44, 111.52, 1.7983
_1403_, 111.44, 111.52, 1.7983
rebuffer15, 111.44, 111.52, 1.7983
FILLER_0_37_240, 111.44, 111.52, 1.7983
_0822_, 124.24, 111.52, 1.79835
_0895_, 124.24, 111.52, 1.79835
_1367_, 124.24, 111.52, 1.79835
_1385_, 124.24, 111.52, 1.79835
FILLER_0_36_249, 124.24, 111.52, 1.79835
FILLER_0_38_262, 124.24, 111.52, 1.79835
_1369_, 137.04, 111.52, 1.7984
_1423_, 137.04, 111.52, 1.7984
_1426_, 137.04, 111.52, 1.7984
_1427_, 137.04, 111.52, 1.7984
FILLER_0_37_277, 137.04, 111.52, 1.7984
FILLER_0_37_290, 137.04, 111.52, 1.7984
FILLER_0_38_290, 137.04, 111.52, 1.7984
_1429_, 149.84, 111.52, 1.79846
_1430_, 149.84, 111.52, 1.79846
_1432_, 149.84, 111.52, 1.79846
_1439_, 149.84, 111.52, 1.79846
_1454_, 149.84, 111.52, 1.79846
_1456_, 149.84, 111.52, 1.79846
_1457_, 149.84, 111.52, 1.79846
_1458_, 149.84, 111.52, 1.79846
FILLER_0_36_309, 149.84, 111.52, 1.79846
FILLER_0_37_310, 149.84, 111.52, 1.79846
_1460_, 162.64, 111.52, 1.79853
_1472_, 162.64, 111.52, 1.79853
FILLER_0_37_385, 184.78, 111.52, 1.79862
FILLER_0_37_393, 184.78, 111.52, 1.79862
PHY_68, 5.52, 106.08, 1.7985
PHY_70, 5.52, 106.08, 1.7985
input13, 5.52, 106.08, 1.7985
PHY_69, 194.12, 106.08, 1.79863
PHY_71, 194.12, 106.08, 1.79863
FILLER_0_34_401, 194.12, 106.08, 1.79863
FILLER_0_36_77, 34.64, 106.08, 1.7984
_1106_, 47.44, 106.08, 1.7983
_1114_, 47.44, 106.08, 1.7983
_1115_, 47.44, 106.08, 1.7983
_1116_, 47.44, 106.08, 1.7983
_1152_, 47.44, 106.08, 1.7983
FILLER_0_34_85, 47.44, 106.08, 1.7983
_1110_, 60.24, 106.08, 1.79822
_1113_, 60.24, 106.08, 1.79822
_1118_, 60.24, 106.08, 1.79822
_1119_, 60.24, 106.08, 1.79822
rebuffer27, 60.24, 106.08, 1.79822
rebuffer25, 60.24, 106.08, 1.79822
_1097_, 73.04, 106.08, 1.79818
_1099_, 73.04, 106.08, 1.79818
_1100_, 73.04, 106.08, 1.79818
_1133_, 73.04, 106.08, 1.79818
max_cap40, 73.04, 106.08, 1.79818
max_cap43, 73.04, 106.08, 1.79818
rebuffer2, 73.04, 106.08, 1.79818
rebuffer19, 73.04, 106.08, 1.79818
rebuffer29, 73.04, 106.08, 1.79818
FILLER_0_35_147, 73.04, 106.08, 1.79818
_1052_, 85.84, 106.08, 1.79818
_1085_, 85.84, 106.08, 1.79818
_1090_, 85.84, 106.08, 1.79818
_1096_, 85.84, 106.08, 1.79818
_1132_, 85.84, 106.08, 1.79818
FILLER_0_35_169, 85.84, 106.08, 1.79818
_0843_, 98.64, 106.08, 1.79818
_0964_, 98.64, 106.08, 1.79818
_1320_, 98.64, 106.08, 1.79818
_1402_, 98.64, 106.08, 1.79818
FILLER_0_34_192, 98.64, 106.08, 1.79818
FILLER_0_34_197, 98.64, 106.08, 1.79818
FILLER_0_35_194, 98.64, 106.08, 1.79818
FILLER_0_35_206, 98.64, 106.08, 1.79818
FILLER_0_36_213, 98.64, 106.08, 1.79818
_0821_, 111.44, 106.08, 1.79821
_1325_, 111.44, 106.08, 1.79821
_1374_, 111.44, 106.08, 1.79821
_1404_, 111.44, 106.08, 1.79821
_1416_, 111.44, 106.08, 1.79821
_1566_, 111.44, 106.08, 1.79821
_0824_, 124.24, 106.08, 1.79827
_1381_, 124.24, 106.08, 1.79827
_1382_, 124.24, 106.08, 1.79827
_1425_, 124.24, 106.08, 1.79827
_1440_, 124.24, 106.08, 1.79827
FILLER_0_34_249, 124.24, 106.08, 1.79827
FILLER_0_34_253, 124.24, 106.08, 1.79827
FILLER_0_35_248, 124.24, 106.08, 1.79827
FILLER_0_36_259, 124.24, 106.08, 1.79827
_0927_, 137.04, 106.08, 1.79833
_1413_, 137.04, 106.08, 1.79833
_1422_, 137.04, 106.08, 1.79833
_1428_, 137.04, 106.08, 1.79833
_1441_, 137.04, 106.08, 1.79833
_1442_, 137.04, 106.08, 1.79833
FILLER_0_35_277, 137.04, 106.08, 1.79833
FILLER_0_35_299, 137.04, 106.08, 1.79833
FILLER_0_36_299, 137.04, 106.08, 1.79833
_1444_, 149.84, 106.08, 1.7984
_1445_, 149.84, 106.08, 1.7984
_1455_, 149.84, 106.08, 1.7984
_1459_, 149.84, 106.08, 1.7984
_1567_, 149.84, 106.08, 1.7984
rebuffer35, 149.84, 106.08, 1.7984
FILLER_0_35_319, 149.84, 106.08, 1.7984
FILLER_0_36_317, 149.84, 106.08, 1.7984
_1483_, 162.64, 106.08, 1.79851
_1525_, 162.64, 106.08, 1.79851
rebuffer4, 162.64, 106.08, 1.79851
rebuffer23, 162.64, 106.08, 1.79851
FILLER_0_35_389, 184.78, 106.08, 1.79863
PHY_64, 5.52, 100.64, 1.7985
PHY_66, 5.52, 100.64, 1.7985
PHY_65, 194.12, 100.64, 1.79862
PHY_67, 194.12, 100.64, 1.79862
FILLER_0_32_401, 194.12, 100.64, 1.79862
FILLER_0_33_51, 34.64, 100.64, 1.79838
FILLER_0_34_77, 34.64, 100.64, 1.79838
_1107_, 47.44, 100.64, 1.79825
_1109_, 47.44, 100.64, 1.79825
rebuffer7, 47.44, 100.64, 1.79825
FILLER_0_33_81, 47.44, 100.64, 1.79825
FILLER_0_33_101, 47.44, 100.64, 1.79825
_1120_, 60.24, 100.64, 1.79813
_1121_, 60.24, 100.64, 1.79813
_1122_, 60.24, 100.64, 1.79813
_1148_, 60.24, 100.64, 1.79813
_1187_, 60.24, 100.64, 1.79813
_1538_, 60.24, 100.64, 1.79813
_1539_, 60.24, 100.64, 1.79813
_1091_, 73.04, 100.64, 1.79807
_1094_, 73.04, 100.64, 1.79807
_1095_, 73.04, 100.64, 1.79807
_1104_, 73.04, 100.64, 1.79807
_1123_, 73.04, 100.64, 1.79807
_1134_, 73.04, 100.64, 1.79807
_1138_, 73.04, 100.64, 1.79807
_1142_, 73.04, 100.64, 1.79807
rebuffer9, 73.04, 100.64, 1.79807
max_cap1, 73.04, 100.64, 1.79807
FILLER_0_34_149, 73.04, 100.64, 1.79807
_1087_, 85.84, 100.64, 1.79803
_1089_, 85.84, 100.64, 1.79803
_1092_, 85.84, 100.64, 1.79803
_1093_, 85.84, 100.64, 1.79803
_1156_, 85.84, 100.64, 1.79803
FILLER_0_33_169, 85.84, 100.64, 1.79803
_0834_, 98.64, 100.64, 1.798
_1088_, 98.64, 100.64, 1.798
_1533_, 98.64, 100.64, 1.798
_1534_, 98.64, 100.64, 1.798
_1536_, 98.64, 100.64, 1.798
_1537_, 98.64, 100.64, 1.798
FILLER_0_32_197, 98.64, 100.64, 1.798
FILLER_0_33_203, 98.64, 100.64, 1.798
_0828_, 111.44, 100.64, 1.79804
_1191_, 111.44, 100.64, 1.79804
_1380_, 111.44, 100.64, 1.79804
_1400_, 111.44, 100.64, 1.79804
_1415_, 111.44, 100.64, 1.79804
_1532_, 111.44, 100.64, 1.79804
_1535_, 111.44, 100.64, 1.79804
_1543_, 111.44, 100.64, 1.79804
rebuffer26, 111.44, 100.64, 1.79804
FILLER_0_32_217, 111.44, 100.64, 1.79804
FILLER_0_33_225, 111.44, 100.64, 1.79804
FILLER_0_34_240, 111.44, 100.64, 1.79804
_1410_, 124.24, 100.64, 1.79813
_1411_, 124.24, 100.64, 1.79813
_1412_, 124.24, 100.64, 1.79813
_1414_, 124.24, 100.64, 1.79813
_1449_, 124.24, 100.64, 1.79813
FILLER_0_33_248, 124.24, 100.64, 1.79813
_0890_, 137.04, 100.64, 1.79822
_0931_, 137.04, 100.64, 1.79822
_1421_, 137.04, 100.64, 1.79822
_1443_, 137.04, 100.64, 1.79822
_1466_, 137.04, 100.64, 1.79822
FILLER_0_32_282, 137.04, 100.64, 1.79822
FILLER_0_33_295, 137.04, 100.64, 1.79822
FILLER_0_34_296, 137.04, 100.64, 1.79822
_1446_, 149.84, 100.64, 1.79832
_1452_, 149.84, 100.64, 1.79832
_1453_, 149.84, 100.64, 1.79832
_1469_, 149.84, 100.64, 1.79832
_1526_, 149.84, 100.64, 1.79832
_1530_, 149.84, 100.64, 1.79832
FILLER_0_32_301, 149.84, 100.64, 1.79832
FILLER_0_33_317, 149.84, 100.64, 1.79832
_1465_, 162.64, 100.64, 1.79844
_1524_, 162.64, 100.64, 1.79844
_1527_, 162.64, 100.64, 1.79844
_1528_, 162.64, 100.64, 1.79844
_1529_, 162.64, 100.64, 1.79844
_1531_, 162.64, 100.64, 1.79844
FILLER_0_34_343, 162.64, 100.64, 1.79844
FILLER_0_34_353, 162.64, 100.64, 1.79844
FILLER_0_33_389, 184.78, 100.64, 1.79862
PHY_60, 5.52, 95.2, 1.79859
PHY_62, 5.52, 95.2, 1.79859
PHY_61, 194.12, 95.2, 1.79873
PHY_63, 194.12, 95.2, 1.79873
output37, 194.12, 95.2, 1.79873
FILLER_0_31_51, 34.64, 95.2, 1.79854
FILLER_0_32_77, 34.64, 95.2, 1.79854
_1108_, 47.44, 95.2, 1.79848
FILLER_0_31_105, 47.44, 95.2, 1.79848
FILLER_0_32_102, 47.44, 95.2, 1.79848
_1186_, 60.24, 95.2, 1.79843
_1250_, 60.24, 95.2, 1.79843
_1540_, 60.24, 95.2, 1.79843
_1542_, 60.24, 95.2, 1.79843
rebuffer1, 60.24, 95.2, 1.79843
rebuffer8, 60.24, 95.2, 1.79843
_1131_, 73.04, 95.2, 1.79843
_1135_, 73.04, 95.2, 1.79843
FILLER_0_30_141, 73.04, 95.2, 1.79843
FILLER_0_31_140, 73.04, 95.2, 1.79843
FILLER_0_31_155, 73.04, 95.2, 1.79843
FILLER_0_32_159, 73.04, 95.2, 1.79843
_0959_, 85.84, 95.2, 1.79843
_1086_, 85.84, 95.2, 1.79843
_1124_, 85.84, 95.2, 1.79843
_1125_, 85.84, 95.2, 1.79843
_1127_, 85.84, 95.2, 1.79843
_1128_, 85.84, 95.2, 1.79843
_1130_, 85.84, 95.2, 1.79843
_1136_, 85.84, 95.2, 1.79843
_1163_, 85.84, 95.2, 1.79843
FILLER_0_30_161, 85.84, 95.2, 1.79843
FILLER_0_30_169, 85.84, 95.2, 1.79843
_1165_, 98.64, 95.2, 1.79844
_1166_, 98.64, 95.2, 1.79844
_1167_, 98.64, 95.2, 1.79844
_1210_, 98.64, 95.2, 1.79844
_1401_, 98.64, 95.2, 1.79844
rebuffer3, 98.64, 95.2, 1.79844
rebuffer17, 98.64, 95.2, 1.79844
FILLER_0_31_191, 98.64, 95.2, 1.79844
FILLER_0_31_207, 98.64, 95.2, 1.79844
FILLER_0_31_216, 98.64, 95.2, 1.79844
_0830_, 111.44, 95.2, 1.79846
_0943_, 111.44, 95.2, 1.79846
_1417_, 111.44, 95.2, 1.79846
_1418_, 111.44, 95.2, 1.79846
_1419_, 111.44, 95.2, 1.79846
_1420_, 111.44, 95.2, 1.79846
FILLER_0_30_230, 111.44, 95.2, 1.79846
FILLER_0_31_225, 111.44, 95.2, 1.79846
FILLER_0_31_235, 111.44, 95.2, 1.79846
FILLER_0_32_231, 111.44, 95.2, 1.79846
_0928_, 124.24, 95.2, 1.7985
_0929_, 124.24, 95.2, 1.7985
_0930_, 124.24, 95.2, 1.7985
_0946_, 124.24, 95.2, 1.7985
FILLER_0_30_253, 124.24, 95.2, 1.7985
FILLER_0_31_248, 124.24, 95.2, 1.7985
_0932_, 137.04, 95.2, 1.79853
_0934_, 137.04, 95.2, 1.79853
_0940_, 137.04, 95.2, 1.79853
_1447_, 137.04, 95.2, 1.79853
_1448_, 137.04, 95.2, 1.79853
_1450_, 137.04, 95.2, 1.79853
_1451_, 137.04, 95.2, 1.79853
FILLER_0_31_281, 137.04, 95.2, 1.79853
_0935_, 149.84, 95.2, 1.79858
_1470_, 149.84, 95.2, 1.79858
_1581_, 149.84, 95.2, 1.79858
FILLER_0_30_304, 149.84, 95.2, 1.79858
FILLER_0_32_317, 149.84, 95.2, 1.79858
_1473_, 162.64, 95.2, 1.79864
_1481_, 162.64, 95.2, 1.79864
_1485_, 162.64, 95.2, 1.79864
_1514_, 162.64, 95.2, 1.79864
_1515_, 162.64, 95.2, 1.79864
FILLER_0_31_333, 162.64, 95.2, 1.79864
FILLER_0_32_353, 162.64, 95.2, 1.79864
FILLER_0_31_381, 184.78, 95.2, 1.79873
FILLER_0_31_389, 184.78, 95.2, 1.79873
PHY_56, 5.52, 89.76, 1.7986
PHY_58, 5.52, 89.76, 1.7986
PHY_57, 194.12, 89.76, 1.79876
PHY_59, 194.12, 89.76, 1.79876
FILLER_0_28_401, 194.12, 89.76, 1.79876
FILLER_0_29_51, 34.64, 89.76, 1.79853
FILLER_0_30_77, 34.64, 89.76, 1.79853
_1153_, 47.44, 89.76, 1.79846
_1185_, 47.44, 89.76, 1.79846
FILLER_0_29_93, 47.44, 89.76, 1.79846
_1149_, 60.24, 89.76, 1.7984
_1188_, 60.24, 89.76, 1.7984
_1541_, 60.24, 89.76, 1.7984
_1546_, 60.24, 89.76, 1.7984
_1547_, 60.24, 89.76, 1.7984
rebuffer5, 60.24, 89.76, 1.7984
FILLER_0_29_131, 60.24, 89.76, 1.7984
FILLER_0_30_125, 60.24, 89.76, 1.7984
FILLER_0_30_132, 60.24, 89.76, 1.7984
_1137_, 73.04, 89.76, 1.79839
_1139_, 73.04, 89.76, 1.79839
_1140_, 73.04, 89.76, 1.79839
_1157_, 73.04, 89.76, 1.79839
_1162_, 73.04, 89.76, 1.79839
_1174_, 73.04, 89.76, 1.79839
FILLER_0_29_154, 73.04, 89.76, 1.79839
_1126_, 85.84, 89.76, 1.7984
_1129_, 85.84, 89.76, 1.7984
_1164_, 85.84, 89.76, 1.7984
_1169_, 85.84, 89.76, 1.7984
_1170_, 85.84, 89.76, 1.7984
_1172_, 85.84, 89.76, 1.7984
FILLER_0_29_165, 85.84, 89.76, 1.7984
FILLER_0_29_169, 85.84, 89.76, 1.7984
_1168_, 98.64, 89.76, 1.79841
_1196_, 98.64, 89.76, 1.79841
_1197_, 98.64, 89.76, 1.79841
_1198_, 98.64, 89.76, 1.79841
_1199_, 98.64, 89.76, 1.79841
_1587_, 98.64, 89.76, 1.79841
FILLER_0_28_189, 98.64, 89.76, 1.79841
FILLER_0_28_197, 98.64, 89.76, 1.79841
FILLER_0_29_209, 98.64, 89.76, 1.79841
_0910_, 111.44, 89.76, 1.79843
_0944_, 111.44, 89.76, 1.79843
_0945_, 111.44, 89.76, 1.79843
_1548_, 111.44, 89.76, 1.79843
_1565_, 111.44, 89.76, 1.79843
_1588_, 111.44, 89.76, 1.79843
_1597_, 111.44, 89.76, 1.79843
FILLER_0_28_223, 111.44, 89.76, 1.79843
FILLER_0_29_234, 111.44, 89.76, 1.79843
_0939_, 124.24, 89.76, 1.79847
_0941_, 124.24, 89.76, 1.79847
_0947_, 124.24, 89.76, 1.79847
_0948_, 124.24, 89.76, 1.79847
_0949_, 124.24, 89.76, 1.79847
_0933_, 137.04, 89.76, 1.79852
_0936_, 137.04, 89.76, 1.79852
_0950_, 137.04, 89.76, 1.79852
_0951_, 137.04, 89.76, 1.79852
FILLER_0_28_277, 137.04, 89.76, 1.79852
FILLER_0_28_285, 137.04, 89.76, 1.79852
FILLER_0_29_276, 137.04, 89.76, 1.79852
FILLER_0_29_297, 137.04, 89.76, 1.79852
_0953_, 149.84, 89.76, 1.79857
_1467_, 149.84, 89.76, 1.79857
_1468_, 149.84, 89.76, 1.79857
_1471_, 149.84, 89.76, 1.79857
_1475_, 149.84, 89.76, 1.79857
_1476_, 149.84, 89.76, 1.79857
_1477_, 149.84, 89.76, 1.79857
_1479_, 149.84, 89.76, 1.79857
FILLER_0_28_309, 149.84, 89.76, 1.79857
_1480_, 162.64, 89.76, 1.79864
_1484_, 162.64, 89.76, 1.79864
_1486_, 162.64, 89.76, 1.79864
_1516_, 162.64, 89.76, 1.79864
_1522_, 162.64, 89.76, 1.79864
_1523_, 162.64, 89.76, 1.79864
FILLER_0_29_329, 162.64, 89.76, 1.79864
FILLER_0_29_387, 184.78, 89.76, 1.79876
PHY_52, 5.52, 84.32, 1.79865
PHY_54, 5.52, 84.32, 1.79865
input26, 5.52, 84.32, 1.79865
PHY_53, 194.12, 84.32, 1.79883
PHY_55, 194.12, 84.32, 1.79883
FILLER_0_26_401, 194.12, 84.32, 1.79883
FILLER_0_28_77, 34.64, 84.32, 1.79861
_1151_, 47.44, 84.32, 1.79856
_1154_, 47.44, 84.32, 1.79856
FILLER_0_28_97, 47.44, 84.32, 1.79856
_1146_, 60.24, 84.32, 1.79852
_1147_, 60.24, 84.32, 1.79852
_1150_, 60.24, 84.32, 1.79852
_1184_, 60.24, 84.32, 1.79852
_1189_, 60.24, 84.32, 1.79852
_1545_, 60.24, 84.32, 1.79852
_1563_, 60.24, 84.32, 1.79852
FILLER_0_27_121, 60.24, 84.32, 1.79852
FILLER_0_27_128, 60.24, 84.32, 1.79852
FILLER_0_28_130, 60.24, 84.32, 1.79852
_1103_, 73.04, 84.32, 1.79851
_1141_, 73.04, 84.32, 1.79851
_1143_, 73.04, 84.32, 1.79851
_1144_, 73.04, 84.32, 1.79851
_1145_, 73.04, 84.32, 1.79851
_1158_, 73.04, 84.32, 1.79851
_1161_, 73.04, 84.32, 1.79851
_1171_, 73.04, 84.32, 1.79851
FILLER_0_26_146, 73.04, 84.32, 1.79851
FILLER_0_28_153, 73.04, 84.32, 1.79851
_1173_, 85.84, 84.32, 1.79852
_1193_, 85.84, 84.32, 1.79852
_1205_, 85.84, 84.32, 1.79852
_1207_, 85.84, 84.32, 1.79852
FILLER_0_26_165, 85.84, 84.32, 1.79852
FILLER_0_27_183, 85.84, 84.32, 1.79852
_0840_, 98.64, 84.32, 1.79853
_1192_, 98.64, 84.32, 1.79853
_1195_, 98.64, 84.32, 1.79853
_1202_, 98.64, 84.32, 1.79853
_1222_, 98.64, 84.32, 1.79853
FILLER_0_27_212, 98.64, 84.32, 1.79853
FILLER_0_28_206, 98.64, 84.32, 1.79853
_0831_, 111.44, 84.32, 1.79854
_0911_, 111.44, 84.32, 1.79854
_0912_, 111.44, 84.32, 1.79854
_1564_, 111.44, 84.32, 1.79854
_1586_, 111.44, 84.32, 1.79854
_1594_, 111.44, 84.32, 1.79854
_1596_, 111.44, 84.32, 1.79854
FILLER_0_27_231, 111.44, 84.32, 1.79854
_0835_, 124.24, 84.32, 1.79858
_0892_, 124.24, 84.32, 1.79858
_0893_, 124.24, 84.32, 1.79858
_0894_, 124.24, 84.32, 1.79858
_0896_, 124.24, 84.32, 1.79858
FILLER_0_27_249, 124.24, 84.32, 1.79858
_0897_, 137.04, 84.32, 1.79862
_0898_, 137.04, 84.32, 1.79862
_0938_, 137.04, 84.32, 1.79862
_0952_, 137.04, 84.32, 1.79862
_0954_, 137.04, 84.32, 1.79862
FILLER_0_27_277, 137.04, 84.32, 1.79862
FILLER_0_28_299, 137.04, 84.32, 1.79862
_0956_, 149.84, 84.32, 1.79867
_1474_, 149.84, 84.32, 1.79867
_1582_, 149.84, 84.32, 1.79867
_1598_, 149.84, 84.32, 1.79867
rebuffer16, 149.84, 84.32, 1.79867
rebuffer22, 149.84, 84.32, 1.79867
FILLER_0_27_313, 149.84, 84.32, 1.79867
_1478_, 162.64, 84.32, 1.79873
_1517_, 162.64, 84.32, 1.79873
_1518_, 162.64, 84.32, 1.79873
_1521_, 162.64, 84.32, 1.79873
_1580_, 162.64, 84.32, 1.79873
FILLER_0_27_383, 184.78, 84.32, 1.79883
PHY_48, 5.52, 78.88, 1.7987
PHY_50, 5.52, 78.88, 1.7987
PHY_49, 194.12, 78.88, 1.79889
PHY_51, 194.12, 78.88, 1.79889
FILLER_0_24_401, 194.12, 78.88, 1.79889
FILLER_0_25_51, 34.64, 78.88, 1.79865
FILLER_0_26_77, 34.64, 78.88, 1.79865
_1190_, 47.44, 78.88, 1.79861
FILLER_0_25_105, 47.44, 78.88, 1.79861
FILLER_0_26_97, 47.44, 78.88, 1.79861
_1160_, 60.24, 78.88, 1.79859
_1544_, 60.24, 78.88, 1.79859
_1562_, 60.24, 78.88, 1.79859
rebuffer28, 60.24, 78.88, 1.79859
FILLER_0_26_127, 60.24, 78.88, 1.79859
_0841_, 73.04, 78.88, 1.79857
_1159_, 73.04, 78.88, 1.79857
_1175_, 73.04, 78.88, 1.79857
_1176_, 73.04, 78.88, 1.79857
_1178_, 73.04, 78.88, 1.79857
_1180_, 73.04, 78.88, 1.79857
FILLER_0_25_138, 73.04, 78.88, 1.79857
FILLER_0_25_159, 73.04, 78.88, 1.79857
_1204_, 85.84, 78.88, 1.79856
_1206_, 85.84, 78.88, 1.79856
_1208_, 85.84, 78.88, 1.79856
_1209_, 85.84, 78.88, 1.79856
_1223_, 85.84, 78.88, 1.79856
_1237_, 85.84, 78.88, 1.79856
rebuffer6, 85.84, 78.88, 1.79856
FILLER_0_24_164, 85.84, 78.88, 1.79856
FILLER_0_25_169, 85.84, 78.88, 1.79856
FILLER_0_26_181, 85.84, 78.88, 1.79856
_0973_, 98.64, 78.88, 1.79858
_1194_, 98.64, 78.88, 1.79858
_1201_, 98.64, 78.88, 1.79858
_1203_, 98.64, 78.88, 1.79858
_1211_, 98.64, 78.88, 1.79858
_1212_, 98.64, 78.88, 1.79858
_0826_, 111.44, 78.88, 1.79861
_0850_, 111.44, 78.88, 1.79861
_0853_, 111.44, 78.88, 1.79861
_0855_, 111.44, 78.88, 1.79861
_0913_, 111.44, 78.88, 1.79861
FILLER_0_24_229, 111.44, 78.88, 1.79861
FILLER_0_25_225, 111.44, 78.88, 1.79861
_0836_, 124.24, 78.88, 1.79864
_0837_, 124.24, 78.88, 1.79864
_0858_, 124.24, 78.88, 1.79864
_0904_, 124.24, 78.88, 1.79864
_0905_, 124.24, 78.88, 1.79864
_0906_, 124.24, 78.88, 1.79864
_0907_, 124.24, 78.88, 1.79864
_0914_, 124.24, 78.88, 1.79864
FILLER_0_24_249, 124.24, 78.88, 1.79864
FILLER_0_25_255, 124.24, 78.88, 1.79864
FILLER_0_25_266, 124.24, 78.88, 1.79864
_0899_, 137.04, 78.88, 1.79868
_0900_, 137.04, 78.88, 1.79868
_0901_, 137.04, 78.88, 1.79868
_0902_, 137.04, 78.88, 1.79868
_0915_, 137.04, 78.88, 1.79868
_0937_, 137.04, 78.88, 1.79868
_0955_, 137.04, 78.88, 1.79868
FILLER_0_24_276, 137.04, 78.88, 1.79868
FILLER_0_25_277, 137.04, 78.88, 1.79868
FILLER_0_26_291, 137.04, 78.88, 1.79868
_0957_, 149.84, 78.88, 1.79874
_1568_, 149.84, 78.88, 1.79874
_1583_, 149.84, 78.88, 1.79874
FILLER_0_24_309, 149.84, 78.88, 1.79874
FILLER_0_25_316, 149.84, 78.88, 1.79874
_1488_, 162.64, 78.88, 1.79881
_1489_, 162.64, 78.88, 1.79881
_1519_, 162.64, 78.88, 1.79881
_1520_, 162.64, 78.88, 1.79881
FILLER_0_24_328, 162.64, 78.88, 1.79881
FILLER_0_25_381, 184.78, 78.88, 1.79889
FILLER_0_25_389, 184.78, 78.88, 1.79889
PHY_44, 5.52, 73.44, 1.79873
PHY_46, 5.52, 73.44, 1.79873
PHY_45, 194.12, 73.44, 1.79895
PHY_47, 194.12, 73.44, 1.79895
FILLER_0_22_401, 194.12, 73.44, 1.79895
FILLER_0_23_51, 34.64, 73.44, 1.79869
FILLER_0_24_77, 34.64, 73.44, 1.79869
FILLER_0_23_105, 47.44, 73.44, 1.79865
_1181_, 60.24, 73.44, 1.79861
_1182_, 60.24, 73.44, 1.79861
_1183_, 60.24, 73.44, 1.79861
FILLER_0_23_125, 60.24, 73.44, 1.79861
_1179_, 73.04, 73.44, 1.79858
_1238_, 73.04, 73.44, 1.79858
_1240_, 73.04, 73.44, 1.79858
_1244_, 73.04, 73.44, 1.79858
_1245_, 73.04, 73.44, 1.79858
rebuffer24, 73.04, 73.44, 1.79858
FILLER_0_22_137, 73.04, 73.44, 1.79858
FILLER_0_22_141, 73.04, 73.44, 1.79858
FILLER_0_23_147, 73.04, 73.44, 1.79858
FILLER_0_23_159, 73.04, 73.44, 1.79858
_1239_, 85.84, 73.44, 1.79858
_1246_, 85.84, 73.44, 1.79858
_1247_, 85.84, 73.44, 1.79858
_1549_, 85.84, 73.44, 1.79858
rebuffer31, 85.84, 73.44, 1.79858
FILLER_0_22_165, 85.84, 73.44, 1.79858
FILLER_0_24_186, 85.84, 73.44, 1.79858
_1200_, 98.64, 73.44, 1.7986
_1215_, 98.64, 73.44, 1.7986
_1550_, 98.64, 73.44, 1.7986
_1591_, 98.64, 73.44, 1.7986
_1593_, 98.64, 73.44, 1.7986
max_cap41, 98.64, 73.44, 1.7986
rebuffer14, 98.64, 73.44, 1.7986
FILLER_0_23_201, 98.64, 73.44, 1.7986
FILLER_0_23_216, 98.64, 73.44, 1.7986
_0856_, 111.44, 73.44, 1.79863
_0857_, 111.44, 73.44, 1.79863
_1603_, 111.44, 73.44, 1.79863
_1604_, 111.44, 73.44, 1.79863
_1641_, 111.44, 73.44, 1.79863
_0838_, 124.24, 73.44, 1.79867
_0854_, 124.24, 73.44, 1.79867
_0861_, 124.24, 73.44, 1.79867
_0863_, 124.24, 73.44, 1.79867
_0864_, 124.24, 73.44, 1.79867
_0903_, 124.24, 73.44, 1.79867
FILLER_0_23_261, 124.24, 73.44, 1.79867
_0916_, 137.04, 73.44, 1.79872
_0917_, 137.04, 73.44, 1.79872
FILLER_0_22_285, 137.04, 73.44, 1.79872
FILLER_0_23_275, 137.04, 73.44, 1.79872
FILLER_0_23_293, 137.04, 73.44, 1.79872
_0921_, 149.84, 73.44, 1.79878
_0922_, 149.84, 73.44, 1.79878
_0924_, 149.84, 73.44, 1.79878
_0925_, 149.84, 73.44, 1.79878
_0958_, 149.84, 73.44, 1.79878
_1487_, 149.84, 73.44, 1.79878
_1492_, 149.84, 73.44, 1.79878
_1511_, 149.84, 73.44, 1.79878
FILLER_0_22_305, 149.84, 73.44, 1.79878
FILLER_0_23_312, 149.84, 73.44, 1.79878
FILLER_0_24_317, 149.84, 73.44, 1.79878
_1512_, 162.64, 73.44, 1.79886
_1584_, 162.64, 73.44, 1.79886
FILLER_0_23_385, 184.78, 73.44, 1.79895
PHY_40, 5.52, 68, 1.79877
PHY_42, 5.52, 68, 1.79877
PHY_41, 194.12, 68, 1.79899
PHY_43, 194.12, 68, 1.79899
output32, 194.12, 68, 1.79899
FILLER_0_20_401, 194.12, 68, 1.79899
FILLER_0_21_51, 34.64, 68, 1.79873
FILLER_0_22_77, 34.64, 68, 1.79873
FILLER_0_21_105, 47.44, 68, 1.79869
_1643_, 60.24, 68, 1.79864
FILLER_0_20_109, 60.24, 68, 1.79864
_1101_, 73.04, 68, 1.79862
_1102_, 73.04, 68, 1.79862
_1177_, 73.04, 68, 1.79862
_1213_, 73.04, 68, 1.79862
_1230_, 73.04, 68, 1.79862
_1557_, 73.04, 68, 1.79862
FILLER_0_21_134, 73.04, 68, 1.79862
FILLER_0_21_144, 73.04, 68, 1.79862
_1218_, 85.84, 68, 1.7986
_1228_, 85.84, 68, 1.7986
_1242_, 85.84, 68, 1.7986
_1248_, 85.84, 68, 1.7986
_1249_, 85.84, 68, 1.7986
max_cap42, 85.84, 68, 1.7986
FILLER_0_21_169, 85.84, 68, 1.7986
_1214_, 98.64, 68, 1.7986
_1221_, 98.64, 68, 1.7986
_1243_, 98.64, 68, 1.7986
_1589_, 98.64, 68, 1.7986
_1592_, 98.64, 68, 1.7986
FILLER_0_21_210, 98.64, 68, 1.7986
FILLER_0_22_205, 98.64, 68, 1.7986
FILLER_0_22_213, 98.64, 68, 1.7986
_0860_, 111.44, 68, 1.79861
_1636_, 111.44, 68, 1.79861
_1637_, 111.44, 68, 1.79861
_1648_, 111.44, 68, 1.79861
FILLER_0_20_227, 111.44, 68, 1.79861
FILLER_0_21_221, 111.44, 68, 1.79861
FILLER_0_22_240, 111.44, 68, 1.79861
_0839_, 124.24, 68, 1.79865
_0844_, 124.24, 68, 1.79865
_0846_, 124.24, 68, 1.79865
_0859_, 124.24, 68, 1.79865
_0862_, 124.24, 68, 1.79865
_0865_, 124.24, 68, 1.79865
_0866_, 124.24, 68, 1.79865
_0873_, 124.24, 68, 1.79865
_0875_, 124.24, 68, 1.79865
FILLER_0_20_253, 124.24, 68, 1.79865
FILLER_0_21_257, 124.24, 68, 1.79865
_0867_, 137.04, 68, 1.79871
_0869_, 137.04, 68, 1.79871
_0872_, 137.04, 68, 1.79871
_0918_, 137.04, 68, 1.79871
_0919_, 137.04, 68, 1.79871
_0920_, 137.04, 68, 1.79871
FILLER_0_21_297, 137.04, 68, 1.79871
_0923_, 149.84, 68, 1.79877
_1490_, 149.84, 68, 1.79877
_1491_, 149.84, 68, 1.79877
_1513_, 149.84, 68, 1.79877
_1569_, 149.84, 68, 1.79877
_1599_, 149.84, 68, 1.79877
FILLER_0_20_309, 149.84, 68, 1.79877
FILLER_0_22_314, 149.84, 68, 1.79877
_1510_, 162.64, 68, 1.79888
FILLER_0_21_333, 162.64, 68, 1.79888
FILLER_0_22_355, 162.64, 68, 1.79888
FILLER_0_21_385, 184.78, 68, 1.79899
FILLER_0_21_393, 184.78, 68, 1.79899
PHY_36, 5.52, 62.56, 1.79878
PHY_38, 5.52, 62.56, 1.79878
input1, 5.52, 62.56, 1.79878
PHY_37, 194.12, 62.56, 1.79905
PHY_39, 194.12, 62.56, 1.79905
FILLER_0_18_401, 194.12, 62.56, 1.79905
FILLER_0_20_19, 13.68, 62.56, 1.79878
FILLER_0_19_51, 34.64, 62.56, 1.79871
FILLER_0_20_77, 34.64, 62.56, 1.79871
FILLER_0_19_105, 47.44, 62.56, 1.79863
_1605_, 60.24, 62.56, 1.79856
_1606_, 60.24, 62.56, 1.79856
_1608_, 60.24, 62.56, 1.79856
_1609_, 60.24, 62.56, 1.79856
_1613_, 60.24, 62.56, 1.79856
_1614_, 60.24, 62.56, 1.79856
FILLER_0_18_109, 60.24, 62.56, 1.79856
FILLER_0_19_125, 60.24, 62.56, 1.79856
FILLER_0_20_132, 60.24, 62.56, 1.79856
_1219_, 73.04, 62.56, 1.79848
_1555_, 73.04, 62.56, 1.79848
_1556_, 73.04, 62.56, 1.79848
_1558_, 73.04, 62.56, 1.79848
_1607_, 73.04, 62.56, 1.79848
_1611_, 73.04, 62.56, 1.79848
_1612_, 73.04, 62.56, 1.79848
FILLER_0_19_158, 73.04, 62.56, 1.79848
FILLER_0_20_154, 73.04, 62.56, 1.79848
_1220_, 85.84, 62.56, 1.79842
_1224_, 85.84, 62.56, 1.79842
_1227_, 85.84, 62.56, 1.79842
_1229_, 85.84, 62.56, 1.79842
_1234_, 85.84, 62.56, 1.79842
_1241_, 85.84, 62.56, 1.79842
clkbuf_0_clk, 85.84, 62.56, 1.79842
FILLER_0_19_169, 85.84, 62.56, 1.79842
_1216_, 98.64, 62.56, 1.79844
_1217_, 98.64, 62.56, 1.79844
_1233_, 98.64, 62.56, 1.79844
_1235_, 98.64, 62.56, 1.79844
_1552_, 98.64, 62.56, 1.79844
_1590_, 98.64, 62.56, 1.79844
_1634_, 98.64, 62.56, 1.79844
_1635_, 98.64, 62.56, 1.79844
FILLER_0_18_200, 98.64, 62.56, 1.79844
FILLER_0_19_208, 98.64, 62.56, 1.79844
_1595_, 111.44, 62.56, 1.79849
_1600_, 111.44, 62.56, 1.79849
max_cap38, 111.44, 62.56, 1.79849
FILLER_0_18_221, 111.44, 62.56, 1.79849
FILLER_0_19_220, 111.44, 62.56, 1.79849
FILLER_0_20_236, 111.44, 62.56, 1.79849
_0845_, 124.24, 62.56, 1.79856
_0847_, 124.24, 62.56, 1.79856
_0848_, 124.24, 62.56, 1.79856
_0849_, 124.24, 62.56, 1.79856
_0868_, 124.24, 62.56, 1.79856
FILLER_0_18_249, 124.24, 62.56, 1.79856
FILLER_0_18_253, 124.24, 62.56, 1.79856
FILLER_0_20_259, 124.24, 62.56, 1.79856
_0870_, 137.04, 62.56, 1.79865
_0871_, 137.04, 62.56, 1.79865
_0885_, 137.04, 62.56, 1.79865
_0888_, 137.04, 62.56, 1.79865
wire39, 137.04, 62.56, 1.79865
FILLER_0_19_272, 137.04, 62.56, 1.79865
FILLER_0_19_293, 137.04, 62.56, 1.79865
_0887_, 149.84, 62.56, 1.79874
_1506_, 149.84, 62.56, 1.79874
_1507_, 149.84, 62.56, 1.79874
_1508_, 149.84, 62.56, 1.79874
_1509_, 149.84, 62.56, 1.79874
_1576_, 149.84, 62.56, 1.79874
_1579_, 149.84, 62.56, 1.79874
_1585_, 149.84, 62.56, 1.79874
FILLER_0_19_329, 162.64, 62.56, 1.79889
FILLER_0_19_385, 184.78, 62.56, 1.79905
PHY_32, 5.52, 57.12, 1.79888
PHY_34, 5.52, 57.12, 1.79888
PHY_33, 194.12, 57.12, 1.79919
PHY_35, 194.12, 57.12, 1.79919
FILLER_0_16_401, 194.12, 57.12, 1.79919
FILLER_0_17_51, 34.64, 57.12, 1.79887
FILLER_0_18_77, 34.64, 57.12, 1.79887
FILLER_0_17_105, 47.44, 57.12, 1.79885
_1642_, 60.24, 57.12, 1.79884
FILLER_0_18_127, 60.24, 57.12, 1.79884
_1554_, 73.04, 57.12, 1.79884
_1559_, 73.04, 57.12, 1.79884
_1610_, 73.04, 57.12, 1.79884
_1615_, 73.04, 57.12, 1.79884
_1616_, 73.04, 57.12, 1.79884
_1620_, 73.04, 57.12, 1.79884
_1622_, 73.04, 57.12, 1.79884
FILLER_0_17_145, 73.04, 57.12, 1.79884
FILLER_0_18_160, 73.04, 57.12, 1.79884
_1226_, 85.84, 57.12, 1.79885
_1231_, 85.84, 57.12, 1.79885
_1236_, 85.84, 57.12, 1.79885
FILLER_0_17_165, 85.84, 57.12, 1.79885
FILLER_0_17_174, 85.84, 57.12, 1.79885
_1232_, 98.64, 57.12, 1.79886
_1551_, 98.64, 57.12, 1.79886
_1560_, 98.64, 57.12, 1.79886
_1561_, 98.64, 57.12, 1.79886
_1625_, 98.64, 57.12, 1.79886
_1626_, 98.64, 57.12, 1.79886
_1629_, 98.64, 57.12, 1.79886
_1630_, 98.64, 57.12, 1.79886
_1495_, 111.44, 57.12, 1.79888
_1627_, 111.44, 57.12, 1.79888
_1628_, 111.44, 57.12, 1.79888
_1638_, 111.44, 57.12, 1.79888
_1639_, 111.44, 57.12, 1.79888
_1646_, 111.44, 57.12, 1.79888
_0876_, 124.24, 57.12, 1.79893
_0877_, 124.24, 57.12, 1.79893
_0878_, 124.24, 57.12, 1.79893
_0880_, 124.24, 57.12, 1.79893
FILLER_0_16_248, 124.24, 57.12, 1.79893
_0874_, 137.04, 57.12, 1.79898
_0882_, 137.04, 57.12, 1.79898
_0883_, 137.04, 57.12, 1.79898
_0886_, 137.04, 57.12, 1.79898
_1501_, 137.04, 57.12, 1.79898
_1503_, 137.04, 57.12, 1.79898
_1505_, 137.04, 57.12, 1.79898
_1574_, 137.04, 57.12, 1.79898
FILLER_0_17_276, 137.04, 57.12, 1.79898
FILLER_0_18_286, 137.04, 57.12, 1.79898
FILLER_0_18_299, 137.04, 57.12, 1.79898
_1502_, 149.84, 57.12, 1.79904
_1577_, 149.84, 57.12, 1.79904
_1578_, 149.84, 57.12, 1.79904
FILLER_0_18_318, 149.84, 57.12, 1.79904
FILLER_0_17_385, 184.78, 57.12, 1.79919
PHY_28, 5.52, 51.68, 1.79884
PHY_30, 5.52, 51.68, 1.79884
PHY_29, 194.12, 51.68, 1.79921
PHY_31, 194.12, 51.68, 1.79921
input19, 194.12, 51.68, 1.79921
FILLER_0_15_51, 34.64, 51.68, 1.79872
FILLER_0_16_77, 34.64, 51.68, 1.79872
FILLER_0_14_79, 47.44, 51.68, 1.79861
FILLER_0_15_105, 47.44, 51.68, 1.79861
_1623_, 60.24, 51.68, 1.7985
_1624_, 60.24, 51.68, 1.7985
clkbuf_1_0__f_clk, 60.24, 51.68, 1.7985
hold34, 60.24, 51.68, 1.7985
FILLER_0_14_109, 60.24, 51.68, 1.7985
FILLER_0_14_117, 60.24, 51.68, 1.7985
FILLER_0_15_113, 60.24, 51.68, 1.7985
FILLER_0_15_121, 60.24, 51.68, 1.7985
_1553_, 73.04, 51.68, 1.79846
_1601_, 73.04, 51.68, 1.79846
_1617_, 73.04, 51.68, 1.79846
_1618_, 73.04, 51.68, 1.79846
_1621_, 73.04, 51.68, 1.79846
FILLER_0_15_158, 73.04, 51.68, 1.79846
_1225_, 85.84, 51.68, 1.79844
clkbuf_1_1__f_clk, 85.84, 51.68, 1.79844
FILLER_0_15_181, 85.84, 51.68, 1.79844
FILLER_0_16_175, 85.84, 51.68, 1.79844
FILLER_0_16_188, 85.84, 51.68, 1.79844
_1631_, 98.64, 51.68, 1.79849
_1632_, 98.64, 51.68, 1.79849
_1647_, 98.64, 51.68, 1.79849
FILLER_0_14_197, 98.64, 51.68, 1.79849
FILLER_0_16_213, 98.64, 51.68, 1.79849
_1494_, 111.44, 51.68, 1.79856
_1496_, 111.44, 51.68, 1.79856
_1640_, 111.44, 51.68, 1.79856
_1649_, 111.44, 51.68, 1.79856
hold33, 111.44, 51.68, 1.79856
FILLER_0_15_217, 111.44, 51.68, 1.79856
FILLER_0_15_225, 111.44, 51.68, 1.79856
FILLER_0_16_233, 111.44, 51.68, 1.79856
_0879_, 124.24, 51.68, 1.79868
_0881_, 124.24, 51.68, 1.79868
_1493_, 124.24, 51.68, 1.79868
_1498_, 124.24, 51.68, 1.79868
_1499_, 124.24, 51.68, 1.79868
_1572_, 124.24, 51.68, 1.79868
_1573_, 124.24, 51.68, 1.79868
FILLER_0_14_248, 124.24, 51.68, 1.79868
FILLER_0_15_265, 124.24, 51.68, 1.79868
_0884_, 137.04, 51.68, 1.7988
_1500_, 137.04, 51.68, 1.7988
_1504_, 137.04, 51.68, 1.7988
_1570_, 137.04, 51.68, 1.7988
_1571_, 137.04, 51.68, 1.7988
_1575_, 137.04, 51.68, 1.7988
FILLER_0_15_275, 137.04, 51.68, 1.7988
FILLER_0_15_330, 162.64, 51.68, 1.79908
FILLER_0_15_385, 184.78, 51.68, 1.79922
PHY_24, 5.52, 46.24, 1.799
PHY_26, 5.52, 46.24, 1.799
PHY_25, 194.12, 46.24, 1.79939
PHY_27, 194.12, 46.24, 1.79939
FILLER_0_12_401, 194.12, 46.24, 1.79939
FILLER_0_13_51, 34.64, 46.24, 1.799
FILLER_0_13_105, 47.44, 46.24, 1.79901
_1644_, 60.24, 46.24, 1.79902
_1645_, 60.24, 46.24, 1.79902
_1619_, 73.04, 46.24, 1.79905
FILLER_0_12_133, 73.04, 46.24, 1.79905
FILLER_0_13_160, 73.04, 46.24, 1.79905
FILLER_0_14_186, 85.84, 46.24, 1.79909
_1633_, 98.64, 46.24, 1.79914
FILLER_0_12_189, 98.64, 46.24, 1.79914
FILLER_0_13_205, 98.64, 46.24, 1.79914
_1497_, 111.44, 46.24, 1.79918
FILLER_0_14_241, 111.44, 46.24, 1.79918
FILLER_0_12_245, 124.24, 46.24, 1.79922
FILLER_0_13_273, 137.04, 46.24, 1.79926
FILLER_0_12_301, 149.84, 46.24, 1.7993
FILLER_0_13_329, 162.64, 46.24, 1.79935
FILLER_0_13_385, 184.78, 46.24, 1.79939
PHY_20, 5.52, 40.8, 1.79906
PHY_22, 5.52, 40.8, 1.79906
input18, 5.52, 40.8, 1.79906
PHY_21, 194.12, 40.8, 1.79949
PHY_23, 194.12, 40.8, 1.79949
FILLER_0_10_401, 194.12, 40.8, 1.79949
FILLER_0_11_53, 34.64, 40.8, 1.7991
FILLER_0_12_77, 34.64, 40.8, 1.7991
FILLER_0_11_105, 47.44, 40.8, 1.79914
FILLER_0_10_133, 73.04, 40.8, 1.79921
FILLER_0_11_161, 85.84, 40.8, 1.79924
FILLER_0_10_189, 98.64, 40.8, 1.79928
FILLER_0_11_217, 111.44, 40.8, 1.79931
FILLER_0_10_245, 124.24, 40.8, 1.79935
FILLER_0_11_273, 137.04, 40.8, 1.79938
FILLER_0_10_301, 149.84, 40.8, 1.79942
FILLER_0_11_329, 162.64, 40.8, 1.79945
FILLER_0_11_385, 184.78, 40.8, 1.79949
PHY_16, 5.52, 35.36, 1.79912
PHY_18, 5.52, 35.36, 1.79912
PHY_17, 194.12, 35.36, 1.79958
PHY_19, 194.12, 35.36, 1.79958
FILLER_0_8_401, 194.12, 35.36, 1.79958
FILLER_0_9_51, 34.64, 35.36, 1.79916
FILLER_0_10_77, 34.64, 35.36, 1.79916
FILLER_0_9_105, 47.44, 35.36, 1.7992
FILLER_0_8_133, 73.04, 35.36, 1.79927
FILLER_0_9_161, 85.84, 35.36, 1.79931
FILLER_0_8_189, 98.64, 35.36, 1.79935
FILLER_0_9_217, 111.44, 35.36, 1.79939
FILLER_0_8_245, 124.24, 35.36, 1.79943
FILLER_0_9_273, 137.04, 35.36, 1.79946
FILLER_0_8_301, 149.84, 35.36, 1.7995
FILLER_0_9_329, 162.64, 35.36, 1.79954
FILLER_0_9_385, 184.78, 35.36, 1.79958
PHY_12, 5.52, 29.92, 1.79917
PHY_14, 5.52, 29.92, 1.79917
PHY_13, 194.12, 29.92, 1.79963
PHY_15, 194.12, 29.92, 1.79963
output35, 194.12, 29.92, 1.79963
FILLER_0_7_51, 34.64, 29.92, 1.79921
FILLER_0_8_77, 34.64, 29.92, 1.79921
FILLER_0_7_105, 47.44, 29.92, 1.79925
FILLER_0_6_133, 73.04, 29.92, 1.79933
FILLER_0_7_161, 85.84, 29.92, 1.79937
FILLER_0_6_189, 98.64, 29.92, 1.79942
FILLER_0_7_217, 111.44, 29.92, 1.79946
FILLER_0_6_245, 124.24, 29.92, 1.7995
FILLER_0_7_273, 137.04, 29.92, 1.79954
FILLER_0_6_301, 149.84, 29.92, 1.79958
FILLER_0_7_329, 162.64, 29.92, 1.79962
FILLER_0_7_385, 184.78, 29.92, 1.79964
PHY_8, 5.52, 24.48, 1.7992
PHY_10, 5.52, 24.48, 1.7992
PHY_9, 194.12, 24.48, 1.79971
PHY_11, 194.12, 24.48, 1.79971
FILLER_0_4_401, 194.12, 24.48, 1.79971
FILLER_0_5_51, 34.64, 24.48, 1.79924
FILLER_0_6_77, 34.64, 24.48, 1.79924
FILLER_0_5_105, 47.44, 24.48, 1.79928
FILLER_0_4_133, 73.04, 24.48, 1.79937
FILLER_0_5_161, 85.84, 24.48, 1.79941
FILLER_0_4_189, 98.64, 24.48, 1.79945
FILLER_0_5_217, 111.44, 24.48, 1.7995
FILLER_0_4_245, 124.24, 24.48, 1.79954
FILLER_0_5_273, 137.04, 24.48, 1.79958
FILLER_0_4_301, 149.84, 24.48, 1.79962
FILLER_0_5_329, 162.64, 24.48, 1.79967
FILLER_0_5_385, 184.78, 24.48, 1.79971
PHY_4, 5.52, 19.04, 1.79919
PHY_6, 5.52, 19.04, 1.79919
output30, 5.52, 19.04, 1.79919
PHY_5, 194.12, 19.04, 1.79971
PHY_7, 194.12, 19.04, 1.79971
FILLER_0_2_401, 194.12, 19.04, 1.79971
FILLER_0_4_21, 13.68, 19.04, 1.79919
FILLER_0_3_51, 34.64, 19.04, 1.79924
FILLER_0_4_77, 34.64, 19.04, 1.79924
FILLER_0_3_105, 47.44, 19.04, 1.79928
FILLER_0_2_133, 73.04, 19.04, 1.79936
FILLER_0_3_161, 85.84, 19.04, 1.79941
FILLER_0_2_189, 98.64, 19.04, 1.79945
FILLER_0_3_217, 111.44, 19.04, 1.79949
FILLER_0_2_245, 124.24, 19.04, 1.79954
FILLER_0_3_273, 137.04, 19.04, 1.79958
FILLER_0_2_301, 149.84, 19.04, 1.79962
FILLER_0_3_329, 162.64, 19.04, 1.79966
FILLER_0_3_385, 184.78, 19.04, 1.79971
PHY_0, 5.52, 13.6, 1.79916
PHY_2, 5.52, 13.6, 1.79916
output28, 5.52, 13.6, 1.79916
PHY_1, 194.12, 13.6, 1.79968
PHY_3, 194.12, 13.6, 1.79968
input14, 194.12, 13.6, 1.79968
FILLER_0_0_21, 13.68, 13.6, 1.79916
input17, 34.64, 13.6, 1.7992
FILLER_0_0_53, 34.64, 13.6, 1.7992
FILLER_0_0_69, 34.64, 13.6, 1.7992
FILLER_0_0_76, 34.64, 13.6, 1.7992
FILLER_0_1_51, 34.64, 13.6, 1.7992
FILLER_0_2_77, 34.64, 13.6, 1.7992
FILLER_0_1_105, 47.44, 13.6, 1.79923
output31, 60.24, 13.6, 1.79927
FILLER_0_0_109, 60.24, 13.6, 1.79927
FILLER_0_0_113, 60.24, 13.6, 1.79927
input20, 85.84, 13.6, 1.79935
FILLER_0_0_165, 85.84, 13.6, 1.79935
FILLER_0_0_185, 85.84, 13.6, 1.79935
FILLER_0_1_161, 85.84, 13.6, 1.79935
FILLER_0_0_193, 98.64, 13.6, 1.79939
FILLER_0_0_221, 111.44, 13.6, 1.79944
FILLER_0_1_217, 111.44, 13.6, 1.79944
input25, 124.24, 13.6, 1.79948
FILLER_0_0_249, 124.24, 13.6, 1.79948
FILLER_0_0_271, 124.24, 13.6, 1.79948
output33, 137.04, 13.6, 1.79953
FILLER_0_0_293, 137.04, 13.6, 1.79953
FILLER_0_1_273, 137.04, 13.6, 1.79953
FILLER_0_0_303, 149.84, 13.6, 1.79958
input8, 162.64, 13.6, 1.79963
FILLER_0_0_333, 162.64, 13.6, 1.79963
FILLER_0_1_329, 162.64, 13.6, 1.79963
input7, 184.78, 13.6, 1.79968
FILLER_0_0_393, 184.78, 13.6, 1.79968
FILLER_0_1_385, 184.78, 13.6, 1.79968

