Instance name,  X location,  Y location,  Voltage 
output34, 178.74, 184.96, 0.00144453
FILLER_0_64_365, 178.74, 184.96, 0.00144453
FILLER_0_31_381, 178.74, 92.48, 0.00140047
FILLER_0_27_383, 178.74, 81.6, 0.00131235
FILLER_0_25_381, 178.74, 76.16, 0.00125881
input7, 178.74, 10.88, 0.000799595
FILLER_0_0_377, 178.74, 10.88, 0.000799595
FILLER_0_64_53, 25.14, 184.96, 0.00139324
FILLER_0_63_51, 25.14, 179.52, 0.00137405
FILLER_0_61_51, 25.14, 174.08, 0.00137052
FILLER_0_59_45, 25.14, 168.64, 0.00136837
FILLER_0_59_53, 25.14, 168.64, 0.00136837
FILLER_0_57_51, 25.14, 163.2, 0.00136181
FILLER_0_55_51, 25.14, 157.76, 0.00135725
FILLER_0_53_51, 25.14, 152.32, 0.00136317
FILLER_0_49_51, 25.14, 141.44, 0.001366
FILLER_0_47_51, 25.14, 136, 0.00135885
FILLER_0_45_51, 25.14, 130.56, 0.0013494
FILLER_0_43_51, 25.14, 125.12, 0.00133423
FILLER_0_41_51, 25.14, 119.68, 0.00132581
FILLER_0_39_51, 25.14, 114.24, 0.00130649
FILLER_0_37_51, 25.14, 108.8, 0.00129599
FILLER_0_33_51, 25.14, 97.92, 0.00124018
FILLER_0_31_51, 25.14, 92.48, 0.00116844
FILLER_0_29_51, 25.14, 87.04, 0.00110712
FILLER_0_25_51, 25.14, 76.16, 0.000983658
FILLER_0_23_51, 25.14, 70.72, 0.000947978
FILLER_0_21_51, 25.14, 65.28, 0.000858692
FILLER_0_19_51, 25.14, 59.84, 0.000823072
FILLER_0_17_51, 25.14, 54.4, 0.000691537
_1602_, 25.14, 48.96, 0.000717556
FILLER_0_15_51, 25.14, 48.96, 0.000717556
FILLER_0_13_51, 25.14, 43.52, 0.00050051
FILLER_0_11_45, 25.14, 38.08, 0.000412586
FILLER_0_11_53, 25.14, 38.08, 0.000412586
FILLER_0_9_51, 25.14, 32.64, 0.000317911
FILLER_0_7_51, 25.14, 27.2, 0.000293846
FILLER_0_5_51, 25.14, 21.76, 0.000304857
FILLER_0_3_51, 25.14, 16.32, 0.000305924
FILLER_0_0_53, 25.14, 10.88, 0.000345432
FILLER_0_1_51, 25.14, 10.88, 0.000345432
PHY_126, 5.52, 184.96, 0.00140463
PHY_128, 5.52, 184.96, 0.00140463
input27, 5.52, 184.96, 0.00140463
FILLER_0_64_9, 5.52, 184.96, 0.00140463
PHY_127, 194.12, 184.96, 0.00144697
PHY_129, 194.12, 184.96, 0.00144697
output29, 15.33, 184.96, 0.00140126
FILLER_0_64_23, 15.33, 184.96, 0.00140126
input6, 37.94, 184.96, 0.00140769
FILLER_0_64_57, 37.94, 184.96, 0.00140769
input11, 50.74, 184.96, 0.0014185
FILLER_0_64_97, 50.74, 184.96, 0.0014185
FILLER_0_64_105, 50.74, 184.96, 0.0014185
FILLER_0_64_137, 63.54, 184.96, 0.00142677
input23, 76.34, 184.96, 0.00143504
FILLER_0_64_141, 76.34, 184.96, 0.00143504
FILLER_0_64_193, 89.14, 184.96, 0.00144069
input24, 101.94, 184.96, 0.00144635
FILLER_0_64_219, 101.94, 184.96, 0.00144635
input4, 114.74, 184.96, 0.00144987
FILLER_0_64_237, 114.74, 184.96, 0.00144987
FILLER_0_64_245, 114.74, 184.96, 0.00144987
FILLER_0_64_277, 127.54, 184.96, 0.00145121
input5, 140.34, 184.96, 0.00145254
FILLER_0_64_299, 140.34, 184.96, 0.00145254
input3, 153.14, 184.96, 0.0014514
FILLER_0_64_321, 153.14, 184.96, 0.0014514
FILLER_0_64_329, 153.14, 184.96, 0.0014514
FILLER_0_64_361, 165.94, 184.96, 0.00144797
input22, 186.43, 184.96, 0.00144697
FILLER_0_63_385, 186.43, 184.96, 0.00144697
FILLER_0_64_393, 186.43, 184.96, 0.00144697
PHY_122, 5.52, 179.52, 0.00137405
PHY_124, 5.52, 179.52, 0.00137405
PHY_123, 194.12, 179.52, 0.00143146
PHY_125, 194.12, 179.52, 0.00143146
FILLER_0_62_77, 37.94, 179.52, 0.00137884
FILLER_0_63_105, 50.74, 179.52, 0.00138362
FILLER_0_62_133, 63.54, 179.52, 0.00138841
FILLER_0_63_161, 76.34, 179.52, 0.00139319
FILLER_0_62_189, 89.14, 179.52, 0.00139797
FILLER_0_63_217, 101.94, 179.52, 0.00140276
FILLER_0_62_245, 114.74, 179.52, 0.00140754
FILLER_0_63_273, 127.54, 179.52, 0.00141233
FILLER_0_62_301, 140.34, 179.52, 0.00141711
FILLER_0_63_329, 153.14, 179.52, 0.0014219
FILLER_0_62_357, 165.94, 179.52, 0.00142668
FILLER_0_61_385, 186.43, 179.52, 0.00143146
FILLER_0_62_401, 186.43, 179.52, 0.00143146
PHY_118, 5.52, 174.08, 0.00137052
PHY_120, 5.52, 174.08, 0.00137052
PHY_119, 194.12, 174.08, 0.00144099
PHY_121, 194.12, 174.08, 0.00144099
FILLER_0_60_77, 37.94, 174.08, 0.00137611
FILLER_0_61_105, 50.74, 174.08, 0.0013817
FILLER_0_60_133, 63.54, 174.08, 0.00138728
FILLER_0_61_161, 76.34, 174.08, 0.00139287
FILLER_0_60_189, 89.14, 174.08, 0.00139846
FILLER_0_61_217, 101.94, 174.08, 0.00140405
FILLER_0_60_245, 114.74, 174.08, 0.00140964
FILLER_0_61_273, 127.54, 174.08, 0.00141522
FILLER_0_60_301, 140.34, 174.08, 0.00142081
FILLER_0_61_329, 153.14, 174.08, 0.0014264
FILLER_0_60_357, 165.94, 174.08, 0.00143199
input21, 186.43, 174.08, 0.00144099
FILLER_0_59_385, 186.43, 174.08, 0.00144099
PHY_114, 5.52, 168.64, 0.00137284
PHY_116, 5.52, 168.64, 0.00137284
input12, 5.52, 168.64, 0.00137284
PHY_115, 194.12, 168.64, 0.00143543
PHY_117, 194.12, 168.64, 0.00143543
FILLER_0_58_77, 37.94, 168.64, 0.00137396
FILLER_0_59_105, 50.74, 168.64, 0.00137954
FILLER_0_58_133, 63.54, 168.64, 0.00138513
FILLER_0_59_161, 76.34, 168.64, 0.00139072
FILLER_0_58_189, 89.14, 168.64, 0.00139631
FILLER_0_59_217, 101.94, 168.64, 0.0014019
FILLER_0_58_245, 114.74, 168.64, 0.00140749
FILLER_0_59_273, 127.54, 168.64, 0.00141307
FILLER_0_58_301, 140.34, 168.64, 0.00141866
FILLER_0_59_329, 153.14, 168.64, 0.00142425
FILLER_0_58_357, 165.94, 168.64, 0.00142984
FILLER_0_57_385, 186.43, 168.64, 0.00143543
FILLER_0_58_401, 186.43, 168.64, 0.00143543
PHY_110, 5.52, 163.2, 0.00136181
PHY_112, 5.52, 163.2, 0.00136181
PHY_111, 194.12, 163.2, 0.00143743
PHY_113, 194.12, 163.2, 0.00143743
FILLER_0_56_77, 37.94, 163.2, 0.00136811
FILLER_0_57_105, 50.74, 163.2, 0.00137441
FILLER_0_56_133, 63.54, 163.2, 0.00138071
FILLER_0_57_161, 76.34, 163.2, 0.00138702
FILLER_0_56_189, 89.14, 163.2, 0.00139332
FILLER_0_57_217, 101.94, 163.2, 0.00139962
FILLER_0_56_245, 114.74, 163.2, 0.00140592
FILLER_0_57_273, 127.54, 163.2, 0.00141222
FILLER_0_56_301, 140.34, 163.2, 0.00141853
FILLER_0_57_329, 153.14, 163.2, 0.00142483
FILLER_0_56_357, 165.94, 163.2, 0.00143113
FILLER_0_55_385, 186.43, 163.2, 0.00143743
FILLER_0_56_401, 186.43, 163.2, 0.00143743
PHY_106, 5.52, 157.76, 0.00135725
PHY_108, 5.52, 157.76, 0.00135725
PHY_107, 194.12, 157.76, 0.00144504
PHY_109, 194.12, 157.76, 0.00144504
input16, 194.12, 157.76, 0.00144504
FILLER_0_54_77, 37.94, 157.76, 0.0013643
FILLER_0_55_105, 50.74, 157.76, 0.00137134
FILLER_0_54_133, 63.54, 157.76, 0.00137839
FILLER_0_55_161, 76.34, 157.76, 0.00138544
FILLER_0_54_189, 89.14, 157.76, 0.00139248
FILLER_0_55_217, 101.94, 157.76, 0.00139953
FILLER_0_54_245, 114.74, 157.76, 0.00140658
FILLER_0_55_273, 127.54, 157.76, 0.00141362
FILLER_0_54_301, 140.34, 157.76, 0.00142067
FILLER_0_55_329, 153.14, 157.76, 0.00142772
FILLER_0_54_357, 165.94, 157.76, 0.00143476
FILLER_0_53_385, 186.43, 157.76, 0.00144342
PHY_102, 5.52, 152.32, 0.00136317
PHY_104, 5.52, 152.32, 0.00136317
PHY_103, 194.12, 152.32, 0.00145368
PHY_105, 194.12, 152.32, 0.00145368
FILLER_0_52_77, 37.94, 152.32, 0.00138481
FILLER_0_53_105, 50.74, 152.32, 0.00140644
FILLER_0_52_133, 63.54, 152.32, 0.00142808
FILLER_0_53_161, 76.34, 152.32, 0.00144971
_1321_, 89.14, 152.32, 0.00147135
FILLER_0_51_169, 89.14, 152.32, 0.00147135
FILLER_0_52_189, 89.14, 152.32, 0.00147135
_1278_, 101.94, 152.32, 0.00148974
_1279_, 101.94, 152.32, 0.00148974
_1286_, 101.94, 152.32, 0.00148974
_1319_, 101.94, 152.32, 0.00148974
FILLER_0_51_205, 101.94, 152.32, 0.00148974
FILLER_0_52_213, 101.94, 152.32, 0.00148974
FILLER_0_53_217, 101.94, 152.32, 0.00148974
_1314_, 114.74, 152.32, 0.00148811
FILLER_0_52_246, 114.74, 152.32, 0.00148811
FILLER_0_53_273, 127.54, 152.32, 0.00148122
FILLER_0_52_301, 140.34, 152.32, 0.00147434
FILLER_0_53_329, 153.14, 152.32, 0.00146745
FILLER_0_52_357, 165.94, 152.32, 0.00146056
FILLER_0_51_385, 186.43, 152.32, 0.00145368
FILLER_0_52_401, 186.43, 152.32, 0.00145368
PHY_98, 5.52, 146.88, 0.00139764
PHY_100, 5.52, 146.88, 0.00139764
input2, 5.52, 146.88, 0.00139764
PHY_99, 194.12, 146.88, 0.00149803
PHY_101, 194.12, 146.88, 0.00149803
FILLER_0_50_77, 37.94, 146.88, 0.00145873
FILLER_0_51_105, 50.74, 146.88, 0.00152425
FILLER_0_50_133, 63.54, 146.88, 0.00158976
_1040_, 76.34, 146.88, 0.00165528
_1043_, 76.34, 146.88, 0.00165528
_1251_, 76.34, 146.88, 0.00165528
_1282_, 76.34, 146.88, 0.00165528
rebuffer10, 76.34, 146.88, 0.00165528
FILLER_0_50_141, 76.34, 146.88, 0.00165528
FILLER_0_50_166, 76.34, 146.88, 0.00165528
FILLER_0_51_161, 76.34, 146.88, 0.00165528
_1030_, 89.14, 146.88, 0.00170883
_1266_, 89.14, 146.88, 0.00170883
_1280_, 89.14, 146.88, 0.00170883
_1281_, 89.14, 146.88, 0.00170883
_1283_, 89.14, 146.88, 0.00170883
rebuffer11, 89.14, 146.88, 0.00170883
rebuffer12, 89.14, 146.88, 0.00170883
rebuffer13, 89.14, 146.88, 0.00170883
FILLER_0_50_176, 89.14, 146.88, 0.00170883
FILLER_0_51_191, 89.14, 146.88, 0.00170883
_1269_, 101.94, 146.88, 0.00174116
_1274_, 101.94, 146.88, 0.00174116
_1276_, 101.94, 146.88, 0.00174116
_1277_, 101.94, 146.88, 0.00174116
_1285_, 101.94, 146.88, 0.00174116
_1315_, 101.94, 146.88, 0.00174116
_1316_, 101.94, 146.88, 0.00174116
_1317_, 101.94, 146.88, 0.00174116
_1318_, 101.94, 146.88, 0.00174116
FILLER_0_51_220, 101.94, 146.88, 0.00174116
_1268_, 114.74, 146.88, 0.00174757
_1362_, 114.74, 146.88, 0.00174757
_1363_, 114.74, 146.88, 0.00174757
_1405_, 114.74, 146.88, 0.00174757
FILLER_0_49_230, 114.74, 146.88, 0.00174757
FILLER_0_50_232, 114.74, 146.88, 0.00174757
FILLER_0_50_242, 114.74, 146.88, 0.00174757
_1311_, 127.54, 146.88, 0.00171792
_1312_, 127.54, 146.88, 0.00171792
_1313_, 127.54, 146.88, 0.00171792
_1328_, 127.54, 146.88, 0.00171792
FILLER_0_49_254, 127.54, 146.88, 0.00171792
FILLER_0_50_253, 127.54, 146.88, 0.00171792
FILLER_0_50_278, 127.54, 146.88, 0.00171792
FILLER_0_51_269, 127.54, 146.88, 0.00171792
FILLER_0_51_277, 127.54, 146.88, 0.00171792
_1360_, 140.34, 146.88, 0.00167844
_1361_, 140.34, 146.88, 0.00167844
FILLER_0_50_300, 140.34, 146.88, 0.00167844
FILLER_0_51_329, 153.14, 146.88, 0.00161831
FILLER_0_50_357, 165.94, 146.88, 0.00155817
FILLER_0_49_385, 186.43, 146.88, 0.00149803
FILLER_0_50_401, 186.43, 146.88, 0.00149803
PHY_94, 5.52, 141.44, 0.001366
PHY_96, 5.52, 141.44, 0.001366
PHY_95, 194.12, 141.44, 0.00148215
PHY_97, 194.12, 141.44, 0.00148215
FILLER_0_48_77, 37.94, 141.44, 0.00141213
FILLER_0_49_105, 50.74, 141.44, 0.00145825
FILLER_0_48_133, 63.54, 141.44, 0.00150438
FILLER_0_49_137, 63.54, 141.44, 0.00150438
_1031_, 76.34, 141.44, 0.00155051
_1037_, 76.34, 141.44, 0.00155051
_1039_, 76.34, 141.44, 0.00155051
_1041_, 76.34, 141.44, 0.00155051
_1042_, 76.34, 141.44, 0.00155051
FILLER_0_47_150, 76.34, 141.44, 0.00155051
FILLER_0_48_141, 76.34, 141.44, 0.00155051
FILLER_0_49_161, 76.34, 141.44, 0.00155051
_1000_, 89.14, 141.44, 0.00158462
_1021_, 89.14, 141.44, 0.00158462
_1022_, 89.14, 141.44, 0.00158462
_1028_, 89.14, 141.44, 0.00158462
_1032_, 89.14, 141.44, 0.00158462
_1284_, 89.14, 141.44, 0.00158462
_1322_, 89.14, 141.44, 0.00158462
FILLER_0_48_178, 89.14, 141.44, 0.00158462
FILLER_0_48_192, 89.14, 141.44, 0.00158462
_1018_, 101.94, 141.44, 0.00160094
_1020_, 101.94, 141.44, 0.00160094
_1252_, 101.94, 141.44, 0.00160094
_1265_, 101.94, 141.44, 0.00160094
_1267_, 101.94, 141.44, 0.00160094
_1273_, 101.94, 141.44, 0.00160094
_1275_, 101.94, 141.44, 0.00160094
FILLER_0_48_197, 101.94, 141.44, 0.00160094
FILLER_0_49_216, 101.94, 141.44, 0.00160094
_1258_, 114.74, 141.44, 0.00161028
_1259_, 114.74, 141.44, 0.00161028
_1287_, 114.74, 141.44, 0.00161028
_1303_, 114.74, 141.44, 0.00161028
_1304_, 114.74, 141.44, 0.00161028
FILLER_0_47_235, 114.74, 141.44, 0.00161028
FILLER_0_48_237, 114.74, 141.44, 0.00161028
FILLER_0_49_246, 114.74, 141.44, 0.00161028
_1309_, 127.54, 141.44, 0.0016088
_1310_, 127.54, 141.44, 0.0016088
_1326_, 127.54, 141.44, 0.0016088
_1327_, 127.54, 141.44, 0.0016088
_1359_, 127.54, 141.44, 0.0016088
FILLER_0_47_256, 127.54, 141.44, 0.0016088
FILLER_0_48_269, 127.54, 141.44, 0.0016088
_1358_, 140.34, 141.44, 0.00159882
_1397_, 140.34, 141.44, 0.00159882
_1398_, 140.34, 141.44, 0.00159882
_1406_, 140.34, 141.44, 0.00159882
_1407_, 140.34, 141.44, 0.00159882
rebuffer20, 140.34, 141.44, 0.00159882
FILLER_0_47_287, 140.34, 141.44, 0.00159882
FILLER_0_49_294, 140.34, 141.44, 0.00159882
rebuffer21, 153.14, 141.44, 0.00156214
FILLER_0_49_329, 153.14, 141.44, 0.00156214
FILLER_0_48_360, 165.94, 141.44, 0.00152215
FILLER_0_47_385, 186.43, 141.44, 0.00148215
FILLER_0_48_401, 186.43, 141.44, 0.00148215
PHY_90, 5.52, 136, 0.00135885
PHY_92, 5.52, 136, 0.00135885
PHY_91, 194.12, 136, 0.00149525
PHY_93, 194.12, 136, 0.00149525
input10, 194.12, 136, 0.00149525
FILLER_0_46_77, 37.94, 136, 0.00141118
FILLER_0_47_105, 50.74, 136, 0.00146352
_1007_, 63.54, 136, 0.00151586
_1009_, 63.54, 136, 0.00151586
_1010_, 63.54, 136, 0.00151586
_1013_, 63.54, 136, 0.00151586
FILLER_0_46_121, 63.54, 136, 0.00151586
FILLER_0_47_137, 63.54, 136, 0.00151586
_1006_, 76.34, 136, 0.00155167
_1008_, 76.34, 136, 0.00155167
_1029_, 76.34, 136, 0.00155167
_1035_, 76.34, 136, 0.00155167
_1038_, 76.34, 136, 0.00155167
FILLER_0_46_147, 76.34, 136, 0.00155167
FILLER_0_46_159, 76.34, 136, 0.00155167
FILLER_0_47_157, 76.34, 136, 0.00155167
_0997_, 89.14, 136, 0.00158103
_0999_, 89.14, 136, 0.00158103
_1001_, 89.14, 136, 0.00158103
_1005_, 89.14, 136, 0.00158103
_1027_, 89.14, 136, 0.00158103
FILLER_0_46_188, 89.14, 136, 0.00158103
_1016_, 101.94, 136, 0.00160264
_1017_, 101.94, 136, 0.00160264
_1253_, 101.94, 136, 0.00160264
FILLER_0_46_197, 101.94, 136, 0.00160264
FILLER_0_46_210, 101.94, 136, 0.00160264
FILLER_0_47_213, 101.94, 136, 0.00160264
FILLER_0_47_221, 101.94, 136, 0.00160264
_1256_, 114.74, 136, 0.00162098
_1257_, 114.74, 136, 0.00162098
_1290_, 114.74, 136, 0.00162098
_1293_, 114.74, 136, 0.00162098
_1301_, 114.74, 136, 0.00162098
_1302_, 114.74, 136, 0.00162098
FILLER_0_46_224, 114.74, 136, 0.00162098
FILLER_0_46_241, 114.74, 136, 0.00162098
FILLER_0_46_249, 114.74, 136, 0.00162098
FILLER_0_47_243, 114.74, 136, 0.00162098
_1299_, 127.54, 136, 0.00163259
_1307_, 127.54, 136, 0.00163259
_1329_, 127.54, 136, 0.00163259
_1336_, 127.54, 136, 0.00163259
_1338_, 127.54, 136, 0.00163259
FILLER_0_46_273, 127.54, 136, 0.00163259
_1337_, 140.34, 136, 0.00163914
_1354_, 140.34, 136, 0.00163914
_1355_, 140.34, 136, 0.00163914
_1356_, 140.34, 136, 0.00163914
_1357_, 140.34, 136, 0.00163914
_1399_, 140.34, 136, 0.00163914
_1408_, 140.34, 136, 0.00163914
FILLER_0_46_280, 140.34, 136, 0.00163914
FILLER_0_46_296, 140.34, 136, 0.00163914
FILLER_0_47_295, 140.34, 136, 0.00163914
_1395_, 153.14, 136, 0.0015984
_1463_, 153.14, 136, 0.0015984
FILLER_0_45_385, 186.43, 136, 0.00149376
FILLER_0_45_393, 186.43, 136, 0.00149376
FILLER_0_46_401, 186.43, 136, 0.00149376
PHY_86, 5.52, 130.56, 0.00135327
PHY_88, 5.52, 130.56, 0.00135327
input9, 5.52, 130.56, 0.00135327
PHY_87, 194.12, 130.56, 0.00147049
PHY_89, 194.12, 130.56, 0.00147049
FILLER_0_44_19, 15.33, 130.56, 0.00135134
FILLER_0_44_77, 37.94, 130.56, 0.00140571
_1045_, 50.74, 130.56, 0.00146201
FILLER_0_45_105, 50.74, 130.56, 0.00146201
_0971_, 63.54, 130.56, 0.00151174
_0972_, 63.54, 130.56, 0.00151174
_1011_, 63.54, 130.56, 0.00151174
_1012_, 63.54, 130.56, 0.00151174
_1044_, 63.54, 130.56, 0.00151174
_1046_, 63.54, 130.56, 0.00151174
_1076_, 63.54, 130.56, 0.00151174
FILLER_0_44_135, 63.54, 130.56, 0.00151174
_0967_, 76.34, 130.56, 0.00154129
_1002_, 76.34, 130.56, 0.00154129
_1003_, 76.34, 130.56, 0.00154129
_1004_, 76.34, 130.56, 0.00154129
_1033_, 76.34, 130.56, 0.00154129
_1034_, 76.34, 130.56, 0.00154129
_1036_, 76.34, 130.56, 0.00154129
FILLER_0_43_149, 76.34, 130.56, 0.00154129
FILLER_0_44_141, 76.34, 130.56, 0.00154129
_0829_, 89.14, 130.56, 0.00156543
_0978_, 89.14, 130.56, 0.00156543
_0987_, 89.14, 130.56, 0.00156543
_1019_, 89.14, 130.56, 0.00156543
_1023_, 89.14, 130.56, 0.00156543
_1271_, 89.14, 130.56, 0.00156543
split25, 89.14, 130.56, 0.00156543
FILLER_0_43_169, 89.14, 130.56, 0.00156543
FILLER_0_45_192, 89.14, 130.56, 0.00156543
_0995_, 101.94, 130.56, 0.00157583
_1025_, 101.94, 130.56, 0.00157583
_1026_, 101.94, 130.56, 0.00157583
_1260_, 101.94, 130.56, 0.00157583
_1270_, 101.94, 130.56, 0.00157583
_1272_, 101.94, 130.56, 0.00157583
FILLER_0_43_201, 101.94, 130.56, 0.00157583
_1264_, 114.74, 130.56, 0.00157955
_1288_, 114.74, 130.56, 0.00157955
_1292_, 114.74, 130.56, 0.00157955
_1300_, 114.74, 130.56, 0.00157955
_1333_, 114.74, 130.56, 0.00157955
FILLER_0_43_225, 114.74, 130.56, 0.00157955
FILLER_0_43_236, 114.74, 130.56, 0.00157955
FILLER_0_44_246, 114.74, 130.56, 0.00157955
FILLER_0_45_239, 114.74, 130.56, 0.00157955
_1306_, 127.54, 130.56, 0.00157537
_1330_, 127.54, 130.56, 0.00157537
_1332_, 127.54, 130.56, 0.00157537
_1334_, 127.54, 130.56, 0.00157537
_1335_, 127.54, 130.56, 0.00157537
_1364_, 127.54, 130.56, 0.00157537
FILLER_0_43_254, 127.54, 130.56, 0.00157537
FILLER_0_44_260, 127.54, 130.56, 0.00157537
FILLER_0_44_268, 127.54, 130.56, 0.00157537
FILLER_0_45_267, 127.54, 130.56, 0.00157537
_1352_, 140.34, 130.56, 0.00156584
_1353_, 140.34, 130.56, 0.00156584
_1365_, 140.34, 130.56, 0.00156584
_1394_, 140.34, 130.56, 0.00156584
_1396_, 140.34, 130.56, 0.00156584
FILLER_0_44_295, 140.34, 130.56, 0.00156584
FILLER_0_44_304, 140.34, 130.56, 0.00156584
_1372_, 153.14, 130.56, 0.00153796
_1393_, 153.14, 130.56, 0.00153796
FILLER_0_43_310, 153.14, 130.56, 0.00153796
FILLER_0_45_333, 153.14, 130.56, 0.00153796
FILLER_0_44_353, 165.94, 130.56, 0.00150422
FILLER_0_44_361, 165.94, 130.56, 0.00150422
FILLER_0_43_385, 186.43, 130.56, 0.00147049
FILLER_0_44_401, 186.43, 130.56, 0.00147049
PHY_82, 5.52, 125.12, 0.00133423
PHY_84, 5.52, 125.12, 0.00133423
PHY_83, 194.12, 125.12, 0.00146911
PHY_85, 194.12, 125.12, 0.00146911
FILLER_0_42_77, 37.94, 125.12, 0.00139582
_0968_, 50.74, 125.12, 0.00145741
FILLER_0_42_109, 50.74, 125.12, 0.00145741
FILLER_0_43_105, 50.74, 125.12, 0.00145741
_0990_, 63.54, 125.12, 0.00151862
_1047_, 63.54, 125.12, 0.00151862
_1063_, 63.54, 125.12, 0.00151862
_1065_, 63.54, 125.12, 0.00151862
_1080_, 63.54, 125.12, 0.00151862
_1323_, 63.54, 125.12, 0.00151862
FILLER_0_41_121, 63.54, 125.12, 0.00151862
FILLER_0_42_124, 63.54, 125.12, 0.00151862
FILLER_0_42_137, 63.54, 125.12, 0.00151862
_0842_, 76.34, 125.12, 0.00154864
_0961_, 76.34, 125.12, 0.00154864
_0962_, 76.34, 125.12, 0.00154864
_0965_, 76.34, 125.12, 0.00154864
_0988_, 76.34, 125.12, 0.00154864
_0989_, 76.34, 125.12, 0.00154864
FILLER_0_41_146, 76.34, 125.12, 0.00154864
FILLER_0_42_141, 76.34, 125.12, 0.00154864
FILLER_0_43_163, 76.34, 125.12, 0.00154864
_0891_, 89.14, 125.12, 0.00157124
_0974_, 89.14, 125.12, 0.00157124
_0979_, 89.14, 125.12, 0.00157124
_0980_, 89.14, 125.12, 0.00157124
_0981_, 89.14, 125.12, 0.00157124
_0996_, 89.14, 125.12, 0.00157124
_0998_, 89.14, 125.12, 0.00157124
FILLER_0_41_169, 89.14, 125.12, 0.00157124
_0975_, 101.94, 125.12, 0.00158389
_0977_, 101.94, 125.12, 0.00158389
_0994_, 101.94, 125.12, 0.00158389
_1015_, 101.94, 125.12, 0.00158389
_1024_, 101.94, 125.12, 0.00158389
_1263_, 101.94, 125.12, 0.00158389
_1331_, 101.94, 125.12, 0.00158389
FILLER_0_43_220, 101.94, 125.12, 0.00158389
_1255_, 114.74, 125.12, 0.00158875
_1289_, 114.74, 125.12, 0.00158875
_1291_, 114.74, 125.12, 0.00158875
_1297_, 114.74, 125.12, 0.00158875
_1298_, 114.74, 125.12, 0.00158875
_1305_, 114.74, 125.12, 0.00158875
split28, 114.74, 125.12, 0.00158875
FILLER_0_42_243, 114.74, 125.12, 0.00158875
FILLER_0_43_243, 114.74, 125.12, 0.00158875
_1308_, 127.54, 125.12, 0.00158517
_1343_, 127.54, 125.12, 0.00158517
_1345_, 127.54, 125.12, 0.00158517
_1349_, 127.54, 125.12, 0.00158517
_1350_, 127.54, 125.12, 0.00158517
_1351_, 127.54, 125.12, 0.00158517
FILLER_0_41_258, 127.54, 125.12, 0.00158517
FILLER_0_43_270, 127.54, 125.12, 0.00158517
_1014_, 140.34, 125.12, 0.00157372
_1371_, 140.34, 125.12, 0.00157372
_1388_, 140.34, 125.12, 0.00157372
_1389_, 140.34, 125.12, 0.00157372
_1390_, 140.34, 125.12, 0.00157372
_1392_, 140.34, 125.12, 0.00157372
split29, 140.34, 125.12, 0.00157372
FILLER_0_41_290, 140.34, 125.12, 0.00157372
FILLER_0_42_293, 140.34, 125.12, 0.00157372
_1373_, 153.14, 125.12, 0.00154929
_1391_, 153.14, 125.12, 0.00154929
_1409_, 153.14, 125.12, 0.00154929
_1435_, 153.14, 125.12, 0.00154929
_1438_, 153.14, 125.12, 0.00154929
FILLER_0_42_315, 153.14, 125.12, 0.00154929
FILLER_0_43_332, 153.14, 125.12, 0.00154929
FILLER_0_42_356, 165.94, 125.12, 0.0015092
FILLER_0_41_385, 186.43, 125.12, 0.00146911
FILLER_0_42_401, 186.43, 125.12, 0.00146911
PHY_78, 5.52, 119.68, 0.00132581
PHY_80, 5.52, 119.68, 0.00132581
PHY_79, 194.12, 119.68, 0.0014744
PHY_81, 194.12, 119.68, 0.0014744
FILLER_0_40_77, 37.94, 119.68, 0.00140258
_1071_, 50.74, 119.68, 0.00147936
_1072_, 50.74, 119.68, 0.00147936
_1074_, 50.74, 119.68, 0.00147936
_1078_, 50.74, 119.68, 0.00147936
_1079_, 50.74, 119.68, 0.00147936
FILLER_0_40_85, 50.74, 119.68, 0.00147936
FILLER_0_40_96, 50.74, 119.68, 0.00147936
FILLER_0_41_105, 50.74, 119.68, 0.00147936
_0992_, 63.54, 119.68, 0.00154295
_1048_, 63.54, 119.68, 0.00154295
_1064_, 63.54, 119.68, 0.00154295
_1069_, 63.54, 119.68, 0.00154295
_1070_, 63.54, 119.68, 0.00154295
rebuffer18, 63.54, 119.68, 0.00154295
rebuffer32, 63.54, 119.68, 0.00154295
rebuffer33, 63.54, 119.68, 0.00154295
_0963_, 76.34, 119.68, 0.00158102
_0966_, 76.34, 119.68, 0.00158102
_0969_, 76.34, 119.68, 0.00158102
_0970_, 76.34, 119.68, 0.00158102
_0991_, 76.34, 119.68, 0.00158102
_1056_, 76.34, 119.68, 0.00158102
_1060_, 76.34, 119.68, 0.00158102
_1066_, 76.34, 119.68, 0.00158102
rebuffer38, 76.34, 119.68, 0.00158102
FILLER_0_40_155, 76.34, 119.68, 0.00158102
_0985_, 89.14, 119.68, 0.00160278
_0986_, 89.14, 119.68, 0.00160278
rebuffer36, 89.14, 119.68, 0.00160278
FILLER_0_39_169, 89.14, 119.68, 0.00160278
FILLER_0_41_190, 89.14, 119.68, 0.00160278
_0851_, 101.94, 119.68, 0.0016215
_0909_, 101.94, 119.68, 0.0016215
_0942_, 101.94, 119.68, 0.0016215
_1346_, 101.94, 119.68, 0.0016215
split32, 101.94, 119.68, 0.0016215
FILLER_0_40_197, 101.94, 119.68, 0.0016215
_0926_, 114.74, 119.68, 0.00162313
_1254_, 114.74, 119.68, 0.00162313
_1261_, 114.74, 119.68, 0.00162313
_1294_, 114.74, 119.68, 0.00162313
_1295_, 114.74, 119.68, 0.00162313
_1340_, 114.74, 119.68, 0.00162313
FILLER_0_40_230, 114.74, 119.68, 0.00162313
_1296_, 127.54, 119.68, 0.00161669
_1342_, 127.54, 119.68, 0.00161669
_1347_, 127.54, 119.68, 0.00161669
_1348_, 127.54, 119.68, 0.00161669
_1366_, 127.54, 119.68, 0.00161669
_1378_, 127.54, 119.68, 0.00161669
FILLER_0_39_252, 127.54, 119.68, 0.00161669
FILLER_0_40_253, 127.54, 119.68, 0.00161669
FILLER_0_40_267, 127.54, 119.68, 0.00161669
FILLER_0_41_267, 127.54, 119.68, 0.00161669
_0889_, 140.34, 119.68, 0.00160508
_1341_, 140.34, 119.68, 0.00160508
_1368_, 140.34, 119.68, 0.00160508
_1370_, 140.34, 119.68, 0.00160508
_1386_, 140.34, 119.68, 0.00160508
_1387_, 140.34, 119.68, 0.00160508
_1436_, 140.34, 119.68, 0.00160508
FILLER_0_41_301, 140.34, 119.68, 0.00160508
_1434_, 153.14, 119.68, 0.00158211
_1437_, 153.14, 119.68, 0.00158211
_1461_, 153.14, 119.68, 0.00158211
_1464_, 153.14, 119.68, 0.00158211
_1482_, 165.94, 119.68, 0.00153182
FILLER_0_40_355, 165.94, 119.68, 0.00153182
FILLER_0_39_385, 186.43, 119.68, 0.0014744
FILLER_0_40_401, 186.43, 119.68, 0.0014744
PHY_74, 5.52, 114.24, 0.00130649
PHY_76, 5.52, 114.24, 0.00130649
PHY_75, 194.12, 114.24, 0.00146591
PHY_77, 194.12, 114.24, 0.00146591
input15, 194.12, 114.24, 0.00146591
FILLER_0_38_77, 37.94, 114.24, 0.00138922
FILLER_0_39_81, 37.94, 114.24, 0.00138922
_1073_, 50.74, 114.24, 0.00147195
_1081_, 50.74, 114.24, 0.00147195
_1117_, 50.74, 114.24, 0.00147195
FILLER_0_37_93, 50.74, 114.24, 0.00147195
FILLER_0_38_85, 50.74, 114.24, 0.00147195
FILLER_0_39_106, 50.74, 114.24, 0.00147195
_1075_, 63.54, 114.24, 0.00154169
_1077_, 63.54, 114.24, 0.00154169
_1083_, 63.54, 114.24, 0.00154169
_1111_, 63.54, 114.24, 0.00154169
rebuffer34, 63.54, 114.24, 0.00154169
rebuffer37, 63.54, 114.24, 0.00154169
_1055_, 76.34, 114.24, 0.00158521
_1059_, 76.34, 114.24, 0.00158521
_1061_, 76.34, 114.24, 0.00158521
_1062_, 76.34, 114.24, 0.00158521
_1067_, 76.34, 114.24, 0.00158521
_1068_, 76.34, 114.24, 0.00158521
_1098_, 76.34, 114.24, 0.00158521
_1155_, 76.34, 114.24, 0.00158521
FILLER_0_38_155, 76.34, 114.24, 0.00158521
_0827_, 89.14, 114.24, 0.0016171
_0908_, 89.14, 114.24, 0.0016171
_0982_, 89.14, 114.24, 0.0016171
_0983_, 89.14, 114.24, 0.0016171
_1049_, 89.14, 114.24, 0.0016171
_1050_, 89.14, 114.24, 0.0016171
_1051_, 89.14, 114.24, 0.0016171
FILLER_0_37_169, 89.14, 114.24, 0.0016171
FILLER_0_38_176, 89.14, 114.24, 0.0016171
_0852_, 101.94, 114.24, 0.00163656
_0976_, 101.94, 114.24, 0.00163656
_0993_, 101.94, 114.24, 0.00163656
_1057_, 101.94, 114.24, 0.00163656
_1324_, 101.94, 114.24, 0.00163656
FILLER_0_37_206, 101.94, 114.24, 0.00163656
FILLER_0_38_219, 101.94, 114.24, 0.00163656
_0823_, 114.74, 114.24, 0.00163502
_0960_, 114.74, 114.24, 0.00163502
_1262_, 114.74, 114.24, 0.00163502
_1339_, 114.74, 114.24, 0.00163502
_1344_, 114.74, 114.24, 0.00163502
_1375_, 114.74, 114.24, 0.00163502
_1376_, 114.74, 114.24, 0.00163502
split30, 114.74, 114.24, 0.00163502
FILLER_0_38_248, 114.74, 114.24, 0.00163502
_0895_, 127.54, 114.24, 0.00162219
_1367_, 127.54, 114.24, 0.00162219
_1379_, 127.54, 114.24, 0.00162219
_1384_, 127.54, 114.24, 0.00162219
_1385_, 127.54, 114.24, 0.00162219
FILLER_0_38_262, 127.54, 114.24, 0.00162219
FILLER_0_38_274, 127.54, 114.24, 0.00162219
_1369_, 140.34, 114.24, 0.00160179
_1383_, 140.34, 114.24, 0.00160179
_1423_, 140.34, 114.24, 0.00160179
_1424_, 140.34, 114.24, 0.00160179
_1426_, 140.34, 114.24, 0.00160179
FILLER_0_37_290, 140.34, 114.24, 0.00160179
FILLER_0_38_290, 140.34, 114.24, 0.00160179
FILLER_0_39_305, 140.34, 114.24, 0.00160179
_1430_, 153.14, 114.24, 0.00157164
_1431_, 153.14, 114.24, 0.00157164
_1432_, 153.14, 114.24, 0.00157164
_1433_, 153.14, 114.24, 0.00157164
_1439_, 153.14, 114.24, 0.00157164
_1454_, 153.14, 114.24, 0.00157164
_1456_, 153.14, 114.24, 0.00157164
_1457_, 153.14, 114.24, 0.00157164
_1462_, 153.14, 114.24, 0.00157164
FILLER_0_37_310, 153.14, 114.24, 0.00157164
FILLER_0_37_385, 186.43, 114.24, 0.00146442
FILLER_0_37_393, 186.43, 114.24, 0.00146442
FILLER_0_38_401, 186.43, 114.24, 0.00146442
PHY_70, 5.52, 108.8, 0.00129599
PHY_72, 5.52, 108.8, 0.00129599
PHY_71, 194.12, 108.8, 0.00146391
PHY_73, 194.12, 108.8, 0.00146391
FILLER_0_36_77, 37.94, 108.8, 0.00140103
_1106_, 50.74, 108.8, 0.00150607
_1114_, 50.74, 108.8, 0.00150607
_1115_, 50.74, 108.8, 0.00150607
rebuffer30, 50.74, 108.8, 0.00150607
FILLER_0_37_103, 50.74, 108.8, 0.00150607
_1082_, 63.54, 108.8, 0.00159345
_1112_, 63.54, 108.8, 0.00159345
_1113_, 63.54, 108.8, 0.00159345
_1119_, 63.54, 108.8, 0.00159345
rebuffer27, 63.54, 108.8, 0.00159345
_0833_, 76.34, 108.8, 0.0016437
_1100_, 76.34, 108.8, 0.0016437
_1105_, 76.34, 108.8, 0.0016437
max_cap43, 76.34, 108.8, 0.0016437
rebuffer2, 76.34, 108.8, 0.0016437
FILLER_0_35_147, 76.34, 108.8, 0.0016437
FILLER_0_36_166, 76.34, 108.8, 0.0016437
FILLER_0_37_164, 76.34, 108.8, 0.0016437
_0832_, 89.14, 108.8, 0.00167972
_0984_, 89.14, 108.8, 0.00167972
_1052_, 89.14, 108.8, 0.00167972
_1054_, 89.14, 108.8, 0.00167972
_1084_, 89.14, 108.8, 0.00167972
_1085_, 89.14, 108.8, 0.00167972
FILLER_0_35_169, 89.14, 108.8, 0.00167972
FILLER_0_36_189, 89.14, 108.8, 0.00167972
_0820_, 101.94, 108.8, 0.00170514
_0964_, 101.94, 108.8, 0.00170514
_1053_, 101.94, 108.8, 0.00170514
_1058_, 101.94, 108.8, 0.00170514
_1402_, 101.94, 108.8, 0.00170514
_1403_, 101.94, 108.8, 0.00170514
rebuffer15, 101.94, 108.8, 0.00170514
FILLER_0_35_206, 101.94, 108.8, 0.00170514
FILLER_0_36_213, 101.94, 108.8, 0.00170514
_0825_, 114.74, 108.8, 0.00170361
_1325_, 114.74, 108.8, 0.00170361
_1374_, 114.74, 108.8, 0.00170361
_1377_, 114.74, 108.8, 0.00170361
_1416_, 114.74, 108.8, 0.00170361
_1566_, 114.74, 108.8, 0.00170361
FILLER_0_36_249, 114.74, 108.8, 0.00170361
FILLER_0_37_240, 114.74, 108.8, 0.00170361
_0822_, 127.54, 108.8, 0.00167486
_0824_, 127.54, 108.8, 0.00167486
_1381_, 127.54, 108.8, 0.00167486
_1382_, 127.54, 108.8, 0.00167486
_1425_, 127.54, 108.8, 0.00167486
_1427_, 127.54, 108.8, 0.00167486
FILLER_0_36_259, 127.54, 108.8, 0.00167486
FILLER_0_37_277, 127.54, 108.8, 0.00167486
_0927_, 140.34, 108.8, 0.00163869
_1428_, 140.34, 108.8, 0.00163869
_1429_, 140.34, 108.8, 0.00163869
_1441_, 140.34, 108.8, 0.00163869
FILLER_0_36_299, 140.34, 108.8, 0.00163869
_1455_, 153.14, 108.8, 0.00159886
_1458_, 153.14, 108.8, 0.00159886
_1459_, 153.14, 108.8, 0.00159886
_1472_, 153.14, 108.8, 0.00159886
FILLER_0_35_319, 153.14, 108.8, 0.00159886
FILLER_0_36_309, 153.14, 108.8, 0.00159886
FILLER_0_36_317, 153.14, 108.8, 0.00159886
_1460_, 165.94, 108.8, 0.00153957
_1483_, 165.94, 108.8, 0.00153957
FILLER_0_36_357, 165.94, 108.8, 0.00153957
FILLER_0_35_389, 186.43, 108.8, 0.00146391
FILLER_0_36_401, 186.43, 108.8, 0.00146391
PHY_66, 5.52, 103.36, 0.00130852
PHY_68, 5.52, 103.36, 0.00130852
input13, 5.52, 103.36, 0.00130852
PHY_67, 194.12, 103.36, 0.00149206
PHY_69, 194.12, 103.36, 0.00149206
FILLER_0_34_77, 37.94, 103.36, 0.00145992
_1107_, 50.74, 103.36, 0.00161537
_1109_, 50.74, 103.36, 0.00161537
_1110_, 50.74, 103.36, 0.00161537
_1116_, 50.74, 103.36, 0.00161537
_1118_, 50.74, 103.36, 0.00161537
_1152_, 50.74, 103.36, 0.00161537
rebuffer7, 50.74, 103.36, 0.00161537
FILLER_0_34_85, 50.74, 103.36, 0.00161537
_1099_, 63.54, 103.36, 0.00174504
_1120_, 63.54, 103.36, 0.00174504
_1121_, 63.54, 103.36, 0.00174504
_1122_, 63.54, 103.36, 0.00174504
max_cap40, 63.54, 103.36, 0.00174504
rebuffer19, 63.54, 103.36, 0.00174504
rebuffer25, 63.54, 103.36, 0.00174504
rebuffer29, 63.54, 103.36, 0.00174504
_1094_, 76.34, 103.36, 0.00181524
_1095_, 76.34, 103.36, 0.00181524
_1097_, 76.34, 103.36, 0.00181524
_1104_, 76.34, 103.36, 0.00181524
_1123_, 76.34, 103.36, 0.00181524
_1132_, 76.34, 103.36, 0.00181524
_1133_, 76.34, 103.36, 0.00181524
_1134_, 76.34, 103.36, 0.00181524
FILLER_0_34_149, 76.34, 103.36, 0.00181524
_1089_, 89.14, 103.36, 0.00187359
_1090_, 89.14, 103.36, 0.00187359
_1092_, 89.14, 103.36, 0.00187359
_1093_, 89.14, 103.36, 0.00187359
_1096_, 89.14, 103.36, 0.00187359
FILLER_0_33_169, 89.14, 103.36, 0.00187359
FILLER_0_34_192, 89.14, 103.36, 0.00187359
FILLER_0_35_194, 89.14, 103.36, 0.00187359
_0821_, 101.94, 103.36, 0.00192574
_0843_, 101.94, 103.36, 0.00192574
_1320_, 101.94, 103.36, 0.00192574
_1533_, 101.94, 103.36, 0.00192574
_1534_, 101.94, 103.36, 0.00192574
_1537_, 101.94, 103.36, 0.00192574
FILLER_0_33_203, 101.94, 103.36, 0.00192574
FILLER_0_34_197, 101.94, 103.36, 0.00192574
_0828_, 114.74, 103.36, 0.00190933
_1191_, 114.74, 103.36, 0.00190933
_1380_, 114.74, 103.36, 0.00190933
_1400_, 114.74, 103.36, 0.00190933
_1404_, 114.74, 103.36, 0.00190933
_1532_, 114.74, 103.36, 0.00190933
rebuffer26, 114.74, 103.36, 0.00190933
FILLER_0_33_225, 114.74, 103.36, 0.00190933
FILLER_0_34_240, 114.74, 103.36, 0.00190933
FILLER_0_34_249, 114.74, 103.36, 0.00190933
FILLER_0_35_248, 114.74, 103.36, 0.00190933
_1411_, 127.54, 103.36, 0.00185547
_1412_, 127.54, 103.36, 0.00185547
_1413_, 127.54, 103.36, 0.00185547
_1414_, 127.54, 103.36, 0.00185547
_1422_, 127.54, 103.36, 0.00185547
_1440_, 127.54, 103.36, 0.00185547
FILLER_0_34_253, 127.54, 103.36, 0.00185547
FILLER_0_35_277, 127.54, 103.36, 0.00185547
_0890_, 140.34, 103.36, 0.00179365
_0931_, 140.34, 103.36, 0.00179365
_1442_, 140.34, 103.36, 0.00179365
_1443_, 140.34, 103.36, 0.00179365
_1444_, 140.34, 103.36, 0.00179365
_1445_, 140.34, 103.36, 0.00179365
FILLER_0_34_296, 140.34, 103.36, 0.00179365
FILLER_0_35_299, 140.34, 103.36, 0.00179365
_1453_, 153.14, 103.36, 0.00172736
_1525_, 153.14, 103.36, 0.00172736
_1567_, 153.14, 103.36, 0.00172736
rebuffer23, 153.14, 103.36, 0.00172736
rebuffer35, 153.14, 103.36, 0.00172736
FILLER_0_33_317, 153.14, 103.36, 0.00172736
_1524_, 165.94, 103.36, 0.00162597
_1527_, 165.94, 103.36, 0.00162597
_1528_, 165.94, 103.36, 0.00162597
_1529_, 165.94, 103.36, 0.00162597
rebuffer4, 165.94, 103.36, 0.00162597
FILLER_0_34_343, 165.94, 103.36, 0.00162597
FILLER_0_34_353, 165.94, 103.36, 0.00162597
FILLER_0_34_361, 165.94, 103.36, 0.00162597
FILLER_0_33_389, 186.43, 103.36, 0.00149206
FILLER_0_34_401, 186.43, 103.36, 0.00149206
PHY_62, 5.52, 97.92, 0.00124018
PHY_64, 5.52, 97.92, 0.00124018
PHY_63, 194.12, 97.92, 0.00143815
PHY_65, 194.12, 97.92, 0.00143815
FILLER_0_32_77, 37.94, 97.92, 0.0013679
FILLER_0_33_81, 37.94, 97.92, 0.0013679
_1108_, 50.74, 97.92, 0.00149561
_1148_, 50.74, 97.92, 0.00149561
_1538_, 50.74, 97.92, 0.00149561
_1539_, 50.74, 97.92, 0.00149561
FILLER_0_32_102, 50.74, 97.92, 0.00149561
FILLER_0_33_101, 50.74, 97.92, 0.00149561
_1091_, 63.54, 97.92, 0.00160501
_1187_, 63.54, 97.92, 0.00160501
_1540_, 63.54, 97.92, 0.00160501
_1542_, 63.54, 97.92, 0.00160501
rebuffer1, 63.54, 97.92, 0.00160501
rebuffer8, 63.54, 97.92, 0.00160501
rebuffer9, 63.54, 97.92, 0.00160501
max_cap1, 63.54, 97.92, 0.00160501
_1131_, 76.34, 97.92, 0.00165042
_1135_, 76.34, 97.92, 0.00165042
_1138_, 76.34, 97.92, 0.00165042
_1142_, 76.34, 97.92, 0.00165042
_1156_, 76.34, 97.92, 0.00165042
FILLER_0_32_159, 76.34, 97.92, 0.00165042
_0959_, 89.14, 97.92, 0.00168917
_1086_, 89.14, 97.92, 0.00168917
_1087_, 89.14, 97.92, 0.00168917
_1088_, 89.14, 97.92, 0.00168917
_1124_, 89.14, 97.92, 0.00168917
_1125_, 89.14, 97.92, 0.00168917
_1127_, 89.14, 97.92, 0.00168917
_1130_, 89.14, 97.92, 0.00168917
_0834_, 101.94, 97.92, 0.0017158
_1166_, 101.94, 97.92, 0.0017158
_1210_, 101.94, 97.92, 0.0017158
_1401_, 101.94, 97.92, 0.0017158
_1535_, 101.94, 97.92, 0.0017158
_1536_, 101.94, 97.92, 0.0017158
rebuffer17, 101.94, 97.92, 0.0017158
FILLER_0_31_207, 101.94, 97.92, 0.0017158
FILLER_0_32_197, 101.94, 97.92, 0.0017158
FILLER_0_32_217, 101.94, 97.92, 0.0017158
_0943_, 114.74, 97.92, 0.00170797
_1415_, 114.74, 97.92, 0.00170797
_1419_, 114.74, 97.92, 0.00170797
_1420_, 114.74, 97.92, 0.00170797
_1543_, 114.74, 97.92, 0.00170797
FILLER_0_31_225, 114.74, 97.92, 0.00170797
FILLER_0_31_235, 114.74, 97.92, 0.00170797
FILLER_0_32_231, 114.74, 97.92, 0.00170797
FILLER_0_33_248, 114.74, 97.92, 0.00170797
_0928_, 127.54, 97.92, 0.00168429
_0929_, 127.54, 97.92, 0.00168429
_1410_, 127.54, 97.92, 0.00168429
_1421_, 127.54, 97.92, 0.00168429
_1449_, 127.54, 97.92, 0.00168429
_0932_, 140.34, 97.92, 0.00165507
_1446_, 140.34, 97.92, 0.00165507
_1450_, 140.34, 97.92, 0.00165507
_1451_, 140.34, 97.92, 0.00165507
_1452_, 140.34, 97.92, 0.00165507
_1466_, 140.34, 97.92, 0.00165507
FILLER_0_31_281, 140.34, 97.92, 0.00165507
FILLER_0_32_282, 140.34, 97.92, 0.00165507
FILLER_0_32_301, 140.34, 97.92, 0.00165507
FILLER_0_33_295, 140.34, 97.92, 0.00165507
_1469_, 153.14, 97.92, 0.00161531
_1526_, 153.14, 97.92, 0.00161531
_1530_, 153.14, 97.92, 0.00161531
_1531_, 153.14, 97.92, 0.00161531
_1581_, 153.14, 97.92, 0.00161531
FILLER_0_32_317, 153.14, 97.92, 0.00161531
_1465_, 165.94, 97.92, 0.00153351
_1481_, 165.94, 97.92, 0.00153351
_1514_, 165.94, 97.92, 0.00153351
FILLER_0_32_353, 165.94, 97.92, 0.00153351
FILLER_0_32_361, 165.94, 97.92, 0.00153351
FILLER_0_31_389, 186.43, 97.92, 0.00143815
FILLER_0_32_401, 186.43, 97.92, 0.00143815
PHY_58, 5.52, 92.48, 0.00116844
PHY_60, 5.52, 92.48, 0.00116844
PHY_59, 194.12, 92.48, 0.00140099
PHY_61, 194.12, 92.48, 0.00140099
output37, 194.12, 92.48, 0.00140099
FILLER_0_30_77, 37.94, 92.48, 0.00126408
_1185_, 50.74, 92.48, 0.00135972
_1186_, 50.74, 92.48, 0.00135972
FILLER_0_29_93, 50.74, 92.48, 0.00135972
FILLER_0_31_105, 50.74, 92.48, 0.00135972
_1250_, 63.54, 92.48, 0.0014388
_1541_, 63.54, 92.48, 0.0014388
_1546_, 63.54, 92.48, 0.0014388
_1547_, 63.54, 92.48, 0.0014388
FILLER_0_30_125, 63.54, 92.48, 0.0014388
FILLER_0_30_132, 63.54, 92.48, 0.0014388
FILLER_0_31_140, 63.54, 92.48, 0.0014388
_1136_, 76.34, 92.48, 0.0014784
_1137_, 76.34, 92.48, 0.0014784
_1140_, 76.34, 92.48, 0.0014784
_1162_, 76.34, 92.48, 0.0014784
_1174_, 76.34, 92.48, 0.0014784
FILLER_0_30_141, 76.34, 92.48, 0.0014784
FILLER_0_30_161, 76.34, 92.48, 0.0014784
FILLER_0_31_155, 76.34, 92.48, 0.0014784
_1126_, 89.14, 92.48, 0.00150712
_1128_, 89.14, 92.48, 0.00150712
_1129_, 89.14, 92.48, 0.00150712
_1163_, 89.14, 92.48, 0.00150712
_1164_, 89.14, 92.48, 0.00150712
_1165_, 89.14, 92.48, 0.00150712
_1169_, 89.14, 92.48, 0.00150712
FILLER_0_29_169, 89.14, 92.48, 0.00150712
FILLER_0_30_169, 89.14, 92.48, 0.00150712
FILLER_0_31_191, 89.14, 92.48, 0.00150712
_1167_, 101.94, 92.48, 0.00152862
_1197_, 101.94, 92.48, 0.00152862
_1199_, 101.94, 92.48, 0.00152862
rebuffer3, 101.94, 92.48, 0.00152862
FILLER_0_29_209, 101.94, 92.48, 0.00152862
FILLER_0_31_216, 101.94, 92.48, 0.00152862
_0830_, 114.74, 92.48, 0.00154595
_0910_, 114.74, 92.48, 0.00154595
_0944_, 114.74, 92.48, 0.00154595
_0945_, 114.74, 92.48, 0.00154595
_0946_, 114.74, 92.48, 0.00154595
_1417_, 114.74, 92.48, 0.00154595
_1418_, 114.74, 92.48, 0.00154595
_1588_, 114.74, 92.48, 0.00154595
FILLER_0_29_234, 114.74, 92.48, 0.00154595
FILLER_0_30_230, 114.74, 92.48, 0.00154595
FILLER_0_31_248, 114.74, 92.48, 0.00154595
_0930_, 127.54, 92.48, 0.0015501
_0939_, 127.54, 92.48, 0.0015501
_0940_, 127.54, 92.48, 0.0015501
_0941_, 127.54, 92.48, 0.0015501
_0947_, 127.54, 92.48, 0.0015501
_0948_, 127.54, 92.48, 0.0015501
_1447_, 127.54, 92.48, 0.0015501
FILLER_0_30_253, 127.54, 92.48, 0.0015501
_0933_, 140.34, 92.48, 0.00154565
_0934_, 140.34, 92.48, 0.00154565
_0935_, 140.34, 92.48, 0.00154565
_0936_, 140.34, 92.48, 0.00154565
_0950_, 140.34, 92.48, 0.00154565
_0951_, 140.34, 92.48, 0.00154565
_1448_, 140.34, 92.48, 0.00154565
FILLER_0_30_304, 140.34, 92.48, 0.00154565
_1468_, 153.14, 92.48, 0.00153199
_1470_, 153.14, 92.48, 0.00153199
_1471_, 153.14, 92.48, 0.00153199
_1473_, 153.14, 92.48, 0.00153199
_1475_, 153.14, 92.48, 0.00153199
_1476_, 153.14, 92.48, 0.00153199
_1479_, 153.14, 92.48, 0.00153199
_1485_, 153.14, 92.48, 0.00153199
FILLER_0_31_333, 153.14, 92.48, 0.00153199
_1480_, 165.94, 92.48, 0.00148347
_1515_, 165.94, 92.48, 0.00148347
_1522_, 165.94, 92.48, 0.00148347
_1523_, 165.94, 92.48, 0.00148347
FILLER_0_29_387, 186.43, 92.48, 0.00140073
PHY_54, 5.52, 87.04, 0.00110712
PHY_56, 5.52, 87.04, 0.00110712
PHY_55, 194.12, 87.04, 0.00134397
PHY_57, 194.12, 87.04, 0.00134397
FILLER_0_28_77, 37.94, 87.04, 0.00118989
_1151_, 50.74, 87.04, 0.00127265
_1153_, 50.74, 87.04, 0.00127265
_1154_, 50.74, 87.04, 0.00127265
_1188_, 50.74, 87.04, 0.00127265
FILLER_0_28_97, 50.74, 87.04, 0.00127265
_1139_, 63.54, 87.04, 0.00133525
_1147_, 63.54, 87.04, 0.00133525
_1149_, 63.54, 87.04, 0.00133525
_1150_, 63.54, 87.04, 0.00133525
_1189_, 63.54, 87.04, 0.00133525
_1545_, 63.54, 87.04, 0.00133525
rebuffer5, 63.54, 87.04, 0.00133525
FILLER_0_27_121, 63.54, 87.04, 0.00133525
FILLER_0_28_130, 63.54, 87.04, 0.00133525
FILLER_0_29_131, 63.54, 87.04, 0.00133525
_1103_, 76.34, 87.04, 0.00136973
_1143_, 76.34, 87.04, 0.00136973
_1157_, 76.34, 87.04, 0.00136973
_1170_, 76.34, 87.04, 0.00136973
_1171_, 76.34, 87.04, 0.00136973
FILLER_0_28_153, 76.34, 87.04, 0.00136973
FILLER_0_29_154, 76.34, 87.04, 0.00136973
FILLER_0_29_165, 76.34, 87.04, 0.00136973
_1168_, 89.14, 87.04, 0.00139931
_1172_, 89.14, 87.04, 0.00139931
_1173_, 89.14, 87.04, 0.00139931
_1196_, 89.14, 87.04, 0.00139931
_1205_, 89.14, 87.04, 0.00139931
FILLER_0_28_189, 89.14, 87.04, 0.00139931
_0840_, 101.94, 87.04, 0.00142193
_1198_, 101.94, 87.04, 0.00142193
_1548_, 101.94, 87.04, 0.00142193
_1587_, 101.94, 87.04, 0.00142193
_1597_, 101.94, 87.04, 0.00142193
FILLER_0_28_197, 101.94, 87.04, 0.00142193
FILLER_0_28_206, 101.94, 87.04, 0.00142193
FILLER_0_28_223, 101.94, 87.04, 0.00142193
_0831_, 114.74, 87.04, 0.00143088
_0911_, 114.74, 87.04, 0.00143088
_0949_, 114.74, 87.04, 0.00143088
_1565_, 114.74, 87.04, 0.00143088
_1594_, 114.74, 87.04, 0.00143088
FILLER_0_27_231, 114.74, 87.04, 0.00143088
_0892_, 127.54, 87.04, 0.00143409
_0894_, 127.54, 87.04, 0.00143409
FILLER_0_28_277, 127.54, 87.04, 0.00143409
FILLER_0_29_276, 127.54, 87.04, 0.00143409
_0952_, 140.34, 87.04, 0.00143506
_0953_, 140.34, 87.04, 0.00143506
_0954_, 140.34, 87.04, 0.00143506
_1467_, 140.34, 87.04, 0.00143506
FILLER_0_28_285, 140.34, 87.04, 0.00143506
FILLER_0_28_299, 140.34, 87.04, 0.00143506
FILLER_0_29_297, 140.34, 87.04, 0.00143506
_1477_, 153.14, 87.04, 0.00142554
_1516_, 153.14, 87.04, 0.00142554
_1582_, 153.14, 87.04, 0.00142554
_1598_, 153.14, 87.04, 0.00142554
rebuffer16, 153.14, 87.04, 0.00142554
rebuffer22, 153.14, 87.04, 0.00142554
FILLER_0_27_313, 153.14, 87.04, 0.00142554
FILLER_0_28_309, 153.14, 87.04, 0.00142554
FILLER_0_29_329, 153.14, 87.04, 0.00142554
_1478_, 165.94, 87.04, 0.0013965
_1484_, 165.94, 87.04, 0.0013965
_1486_, 165.94, 87.04, 0.0013965
_1517_, 165.94, 87.04, 0.0013965
_1518_, 165.94, 87.04, 0.0013965
FILLER_0_28_361, 165.94, 87.04, 0.0013965
FILLER_0_28_401, 186.43, 87.04, 0.00134397
PHY_50, 5.52, 81.6, 0.0010667
PHY_52, 5.52, 81.6, 0.0010667
input26, 5.52, 81.6, 0.0010667
PHY_51, 194.12, 81.6, 0.00131235
PHY_53, 194.12, 81.6, 0.00131235
FILLER_0_26_77, 37.94, 81.6, 0.00115668
_1184_, 50.74, 81.6, 0.00125065
_1190_, 50.74, 81.6, 0.00125065
FILLER_0_26_97, 50.74, 81.6, 0.00125065
_1144_, 63.54, 81.6, 0.0013249
_1145_, 63.54, 81.6, 0.0013249
_1146_, 63.54, 81.6, 0.0013249
_1160_, 63.54, 81.6, 0.0013249
_1161_, 63.54, 81.6, 0.0013249
_1544_, 63.54, 81.6, 0.0013249
_1562_, 63.54, 81.6, 0.0013249
_1563_, 63.54, 81.6, 0.0013249
FILLER_0_26_127, 63.54, 81.6, 0.0013249
FILLER_0_27_128, 63.54, 81.6, 0.0013249
_0841_, 76.34, 81.6, 0.00137432
_1141_, 76.34, 81.6, 0.00137432
_1158_, 76.34, 81.6, 0.00137432
_1175_, 76.34, 81.6, 0.00137432
_1178_, 76.34, 81.6, 0.00137432
_1180_, 76.34, 81.6, 0.00137432
_1193_, 76.34, 81.6, 0.00137432
FILLER_0_26_146, 76.34, 81.6, 0.00137432
FILLER_0_26_165, 76.34, 81.6, 0.00137432
_1195_, 89.14, 81.6, 0.00141459
_1202_, 89.14, 81.6, 0.00141459
_1204_, 89.14, 81.6, 0.00141459
_1206_, 89.14, 81.6, 0.00141459
_1207_, 89.14, 81.6, 0.00141459
_1208_, 89.14, 81.6, 0.00141459
_1222_, 89.14, 81.6, 0.00141459
_1237_, 89.14, 81.6, 0.00141459
FILLER_0_25_169, 89.14, 81.6, 0.00141459
FILLER_0_26_181, 89.14, 81.6, 0.00141459
FILLER_0_27_183, 89.14, 81.6, 0.00141459
_0973_, 101.94, 81.6, 0.00143747
_1192_, 101.94, 81.6, 0.00143747
_1194_, 101.94, 81.6, 0.00143747
_1201_, 101.94, 81.6, 0.00143747
_1203_, 101.94, 81.6, 0.00143747
_1564_, 101.94, 81.6, 0.00143747
_1596_, 101.94, 81.6, 0.00143747
FILLER_0_27_212, 101.94, 81.6, 0.00143747
_0826_, 114.74, 81.6, 0.00145144
_0835_, 114.74, 81.6, 0.00145144
_0912_, 114.74, 81.6, 0.00145144
_0913_, 114.74, 81.6, 0.00145144
_1586_, 114.74, 81.6, 0.00145144
FILLER_0_25_225, 114.74, 81.6, 0.00145144
FILLER_0_27_249, 114.74, 81.6, 0.00145144
_0893_, 127.54, 81.6, 0.00145071
_0896_, 127.54, 81.6, 0.00145071
_0898_, 127.54, 81.6, 0.00145071
_0904_, 127.54, 81.6, 0.00145071
_0905_, 127.54, 81.6, 0.00145071
_0906_, 127.54, 81.6, 0.00145071
_0907_, 127.54, 81.6, 0.00145071
_0938_, 127.54, 81.6, 0.00145071
FILLER_0_25_255, 127.54, 81.6, 0.00145071
FILLER_0_27_277, 127.54, 81.6, 0.00145071
_0897_, 140.34, 81.6, 0.00144144
_0899_, 140.34, 81.6, 0.00144144
_0900_, 140.34, 81.6, 0.00144144
_0901_, 140.34, 81.6, 0.00144144
_0937_, 140.34, 81.6, 0.00144144
_0955_, 140.34, 81.6, 0.00144144
_1474_, 140.34, 81.6, 0.00144144
FILLER_0_26_291, 140.34, 81.6, 0.00144144
_0956_, 153.14, 81.6, 0.00141375
_0957_, 153.14, 81.6, 0.00141375
_1521_, 153.14, 81.6, 0.00141375
_1568_, 153.14, 81.6, 0.00141375
FILLER_0_25_316, 153.14, 81.6, 0.00141375
_1489_, 165.94, 81.6, 0.00136905
_1580_, 165.94, 81.6, 0.00136905
FILLER_0_25_389, 186.43, 81.6, 0.00131235
FILLER_0_26_401, 186.43, 81.6, 0.00131235
PHY_46, 5.52, 76.16, 0.000983658
PHY_48, 5.52, 76.16, 0.000983658
PHY_47, 194.12, 76.16, 0.00125881
PHY_49, 194.12, 76.16, 0.00125881
FILLER_0_24_77, 37.94, 76.16, 0.0010557
FILLER_0_25_105, 50.74, 76.16, 0.00112774
_1181_, 63.54, 76.16, 0.00119978
_1183_, 63.54, 76.16, 0.00119978
rebuffer28, 63.54, 76.16, 0.00119978
FILLER_0_23_125, 63.54, 76.16, 0.00119978
FILLER_0_25_138, 63.54, 76.16, 0.00119978
_1159_, 76.34, 76.16, 0.00125761
_1176_, 76.34, 76.16, 0.00125761
_1179_, 76.34, 76.16, 0.00125761
_1238_, 76.34, 76.16, 0.00125761
rebuffer24, 76.34, 76.16, 0.00125761
FILLER_0_23_147, 76.34, 76.16, 0.00125761
FILLER_0_24_164, 76.34, 76.16, 0.00125761
FILLER_0_25_159, 76.34, 76.16, 0.00125761
_1209_, 89.14, 76.16, 0.00130573
_1223_, 89.14, 76.16, 0.00130573
_1239_, 89.14, 76.16, 0.00130573
_1246_, 89.14, 76.16, 0.00130573
rebuffer6, 89.14, 76.16, 0.00130573
FILLER_0_24_186, 89.14, 76.16, 0.00130573
_1200_, 101.94, 76.16, 0.001329
_1211_, 101.94, 76.16, 0.001329
_1212_, 101.94, 76.16, 0.001329
_1550_, 101.94, 76.16, 0.001329
_1593_, 101.94, 76.16, 0.001329
FILLER_0_23_201, 101.94, 76.16, 0.001329
_0836_, 114.74, 76.16, 0.00133902
_0837_, 114.74, 76.16, 0.00133902
_0850_, 114.74, 76.16, 0.00133902
_0853_, 114.74, 76.16, 0.00133902
_0855_, 114.74, 76.16, 0.00133902
_0856_, 114.74, 76.16, 0.00133902
_0857_, 114.74, 76.16, 0.00133902
_1603_, 114.74, 76.16, 0.00133902
FILLER_0_24_229, 114.74, 76.16, 0.00133902
FILLER_0_24_249, 114.74, 76.16, 0.00133902
_0854_, 127.54, 76.16, 0.00134149
_0858_, 127.54, 76.16, 0.00134149
_0914_, 127.54, 76.16, 0.00134149
_0915_, 127.54, 76.16, 0.00134149
FILLER_0_23_261, 127.54, 76.16, 0.00134149
FILLER_0_24_276, 127.54, 76.16, 0.00134149
FILLER_0_25_266, 127.54, 76.16, 0.00134149
FILLER_0_25_277, 127.54, 76.16, 0.00134149
_0902_, 140.34, 76.16, 0.00133727
_0916_, 140.34, 76.16, 0.00133727
_0917_, 140.34, 76.16, 0.00133727
FILLER_0_23_293, 140.34, 76.16, 0.00133727
_0925_, 153.14, 76.16, 0.00132703
_0958_, 153.14, 76.16, 0.00132703
_1487_, 153.14, 76.16, 0.00132703
_1519_, 153.14, 76.16, 0.00132703
_1520_, 153.14, 76.16, 0.00132703
_1583_, 153.14, 76.16, 0.00132703
FILLER_0_23_312, 153.14, 76.16, 0.00132703
FILLER_0_24_309, 153.14, 76.16, 0.00132703
FILLER_0_24_317, 153.14, 76.16, 0.00132703
FILLER_0_24_328, 153.14, 76.16, 0.00132703
_1488_, 165.94, 76.16, 0.00129509
FILLER_0_23_385, 186.43, 76.16, 0.00125881
FILLER_0_24_401, 186.43, 76.16, 0.00125881
PHY_42, 5.52, 70.72, 0.000947978
PHY_44, 5.52, 70.72, 0.000947978
PHY_43, 194.12, 70.72, 0.00126171
PHY_45, 194.12, 70.72, 0.00126171
FILLER_0_22_77, 37.94, 70.72, 0.00105537
FILLER_0_23_105, 50.74, 70.72, 0.00116277
_1182_, 63.54, 70.72, 0.00127017
_1244_, 63.54, 70.72, 0.00127017
_1245_, 63.54, 70.72, 0.00127017
_1643_, 63.54, 70.72, 0.00127017
FILLER_0_22_137, 63.54, 70.72, 0.00127017
_1101_, 76.34, 70.72, 0.00134777
_1177_, 76.34, 70.72, 0.00134777
_1240_, 76.34, 70.72, 0.00134777
FILLER_0_21_144, 76.34, 70.72, 0.00134777
FILLER_0_22_141, 76.34, 70.72, 0.00134777
FILLER_0_22_165, 76.34, 70.72, 0.00134777
FILLER_0_23_159, 76.34, 70.72, 0.00134777
_1242_, 89.14, 70.72, 0.00141792
_1247_, 89.14, 70.72, 0.00141792
_1248_, 89.14, 70.72, 0.00141792
_1249_, 89.14, 70.72, 0.00141792
_1549_, 89.14, 70.72, 0.00141792
max_cap41, 89.14, 70.72, 0.00141792
max_cap42, 89.14, 70.72, 0.00141792
rebuffer14, 89.14, 70.72, 0.00141792
rebuffer31, 89.14, 70.72, 0.00141792
FILLER_0_21_169, 89.14, 70.72, 0.00141792
_1214_, 101.94, 70.72, 0.00146015
_1215_, 101.94, 70.72, 0.00146015
_1589_, 101.94, 70.72, 0.00146015
_1591_, 101.94, 70.72, 0.00146015
_1592_, 101.94, 70.72, 0.00146015
_1604_, 101.94, 70.72, 0.00146015
_1641_, 101.94, 70.72, 0.00146015
FILLER_0_22_205, 101.94, 70.72, 0.00146015
FILLER_0_22_213, 101.94, 70.72, 0.00146015
FILLER_0_23_216, 101.94, 70.72, 0.00146015
_0838_, 114.74, 70.72, 0.00147937
_0860_, 114.74, 70.72, 0.00147937
_0863_, 114.74, 70.72, 0.00147937
_1648_, 114.74, 70.72, 0.00147937
FILLER_0_22_240, 114.74, 70.72, 0.00147937
_0839_, 127.54, 70.72, 0.0014782
_0859_, 127.54, 70.72, 0.0014782
_0861_, 127.54, 70.72, 0.0014782
_0862_, 127.54, 70.72, 0.0014782
_0864_, 127.54, 70.72, 0.0014782
_0866_, 127.54, 70.72, 0.0014782
_0873_, 127.54, 70.72, 0.0014782
_0903_, 127.54, 70.72, 0.0014782
FILLER_0_21_257, 127.54, 70.72, 0.0014782
FILLER_0_23_275, 127.54, 70.72, 0.0014782
_0869_, 140.34, 70.72, 0.00146609
_0919_, 140.34, 70.72, 0.00146609
_0920_, 140.34, 70.72, 0.00146609
_0921_, 140.34, 70.72, 0.00146609
_0924_, 140.34, 70.72, 0.00146609
FILLER_0_22_285, 140.34, 70.72, 0.00146609
FILLER_0_22_305, 140.34, 70.72, 0.00146609
_0922_, 153.14, 70.72, 0.00144236
_0923_, 153.14, 70.72, 0.00144236
_1491_, 153.14, 70.72, 0.00144236
_1492_, 153.14, 70.72, 0.00144236
_1511_, 153.14, 70.72, 0.00144236
_1512_, 153.14, 70.72, 0.00144236
_1513_, 153.14, 70.72, 0.00144236
_1569_, 153.14, 70.72, 0.00144236
_1584_, 153.14, 70.72, 0.00144236
_1599_, 153.14, 70.72, 0.00144236
FILLER_0_22_314, 153.14, 70.72, 0.00144236
FILLER_0_22_355, 165.94, 70.72, 0.00135203
FILLER_0_21_385, 186.43, 70.72, 0.00126171
FILLER_0_21_393, 186.43, 70.72, 0.00126171
FILLER_0_22_401, 186.43, 70.72, 0.00126171
PHY_38, 5.52, 65.28, 0.00086264
PHY_40, 5.52, 65.28, 0.00086264
input1, 5.52, 65.28, 0.00086264
PHY_39, 194.12, 65.28, 0.00120695
PHY_41, 194.12, 65.28, 0.00120695
FILLER_0_20_19, 15.33, 65.28, 0.000860666
FILLER_0_20_77, 37.94, 65.28, 0.000936862
FILLER_0_20_109, 50.74, 65.28, 0.00101503
FILLER_0_21_105, 50.74, 65.28, 0.00101503
_1102_, 63.54, 65.28, 0.0010932
_1613_, 63.54, 65.28, 0.0010932
_1614_, 63.54, 65.28, 0.0010932
FILLER_0_19_125, 63.54, 65.28, 0.0010932
FILLER_0_20_132, 63.54, 65.28, 0.0010932
FILLER_0_21_134, 63.54, 65.28, 0.0010932
_1213_, 76.34, 65.28, 0.00116707
_1218_, 76.34, 65.28, 0.00116707
_1219_, 76.34, 65.28, 0.00116707
_1228_, 76.34, 65.28, 0.00116707
_1230_, 76.34, 65.28, 0.00116707
_1556_, 76.34, 65.28, 0.00116707
_1557_, 76.34, 65.28, 0.00116707
_1558_, 76.34, 65.28, 0.00116707
FILLER_0_20_154, 76.34, 65.28, 0.00116707
_1224_, 89.14, 65.28, 0.00123353
_1234_, 89.14, 65.28, 0.00123353
_1241_, 89.14, 65.28, 0.00123353
_1243_, 89.14, 65.28, 0.00123353
FILLER_0_19_169, 89.14, 65.28, 0.00123353
_1216_, 101.94, 65.28, 0.00128312
_1221_, 101.94, 65.28, 0.00128312
_1590_, 101.94, 65.28, 0.00128312
_1634_, 101.94, 65.28, 0.00128312
_1636_, 101.94, 65.28, 0.00128312
_1637_, 101.94, 65.28, 0.00128312
FILLER_0_19_208, 101.94, 65.28, 0.00128312
FILLER_0_21_210, 101.94, 65.28, 0.00128312
FILLER_0_21_221, 101.94, 65.28, 0.00128312
_0844_, 114.74, 65.28, 0.00132373
_0865_, 114.74, 65.28, 0.00132373
_0875_, 114.74, 65.28, 0.00132373
_1600_, 114.74, 65.28, 0.00132373
max_cap38, 114.74, 65.28, 0.00132373
FILLER_0_20_227, 114.74, 65.28, 0.00132373
FILLER_0_20_236, 114.74, 65.28, 0.00132373
_0846_, 127.54, 65.28, 0.00133647
_0847_, 127.54, 65.28, 0.00133647
_0849_, 127.54, 65.28, 0.00133647
_0867_, 127.54, 65.28, 0.00133647
_0868_, 127.54, 65.28, 0.00133647
_0872_, 127.54, 65.28, 0.00133647
FILLER_0_20_253, 127.54, 65.28, 0.00133647
FILLER_0_20_259, 127.54, 65.28, 0.00133647
_0870_, 140.34, 65.28, 0.00134154
_0871_, 140.34, 65.28, 0.00134154
_0885_, 140.34, 65.28, 0.00134154
_0918_, 140.34, 65.28, 0.00134154
_1490_, 140.34, 65.28, 0.00134154
FILLER_0_19_293, 140.34, 65.28, 0.00134154
FILLER_0_21_297, 140.34, 65.28, 0.00134154
_1508_, 153.14, 65.28, 0.00133455
_1509_, 153.14, 65.28, 0.00133455
_1510_, 153.14, 65.28, 0.00133455
_1576_, 153.14, 65.28, 0.00133455
_1579_, 153.14, 65.28, 0.00133455
_1585_, 153.14, 65.28, 0.00133455
FILLER_0_20_309, 153.14, 65.28, 0.00133455
FILLER_0_21_333, 153.14, 65.28, 0.00133455
output32, 186.43, 65.28, 0.00120695
FILLER_0_19_385, 186.43, 65.28, 0.00120695
FILLER_0_20_401, 186.43, 65.28, 0.00120695
PHY_34, 5.52, 59.84, 0.000823072
PHY_36, 5.52, 59.84, 0.000823072
PHY_35, 194.12, 59.84, 0.00115148
PHY_37, 194.12, 59.84, 0.00115148
FILLER_0_18_77, 37.94, 59.84, 0.000950792
FILLER_0_18_109, 50.74, 59.84, 0.00107851
FILLER_0_19_105, 50.74, 59.84, 0.00107851
_1605_, 63.54, 59.84, 0.00120623
_1606_, 63.54, 59.84, 0.00120623
_1607_, 63.54, 59.84, 0.00120623
_1608_, 63.54, 59.84, 0.00120623
_1609_, 63.54, 59.84, 0.00120623
_1612_, 63.54, 59.84, 0.00120623
_1642_, 63.54, 59.84, 0.00120623
FILLER_0_18_127, 63.54, 59.84, 0.00120623
_1220_, 76.34, 59.84, 0.00131117
_1227_, 76.34, 59.84, 0.00131117
_1229_, 76.34, 59.84, 0.00131117
_1555_, 76.34, 59.84, 0.00131117
_1559_, 76.34, 59.84, 0.00131117
_1610_, 76.34, 59.84, 0.00131117
_1611_, 76.34, 59.84, 0.00131117
_1615_, 76.34, 59.84, 0.00131117
_1616_, 76.34, 59.84, 0.00131117
_1620_, 76.34, 59.84, 0.00131117
FILLER_0_17_145, 76.34, 59.84, 0.00131117
FILLER_0_18_160, 76.34, 59.84, 0.00131117
FILLER_0_19_158, 76.34, 59.84, 0.00131117
_1217_, 89.14, 59.84, 0.00140823
_1226_, 89.14, 59.84, 0.00140823
_1231_, 89.14, 59.84, 0.00140823
_1233_, 89.14, 59.84, 0.00140823
_1235_, 89.14, 59.84, 0.00140823
clkbuf_0_clk, 89.14, 59.84, 0.00140823
FILLER_0_17_174, 89.14, 59.84, 0.00140823
_1552_, 101.94, 59.84, 0.00141273
_1626_, 101.94, 59.84, 0.00141273
_1629_, 101.94, 59.84, 0.00141273
_1630_, 101.94, 59.84, 0.00141273
_1635_, 101.94, 59.84, 0.00141273
FILLER_0_18_200, 101.94, 59.84, 0.00141273
FILLER_0_18_221, 101.94, 59.84, 0.00141273
FILLER_0_19_220, 101.94, 59.84, 0.00141273
_0845_, 114.74, 59.84, 0.00140976
_1495_, 114.74, 59.84, 0.00140976
_1595_, 114.74, 59.84, 0.00140976
_1639_, 114.74, 59.84, 0.00140976
_1646_, 114.74, 59.84, 0.00140976
FILLER_0_18_249, 114.74, 59.84, 0.00140976
_0848_, 127.54, 59.84, 0.00137699
_0876_, 127.54, 59.84, 0.00137699
_0880_, 127.54, 59.84, 0.00137699
wire39, 127.54, 59.84, 0.00137699
FILLER_0_18_253, 127.54, 59.84, 0.00137699
FILLER_0_19_272, 127.54, 59.84, 0.00137699
_0882_, 140.34, 59.84, 0.00133972
_0883_, 140.34, 59.84, 0.00133972
_0886_, 140.34, 59.84, 0.00133972
_0887_, 140.34, 59.84, 0.00133972
_0888_, 140.34, 59.84, 0.00133972
_1501_, 140.34, 59.84, 0.00133972
_1505_, 140.34, 59.84, 0.00133972
_1507_, 140.34, 59.84, 0.00133972
FILLER_0_18_286, 140.34, 59.84, 0.00133972
FILLER_0_18_299, 140.34, 59.84, 0.00133972
_1506_, 153.14, 59.84, 0.00128231
_1577_, 153.14, 59.84, 0.00128231
_1578_, 153.14, 59.84, 0.00128231
FILLER_0_18_318, 153.14, 59.84, 0.00128231
FILLER_0_19_329, 153.14, 59.84, 0.00128231
FILLER_0_18_361, 165.94, 59.84, 0.0012169
FILLER_0_17_385, 186.43, 59.84, 0.00115148
FILLER_0_18_401, 186.43, 59.84, 0.00115148
PHY_30, 5.52, 54.4, 0.000691537
PHY_32, 5.52, 54.4, 0.000691537
PHY_31, 194.12, 54.4, 0.00105648
PHY_33, 194.12, 54.4, 0.00105648
FILLER_0_16_77, 37.94, 54.4, 0.000751333
FILLER_0_17_105, 50.74, 54.4, 0.000811129
_1623_, 63.54, 54.4, 0.000870925
_1624_, 63.54, 54.4, 0.000870925
hold34, 63.54, 54.4, 0.000870925
FILLER_0_15_113, 63.54, 54.4, 0.000870925
FILLER_0_15_121, 63.54, 54.4, 0.000870925
_1553_, 76.34, 54.4, 0.000926022
_1554_, 76.34, 54.4, 0.000926022
_1617_, 76.34, 54.4, 0.000926022
_1618_, 76.34, 54.4, 0.000926022
_1621_, 76.34, 54.4, 0.000926022
_1622_, 76.34, 54.4, 0.000926022
FILLER_0_17_165, 76.34, 54.4, 0.000926022
_1225_, 89.14, 54.4, 0.000973036
_1232_, 89.14, 54.4, 0.000973036
_1236_, 89.14, 54.4, 0.000973036
_1551_, 89.14, 54.4, 0.000973036
FILLER_0_15_181, 89.14, 54.4, 0.000973036
FILLER_0_16_175, 89.14, 54.4, 0.000973036
FILLER_0_16_188, 89.14, 54.4, 0.000973036
_1560_, 101.94, 54.4, 0.001016
_1561_, 101.94, 54.4, 0.001016
_1625_, 101.94, 54.4, 0.001016
_1627_, 101.94, 54.4, 0.001016
_1628_, 101.94, 54.4, 0.001016
_1631_, 101.94, 54.4, 0.001016
_1632_, 101.94, 54.4, 0.001016
FILLER_0_16_213, 101.94, 54.4, 0.001016
_0877_, 114.74, 54.4, 0.00105095
_1494_, 114.74, 54.4, 0.00105095
_1496_, 114.74, 54.4, 0.00105095
_1638_, 114.74, 54.4, 0.00105095
_1640_, 114.74, 54.4, 0.00105095
hold33, 114.74, 54.4, 0.00105095
FILLER_0_15_225, 114.74, 54.4, 0.00105095
FILLER_0_16_233, 114.74, 54.4, 0.00105095
FILLER_0_16_248, 114.74, 54.4, 0.00105095
_0878_, 127.54, 54.4, 0.00107081
_0879_, 127.54, 54.4, 0.00107081
_0881_, 127.54, 54.4, 0.00107081
_1493_, 127.54, 54.4, 0.00107081
_1499_, 127.54, 54.4, 0.00107081
_1574_, 127.54, 54.4, 0.00107081
FILLER_0_15_265, 127.54, 54.4, 0.00107081
FILLER_0_17_276, 127.54, 54.4, 0.00107081
_0874_, 140.34, 54.4, 0.00108081
_1500_, 140.34, 54.4, 0.00108081
_1502_, 140.34, 54.4, 0.00108081
_1503_, 140.34, 54.4, 0.00108081
_1504_, 140.34, 54.4, 0.00108081
_1570_, 140.34, 54.4, 0.00108081
_1571_, 140.34, 54.4, 0.00108081
FILLER_0_16_357, 165.94, 54.4, 0.00106459
FILLER_0_15_385, 186.43, 54.4, 0.00105648
FILLER_0_16_401, 186.43, 54.4, 0.00105648
PHY_26, 5.52, 48.96, 0.000717556
PHY_28, 5.52, 48.96, 0.000717556
PHY_27, 194.12, 48.96, 0.00105243
PHY_29, 194.12, 48.96, 0.00105243
FILLER_0_14_29, 15.33, 48.96, 0.000717556
FILLER_0_14_79, 37.94, 48.96, 0.000898836
FILLER_0_14_109, 50.74, 48.96, 0.00108012
FILLER_0_15_105, 50.74, 48.96, 0.00108012
_1644_, 63.54, 48.96, 0.0012614
_1645_, 63.54, 48.96, 0.0012614
clkbuf_1_0__f_clk, 63.54, 48.96, 0.0012614
FILLER_0_14_117, 63.54, 48.96, 0.0012614
_1601_, 76.34, 48.96, 0.00133938
FILLER_0_15_158, 76.34, 48.96, 0.00133938
clkbuf_1_1__f_clk, 89.14, 48.96, 0.00140404
FILLER_0_14_186, 89.14, 48.96, 0.00140404
_1633_, 101.94, 48.96, 0.00139586
_1647_, 101.94, 48.96, 0.00139586
_1649_, 101.94, 48.96, 0.00139586
FILLER_0_13_205, 101.94, 48.96, 0.00139586
FILLER_0_14_197, 101.94, 48.96, 0.00139586
FILLER_0_15_217, 101.94, 48.96, 0.00139586
_1497_, 114.74, 48.96, 0.00134587
_1573_, 114.74, 48.96, 0.00134587
FILLER_0_14_241, 114.74, 48.96, 0.00134587
FILLER_0_14_248, 114.74, 48.96, 0.00134587
_1498_, 127.54, 48.96, 0.00129348
_1572_, 127.54, 48.96, 0.00129348
FILLER_0_15_275, 127.54, 48.96, 0.00129348
_0884_, 140.34, 48.96, 0.00123754
_1575_, 140.34, 48.96, 0.00123754
FILLER_0_15_330, 153.14, 48.96, 0.00117523
FILLER_0_14_357, 165.94, 48.96, 0.00111291
input19, 186.43, 48.96, 0.00105243
FILLER_0_13_385, 186.43, 48.96, 0.00105243
PHY_22, 5.52, 43.52, 0.00050051
PHY_24, 5.52, 43.52, 0.00050051
PHY_23, 194.12, 43.52, 0.000918722
PHY_25, 194.12, 43.52, 0.000918722
FILLER_0_12_77, 37.94, 43.52, 0.000536074
FILLER_0_13_105, 50.74, 43.52, 0.000571638
_1619_, 63.54, 43.52, 0.000607202
FILLER_0_12_133, 63.54, 43.52, 0.000607202
FILLER_0_13_160, 76.34, 43.52, 0.000641815
FILLER_0_12_189, 89.14, 43.52, 0.000676428
FILLER_0_12_245, 114.74, 43.52, 0.000745655
FILLER_0_13_273, 127.54, 43.52, 0.000780268
FILLER_0_12_301, 140.34, 43.52, 0.000814882
FILLER_0_13_329, 153.14, 43.52, 0.000849495
FILLER_0_12_357, 165.94, 43.52, 0.000884108
FILLER_0_11_385, 186.43, 43.52, 0.000918722
FILLER_0_12_401, 186.43, 43.52, 0.000918722
PHY_18, 5.52, 38.08, 0.000418332
PHY_20, 5.52, 38.08, 0.000418332
input18, 5.52, 38.08, 0.000418332
PHY_19, 194.12, 38.08, 0.000864266
PHY_21, 194.12, 38.08, 0.000864266
FILLER_0_10_77, 37.94, 38.08, 0.000450226
FILLER_0_11_105, 50.74, 38.08, 0.000487866
FILLER_0_10_133, 63.54, 38.08, 0.000525506
FILLER_0_11_161, 76.34, 38.08, 0.000563146
FILLER_0_10_189, 89.14, 38.08, 0.000600786
FILLER_0_11_217, 101.94, 38.08, 0.000638426
FILLER_0_10_245, 114.74, 38.08, 0.000676066
FILLER_0_11_273, 127.54, 38.08, 0.000713706
FILLER_0_10_301, 140.34, 38.08, 0.000751346
FILLER_0_11_329, 153.14, 38.08, 0.000788986
FILLER_0_10_357, 165.94, 38.08, 0.000826626
FILLER_0_9_385, 186.43, 38.08, 0.000864266
FILLER_0_10_401, 186.43, 38.08, 0.000864266
PHY_14, 5.52, 32.64, 0.000317911
PHY_16, 5.52, 32.64, 0.000317911
PHY_15, 194.12, 32.64, 0.000811266
PHY_17, 194.12, 32.64, 0.000811266
FILLER_0_8_77, 37.94, 32.64, 0.000359024
FILLER_0_9_105, 50.74, 32.64, 0.000400137
FILLER_0_8_133, 63.54, 32.64, 0.00044125
FILLER_0_9_161, 76.34, 32.64, 0.000482363
FILLER_0_8_189, 89.14, 32.64, 0.000523476
FILLER_0_9_217, 101.94, 32.64, 0.000564589
FILLER_0_8_245, 114.74, 32.64, 0.000605702
FILLER_0_9_273, 127.54, 32.64, 0.000646815
FILLER_0_8_301, 140.34, 32.64, 0.000687928
FILLER_0_9_329, 153.14, 32.64, 0.000729041
FILLER_0_8_357, 165.94, 32.64, 0.000770154
FILLER_0_7_385, 186.43, 32.64, 0.000811266
FILLER_0_8_401, 186.43, 32.64, 0.000811266
PHY_10, 5.52, 27.2, 0.000293846
PHY_12, 5.52, 27.2, 0.000293846
PHY_11, 194.12, 27.2, 0.000816922
PHY_13, 194.12, 27.2, 0.000816922
FILLER_0_6_77, 37.94, 27.2, 0.000336464
FILLER_0_7_105, 50.74, 27.2, 0.000379081
FILLER_0_6_133, 63.54, 27.2, 0.000421699
FILLER_0_7_161, 76.34, 27.2, 0.000464317
FILLER_0_6_189, 89.14, 27.2, 0.000506935
FILLER_0_7_217, 101.94, 27.2, 0.000549552
FILLER_0_6_245, 114.74, 27.2, 0.00059217
FILLER_0_7_273, 127.54, 27.2, 0.000634788
FILLER_0_6_301, 140.34, 27.2, 0.000677406
FILLER_0_7_329, 153.14, 27.2, 0.000720023
FILLER_0_6_357, 165.94, 27.2, 0.000762641
output35, 186.43, 27.2, 0.000816922
FILLER_0_5_385, 186.43, 27.2, 0.000816922
PHY_6, 5.52, 21.76, 0.000314059
PHY_8, 5.52, 21.76, 0.000314059
output30, 5.52, 21.76, 0.000314059
PHY_7, 194.12, 21.76, 0.000787206
PHY_9, 194.12, 21.76, 0.000787206
FILLER_0_4_21, 15.33, 21.76, 0.000309458
FILLER_0_4_77, 37.94, 21.76, 0.000345053
FILLER_0_5_105, 50.74, 21.76, 0.000385248
FILLER_0_4_133, 63.54, 21.76, 0.000425444
FILLER_0_5_161, 76.34, 21.76, 0.00046564
FILLER_0_4_189, 89.14, 21.76, 0.000505836
FILLER_0_5_217, 101.94, 21.76, 0.000546031
FILLER_0_4_245, 114.74, 21.76, 0.000586227
FILLER_0_5_273, 127.54, 21.76, 0.000626423
FILLER_0_4_301, 140.34, 21.76, 0.000666619
FILLER_0_5_329, 153.14, 21.76, 0.000706814
FILLER_0_4_357, 165.94, 21.76, 0.00074701
FILLER_0_3_385, 186.43, 21.76, 0.000787206
FILLER_0_4_401, 186.43, 21.76, 0.000787206
PHY_2, 5.52, 16.32, 0.000305924
PHY_4, 5.52, 16.32, 0.000305924
PHY_3, 194.12, 16.32, 0.000784598
PHY_5, 194.12, 16.32, 0.000784598
FILLER_0_2_77, 37.94, 16.32, 0.000345813
FILLER_0_3_105, 50.74, 16.32, 0.000385703
FILLER_0_2_133, 63.54, 16.32, 0.000425592
FILLER_0_3_161, 76.34, 16.32, 0.000465482
FILLER_0_2_189, 89.14, 16.32, 0.000505371
FILLER_0_3_217, 101.94, 16.32, 0.000545261
FILLER_0_2_245, 114.74, 16.32, 0.00058515
FILLER_0_3_273, 127.54, 16.32, 0.00062504
FILLER_0_2_301, 140.34, 16.32, 0.000664929
FILLER_0_3_329, 153.14, 16.32, 0.000704819
FILLER_0_2_357, 165.94, 16.32, 0.000744708
FILLER_0_1_385, 186.43, 16.32, 0.000784598
FILLER_0_2_401, 186.43, 16.32, 0.000784598
PHY_0, 5.52, 10.88, 0.000379003
output28, 5.52, 10.88, 0.000379003
PHY_1, 194.12, 10.88, 0.000801927
output36, 15.33, 10.88, 0.000374398
FILLER_0_0_21, 15.33, 10.88, 0.000374398
input17, 37.94, 10.88, 0.000392853
FILLER_0_0_69, 37.94, 10.88, 0.000392853
FILLER_0_0_76, 37.94, 10.88, 0.000392853
FILLER_0_0_109, 50.74, 10.88, 0.000439192
FILLER_0_1_105, 50.74, 10.88, 0.000439192
output31, 63.54, 10.88, 0.000485531
FILLER_0_0_113, 63.54, 10.88, 0.000485531
FILLER_0_0_165, 76.34, 10.88, 0.000525399
FILLER_0_1_161, 76.34, 10.88, 0.000525399
input20, 89.14, 10.88, 0.000565268
FILLER_0_0_185, 89.14, 10.88, 0.000565268
FILLER_0_0_193, 89.14, 10.88, 0.000565268
FILLER_0_0_221, 101.94, 10.88, 0.000603524
FILLER_0_1_217, 101.94, 10.88, 0.000603524
FILLER_0_0_249, 114.74, 10.88, 0.00064178
input25, 127.54, 10.88, 0.000680036
FILLER_0_0_271, 127.54, 10.88, 0.000680036
FILLER_0_1_273, 127.54, 10.88, 0.000680036
output33, 140.34, 10.88, 0.000715326
FILLER_0_0_293, 140.34, 10.88, 0.000715326
FILLER_0_0_303, 140.34, 10.88, 0.000715326
FILLER_0_0_333, 153.14, 10.88, 0.000744648
FILLER_0_1_329, 153.14, 10.88, 0.000744648
input8, 165.94, 10.88, 0.000773969
FILLER_0_0_357, 165.94, 10.88, 0.000773969
input14, 186.43, 10.88, 0.000801927
FILLER_0_0_393, 186.43, 10.88, 0.000801927

