
===========================================================================
report_checks -unconstrained
===========================================================================
======================= Fastest Corner ===================================

Startpoint: rst_n (input port clocked by clk)
Endpoint: _1643_ (recovery check against rising-edge clock clk)
Path Group: asynchronous
Path Type: max
Corner: Fastest

Fanout     Cap    Slew   Delay    Time   Description
-----------------------------------------------------------------------------
                          0.00    0.00   clock clk (rise edge)
                          0.00    0.00   clock network delay (propagated)
                          5.00    5.00 ^ input external delay
                  0.01    0.01    5.01 ^ rst_n (in)
     1    0.00                           rst_n (net)
                  0.01    0.00    5.01 ^ input18/A (sky130_fd_sc_hd__clkbuf_4)
                  0.13    0.16    5.17 ^ input18/X (sky130_fd_sc_hd__clkbuf_4)
     9    0.06                           net18 (net)
                  0.13    0.01    5.17 ^ _1643_/RESET_B (sky130_fd_sc_hd__dfrtp_2)
                                  5.17   data arrival time

                         25.00   25.00   clock clk (rise edge)
                          0.00   25.00   clock source latency
                  0.06    0.04   25.04 ^ clk (in)
     1    0.02                           clk (net)
                  0.06    0.00   25.04 ^ clkbuf_0_clk/A (sky130_fd_sc_hd__clkbuf_16)
                  0.03    0.09   25.13 ^ clkbuf_0_clk/X (sky130_fd_sc_hd__clkbuf_16)
     2    0.02                           clknet_0_clk (net)
                  0.03    0.00   25.13 ^ clkbuf_1_0__f_clk/A (sky130_fd_sc_hd__clkbuf_16)
                  0.03    0.08   25.20 ^ clkbuf_1_0__f_clk/X (sky130_fd_sc_hd__clkbuf_16)
     4    0.01                           clknet_1_0__leaf_clk (net)
                  0.03    0.00   25.20 ^ _1643_/CLK (sky130_fd_sc_hd__dfrtp_2)
                         -0.25   24.95   clock uncertainty
                          0.00   24.95   clock reconvergence pessimism
                          0.11   25.06   library recovery time
                                 25.06   data required time
-----------------------------------------------------------------------------
                                 25.06   data required time
                                 -5.17   data arrival time
-----------------------------------------------------------------------------
                                 19.89   slack (MET)


Startpoint: scale[0] (input port clocked by clk)
Endpoint: overflow (output port clocked by clk)
Path Group: clk
Path Type: max
Corner: Fastest

Fanout     Cap    Slew   Delay    Time   Description
-----------------------------------------------------------------------------
                          0.00    0.00   clock clk (rise edge)
                          0.00    0.00   clock network delay (propagated)
                          5.00    5.00 ^ input external delay
                  0.01    0.01    5.01 ^ scale[0] (in)
     1    0.00                           scale[0] (net)
                  0.01    0.00    5.01 ^ input19/A (sky130_fd_sc_hd__clkbuf_2)
                  0.15    0.15    5.16 ^ input19/X (sky130_fd_sc_hd__clkbuf_2)
     4    0.04                           net19 (net)
                  0.15    0.00    5.16 ^ _0960_/A (sky130_fd_sc_hd__buf_2)
                  0.14    0.18    5.34 ^ _0960_/X (sky130_fd_sc_hd__buf_2)
    10    0.04                           _0095_ (net)
                  0.14    0.00    5.34 ^ _1155_/A (sky130_fd_sc_hd__and4_1)
                  0.12    0.19    5.54 ^ _1155_/X (sky130_fd_sc_hd__and4_1)
     3    0.02                           _0290_ (net)
                  0.12    0.00    5.54 ^ _1157_/A (sky130_fd_sc_hd__nor2_1)
                  0.05    0.05    5.59 v _1157_/Y (sky130_fd_sc_hd__nor2_1)
     2    0.01                           _0292_ (net)
                  0.05    0.00    5.59 v _1158_/C (sky130_fd_sc_hd__and3_1)
                  0.04    0.14    5.73 v _1158_/X (sky130_fd_sc_hd__and3_1)
     2    0.01                           _0293_ (net)
                  0.04    0.00    5.73 v _1159_/A2 (sky130_fd_sc_hd__o211a_1)
                  0.05    0.17    5.90 v _1159_/X (sky130_fd_sc_hd__o211a_1)
     4    0.01                           _0294_ (net)
                  0.05    0.00    5.90 v _1178_/A (sky130_fd_sc_hd__or2_1)
                  0.04    0.16    6.06 v _1178_/X (sky130_fd_sc_hd__or2_1)
     2    0.01                           _0313_ (net)
                  0.04    0.00    6.06 v _1179_/C (sky130_fd_sc_hd__or3_2)
                  0.08    0.28    6.34 v _1179_/X (sky130_fd_sc_hd__or3_2)
     4    0.01                           _0314_ (net)
                  0.08    0.00    6.34 v _1239_/A (sky130_fd_sc_hd__and3_1)
                  0.06    0.15    6.49 v _1239_/X (sky130_fd_sc_hd__and3_1)
     5    0.02                           _0374_ (net)
                  0.06    0.00    6.49 v _1241_/A (sky130_fd_sc_hd__nor4b_1)
                  0.26    0.29    6.78 ^ _1241_/Y (sky130_fd_sc_hd__nor4b_1)
     2    0.01                           _0376_ (net)
                  0.26    0.00    6.78 ^ max_cap42/A (sky130_fd_sc_hd__clkbuf_1)
                  0.06    0.08    6.86 ^ max_cap42/X (sky130_fd_sc_hd__clkbuf_1)
     2    0.01                           net42 (net)
                  0.06    0.00    6.86 ^ _1243_/A (sky130_fd_sc_hd__nor2_1)
                  0.06    0.07    6.93 v _1243_/Y (sky130_fd_sc_hd__nor2_1)
     4    0.02                           _0378_ (net)
                  0.06    0.00    6.93 v _1249_/A2 (sky130_fd_sc_hd__a41o_1)
                  0.08    0.20    7.13 v _1249_/X (sky130_fd_sc_hd__a41o_1)
     4    0.02                           _0385_ (net)
                  0.08    0.00    7.13 v _1544_/B (sky130_fd_sc_hd__and2_1)
                  0.03    0.13    7.25 v _1544_/X (sky130_fd_sc_hd__and2_1)
     2    0.00                           _0710_ (net)
                  0.03    0.00    7.25 v _1545_/B (sky130_fd_sc_hd__or2_1)
                  0.04    0.14    7.39 v _1545_/X (sky130_fd_sc_hd__or2_1)
     1    0.01                           _0711_ (net)
                  0.04    0.00    7.39 v _1546_/B (sky130_fd_sc_hd__xor2_1)
                  0.21    0.20    7.59 ^ _1546_/X (sky130_fd_sc_hd__xor2_1)
     2    0.01                           _0712_ (net)
                  0.21    0.00    7.59 ^ _1548_/C (sky130_fd_sc_hd__nand4_1)
                  0.08    0.07    7.66 v _1548_/Y (sky130_fd_sc_hd__nand4_1)
     2    0.00                           _0714_ (net)
                  0.08    0.00    7.66 v _1565_/C (sky130_fd_sc_hd__or4_2)
                  0.10    0.42    8.08 v _1565_/X (sky130_fd_sc_hd__or4_2)
     4    0.02                           _0733_ (net)
                  0.10    0.00    8.08 v _1568_/C (sky130_fd_sc_hd__or4_1)
                  0.09    0.34    8.42 v _1568_/X (sky130_fd_sc_hd__or4_1)
     3    0.01                           _0736_ (net)
                  0.09    0.00    8.42 v _1578_/B (sky130_fd_sc_hd__nor4_1)
                  0.23    0.26    8.68 ^ _1578_/Y (sky130_fd_sc_hd__nor4_1)
     1    0.01                           _0747_ (net)
                  0.23    0.00    8.68 ^ wire39/A (sky130_fd_sc_hd__buf_1)
                  0.09    0.11    8.79 ^ wire39/X (sky130_fd_sc_hd__buf_1)
     2    0.01                           net39 (net)
                  0.09    0.00    8.79 ^ max_cap38/A (sky130_fd_sc_hd__clkbuf_1)
                  0.05    0.08    8.87 ^ max_cap38/X (sky130_fd_sc_hd__clkbuf_1)
     2    0.01                           net38 (net)
                  0.05    0.00    8.87 ^ _1600_/A (sky130_fd_sc_hd__or3b_4)
                  0.09    0.13    9.00 ^ _1600_/X (sky130_fd_sc_hd__or3b_4)
     8    0.03                           _0771_ (net)
                  0.09    0.00    9.01 ^ _1601_/B_N (sky130_fd_sc_hd__or2b_1)
                  0.06    0.17    9.18 v _1601_/X (sky130_fd_sc_hd__or2b_1)
     1    0.01                           _0772_ (net)
                  0.06    0.00    9.18 v _1602_/A (sky130_fd_sc_hd__clkbuf_1)
                  0.03    0.08    9.26 v _1602_/X (sky130_fd_sc_hd__clkbuf_1)
     1    0.01                           net36 (net)
                  0.03    0.00    9.26 v output36/A (sky130_fd_sc_hd__clkbuf_4)
                  0.06    0.13    9.39 v output36/X (sky130_fd_sc_hd__clkbuf_4)
     1    0.03                           overflow (net)
                  0.06    0.00    9.39 v overflow (out)
                                  9.39   data arrival time

                         25.00   25.00   clock clk (rise edge)
                          0.00   25.00   clock network delay (propagated)
                         -0.25   24.75   clock uncertainty
                          0.00   24.75   clock reconvergence pessimism
                         -5.00   19.75   output external delay
                                 19.75   data required time
-----------------------------------------------------------------------------
                                 19.75   data required time
                                 -9.39   data arrival time
-----------------------------------------------------------------------------
                                 10.36   slack (MET)



======================= Slowest Corner ===================================

Startpoint: rst_n (input port clocked by clk)
Endpoint: _1643_ (recovery check against rising-edge clock clk)
Path Group: asynchronous
Path Type: max
Corner: Slowest

Fanout     Cap    Slew   Delay    Time   Description
-----------------------------------------------------------------------------
                          0.00    0.00   clock clk (rise edge)
                          0.00    0.00   clock network delay (propagated)
                          5.00    5.00 ^ input external delay
                  0.03    0.02    5.02 ^ rst_n (in)
     1    0.00                           rst_n (net)
                  0.03    0.00    5.02 ^ input18/A (sky130_fd_sc_hd__clkbuf_4)
                  0.26    0.39    5.40 ^ input18/X (sky130_fd_sc_hd__clkbuf_4)
     9    0.05                           net18 (net)
                  0.26    0.01    5.41 ^ _1643_/RESET_B (sky130_fd_sc_hd__dfrtp_2)
                                  5.41   data arrival time

                         25.00   25.00   clock clk (rise edge)
                          0.00   25.00   clock source latency
                  0.12    0.08   25.08 ^ clk (in)
     1    0.02                           clk (net)
                  0.12    0.00   25.08 ^ clkbuf_0_clk/A (sky130_fd_sc_hd__clkbuf_16)
                  0.07    0.23   25.31 ^ clkbuf_0_clk/X (sky130_fd_sc_hd__clkbuf_16)
     2    0.02                           clknet_0_clk (net)
                  0.07    0.00   25.31 ^ clkbuf_1_0__f_clk/A (sky130_fd_sc_hd__clkbuf_16)
                  0.06    0.20   25.51 ^ clkbuf_1_0__f_clk/X (sky130_fd_sc_hd__clkbuf_16)
     4    0.01                           clknet_1_0__leaf_clk (net)
                  0.06    0.00   25.51 ^ _1643_/CLK (sky130_fd_sc_hd__dfrtp_2)
                         -0.25   25.26   clock uncertainty
                          0.00   25.26   clock reconvergence pessimism
                          0.36   25.62   library recovery time
                                 25.62   data required time
-----------------------------------------------------------------------------
                                 25.62   data required time
                                 -5.41   data arrival time
-----------------------------------------------------------------------------
                                 20.21   slack (MET)


Startpoint: scale[0] (input port clocked by clk)
Endpoint: overflow (output port clocked by clk)
Path Group: clk
Path Type: max
Corner: Slowest

Fanout     Cap    Slew   Delay    Time   Description
-----------------------------------------------------------------------------
                          0.00    0.00   clock clk (rise edge)
                          0.00    0.00   clock network delay (propagated)
                          5.00    5.00 ^ input external delay
                  0.03    0.02    5.02 ^ scale[0] (in)
     1    0.00                           scale[0] (net)
                  0.03    0.00    5.02 ^ input19/A (sky130_fd_sc_hd__clkbuf_2)
                  0.31    0.36    5.38 ^ input19/X (sky130_fd_sc_hd__clkbuf_2)
     4    0.04                           net19 (net)
                  0.31    0.00    5.38 ^ _0960_/A (sky130_fd_sc_hd__buf_2)
                  0.29    0.48    5.86 ^ _0960_/X (sky130_fd_sc_hd__buf_2)
    10    0.04                           _0095_ (net)
                  0.29    0.00    5.86 ^ _1155_/A (sky130_fd_sc_hd__and4_1)
                  0.27    0.61    6.47 ^ _1155_/X (sky130_fd_sc_hd__and4_1)
     3    0.02                           _0290_ (net)
                  0.27    0.00    6.47 ^ _1157_/A (sky130_fd_sc_hd__nor2_1)
                  0.10    0.20    6.67 v _1157_/Y (sky130_fd_sc_hd__nor2_1)
     2    0.01                           _0292_ (net)
                  0.10    0.00    6.67 v _1158_/C (sky130_fd_sc_hd__and3_1)
                  0.11    0.44    7.11 v _1158_/X (sky130_fd_sc_hd__and3_1)
     2    0.01                           _0293_ (net)
                  0.11    0.00    7.11 v _1159_/A2 (sky130_fd_sc_hd__o211a_1)
                  0.15    0.49    7.61 v _1159_/X (sky130_fd_sc_hd__o211a_1)
     4    0.01                           _0294_ (net)
                  0.15    0.00    7.61 v _1178_/A (sky130_fd_sc_hd__or2_1)
                  0.12    0.58    8.19 v _1178_/X (sky130_fd_sc_hd__or2_1)
     2    0.01                           _0313_ (net)
                  0.12    0.00    8.19 v _1179_/C (sky130_fd_sc_hd__or3_2)
                  0.24    1.17    9.36 v _1179_/X (sky130_fd_sc_hd__or3_2)
     4    0.01                           _0314_ (net)
                  0.24    0.00    9.36 v _1239_/A (sky130_fd_sc_hd__and3_1)
                  0.17    0.50    9.86 v _1239_/X (sky130_fd_sc_hd__and3_1)
     5    0.02                           _0374_ (net)
                  0.17    0.00    9.86 v _1241_/A (sky130_fd_sc_hd__nor4b_1)
                  0.64    0.77   10.63 ^ _1241_/Y (sky130_fd_sc_hd__nor4b_1)
     2    0.01                           _0376_ (net)
                  0.64    0.00   10.63 ^ max_cap42/A (sky130_fd_sc_hd__clkbuf_1)
                  0.13    0.39   11.02 ^ max_cap42/X (sky130_fd_sc_hd__clkbuf_1)
     2    0.01                           net42 (net)
                  0.13    0.00   11.02 ^ _1243_/A (sky130_fd_sc_hd__nor2_1)
                  0.15    0.20   11.22 v _1243_/Y (sky130_fd_sc_hd__nor2_1)
     4    0.02                           _0378_ (net)
                  0.15    0.00   11.22 v _1249_/A2 (sky130_fd_sc_hd__a41o_1)
                  0.20    0.57   11.79 v _1249_/X (sky130_fd_sc_hd__a41o_1)
     4    0.02                           _0385_ (net)
                  0.20    0.00   11.79 v _1544_/B (sky130_fd_sc_hd__and2_1)
                  0.08    0.41   12.20 v _1544_/X (sky130_fd_sc_hd__and2_1)
     2    0.00                           _0710_ (net)
                  0.08    0.00   12.20 v _1545_/B (sky130_fd_sc_hd__or2_1)
                  0.12    0.52   12.72 v _1545_/X (sky130_fd_sc_hd__or2_1)
     1    0.01                           _0711_ (net)
                  0.12    0.00   12.72 v _1546_/B (sky130_fd_sc_hd__xor2_1)
                  0.48    0.48   13.20 ^ _1546_/X (sky130_fd_sc_hd__xor2_1)
     2    0.01                           _0712_ (net)
                  0.48    0.00   13.20 ^ _1548_/C (sky130_fd_sc_hd__nand4_1)
                  0.25    0.38   13.57 v _1548_/Y (sky130_fd_sc_hd__nand4_1)
     2    0.00                           _0714_ (net)
                  0.25    0.00   13.57 v _1565_/C (sky130_fd_sc_hd__or4_2)
                  0.32    1.78   15.35 v _1565_/X (sky130_fd_sc_hd__or4_2)
     4    0.02                           _0733_ (net)
                  0.32    0.00   15.35 v _1568_/C (sky130_fd_sc_hd__or4_1)
                  0.28    1.41   16.76 v _1568_/X (sky130_fd_sc_hd__or4_1)
     3    0.01                           _0736_ (net)
                  0.28    0.00   16.76 v _1578_/B (sky130_fd_sc_hd__nor4_1)
                  0.58    0.72   17.49 ^ _1578_/Y (sky130_fd_sc_hd__nor4_1)
     1    0.01                           _0747_ (net)
                  0.58    0.00   17.49 ^ wire39/A (sky130_fd_sc_hd__buf_1)
                  0.20    0.42   17.91 ^ wire39/X (sky130_fd_sc_hd__buf_1)
     2    0.01                           net39 (net)
                  0.20    0.00   17.91 ^ max_cap38/A (sky130_fd_sc_hd__clkbuf_1)
                  0.12    0.25   18.16 ^ max_cap38/X (sky130_fd_sc_hd__clkbuf_1)
     2    0.01                           net38 (net)
                  0.12    0.00   18.16 ^ _1600_/A (sky130_fd_sc_hd__or3b_4)
                  0.18    0.35   18.51 ^ _1600_/X (sky130_fd_sc_hd__or3b_4)
     8    0.03                           _0771_ (net)
                  0.18    0.00   18.52 ^ _1601_/B_N (sky130_fd_sc_hd__or2b_1)
                  0.16    0.65   19.17 v _1601_/X (sky130_fd_sc_hd__or2b_1)
     1    0.01                           _0772_ (net)
                  0.16    0.00   19.17 v _1602_/A (sky130_fd_sc_hd__clkbuf_1)
                  0.09    0.25   19.42 v _1602_/X (sky130_fd_sc_hd__clkbuf_1)
     1    0.01                           net36 (net)
                  0.09    0.00   19.42 v output36/A (sky130_fd_sc_hd__clkbuf_4)
                  0.14    0.35   19.77 v output36/X (sky130_fd_sc_hd__clkbuf_4)
     1    0.03                           overflow (net)
                  0.14    0.00   19.77 v overflow (out)
                                 19.77   data arrival time

                         25.00   25.00   clock clk (rise edge)
                          0.00   25.00   clock network delay (propagated)
                         -0.25   24.75   clock uncertainty
                          0.00   24.75   clock reconvergence pessimism
                         -5.00   19.75   output external delay
                                 19.75   data required time
-----------------------------------------------------------------------------
                                 19.75   data required time
                                -19.77   data arrival time
-----------------------------------------------------------------------------
                                 -0.02   slack (VIOLATED)



======================= Typical Corner ===================================

Startpoint: rst_n (input port clocked by clk)
Endpoint: _1643_ (recovery check against rising-edge clock clk)
Path Group: asynchronous
Path Type: max
Corner: Typical

Fanout     Cap    Slew   Delay    Time   Description
-----------------------------------------------------------------------------
                          0.00    0.00   clock clk (rise edge)
                          0.00    0.00   clock network delay (propagated)
                          5.00    5.00 ^ input external delay
                  0.02    0.01    5.01 ^ rst_n (in)
     1    0.00                           rst_n (net)
                  0.02    0.00    5.01 ^ input18/A (sky130_fd_sc_hd__clkbuf_4)
                  0.17    0.23    5.24 ^ input18/X (sky130_fd_sc_hd__clkbuf_4)
     9    0.06                           net18 (net)
                  0.17    0.01    5.24 ^ _1643_/RESET_B (sky130_fd_sc_hd__dfrtp_2)
                                  5.24   data arrival time

                         25.00   25.00   clock clk (rise edge)
                          0.00   25.00   clock source latency
                  0.08    0.05   25.05 ^ clk (in)
     1    0.02                           clk (net)
                  0.08    0.00   25.05 ^ clkbuf_0_clk/A (sky130_fd_sc_hd__clkbuf_16)
                  0.04    0.13   25.18 ^ clkbuf_0_clk/X (sky130_fd_sc_hd__clkbuf_16)
     2    0.02                           clknet_0_clk (net)
                  0.04    0.00   25.18 ^ clkbuf_1_0__f_clk/A (sky130_fd_sc_hd__clkbuf_16)
                  0.04    0.11   25.29 ^ clkbuf_1_0__f_clk/X (sky130_fd_sc_hd__clkbuf_16)
     4    0.01                           clknet_1_0__leaf_clk (net)
                  0.04    0.00   25.29 ^ _1643_/CLK (sky130_fd_sc_hd__dfrtp_2)
                         -0.25   25.04   clock uncertainty
                          0.00   25.04   clock reconvergence pessimism
                          0.18   25.22   library recovery time
                                 25.22   data required time
-----------------------------------------------------------------------------
                                 25.22   data required time
                                 -5.24   data arrival time
-----------------------------------------------------------------------------
                                 19.98   slack (MET)


Startpoint: scale[3] (input port clocked by clk)
Endpoint: overflow (output port clocked by clk)
Path Group: clk
Path Type: max
Corner: Typical

Fanout     Cap    Slew   Delay    Time   Description
-----------------------------------------------------------------------------
                          0.00    0.00   clock clk (rise edge)
                          0.00    0.00   clock network delay (propagated)
                          5.00    5.00 ^ input external delay
                  0.02    0.01    5.01 ^ scale[3] (in)
     1    0.00                           scale[3] (net)
                  0.02    0.00    5.01 ^ input22/A (sky130_fd_sc_hd__buf_2)
                  0.23    0.23    5.25 ^ input22/X (sky130_fd_sc_hd__buf_2)
     6    0.05                           net22 (net)
                  0.23    0.01    5.25 ^ _0908_/A (sky130_fd_sc_hd__clkbuf_4)
                  0.16    0.30    5.55 ^ _0908_/X (sky130_fd_sc_hd__clkbuf_4)
    10    0.05                           _0043_ (net)
                  0.16    0.00    5.56 ^ _0979_/A (sky130_fd_sc_hd__nand4_1)
                  0.14    0.16    5.72 v _0979_/Y (sky130_fd_sc_hd__nand4_1)
     3    0.01                           _0114_ (net)
                  0.14    0.00    5.72 v _0981_/A2 (sky130_fd_sc_hd__a21o_1)
                  0.04    0.23    5.95 v _0981_/X (sky130_fd_sc_hd__a21o_1)
     2    0.01                           _0116_ (net)
                  0.04    0.00    5.95 v _0987_/A2 (sky130_fd_sc_hd__a21o_1)
                  0.07    0.22    6.17 v _0987_/X (sky130_fd_sc_hd__a21o_1)
     3    0.01                           _0122_ (net)
                  0.07    0.00    6.17 v _1063_/A2 (sky130_fd_sc_hd__a21o_1)
                  0.07    0.23    6.40 v _1063_/X (sky130_fd_sc_hd__a21o_1)
     3    0.01                           _0198_ (net)
                  0.07    0.00    6.40 v _1065_/C (sky130_fd_sc_hd__and3_1)
                  0.06    0.22    6.62 v _1065_/X (sky130_fd_sc_hd__and3_1)
     2    0.01                           _0200_ (net)
                  0.06    0.00    6.62 v _1075_/A (sky130_fd_sc_hd__or3_2)
                  0.13    0.58    7.20 v _1075_/X (sky130_fd_sc_hd__or3_2)
     5    0.02                           _0210_ (net)
                  0.13    0.00    7.20 v _1080_/B1 (sky130_fd_sc_hd__o211a_1)
                  0.06    0.19    7.39 v _1080_/X (sky130_fd_sc_hd__o211a_1)
     2    0.01                           _0215_ (net)
                  0.06    0.00    7.39 v _1081_/C1 (sky130_fd_sc_hd__a211o_2)
                  0.10    0.36    7.74 v _1081_/X (sky130_fd_sc_hd__a211o_2)
     5    0.03                           _0216_ (net)
                  0.10    0.00    7.75 v _1119_/A2 (sky130_fd_sc_hd__a211oi_4)
                  0.28    0.36    8.10 ^ _1119_/Y (sky130_fd_sc_hd__a211oi_4)
     3    0.02                           _0254_ (net)
                  0.28    0.00    8.10 ^ _1122_/A (sky130_fd_sc_hd__nor4_1)
                  0.10    0.14    8.25 v _1122_/Y (sky130_fd_sc_hd__nor4_1)
     2    0.01                           _0257_ (net)
                  0.10    0.00    8.25 v max_cap40/A (sky130_fd_sc_hd__buf_1)
                  0.06    0.14    8.39 v max_cap40/X (sky130_fd_sc_hd__buf_1)
     1    0.01                           net40 (net)
                  0.06    0.00    8.39 v _1187_/B1 (sky130_fd_sc_hd__a221oi_4)
                  0.27    0.29    8.68 ^ _1187_/Y (sky130_fd_sc_hd__a221oi_4)
     2    0.01                           _0322_ (net)
                  0.27    0.00    8.69 ^ _1532_/A (sky130_fd_sc_hd__nand2_1)
                  0.11    0.16    8.84 v _1532_/Y (sky130_fd_sc_hd__nand2_1)
     3    0.01                           _0696_ (net)
                  0.11    0.00    8.84 v _1536_/A1 (sky130_fd_sc_hd__a21bo_1)
                  0.06    0.23    9.07 v _1536_/X (sky130_fd_sc_hd__a21bo_1)
     2    0.01                           _0701_ (net)
                  0.06    0.00    9.07 v _1537_/B (sky130_fd_sc_hd__xnor2_1)
                  0.10    0.16    9.23 v _1537_/Y (sky130_fd_sc_hd__xnor2_1)
     3    0.01                           _0702_ (net)
                  0.10    0.00    9.23 v _1565_/B (sky130_fd_sc_hd__or4_2)
                  0.15    0.77   10.01 v _1565_/X (sky130_fd_sc_hd__or4_2)
     4    0.02                           _0733_ (net)
                  0.15    0.00   10.01 v _1568_/C (sky130_fd_sc_hd__or4_1)
                  0.13    0.60   10.61 v _1568_/X (sky130_fd_sc_hd__or4_1)
     3    0.01                           _0736_ (net)
                  0.13    0.00   10.61 v _1578_/B (sky130_fd_sc_hd__nor4_1)
                  0.33    0.39   11.00 ^ _1578_/Y (sky130_fd_sc_hd__nor4_1)
     1    0.01                           _0747_ (net)
                  0.33    0.00   11.00 ^ wire39/A (sky130_fd_sc_hd__buf_1)
                  0.12    0.19   11.19 ^ wire39/X (sky130_fd_sc_hd__buf_1)
     2    0.01                           net39 (net)
                  0.12    0.00   11.19 ^ max_cap38/A (sky130_fd_sc_hd__clkbuf_1)
                  0.07    0.13   11.32 ^ max_cap38/X (sky130_fd_sc_hd__clkbuf_1)
     2    0.01                           net38 (net)
                  0.07    0.00   11.32 ^ _1600_/A (sky130_fd_sc_hd__or3b_4)
                  0.12    0.19   11.52 ^ _1600_/X (sky130_fd_sc_hd__or3b_4)
     8    0.03                           _0771_ (net)
                  0.12    0.00   11.52 ^ _1601_/B_N (sky130_fd_sc_hd__or2b_1)
                  0.08    0.29   11.81 v _1601_/X (sky130_fd_sc_hd__or2b_1)
     1    0.01                           _0772_ (net)
                  0.08    0.00   11.82 v _1602_/A (sky130_fd_sc_hd__clkbuf_1)
                  0.05    0.13   11.94 v _1602_/X (sky130_fd_sc_hd__clkbuf_1)
     1    0.01                           net36 (net)
                  0.05    0.00   11.94 v output36/A (sky130_fd_sc_hd__clkbuf_4)
                  0.08    0.19   12.14 v output36/X (sky130_fd_sc_hd__clkbuf_4)
     1    0.03                           overflow (net)
                  0.08    0.00   12.14 v overflow (out)
                                 12.14   data arrival time

                         25.00   25.00   clock clk (rise edge)
                          0.00   25.00   clock network delay (propagated)
                         -0.25   24.75   clock uncertainty
                          0.00   24.75   clock reconvergence pessimism
                         -5.00   19.75   output external delay
                                 19.75   data required time
-----------------------------------------------------------------------------
                                 19.75   data required time
                                -12.14   data arrival time
-----------------------------------------------------------------------------
                                  7.61   slack (MET)




===========================================================================
report_checks --slack_max -0.01
============================================================================
======================= Fastest Corner ===================================

No paths found.

======================= Slowest Corner ===================================

Startpoint: scale[0] (input port clocked by clk)
Endpoint: overflow (output port clocked by clk)
Path Group: clk
Path Type: max
Corner: Slowest

Fanout     Cap    Slew   Delay    Time   Description
-----------------------------------------------------------------------------
                          0.00    0.00   clock clk (rise edge)
                          0.00    0.00   clock network delay (propagated)
                          5.00    5.00 ^ input external delay
                  0.03    0.02    5.02 ^ scale[0] (in)
     1    0.00                           scale[0] (net)
                  0.03    0.00    5.02 ^ input19/A (sky130_fd_sc_hd__clkbuf_2)
                  0.31    0.36    5.38 ^ input19/X (sky130_fd_sc_hd__clkbuf_2)
     4    0.04                           net19 (net)
                  0.31    0.00    5.38 ^ _0960_/A (sky130_fd_sc_hd__buf_2)
                  0.29    0.48    5.86 ^ _0960_/X (sky130_fd_sc_hd__buf_2)
    10    0.04                           _0095_ (net)
                  0.29    0.00    5.86 ^ _1155_/A (sky130_fd_sc_hd__and4_1)
                  0.27    0.61    6.47 ^ _1155_/X (sky130_fd_sc_hd__and4_1)
     3    0.02                           _0290_ (net)
                  0.27    0.00    6.47 ^ _1157_/A (sky130_fd_sc_hd__nor2_1)
                  0.10    0.20    6.67 v _1157_/Y (sky130_fd_sc_hd__nor2_1)
     2    0.01                           _0292_ (net)
                  0.10    0.00    6.67 v _1158_/C (sky130_fd_sc_hd__and3_1)
                  0.11    0.44    7.11 v _1158_/X (sky130_fd_sc_hd__and3_1)
     2    0.01                           _0293_ (net)
                  0.11    0.00    7.11 v _1159_/A2 (sky130_fd_sc_hd__o211a_1)
                  0.15    0.49    7.61 v _1159_/X (sky130_fd_sc_hd__o211a_1)
     4    0.01                           _0294_ (net)
                  0.15    0.00    7.61 v _1178_/A (sky130_fd_sc_hd__or2_1)
                  0.12    0.58    8.19 v _1178_/X (sky130_fd_sc_hd__or2_1)
     2    0.01                           _0313_ (net)
                  0.12    0.00    8.19 v _1179_/C (sky130_fd_sc_hd__or3_2)
                  0.24    1.17    9.36 v _1179_/X (sky130_fd_sc_hd__or3_2)
     4    0.01                           _0314_ (net)
                  0.24    0.00    9.36 v _1239_/A (sky130_fd_sc_hd__and3_1)
                  0.17    0.50    9.86 v _1239_/X (sky130_fd_sc_hd__and3_1)
     5    0.02                           _0374_ (net)
                  0.17    0.00    9.86 v _1241_/A (sky130_fd_sc_hd__nor4b_1)
                  0.64    0.77   10.63 ^ _1241_/Y (sky130_fd_sc_hd__nor4b_1)
     2    0.01                           _0376_ (net)
                  0.64    0.00   10.63 ^ max_cap42/A (sky130_fd_sc_hd__clkbuf_1)
                  0.13    0.39   11.02 ^ max_cap42/X (sky130_fd_sc_hd__clkbuf_1)
     2    0.01                           net42 (net)
                  0.13    0.00   11.02 ^ _1243_/A (sky130_fd_sc_hd__nor2_1)
                  0.15    0.20   11.22 v _1243_/Y (sky130_fd_sc_hd__nor2_1)
     4    0.02                           _0378_ (net)
                  0.15    0.00   11.22 v _1249_/A2 (sky130_fd_sc_hd__a41o_1)
                  0.20    0.57   11.79 v _1249_/X (sky130_fd_sc_hd__a41o_1)
     4    0.02                           _0385_ (net)
                  0.20    0.00   11.79 v _1544_/B (sky130_fd_sc_hd__and2_1)
                  0.08    0.41   12.20 v _1544_/X (sky130_fd_sc_hd__and2_1)
     2    0.00                           _0710_ (net)
                  0.08    0.00   12.20 v _1545_/B (sky130_fd_sc_hd__or2_1)
                  0.12    0.52   12.72 v _1545_/X (sky130_fd_sc_hd__or2_1)
     1    0.01                           _0711_ (net)
                  0.12    0.00   12.72 v _1546_/B (sky130_fd_sc_hd__xor2_1)
                  0.48    0.48   13.20 ^ _1546_/X (sky130_fd_sc_hd__xor2_1)
     2    0.01                           _0712_ (net)
                  0.48    0.00   13.20 ^ _1548_/C (sky130_fd_sc_hd__nand4_1)
                  0.25    0.38   13.57 v _1548_/Y (sky130_fd_sc_hd__nand4_1)
     2    0.00                           _0714_ (net)
                  0.25    0.00   13.57 v _1565_/C (sky130_fd_sc_hd__or4_2)
                  0.32    1.78   15.35 v _1565_/X (sky130_fd_sc_hd__or4_2)
     4    0.02                           _0733_ (net)
                  0.32    0.00   15.35 v _1568_/C (sky130_fd_sc_hd__or4_1)
                  0.28    1.41   16.76 v _1568_/X (sky130_fd_sc_hd__or4_1)
     3    0.01                           _0736_ (net)
                  0.28    0.00   16.76 v _1578_/B (sky130_fd_sc_hd__nor4_1)
                  0.58    0.72   17.49 ^ _1578_/Y (sky130_fd_sc_hd__nor4_1)
     1    0.01                           _0747_ (net)
                  0.58    0.00   17.49 ^ wire39/A (sky130_fd_sc_hd__buf_1)
                  0.20    0.42   17.91 ^ wire39/X (sky130_fd_sc_hd__buf_1)
     2    0.01                           net39 (net)
                  0.20    0.00   17.91 ^ max_cap38/A (sky130_fd_sc_hd__clkbuf_1)
                  0.12    0.25   18.16 ^ max_cap38/X (sky130_fd_sc_hd__clkbuf_1)
     2    0.01                           net38 (net)
                  0.12    0.00   18.16 ^ _1600_/A (sky130_fd_sc_hd__or3b_4)
                  0.18    0.35   18.51 ^ _1600_/X (sky130_fd_sc_hd__or3b_4)
     8    0.03                           _0771_ (net)
                  0.18    0.00   18.52 ^ _1601_/B_N (sky130_fd_sc_hd__or2b_1)
                  0.16    0.65   19.17 v _1601_/X (sky130_fd_sc_hd__or2b_1)
     1    0.01                           _0772_ (net)
                  0.16    0.00   19.17 v _1602_/A (sky130_fd_sc_hd__clkbuf_1)
                  0.09    0.25   19.42 v _1602_/X (sky130_fd_sc_hd__clkbuf_1)
     1    0.01                           net36 (net)
                  0.09    0.00   19.42 v output36/A (sky130_fd_sc_hd__clkbuf_4)
                  0.14    0.35   19.77 v output36/X (sky130_fd_sc_hd__clkbuf_4)
     1    0.03                           overflow (net)
                  0.14    0.00   19.77 v overflow (out)
                                 19.77   data arrival time

                         25.00   25.00   clock clk (rise edge)
                          0.00   25.00   clock network delay (propagated)
                         -0.25   24.75   clock uncertainty
                          0.00   24.75   clock reconvergence pessimism
                         -5.00   19.75   output external delay
                                 19.75   data required time
-----------------------------------------------------------------------------
                                 19.75   data required time
                                -19.77   data arrival time
-----------------------------------------------------------------------------
                                 -0.02   slack (VIOLATED)



======================= Typical Corner ===================================

No paths found.


===========================================================================
 report_check_types -max_slew -max_cap -max_fanout -violators
============================================================================
======================= Fastest Corner ===================================


======================= Slowest Corner ===================================


======================= Typical Corner ===================================



===========================================================================
report_parasitic_annotation -report_unannotated
============================================================================
Found 0 unannotated drivers.
Found 0 partially unannotated drivers.

===========================================================================
max slew violation count 0
max fanout violation count 0
max cap violation count 0
============================================================================

===========================================================================
check_setup -verbose -unconstrained_endpoints -multiple_clock -no_clock -no_input_delay -loops -generated_clocks
===========================================================================
