
===========================================================================
 report_power
============================================================================
======================= Fastest Corner ===================================

Group                  Internal  Switching    Leakage      Total
                          Power      Power      Power      Power (Watts)
----------------------------------------------------------------
Sequential             1.87e-05   3.43e-06   4.28e-08   2.21e-05   5.6%
Combinational          1.66e-04   2.10e-04   7.53e-09   3.76e-04  94.4%
Macro                  0.00e+00   0.00e+00   0.00e+00   0.00e+00   0.0%
Pad                    0.00e+00   0.00e+00   0.00e+00   0.00e+00   0.0%
----------------------------------------------------------------
Total                  1.85e-04   2.13e-04   5.04e-08   3.98e-04 100.0%
                          46.4%      53.6%       0.0%

======================= Slowest Corner ===================================

Group                  Internal  Switching    Leakage      Total
                          Power      Power      Power      Power (Watts)
----------------------------------------------------------------
Sequential             1.25e-05   2.29e-06   1.71e-07   1.50e-05   5.4%
Combinational          1.22e-04   1.39e-04   3.66e-06   2.64e-04  94.6%
Macro                  0.00e+00   0.00e+00   0.00e+00   0.00e+00   0.0%
Pad                    0.00e+00   0.00e+00   0.00e+00   0.00e+00   0.0%
----------------------------------------------------------------
Total                  1.34e-04   1.41e-04   3.83e-06   2.79e-04 100.0%
                          48.2%      50.5%       1.4%

======================= Typical Corner ===================================

Group                  Internal  Switching    Leakage      Total
                          Power      Power      Power      Power (Watts)
----------------------------------------------------------------
Sequential             1.61e-05   2.91e-06   4.28e-08   1.90e-05   5.5%
Combinational          1.49e-04   1.77e-04   5.41e-09   3.26e-04  94.5%
Macro                  0.00e+00   0.00e+00   0.00e+00   0.00e+00   0.0%
Pad                    0.00e+00   0.00e+00   0.00e+00   0.00e+00   0.0%
----------------------------------------------------------------
Total                  1.65e-04   1.80e-04   4.82e-08   3.45e-04 100.0%
                          47.9%      52.1%       0.0%

