
===========================================================================
report_checks -unconstrained
===========================================================================
======================= Typical Corner ===================================

Startpoint: rst_n (input port clocked by clk)
Endpoint: _1643_ (recovery check against rising-edge clock clk)
Path Group: asynchronous
Path Type: max

Fanout     Cap    Slew   Delay    Time   Description
-----------------------------------------------------------------------------
                          0.00    0.00   clock clk (rise edge)
                          0.00    0.00   clock network delay (propagated)
                          5.00    5.00 ^ input external delay
                  0.02    0.01    5.01 ^ rst_n (in)
     1    0.00                           rst_n (net)
                  0.02    0.00    5.01 ^ input18/A (sky130_fd_sc_hd__clkbuf_4)
                  0.17    0.22    5.24 ^ input18/X (sky130_fd_sc_hd__clkbuf_4)
     9    0.05                           net18 (net)
                  0.17    0.00    5.24 ^ _1643_/RESET_B (sky130_fd_sc_hd__dfrtp_2)
                                  5.24   data arrival time

                         25.00   25.00   clock clk (rise edge)
                          0.00   25.00   clock source latency
                  0.07    0.05   25.05 ^ clk (in)
     1    0.02                           clk (net)
                  0.07    0.00   25.05 ^ clkbuf_0_clk/A (sky130_fd_sc_hd__clkbuf_16)
                  0.04    0.13   25.18 ^ clkbuf_0_clk/X (sky130_fd_sc_hd__clkbuf_16)
     2    0.02                           clknet_0_clk (net)
                  0.04    0.00   25.18 ^ clkbuf_1_0__f_clk/A (sky130_fd_sc_hd__clkbuf_16)
                  0.03    0.11   25.29 ^ clkbuf_1_0__f_clk/X (sky130_fd_sc_hd__clkbuf_16)
     4    0.01                           clknet_1_0__leaf_clk (net)
                  0.03    0.00   25.29 ^ _1643_/CLK (sky130_fd_sc_hd__dfrtp_2)
                         -0.25   25.04   clock uncertainty
                          0.00   25.04   clock reconvergence pessimism
                          0.18   25.22   library recovery time
                                 25.22   data required time
-----------------------------------------------------------------------------
                                 25.22   data required time
                                 -5.24   data arrival time
-----------------------------------------------------------------------------
                                 19.98   slack (MET)


Startpoint: scale[3] (input port clocked by clk)
Endpoint: overflow (output port clocked by clk)
Path Group: clk
Path Type: max

Fanout     Cap    Slew   Delay    Time   Description
-----------------------------------------------------------------------------
                          0.00    0.00   clock clk (rise edge)
                          0.00    0.00   clock network delay (propagated)
                          5.00    5.00 ^ input external delay
                  0.02    0.01    5.01 ^ scale[3] (in)
     1    0.00                           scale[3] (net)
                  0.02    0.00    5.01 ^ input22/A (sky130_fd_sc_hd__buf_2)
                  0.21    0.23    5.24 ^ input22/X (sky130_fd_sc_hd__buf_2)
     6    0.04                           net22 (net)
                  0.21    0.01    5.25 ^ _0908_/A (sky130_fd_sc_hd__clkbuf_4)
                  0.16    0.29    5.54 ^ _0908_/X (sky130_fd_sc_hd__clkbuf_4)
    10    0.05                           _0043_ (net)
                  0.16    0.00    5.54 ^ _0979_/A (sky130_fd_sc_hd__nand4_1)
                  0.13    0.16    5.69 v _0979_/Y (sky130_fd_sc_hd__nand4_1)
     3    0.01                           _0114_ (net)
                  0.13    0.00    5.69 v _0981_/A2 (sky130_fd_sc_hd__a21o_1)
                  0.04    0.23    5.92 v _0981_/X (sky130_fd_sc_hd__a21o_1)
     2    0.01                           _0116_ (net)
                  0.04    0.00    5.92 v _0987_/A2 (sky130_fd_sc_hd__a21o_1)
                  0.07    0.22    6.14 v _0987_/X (sky130_fd_sc_hd__a21o_1)
     3    0.01                           _0122_ (net)
                  0.07    0.00    6.14 v _1063_/A2 (sky130_fd_sc_hd__a21o_1)
                  0.06    0.23    6.37 v _1063_/X (sky130_fd_sc_hd__a21o_1)
     3    0.01                           _0198_ (net)
                  0.06    0.00    6.37 v _1065_/C (sky130_fd_sc_hd__and3_1)
                  0.06    0.22    6.59 v _1065_/X (sky130_fd_sc_hd__and3_1)
     2    0.01                           _0200_ (net)
                  0.06    0.00    6.59 v _1075_/A (sky130_fd_sc_hd__or3_2)
                  0.13    0.58    7.17 v _1075_/X (sky130_fd_sc_hd__or3_2)
     5    0.02                           _0210_ (net)
                  0.13    0.00    7.17 v _1080_/B1 (sky130_fd_sc_hd__o211a_1)
                  0.06    0.19    7.35 v _1080_/X (sky130_fd_sc_hd__o211a_1)
     2    0.01                           _0215_ (net)
                  0.06    0.00    7.35 v _1081_/C1 (sky130_fd_sc_hd__a211o_2)
                  0.10    0.35    7.71 v _1081_/X (sky130_fd_sc_hd__a211o_2)
     5    0.02                           _0216_ (net)
                  0.10    0.00    7.71 v _1119_/A2 (sky130_fd_sc_hd__a211oi_4)
                  0.28    0.35    8.06 ^ _1119_/Y (sky130_fd_sc_hd__a211oi_4)
     3    0.02                           _0254_ (net)
                  0.28    0.00    8.06 ^ _1122_/A (sky130_fd_sc_hd__nor4_1)
                  0.10    0.14    8.20 v _1122_/Y (sky130_fd_sc_hd__nor4_1)
     2    0.01                           _0257_ (net)
                  0.10    0.00    8.20 v max_cap40/A (sky130_fd_sc_hd__buf_1)
                  0.06    0.14    8.35 v max_cap40/X (sky130_fd_sc_hd__buf_1)
     1    0.01                           net40 (net)
                  0.06    0.00    8.35 v _1187_/B1 (sky130_fd_sc_hd__a221oi_4)
                  0.26    0.29    8.64 ^ _1187_/Y (sky130_fd_sc_hd__a221oi_4)
     2    0.01                           _0322_ (net)
                  0.26    0.00    8.64 ^ _1532_/A (sky130_fd_sc_hd__nand2_1)
                  0.11    0.15    8.79 v _1532_/Y (sky130_fd_sc_hd__nand2_1)
     3    0.01                           _0696_ (net)
                  0.11    0.00    8.79 v _1536_/A1 (sky130_fd_sc_hd__a21bo_1)
                  0.06    0.23    9.02 v _1536_/X (sky130_fd_sc_hd__a21bo_1)
     2    0.01                           _0701_ (net)
                  0.06    0.00    9.02 v _1537_/B (sky130_fd_sc_hd__xnor2_1)
                  0.10    0.16    9.18 v _1537_/Y (sky130_fd_sc_hd__xnor2_1)
     3    0.01                           _0702_ (net)
                  0.10    0.00    9.18 v _1565_/B (sky130_fd_sc_hd__or4_2)
                  0.15    0.77    9.95 v _1565_/X (sky130_fd_sc_hd__or4_2)
     4    0.02                           _0733_ (net)
                  0.15    0.00    9.95 v _1568_/C (sky130_fd_sc_hd__or4_1)
                  0.13    0.59   10.54 v _1568_/X (sky130_fd_sc_hd__or4_1)
     3    0.01                           _0736_ (net)
                  0.13    0.00   10.54 v _1578_/B (sky130_fd_sc_hd__nor4_1)
                  0.32    0.38   10.93 ^ _1578_/Y (sky130_fd_sc_hd__nor4_1)
     1    0.01                           _0747_ (net)
                  0.32    0.00   10.93 ^ wire39/A (sky130_fd_sc_hd__buf_1)
                  0.12    0.19   11.11 ^ wire39/X (sky130_fd_sc_hd__buf_1)
     2    0.01                           net39 (net)
                  0.12    0.00   11.12 ^ max_cap38/A (sky130_fd_sc_hd__clkbuf_1)
                  0.07    0.13   11.24 ^ max_cap38/X (sky130_fd_sc_hd__clkbuf_1)
     2    0.01                           net38 (net)
                  0.07    0.00   11.24 ^ _1600_/A (sky130_fd_sc_hd__or3b_4)
                  0.11    0.19   11.43 ^ _1600_/X (sky130_fd_sc_hd__or3b_4)
     8    0.03                           _0771_ (net)
                  0.11    0.00   11.44 ^ _1601_/B_N (sky130_fd_sc_hd__or2b_1)
                  0.08    0.29   11.73 v _1601_/X (sky130_fd_sc_hd__or2b_1)
     1    0.01                           _0772_ (net)
                  0.08    0.00   11.73 v _1602_/A (sky130_fd_sc_hd__clkbuf_1)
                  0.04    0.13   11.85 v _1602_/X (sky130_fd_sc_hd__clkbuf_1)
     1    0.01                           net36 (net)
                  0.04    0.00   11.85 v output36/A (sky130_fd_sc_hd__clkbuf_4)
                  0.08    0.19   12.05 v output36/X (sky130_fd_sc_hd__clkbuf_4)
     1    0.03                           overflow (net)
                  0.08    0.00   12.05 v overflow (out)
                                 12.05   data arrival time

                         25.00   25.00   clock clk (rise edge)
                          0.00   25.00   clock network delay (propagated)
                         -0.25   24.75   clock uncertainty
                          0.00   24.75   clock reconvergence pessimism
                         -5.00   19.75   output external delay
                                 19.75   data required time
-----------------------------------------------------------------------------
                                 19.75   data required time
                                -12.05   data arrival time
-----------------------------------------------------------------------------
                                  7.70   slack (MET)




===========================================================================
report_checks --slack_max -0.01
============================================================================
======================= Typical Corner ===================================

No paths found.


===========================================================================
 report_check_types -max_slew -max_cap -max_fanout -violators
============================================================================
======================= Typical Corner ===================================



===========================================================================
report_parasitic_annotation -report_unannotated
============================================================================
Found 0 unannotated drivers.
Found 0 partially unannotated drivers.

===========================================================================
max slew violation count 0
max fanout violation count 0
max cap violation count 0
============================================================================

===========================================================================
check_setup -verbose -unconstrained_endpoints -multiple_clock -no_clock -no_input_delay -loops -generated_clocks
===========================================================================
