Instance name,  X location,  Y location,  Voltage 
output34, 178.74, 184.96, 0.000528818
FILLER_0_64_365, 178.74, 184.96, 0.000528818
FILLER_0_27_383, 178.74, 81.6, 0.000482122
FILLER_0_25_381, 178.74, 76.16, 0.000461812
input7, 178.74, 10.88, 0.000293672
FILLER_0_0_377, 178.74, 10.88, 0.000293672
FILLER_0_64_53, 25.14, 184.96, 0.000509456
FILLER_0_63_51, 25.14, 179.52, 0.000502097
FILLER_0_61_51, 25.14, 174.08, 0.000500712
FILLER_0_57_51, 25.14, 163.2, 0.00049743
FILLER_0_55_51, 25.14, 157.76, 0.000495698
FILLER_0_53_51, 25.14, 152.32, 0.000496799
FILLER_0_49_51, 25.14, 141.44, 0.000500158
FILLER_0_47_51, 25.14, 136, 0.000495831
FILLER_0_45_51, 25.14, 130.56, 0.000492974
FILLER_0_43_51, 25.14, 125.12, 0.000487016
FILLER_0_41_51, 25.14, 119.68, 0.000480863
FILLER_0_39_51, 25.14, 114.24, 0.000475202
FILLER_0_37_51, 25.14, 108.8, 0.000469096
FILLER_0_33_51, 25.14, 97.92, 0.000448931
FILLER_0_31_51, 25.14, 92.48, 0.000430692
FILLER_0_29_51, 25.14, 87.04, 0.00040292
FILLER_0_25_51, 25.14, 76.16, 0.000358696
FILLER_0_23_51, 25.14, 70.72, 0.00034575
FILLER_0_21_51, 25.14, 65.28, 0.000314974
FILLER_0_19_51, 25.14, 59.84, 0.000302918
FILLER_0_17_51, 25.14, 54.4, 0.000252596
_1602_, 25.14, 48.96, 0.000260721
FILLER_0_15_51, 25.14, 48.96, 0.000260721
FILLER_0_13_51, 25.14, 43.52, 0.00018237
FILLER_0_11_45, 25.14, 38.08, 0.000150482
FILLER_0_11_53, 25.14, 38.08, 0.000150482
FILLER_0_9_51, 25.14, 32.64, 0.000115742
FILLER_0_7_51, 25.14, 27.2, 0.000106767
FILLER_0_5_51, 25.14, 21.76, 0.000110618
FILLER_0_3_51, 25.14, 16.32, 0.00011054
FILLER_0_0_47, 25.14, 10.88, 0.000118878
FILLER_0_1_51, 25.14, 10.88, 0.000118878
PHY_126, 5.52, 184.96, 0.000514068
PHY_128, 5.52, 184.96, 0.000514068
input27, 5.52, 184.96, 0.000514068
FILLER_0_64_9, 5.52, 184.96, 0.000514068
PHY_127, 194.12, 184.96, 0.000530178
PHY_129, 194.12, 184.96, 0.000530178
input22, 194.12, 184.96, 0.000530178
output29, 15.33, 184.96, 0.000512692
FILLER_0_64_23, 15.33, 184.96, 0.000512692
input6, 37.94, 184.96, 0.000514786
FILLER_0_64_57, 37.94, 184.96, 0.000514786
input11, 50.74, 184.96, 0.000518738
FILLER_0_64_97, 50.74, 184.96, 0.000518738
FILLER_0_64_105, 50.74, 184.96, 0.000518738
FILLER_0_64_137, 63.54, 184.96, 0.000521841
input23, 76.34, 184.96, 0.000524944
FILLER_0_64_141, 76.34, 184.96, 0.000524944
FILLER_0_64_193, 89.14, 184.96, 0.000527257
input24, 101.94, 184.96, 0.000529571
FILLER_0_64_219, 101.94, 184.96, 0.000529571
input4, 114.74, 184.96, 0.000530995
FILLER_0_64_237, 114.74, 184.96, 0.000530995
FILLER_0_64_245, 114.74, 184.96, 0.000530995
FILLER_0_64_277, 127.54, 184.96, 0.000531528
input5, 140.34, 184.96, 0.000532061
FILLER_0_64_299, 140.34, 184.96, 0.000532061
input3, 153.14, 184.96, 0.000531593
FILLER_0_64_321, 153.14, 184.96, 0.000531593
FILLER_0_64_329, 153.14, 184.96, 0.000531593
FILLER_0_64_361, 165.94, 184.96, 0.000530205
FILLER_0_63_385, 186.43, 184.96, 0.000529498
FILLER_0_64_393, 186.43, 184.96, 0.000529498
PHY_122, 5.52, 179.52, 0.000502097
PHY_124, 5.52, 179.52, 0.000502097
PHY_123, 194.12, 179.52, 0.000524016
PHY_125, 194.12, 179.52, 0.000524016
FILLER_0_62_77, 37.94, 179.52, 0.000503923
FILLER_0_63_105, 50.74, 179.52, 0.00050575
FILLER_0_62_133, 63.54, 179.52, 0.000507577
FILLER_0_63_161, 76.34, 179.52, 0.000509403
FILLER_0_62_189, 89.14, 179.52, 0.00051123
FILLER_0_63_217, 101.94, 179.52, 0.000513057
FILLER_0_62_245, 114.74, 179.52, 0.000514883
FILLER_0_63_273, 127.54, 179.52, 0.00051671
FILLER_0_62_301, 140.34, 179.52, 0.000518536
FILLER_0_63_329, 153.14, 179.52, 0.000520363
FILLER_0_62_357, 165.94, 179.52, 0.00052219
FILLER_0_61_385, 186.43, 179.52, 0.000524016
FILLER_0_61_393, 186.43, 179.52, 0.000524016
FILLER_0_62_401, 186.43, 179.52, 0.000524016
PHY_118, 5.52, 174.08, 0.000500712
PHY_120, 5.52, 174.08, 0.000500712
PHY_119, 194.12, 174.08, 0.00052664
PHY_121, 194.12, 174.08, 0.00052664
FILLER_0_60_77, 37.94, 174.08, 0.000502802
FILLER_0_61_105, 50.74, 174.08, 0.000504892
FILLER_0_60_133, 63.54, 174.08, 0.000506983
FILLER_0_61_161, 76.34, 174.08, 0.000509073
FILLER_0_60_189, 89.14, 174.08, 0.000511164
FILLER_0_61_217, 101.94, 174.08, 0.000513254
FILLER_0_60_245, 114.74, 174.08, 0.000515344
FILLER_0_61_273, 127.54, 174.08, 0.000517435
FILLER_0_60_301, 140.34, 174.08, 0.000519525
FILLER_0_61_329, 153.14, 174.08, 0.000521615
FILLER_0_60_357, 165.94, 174.08, 0.000523706
input21, 186.43, 174.08, 0.00052664
FILLER_0_59_385, 186.43, 174.08, 0.00052664
FILLER_0_60_401, 186.43, 174.08, 0.00052664
PHY_114, 5.52, 168.64, 0.000501401
PHY_116, 5.52, 168.64, 0.000501401
input12, 5.52, 168.64, 0.000501401
PHY_115, 194.12, 168.64, 0.000525578
PHY_117, 194.12, 168.64, 0.000525578
FILLER_0_58_77, 37.94, 168.64, 0.000501996
FILLER_0_59_105, 50.74, 168.64, 0.00050414
FILLER_0_58_133, 63.54, 168.64, 0.000506283
FILLER_0_59_161, 76.34, 168.64, 0.000508427
FILLER_0_58_189, 89.14, 168.64, 0.000510571
FILLER_0_59_217, 101.94, 168.64, 0.000512715
FILLER_0_58_245, 114.74, 168.64, 0.000514859
FILLER_0_59_273, 127.54, 168.64, 0.000517003
FILLER_0_58_301, 140.34, 168.64, 0.000519146
FILLER_0_59_329, 153.14, 168.64, 0.00052129
FILLER_0_58_357, 165.94, 168.64, 0.000523434
FILLER_0_57_385, 186.43, 168.64, 0.000525578
FILLER_0_58_401, 186.43, 168.64, 0.000525578
PHY_110, 5.52, 163.2, 0.00049743
PHY_112, 5.52, 163.2, 0.00049743
PHY_111, 194.12, 163.2, 0.000526391
PHY_113, 194.12, 163.2, 0.000526391
FILLER_0_56_77, 37.94, 163.2, 0.000499844
FILLER_0_57_105, 50.74, 163.2, 0.000502257
FILLER_0_56_133, 63.54, 163.2, 0.000504671
FILLER_0_57_161, 76.34, 163.2, 0.000507084
FILLER_0_56_189, 89.14, 163.2, 0.000509497
FILLER_0_57_217, 101.94, 163.2, 0.000511911
FILLER_0_56_245, 114.74, 163.2, 0.000514324
FILLER_0_57_273, 127.54, 163.2, 0.000516737
FILLER_0_56_301, 140.34, 163.2, 0.000519151
FILLER_0_57_329, 153.14, 163.2, 0.000521564
FILLER_0_56_357, 165.94, 163.2, 0.000523977
FILLER_0_55_385, 186.43, 163.2, 0.000526391
FILLER_0_56_401, 186.43, 163.2, 0.000526391
PHY_106, 5.52, 157.76, 0.000495698
PHY_108, 5.52, 157.76, 0.000495698
PHY_107, 194.12, 157.76, 0.000529401
PHY_109, 194.12, 157.76, 0.000529401
input16, 194.12, 157.76, 0.000529401
FILLER_0_54_77, 37.94, 157.76, 0.000498401
FILLER_0_55_105, 50.74, 157.76, 0.000501104
FILLER_0_54_133, 63.54, 157.76, 0.000503806
FILLER_0_55_161, 76.34, 157.76, 0.000506509
FILLER_0_54_189, 89.14, 157.76, 0.000509212
FILLER_0_55_217, 101.94, 157.76, 0.000511915
FILLER_0_54_245, 114.74, 157.76, 0.000514617
FILLER_0_55_273, 127.54, 157.76, 0.00051732
FILLER_0_54_301, 140.34, 157.76, 0.000520023
FILLER_0_55_329, 153.14, 157.76, 0.000522725
FILLER_0_54_357, 165.94, 157.76, 0.000525428
FILLER_0_53_385, 186.43, 157.76, 0.000528766
PHY_102, 5.52, 152.32, 0.000496799
PHY_104, 5.52, 152.32, 0.000496799
PHY_103, 194.12, 152.32, 0.000531658
PHY_105, 194.12, 152.32, 0.000531658
FILLER_0_52_77, 37.94, 152.32, 0.000503582
FILLER_0_53_105, 50.74, 152.32, 0.000510365
FILLER_0_52_133, 63.54, 152.32, 0.000517148
FILLER_0_53_161, 76.34, 152.32, 0.00052393
FILLER_0_52_189, 89.14, 152.32, 0.000530713
_1278_, 101.94, 152.32, 0.000537496
_1319_, 101.94, 152.32, 0.000537496
FILLER_0_53_217, 101.94, 152.32, 0.000537496
_1314_, 114.74, 152.32, 0.000538206
FILLER_0_52_245, 114.74, 152.32, 0.000538206
FILLER_0_53_273, 127.54, 152.32, 0.000536897
FILLER_0_52_301, 140.34, 152.32, 0.000535587
FILLER_0_53_329, 153.14, 152.32, 0.000534277
FILLER_0_52_357, 165.94, 152.32, 0.000532968
FILLER_0_51_385, 186.43, 152.32, 0.000531658
FILLER_0_52_401, 186.43, 152.32, 0.000531658
PHY_98, 5.52, 146.88, 0.000511309
PHY_100, 5.52, 146.88, 0.000511309
input2, 5.52, 146.88, 0.000511309
PHY_99, 194.12, 146.88, 0.000550362
PHY_101, 194.12, 146.88, 0.000550362
FILLER_0_50_77, 37.94, 146.88, 0.000534956
FILLER_0_51_105, 50.74, 146.88, 0.000560236
FILLER_0_50_133, 63.54, 146.88, 0.000585517
_1040_, 76.34, 146.88, 0.000610798
_1043_, 76.34, 146.88, 0.000610798
_1251_, 76.34, 146.88, 0.000610798
_1282_, 76.34, 146.88, 0.000610798
FILLER_0_50_141, 76.34, 146.88, 0.000610798
FILLER_0_51_161, 76.34, 146.88, 0.000610798
_1030_, 89.14, 146.88, 0.00063225
_1266_, 89.14, 146.88, 0.00063225
_1280_, 89.14, 146.88, 0.00063225
_1281_, 89.14, 146.88, 0.00063225
_1283_, 89.14, 146.88, 0.00063225
_1321_, 89.14, 146.88, 0.00063225
_1274_, 101.94, 146.88, 0.000645706
_1275_, 101.94, 146.88, 0.000645706
_1276_, 101.94, 146.88, 0.000645706
_1279_, 101.94, 146.88, 0.000645706
_1285_, 101.94, 146.88, 0.000645706
_1286_, 101.94, 146.88, 0.000645706
_1315_, 101.94, 146.88, 0.000645706
_1316_, 101.94, 146.88, 0.000645706
_1317_, 101.94, 146.88, 0.000645706
_1318_, 101.94, 146.88, 0.000645706
_1268_, 114.74, 146.88, 0.000648783
_1362_, 114.74, 146.88, 0.000648783
_1363_, 114.74, 146.88, 0.000648783
_1405_, 114.74, 146.88, 0.000648783
FILLER_0_49_230, 114.74, 146.88, 0.000648783
FILLER_0_50_232, 114.74, 146.88, 0.000648783
FILLER_0_50_242, 114.74, 146.88, 0.000648783
_1311_, 127.54, 146.88, 0.000637174
_1312_, 127.54, 146.88, 0.000637174
_1313_, 127.54, 146.88, 0.000637174
_1328_, 127.54, 146.88, 0.000637174
FILLER_0_49_254, 127.54, 146.88, 0.000637174
FILLER_0_50_253, 127.54, 146.88, 0.000637174
FILLER_0_50_278, 127.54, 146.88, 0.000637174
FILLER_0_51_269, 127.54, 146.88, 0.000637174
FILLER_0_51_277, 127.54, 146.88, 0.000637174
_1360_, 140.34, 146.88, 0.000621657
_1361_, 140.34, 146.88, 0.000621657
FILLER_0_50_300, 140.34, 146.88, 0.000621657
FILLER_0_51_329, 153.14, 146.88, 0.000597892
FILLER_0_50_357, 165.94, 146.88, 0.000574127
FILLER_0_49_385, 186.43, 146.88, 0.000550362
FILLER_0_50_401, 186.43, 146.88, 0.000550362
PHY_94, 5.52, 141.44, 0.000500158
PHY_96, 5.52, 141.44, 0.000500158
PHY_95, 194.12, 141.44, 0.000543427
PHY_97, 194.12, 141.44, 0.000543427
FILLER_0_48_77, 37.94, 141.44, 0.00051903
FILLER_0_49_105, 50.74, 141.44, 0.000537903
FILLER_0_48_133, 63.54, 141.44, 0.000556775
FILLER_0_49_137, 63.54, 141.44, 0.000556775
_1031_, 76.34, 141.44, 0.000575647
_1032_, 76.34, 141.44, 0.000575647
_1037_, 76.34, 141.44, 0.000575647
_1038_, 76.34, 141.44, 0.000575647
_1039_, 76.34, 141.44, 0.000575647
_1041_, 76.34, 141.44, 0.000575647
_1042_, 76.34, 141.44, 0.000575647
FILLER_0_47_150, 76.34, 141.44, 0.000575647
FILLER_0_48_141, 76.34, 141.44, 0.000575647
FILLER_0_48_167, 76.34, 141.44, 0.000575647
_1022_, 89.14, 141.44, 0.000588173
_1028_, 89.14, 141.44, 0.000588173
_1284_, 89.14, 141.44, 0.000588173
_1322_, 89.14, 141.44, 0.000588173
FILLER_0_48_178, 89.14, 141.44, 0.000588173
FILLER_0_48_189, 89.14, 141.44, 0.000588173
_1018_, 101.94, 141.44, 0.000594061
_1020_, 101.94, 141.44, 0.000594061
_1252_, 101.94, 141.44, 0.000594061
_1265_, 101.94, 141.44, 0.000594061
_1267_, 101.94, 141.44, 0.000594061
_1269_, 101.94, 141.44, 0.000594061
_1273_, 101.94, 141.44, 0.000594061
_1277_, 101.94, 141.44, 0.000594061
FILLER_0_48_197, 101.94, 141.44, 0.000594061
FILLER_0_49_216, 101.94, 141.44, 0.000594061
_1258_, 114.74, 141.44, 0.000595549
_1259_, 114.74, 141.44, 0.000595549
_1287_, 114.74, 141.44, 0.000595549
_1303_, 114.74, 141.44, 0.000595549
_1304_, 114.74, 141.44, 0.000595549
FILLER_0_47_235, 114.74, 141.44, 0.000595549
FILLER_0_48_237, 114.74, 141.44, 0.000595549
FILLER_0_49_246, 114.74, 141.44, 0.000595549
_1309_, 127.54, 141.44, 0.000592708
_1310_, 127.54, 141.44, 0.000592708
_1326_, 127.54, 141.44, 0.000592708
_1327_, 127.54, 141.44, 0.000592708
_1359_, 127.54, 141.44, 0.000592708
FILLER_0_47_256, 127.54, 141.44, 0.000592708
FILLER_0_48_269, 127.54, 141.44, 0.000592708
_1358_, 140.34, 141.44, 0.000586473
_1397_, 140.34, 141.44, 0.000586473
_1398_, 140.34, 141.44, 0.000586473
_1406_, 140.34, 141.44, 0.000586473
FILLER_0_47_287, 140.34, 141.44, 0.000586473
FILLER_0_48_291, 140.34, 141.44, 0.000586473
FILLER_0_48_304, 140.34, 141.44, 0.000586473
_1407_, 153.14, 141.44, 0.000573165
FILLER_0_49_330, 153.14, 141.44, 0.000573165
FILLER_0_48_357, 165.94, 141.44, 0.000558296
FILLER_0_47_385, 186.43, 141.44, 0.000543427
FILLER_0_48_401, 186.43, 141.44, 0.000543427
PHY_90, 5.52, 136, 0.000495831
PHY_92, 5.52, 136, 0.000495831
PHY_91, 194.12, 136, 0.000549191
PHY_93, 194.12, 136, 0.000549191
input10, 194.12, 136, 0.000549191
FILLER_0_46_77, 37.94, 136, 0.000515029
FILLER_0_47_105, 50.74, 136, 0.000534227
_1007_, 63.54, 136, 0.000553424
_1010_, 63.54, 136, 0.000553424
_1045_, 63.54, 136, 0.000553424
FILLER_0_45_123, 63.54, 136, 0.000553424
FILLER_0_46_121, 63.54, 136, 0.000553424
FILLER_0_46_132, 63.54, 136, 0.000553424
FILLER_0_47_137, 63.54, 136, 0.000553424
_1006_, 76.34, 136, 0.000567738
_1008_, 76.34, 136, 0.000567738
_1029_, 76.34, 136, 0.000567738
_1035_, 76.34, 136, 0.000567738
FILLER_0_46_147, 76.34, 136, 0.000567738
_0997_, 89.14, 136, 0.000579554
_0999_, 89.14, 136, 0.000579554
_1000_, 89.14, 136, 0.000579554
_1005_, 89.14, 136, 0.000579554
_1021_, 89.14, 136, 0.000579554
_1027_, 89.14, 136, 0.000579554
FILLER_0_46_187, 89.14, 136, 0.000579554
_1016_, 101.94, 136, 0.000588834
_1017_, 101.94, 136, 0.000588834
_1253_, 101.94, 136, 0.000588834
FILLER_0_46_197, 101.94, 136, 0.000588834
FILLER_0_46_210, 101.94, 136, 0.000588834
FILLER_0_47_213, 101.94, 136, 0.000588834
FILLER_0_47_221, 101.94, 136, 0.000588834
_1256_, 114.74, 136, 0.000596829
_1257_, 114.74, 136, 0.000596829
_1290_, 114.74, 136, 0.000596829
_1293_, 114.74, 136, 0.000596829
_1301_, 114.74, 136, 0.000596829
_1302_, 114.74, 136, 0.000596829
FILLER_0_46_224, 114.74, 136, 0.000596829
FILLER_0_46_249, 114.74, 136, 0.000596829
FILLER_0_47_243, 114.74, 136, 0.000596829
_1299_, 127.54, 136, 0.000602119
_1307_, 127.54, 136, 0.000602119
_1329_, 127.54, 136, 0.000602119
_1336_, 127.54, 136, 0.000602119
_1338_, 127.54, 136, 0.000602119
FILLER_0_46_273, 127.54, 136, 0.000602119
_1337_, 140.34, 136, 0.000605322
_1354_, 140.34, 136, 0.000605322
_1355_, 140.34, 136, 0.000605322
_1356_, 140.34, 136, 0.000605322
_1357_, 140.34, 136, 0.000605322
_1399_, 140.34, 136, 0.000605322
_1408_, 140.34, 136, 0.000605322
FILLER_0_46_280, 140.34, 136, 0.000605322
FILLER_0_46_296, 140.34, 136, 0.000605322
_1395_, 153.14, 136, 0.000589687
_1463_, 153.14, 136, 0.000589687
FILLER_0_47_328, 153.14, 136, 0.000589687
FILLER_0_45_385, 186.43, 136, 0.000548638
FILLER_0_45_393, 186.43, 136, 0.000548638
FILLER_0_46_401, 186.43, 136, 0.000548638
PHY_86, 5.52, 130.56, 0.000494584
PHY_88, 5.52, 130.56, 0.000494584
input9, 5.52, 130.56, 0.000494584
PHY_87, 194.12, 130.56, 0.000539616
PHY_89, 194.12, 130.56, 0.000539616
FILLER_0_44_19, 15.33, 130.56, 0.000493779
FILLER_0_44_77, 37.94, 130.56, 0.000514504
FILLER_0_44_109, 50.74, 130.56, 0.000536034
FILLER_0_45_105, 50.74, 130.56, 0.000536034
_1009_, 63.54, 130.56, 0.000557564
_1011_, 63.54, 130.56, 0.000557564
_1012_, 63.54, 130.56, 0.000557564
_1013_, 63.54, 130.56, 0.000557564
_1044_, 63.54, 130.56, 0.000557564
_1046_, 63.54, 130.56, 0.000557564
_1076_, 63.54, 130.56, 0.000557564
FILLER_0_45_140, 63.54, 130.56, 0.000557564
_0967_, 76.34, 130.56, 0.000568211
_1002_, 76.34, 130.56, 0.000568211
_1003_, 76.34, 130.56, 0.000568211
_1004_, 76.34, 130.56, 0.000568211
_1033_, 76.34, 130.56, 0.000568211
_1034_, 76.34, 130.56, 0.000568211
_1036_, 76.34, 130.56, 0.000568211
FILLER_0_43_149, 76.34, 130.56, 0.000568211
FILLER_0_44_141, 76.34, 130.56, 0.000568211
FILLER_0_44_150, 76.34, 130.56, 0.000568211
_0829_, 89.14, 130.56, 0.000576714
_0978_, 89.14, 130.56, 0.000576714
_0995_, 89.14, 130.56, 0.000576714
_1001_, 89.14, 130.56, 0.000576714
_1019_, 89.14, 130.56, 0.000576714
_1023_, 89.14, 130.56, 0.000576714
_1271_, 89.14, 130.56, 0.000576714
FILLER_0_43_179, 89.14, 130.56, 0.000576714
FILLER_0_44_170, 89.14, 130.56, 0.000576714
FILLER_0_44_188, 89.14, 130.56, 0.000576714
FILLER_0_45_192, 89.14, 130.56, 0.000576714
_1025_, 101.94, 130.56, 0.000580646
_1026_, 101.94, 130.56, 0.000580646
_1260_, 101.94, 130.56, 0.000580646
_1270_, 101.94, 130.56, 0.000580646
_1272_, 101.94, 130.56, 0.000580646
_1264_, 114.74, 130.56, 0.00058232
_1288_, 114.74, 130.56, 0.00058232
_1292_, 114.74, 130.56, 0.00058232
_1300_, 114.74, 130.56, 0.00058232
_1333_, 114.74, 130.56, 0.00058232
FILLER_0_43_225, 114.74, 130.56, 0.00058232
FILLER_0_43_236, 114.74, 130.56, 0.00058232
FILLER_0_44_246, 114.74, 130.56, 0.00058232
FILLER_0_45_241, 114.74, 130.56, 0.00058232
_1306_, 127.54, 130.56, 0.000580779
_1330_, 127.54, 130.56, 0.000580779
_1332_, 127.54, 130.56, 0.000580779
_1334_, 127.54, 130.56, 0.000580779
_1335_, 127.54, 130.56, 0.000580779
_1364_, 127.54, 130.56, 0.000580779
FILLER_0_43_254, 127.54, 130.56, 0.000580779
FILLER_0_44_260, 127.54, 130.56, 0.000580779
FILLER_0_44_268, 127.54, 130.56, 0.000580779
FILLER_0_45_267, 127.54, 130.56, 0.000580779
_1352_, 140.34, 130.56, 0.000577076
_1353_, 140.34, 130.56, 0.000577076
_1365_, 140.34, 130.56, 0.000577076
_1394_, 140.34, 130.56, 0.000577076
_1396_, 140.34, 130.56, 0.000577076
FILLER_0_44_295, 140.34, 130.56, 0.000577076
_1393_, 153.14, 130.56, 0.000565833
FILLER_0_45_331, 153.14, 130.56, 0.000565833
FILLER_0_44_353, 165.94, 130.56, 0.000552725
FILLER_0_44_361, 165.94, 130.56, 0.000552725
FILLER_0_43_385, 186.43, 130.56, 0.000539616
FILLER_0_44_401, 186.43, 130.56, 0.000539616
PHY_82, 5.52, 125.12, 0.000487016
PHY_84, 5.52, 125.12, 0.000487016
PHY_83, 194.12, 125.12, 0.000538368
PHY_85, 194.12, 125.12, 0.000538368
FILLER_0_42_77, 37.94, 125.12, 0.000510398
_0968_, 50.74, 125.12, 0.000533779
_0971_, 50.74, 125.12, 0.000533779
FILLER_0_42_109, 50.74, 125.12, 0.000533779
FILLER_0_43_105, 50.74, 125.12, 0.000533779
_0972_, 63.54, 125.12, 0.000556242
_0990_, 63.54, 125.12, 0.000556242
_1047_, 63.54, 125.12, 0.000556242
_1323_, 63.54, 125.12, 0.000556242
FILLER_0_41_125, 63.54, 125.12, 0.000556242
FILLER_0_42_119, 63.54, 125.12, 0.000556242
FILLER_0_42_133, 63.54, 125.12, 0.000556242
_0842_, 76.34, 125.12, 0.000567671
_0961_, 76.34, 125.12, 0.000567671
_0963_, 76.34, 125.12, 0.000567671
_0965_, 76.34, 125.12, 0.000567671
_0966_, 76.34, 125.12, 0.000567671
_0988_, 76.34, 125.12, 0.000567671
_0989_, 76.34, 125.12, 0.000567671
FILLER_0_42_165, 76.34, 125.12, 0.000567671
FILLER_0_43_163, 76.34, 125.12, 0.000567671
_0891_, 89.14, 125.12, 0.000575682
_0974_, 89.14, 125.12, 0.000575682
_0980_, 89.14, 125.12, 0.000575682
_0981_, 89.14, 125.12, 0.000575682
_0987_, 89.14, 125.12, 0.000575682
_0991_, 89.14, 125.12, 0.000575682
_0996_, 89.14, 125.12, 0.000575682
_0998_, 89.14, 125.12, 0.000575682
FILLER_0_41_169, 89.14, 125.12, 0.000575682
_0977_, 101.94, 125.12, 0.000578852
_0994_, 101.94, 125.12, 0.000578852
_1015_, 101.94, 125.12, 0.000578852
_1024_, 101.94, 125.12, 0.000578852
_1331_, 101.94, 125.12, 0.000578852
FILLER_0_41_197, 101.94, 125.12, 0.000578852
FILLER_0_42_207, 101.94, 125.12, 0.000578852
FILLER_0_43_220, 101.94, 125.12, 0.000578852
_1261_, 114.74, 125.12, 0.000580049
_1289_, 114.74, 125.12, 0.000580049
_1291_, 114.74, 125.12, 0.000580049
_1297_, 114.74, 125.12, 0.000580049
_1298_, 114.74, 125.12, 0.000580049
_1305_, 114.74, 125.12, 0.000580049
FILLER_0_42_224, 114.74, 125.12, 0.000580049
FILLER_0_42_236, 114.74, 125.12, 0.000580049
FILLER_0_43_243, 114.74, 125.12, 0.000580049
_1308_, 127.54, 125.12, 0.000579162
_1343_, 127.54, 125.12, 0.000579162
_1345_, 127.54, 125.12, 0.000579162
_1349_, 127.54, 125.12, 0.000579162
_1350_, 127.54, 125.12, 0.000579162
_1351_, 127.54, 125.12, 0.000579162
FILLER_0_41_259, 127.54, 125.12, 0.000579162
FILLER_0_43_270, 127.54, 125.12, 0.000579162
_1014_, 140.34, 125.12, 0.00057515
_1388_, 140.34, 125.12, 0.00057515
_1390_, 140.34, 125.12, 0.00057515
_1392_, 140.34, 125.12, 0.00057515
FILLER_0_41_287, 140.34, 125.12, 0.00057515
FILLER_0_42_293, 140.34, 125.12, 0.00057515
_1371_, 153.14, 125.12, 0.000567444
_1372_, 153.14, 125.12, 0.000567444
_1373_, 153.14, 125.12, 0.000567444
_1391_, 153.14, 125.12, 0.000567444
_1409_, 153.14, 125.12, 0.000567444
_1435_, 153.14, 125.12, 0.000567444
_1438_, 153.14, 125.12, 0.000567444
FILLER_0_43_329, 153.14, 125.12, 0.000567444
FILLER_0_42_356, 165.94, 125.12, 0.000552906
FILLER_0_41_385, 186.43, 125.12, 0.000538368
FILLER_0_42_401, 186.43, 125.12, 0.000538368
PHY_78, 5.52, 119.68, 0.000480863
PHY_80, 5.52, 119.68, 0.000480863
PHY_79, 194.12, 119.68, 0.000540691
PHY_81, 194.12, 119.68, 0.000540691
FILLER_0_40_77, 37.94, 119.68, 0.000506229
_1071_, 50.74, 119.68, 0.000531594
_1072_, 50.74, 119.68, 0.000531594
_1074_, 50.74, 119.68, 0.000531594
_1078_, 50.74, 119.68, 0.000531594
FILLER_0_40_97, 50.74, 119.68, 0.000531594
FILLER_0_40_112, 50.74, 119.68, 0.000531594
FILLER_0_41_105, 50.74, 119.68, 0.000531594
_0992_, 63.54, 119.68, 0.000555399
_1048_, 63.54, 119.68, 0.000555399
_1063_, 63.54, 119.68, 0.000555399
_1064_, 63.54, 119.68, 0.000555399
_1065_, 63.54, 119.68, 0.000555399
_1077_, 63.54, 119.68, 0.000555399
_1080_, 63.54, 119.68, 0.000555399
FILLER_0_40_131, 63.54, 119.68, 0.000555399
_0962_, 76.34, 119.68, 0.000568634
_0969_, 76.34, 119.68, 0.000568634
_0970_, 76.34, 119.68, 0.000568634
_1056_, 76.34, 119.68, 0.000568634
_1060_, 76.34, 119.68, 0.000568634
_1069_, 76.34, 119.68, 0.000568634
FILLER_0_41_156, 76.34, 119.68, 0.000568634
_0975_, 89.14, 119.68, 0.000579167
_0979_, 89.14, 119.68, 0.000579167
_0985_, 89.14, 119.68, 0.000579167
_0986_, 89.14, 119.68, 0.000579167
FILLER_0_39_169, 89.14, 119.68, 0.000579167
FILLER_0_40_190, 89.14, 119.68, 0.000579167
_0851_, 101.94, 119.68, 0.000588315
_0908_, 101.94, 119.68, 0.000588315
_0909_, 101.94, 119.68, 0.000588315
_0942_, 101.94, 119.68, 0.000588315
_0982_, 101.94, 119.68, 0.000588315
_1263_, 101.94, 119.68, 0.000588315
_1346_, 101.94, 119.68, 0.000588315
FILLER_0_40_197, 101.94, 119.68, 0.000588315
FILLER_0_41_214, 101.94, 119.68, 0.000588315
_1254_, 114.74, 119.68, 0.000590786
_1255_, 114.74, 119.68, 0.000590786
_1294_, 114.74, 119.68, 0.000590786
_1295_, 114.74, 119.68, 0.000590786
_1339_, 114.74, 119.68, 0.000590786
_1340_, 114.74, 119.68, 0.000590786
FILLER_0_39_225, 114.74, 119.68, 0.000590786
_1342_, 127.54, 119.68, 0.000590502
_1347_, 127.54, 119.68, 0.000590502
_1348_, 127.54, 119.68, 0.000590502
_1366_, 127.54, 119.68, 0.000590502
_1378_, 127.54, 119.68, 0.000590502
FILLER_0_40_253, 127.54, 119.68, 0.000590502
FILLER_0_40_267, 127.54, 119.68, 0.000590502
FILLER_0_41_267, 127.54, 119.68, 0.000590502
_0889_, 140.34, 119.68, 0.000588292
_1341_, 140.34, 119.68, 0.000588292
_1368_, 140.34, 119.68, 0.000588292
_1370_, 140.34, 119.68, 0.000588292
_1386_, 140.34, 119.68, 0.000588292
_1387_, 140.34, 119.68, 0.000588292
_1389_, 140.34, 119.68, 0.000588292
_1436_, 140.34, 119.68, 0.000588292
FILLER_0_40_305, 140.34, 119.68, 0.000588292
_1434_, 153.14, 119.68, 0.000580746
_1437_, 153.14, 119.68, 0.000580746
_1461_, 153.14, 119.68, 0.000580746
_1464_, 153.14, 119.68, 0.000580746
_1482_, 165.94, 119.68, 0.000562123
FILLER_0_40_355, 165.94, 119.68, 0.000562123
FILLER_0_39_385, 186.43, 119.68, 0.000540691
FILLER_0_40_401, 186.43, 119.68, 0.000540691
PHY_74, 5.52, 114.24, 0.000475202
PHY_76, 5.52, 114.24, 0.000475202
PHY_75, 194.12, 114.24, 0.0005368
PHY_77, 194.12, 114.24, 0.0005368
input15, 194.12, 114.24, 0.0005368
FILLER_0_38_77, 37.94, 114.24, 0.000504738
_1073_, 50.74, 114.24, 0.000534274
_1079_, 50.74, 114.24, 0.000534274
_1081_, 50.74, 114.24, 0.000534274
_1117_, 50.74, 114.24, 0.000534274
FILLER_0_38_85, 50.74, 114.24, 0.000534274
_1066_, 63.54, 114.24, 0.000556853
_1070_, 63.54, 114.24, 0.000556853
_1075_, 63.54, 114.24, 0.000556853
_1083_, 63.54, 114.24, 0.000556853
_1111_, 63.54, 114.24, 0.000556853
_1112_, 63.54, 114.24, 0.000556853
FILLER_0_37_113, 63.54, 114.24, 0.000556853
FILLER_0_38_124, 63.54, 114.24, 0.000556853
_1055_, 76.34, 114.24, 0.000572326
_1059_, 76.34, 114.24, 0.000572326
_1061_, 76.34, 114.24, 0.000572326
_1062_, 76.34, 114.24, 0.000572326
_1067_, 76.34, 114.24, 0.000572326
_1068_, 76.34, 114.24, 0.000572326
_1098_, 76.34, 114.24, 0.000572326
_1155_, 76.34, 114.24, 0.000572326
FILLER_0_37_150, 76.34, 114.24, 0.000572326
FILLER_0_38_155, 76.34, 114.24, 0.000572326
_0827_, 89.14, 114.24, 0.000583188
_0983_, 89.14, 114.24, 0.000583188
_1049_, 89.14, 114.24, 0.000583188
_1050_, 89.14, 114.24, 0.000583188
_1051_, 89.14, 114.24, 0.000583188
FILLER_0_37_169, 89.14, 114.24, 0.000583188
FILLER_0_38_176, 89.14, 114.24, 0.000583188
_0821_, 101.94, 114.24, 0.000591251
_0832_, 101.94, 114.24, 0.000591251
_0852_, 101.94, 114.24, 0.000591251
_0976_, 101.94, 114.24, 0.000591251
_0993_, 101.94, 114.24, 0.000591251
_1057_, 101.94, 114.24, 0.000591251
_1058_, 101.94, 114.24, 0.000591251
_0823_, 114.74, 114.24, 0.000592581
_0825_, 114.74, 114.24, 0.000592581
_0926_, 114.74, 114.24, 0.000592581
_1262_, 114.74, 114.24, 0.000592581
_1296_, 114.74, 114.24, 0.000592581
_1344_, 114.74, 114.24, 0.000592581
_1375_, 114.74, 114.24, 0.000592581
FILLER_0_37_236, 114.74, 114.24, 0.000592581
FILLER_0_38_227, 114.74, 114.24, 0.000592581
FILLER_0_38_243, 114.74, 114.24, 0.000592581
_0895_, 127.54, 114.24, 0.000589788
_1367_, 127.54, 114.24, 0.000589788
_1379_, 127.54, 114.24, 0.000589788
_1384_, 127.54, 114.24, 0.000589788
_1385_, 127.54, 114.24, 0.000589788
FILLER_0_38_262, 127.54, 114.24, 0.000589788
FILLER_0_38_274, 127.54, 114.24, 0.000589788
FILLER_0_39_276, 127.54, 114.24, 0.000589788
_1369_, 140.34, 114.24, 0.000583982
_1383_, 140.34, 114.24, 0.000583982
_1423_, 140.34, 114.24, 0.000583982
_1424_, 140.34, 114.24, 0.000583982
_1426_, 140.34, 114.24, 0.000583982
FILLER_0_37_281, 140.34, 114.24, 0.000583982
FILLER_0_37_291, 140.34, 114.24, 0.000583982
FILLER_0_38_290, 140.34, 114.24, 0.000583982
FILLER_0_39_305, 140.34, 114.24, 0.000583982
_1430_, 153.14, 114.24, 0.000574325
_1431_, 153.14, 114.24, 0.000574325
_1432_, 153.14, 114.24, 0.000574325
_1433_, 153.14, 114.24, 0.000574325
_1439_, 153.14, 114.24, 0.000574325
_1455_, 153.14, 114.24, 0.000574325
_1456_, 153.14, 114.24, 0.000574325
_1457_, 153.14, 114.24, 0.000574325
_1462_, 153.14, 114.24, 0.000574325
FILLER_0_37_310, 153.14, 114.24, 0.000574325
FILLER_0_37_385, 186.43, 114.24, 0.00053624
FILLER_0_37_393, 186.43, 114.24, 0.00053624
FILLER_0_38_401, 186.43, 114.24, 0.00053624
PHY_70, 5.52, 108.8, 0.000469096
PHY_72, 5.52, 108.8, 0.000469096
PHY_71, 194.12, 108.8, 0.000535759
PHY_73, 194.12, 108.8, 0.000535759
FILLER_0_36_77, 37.94, 108.8, 0.000504046
_1106_, 50.74, 108.8, 0.000538996
_1107_, 50.74, 108.8, 0.000538996
_1115_, 50.74, 108.8, 0.000538996
FILLER_0_35_96, 50.74, 108.8, 0.000538996
FILLER_0_37_105, 50.74, 108.8, 0.000538996
_1082_, 63.54, 108.8, 0.000570209
_1099_, 63.54, 108.8, 0.000570209
_1113_, 63.54, 108.8, 0.000570209
_1120_, 63.54, 108.8, 0.000570209
_1148_, 63.54, 108.8, 0.000570209
max_cap43, 63.54, 108.8, 0.000570209
FILLER_0_37_136, 63.54, 108.8, 0.000570209
_0833_, 76.34, 108.8, 0.000587234
_1105_, 76.34, 108.8, 0.000587234
FILLER_0_35_146, 76.34, 108.8, 0.000587234
FILLER_0_36_159, 76.34, 108.8, 0.000587234
FILLER_0_36_167, 76.34, 108.8, 0.000587234
FILLER_0_37_164, 76.34, 108.8, 0.000587234
_0984_, 89.14, 108.8, 0.000602922
_1052_, 89.14, 108.8, 0.000602922
_1053_, 89.14, 108.8, 0.000602922
_1054_, 89.14, 108.8, 0.000602922
_1084_, 89.14, 108.8, 0.000602922
_1085_, 89.14, 108.8, 0.000602922
FILLER_0_35_169, 89.14, 108.8, 0.000602922
_0820_, 101.94, 108.8, 0.000615661
_0843_, 101.94, 108.8, 0.000615661
_0960_, 101.94, 108.8, 0.000615661
_1324_, 101.94, 108.8, 0.000615661
_1402_, 101.94, 108.8, 0.000615661
_1403_, 101.94, 108.8, 0.000615661
FILLER_0_35_196, 101.94, 108.8, 0.000615661
FILLER_0_36_222, 101.94, 108.8, 0.000615661
_1374_, 114.74, 108.8, 0.000614105
_1376_, 114.74, 108.8, 0.000614105
_1377_, 114.74, 108.8, 0.000614105
_1416_, 114.74, 108.8, 0.000614105
_1566_, 114.74, 108.8, 0.000614105
FILLER_0_35_225, 114.74, 108.8, 0.000614105
FILLER_0_36_249, 114.74, 108.8, 0.000614105
_0822_, 127.54, 108.8, 0.000606094
_0824_, 127.54, 108.8, 0.000606094
_1381_, 127.54, 108.8, 0.000606094
_1382_, 127.54, 108.8, 0.000606094
_1425_, 127.54, 108.8, 0.000606094
_1427_, 127.54, 108.8, 0.000606094
FILLER_0_36_259, 127.54, 108.8, 0.000606094
FILLER_0_37_277, 127.54, 108.8, 0.000606094
_0927_, 140.34, 108.8, 0.000595132
_1428_, 140.34, 108.8, 0.000595132
_1429_, 140.34, 108.8, 0.000595132
_1441_, 140.34, 108.8, 0.000595132
FILLER_0_35_281, 140.34, 108.8, 0.000595132
FILLER_0_36_300, 140.34, 108.8, 0.000595132
_1454_, 153.14, 108.8, 0.000582717
_1458_, 153.14, 108.8, 0.000582717
_1459_, 153.14, 108.8, 0.000582717
_1472_, 153.14, 108.8, 0.000582717
FILLER_0_36_309, 153.14, 108.8, 0.000582717
FILLER_0_36_317, 153.14, 108.8, 0.000582717
_1460_, 165.94, 108.8, 0.000562591
_1483_, 165.94, 108.8, 0.000562591
FILLER_0_36_357, 165.94, 108.8, 0.000562591
FILLER_0_35_389, 186.43, 108.8, 0.000535759
FILLER_0_36_401, 186.43, 108.8, 0.000535759
PHY_66, 5.52, 103.36, 0.000472308
PHY_68, 5.52, 103.36, 0.000472308
input13, 5.52, 103.36, 0.000472308
PHY_67, 194.12, 103.36, 0.000544162
PHY_69, 194.12, 103.36, 0.000544162
FILLER_0_34_77, 37.94, 103.36, 0.000522354
FILLER_0_35_81, 37.94, 103.36, 0.000522354
_1108_, 50.74, 103.36, 0.000573895
_1110_, 50.74, 103.36, 0.000573895
_1114_, 50.74, 103.36, 0.000573895
_1116_, 50.74, 103.36, 0.000573895
_1119_, 50.74, 103.36, 0.000573895
_1152_, 50.74, 103.36, 0.000573895
FILLER_0_33_93, 50.74, 103.36, 0.000573895
_1100_, 63.54, 103.36, 0.000616642
_1118_, 63.54, 103.36, 0.000616642
_1121_, 63.54, 103.36, 0.000616642
_1122_, 63.54, 103.36, 0.000616642
max_cap40, 63.54, 103.36, 0.000616642
_1091_, 76.34, 103.36, 0.000644243
_1094_, 76.34, 103.36, 0.000644243
_1095_, 76.34, 103.36, 0.000644243
_1097_, 76.34, 103.36, 0.000644243
_1104_, 76.34, 103.36, 0.000644243
_1132_, 76.34, 103.36, 0.000644243
_1133_, 76.34, 103.36, 0.000644243
_1134_, 76.34, 103.36, 0.000644243
FILLER_0_34_149, 76.34, 103.36, 0.000644243
_0964_, 89.14, 103.36, 0.00066764
_1089_, 89.14, 103.36, 0.00066764
_1090_, 89.14, 103.36, 0.00066764
_1092_, 89.14, 103.36, 0.00066764
_1093_, 89.14, 103.36, 0.00066764
_1096_, 89.14, 103.36, 0.00066764
FILLER_0_33_169, 89.14, 103.36, 0.00066764
FILLER_0_34_192, 89.14, 103.36, 0.00066764
FILLER_0_35_182, 89.14, 103.36, 0.00066764
_0834_, 101.94, 103.36, 0.00068762
_1320_, 101.94, 103.36, 0.00068762
_1325_, 101.94, 103.36, 0.00068762
_1532_, 101.94, 103.36, 0.00068762
_1533_, 101.94, 103.36, 0.00068762
_1534_, 101.94, 103.36, 0.00068762
_1535_, 101.94, 103.36, 0.00068762
_1537_, 101.94, 103.36, 0.00068762
FILLER_0_33_198, 101.94, 103.36, 0.00068762
FILLER_0_34_197, 101.94, 103.36, 0.00068762
FILLER_0_35_221, 101.94, 103.36, 0.00068762
_0828_, 114.74, 103.36, 0.000678355
_1191_, 114.74, 103.36, 0.000678355
_1380_, 114.74, 103.36, 0.000678355
_1400_, 114.74, 103.36, 0.000678355
_1404_, 114.74, 103.36, 0.000678355
FILLER_0_33_225, 114.74, 103.36, 0.000678355
FILLER_0_34_236, 114.74, 103.36, 0.000678355
FILLER_0_34_249, 114.74, 103.36, 0.000678355
FILLER_0_35_248, 114.74, 103.36, 0.000678355
_1411_, 127.54, 103.36, 0.000662644
_1412_, 127.54, 103.36, 0.000662644
_1413_, 127.54, 103.36, 0.000662644
_1414_, 127.54, 103.36, 0.000662644
_1422_, 127.54, 103.36, 0.000662644
_1440_, 127.54, 103.36, 0.000662644
FILLER_0_34_253, 127.54, 103.36, 0.000662644
FILLER_0_35_277, 127.54, 103.36, 0.000662644
_0890_, 140.34, 103.36, 0.00064366
_0931_, 140.34, 103.36, 0.00064366
_1442_, 140.34, 103.36, 0.00064366
_1443_, 140.34, 103.36, 0.00064366
_1444_, 140.34, 103.36, 0.00064366
_1445_, 140.34, 103.36, 0.00064366
FILLER_0_34_296, 140.34, 103.36, 0.00064366
FILLER_0_35_300, 140.34, 103.36, 0.00064366
_1453_, 153.14, 103.36, 0.00062288
_1525_, 153.14, 103.36, 0.00062288
_1567_, 153.14, 103.36, 0.00062288
FILLER_0_33_317, 153.14, 103.36, 0.00062288
FILLER_0_34_328, 153.14, 103.36, 0.00062288
FILLER_0_35_331, 153.14, 103.36, 0.00062288
_1524_, 165.94, 103.36, 0.000589869
_1527_, 165.94, 103.36, 0.000589869
_1528_, 165.94, 103.36, 0.000589869
_1529_, 165.94, 103.36, 0.000589869
FILLER_0_34_358, 165.94, 103.36, 0.000589869
FILLER_0_33_389, 186.43, 103.36, 0.000544162
FILLER_0_34_401, 186.43, 103.36, 0.000544162
PHY_62, 5.52, 97.92, 0.000448931
PHY_64, 5.52, 97.92, 0.000448931
PHY_63, 194.12, 97.92, 0.000525774
PHY_65, 194.12, 97.92, 0.000525774
FILLER_0_32_77, 37.94, 97.92, 0.00049204
_1109_, 50.74, 97.92, 0.000535149
_1538_, 50.74, 97.92, 0.000535149
FILLER_0_32_109, 50.74, 97.92, 0.000535149
FILLER_0_33_105, 50.74, 97.92, 0.000535149
_1123_, 63.54, 97.92, 0.000575474
_1187_, 63.54, 97.92, 0.000575474
_1539_, 63.54, 97.92, 0.000575474
_1540_, 63.54, 97.92, 0.000575474
_1542_, 63.54, 97.92, 0.000575474
FILLER_0_32_137, 63.54, 97.92, 0.000575474
FILLER_0_33_129, 63.54, 97.92, 0.000575474
_1135_, 76.34, 97.92, 0.00059092
_1138_, 76.34, 97.92, 0.00059092
_1142_, 76.34, 97.92, 0.00059092
_1156_, 76.34, 97.92, 0.00059092
FILLER_0_32_160, 76.34, 97.92, 0.00059092
_0959_, 89.14, 97.92, 0.000603893
_1086_, 89.14, 97.92, 0.000603893
_1087_, 89.14, 97.92, 0.000603893
_1088_, 89.14, 97.92, 0.000603893
_1124_, 89.14, 97.92, 0.000603893
_1125_, 89.14, 97.92, 0.000603893
_1126_, 89.14, 97.92, 0.000603893
_1130_, 89.14, 97.92, 0.000603893
FILLER_0_32_190, 89.14, 97.92, 0.000603893
_1166_, 101.94, 97.92, 0.000612729
_1210_, 101.94, 97.92, 0.000612729
_1401_, 101.94, 97.92, 0.000612729
_1536_, 101.94, 97.92, 0.000612729
_1543_, 101.94, 97.92, 0.000612729
FILLER_0_33_221, 101.94, 97.92, 0.000612729
_0943_, 114.74, 97.92, 0.000609852
_1410_, 114.74, 97.92, 0.000609852
_1415_, 114.74, 97.92, 0.000609852
_1419_, 114.74, 97.92, 0.000609852
_1420_, 114.74, 97.92, 0.000609852
FILLER_0_31_225, 114.74, 97.92, 0.000609852
FILLER_0_31_235, 114.74, 97.92, 0.000609852
_0928_, 127.54, 97.92, 0.00060478
_0929_, 127.54, 97.92, 0.00060478
_1421_, 127.54, 97.92, 0.00060478
_1449_, 127.54, 97.92, 0.00060478
FILLER_0_32_277, 127.54, 97.92, 0.00060478
_0932_, 140.34, 97.92, 0.000597741
_1446_, 140.34, 97.92, 0.000597741
_1450_, 140.34, 97.92, 0.000597741
_1451_, 140.34, 97.92, 0.000597741
_1452_, 140.34, 97.92, 0.000597741
_1466_, 140.34, 97.92, 0.000597741
FILLER_0_31_281, 140.34, 97.92, 0.000597741
FILLER_0_32_301, 140.34, 97.92, 0.000597741
FILLER_0_33_295, 140.34, 97.92, 0.000597741
_1469_, 153.14, 97.92, 0.000586494
_1526_, 153.14, 97.92, 0.000586494
_1530_, 153.14, 97.92, 0.000586494
_1531_, 153.14, 97.92, 0.000586494
_1581_, 153.14, 97.92, 0.000586494
FILLER_0_32_317, 153.14, 97.92, 0.000586494
_1465_, 165.94, 97.92, 0.000558879
_1481_, 165.94, 97.92, 0.000558879
_1514_, 165.94, 97.92, 0.000558879
FILLER_0_31_385, 186.43, 97.92, 0.000525774
FILLER_0_32_401, 186.43, 97.92, 0.000525774
PHY_58, 5.52, 92.48, 0.000430692
PHY_60, 5.52, 92.48, 0.000430692
PHY_59, 194.12, 92.48, 0.000516414
PHY_61, 194.12, 92.48, 0.000516414
output37, 194.12, 92.48, 0.000516414
FILLER_0_30_77, 37.94, 92.48, 0.0004717
_1185_, 50.74, 92.48, 0.000512707
_1186_, 50.74, 92.48, 0.000512707
_1188_, 50.74, 92.48, 0.000512707
FILLER_0_29_93, 50.74, 92.48, 0.000512707
FILLER_0_31_105, 50.74, 92.48, 0.000512707
_1250_, 63.54, 92.48, 0.000542122
_1541_, 63.54, 92.48, 0.000542122
_1546_, 63.54, 92.48, 0.000542122
_1547_, 63.54, 92.48, 0.000542122
FILLER_0_29_113, 63.54, 92.48, 0.000542122
FILLER_0_30_132, 63.54, 92.48, 0.000542122
_1131_, 76.34, 92.48, 0.000556882
_1136_, 76.34, 92.48, 0.000556882
_1137_, 76.34, 92.48, 0.000556882
_1140_, 76.34, 92.48, 0.000556882
_1162_, 76.34, 92.48, 0.000556882
_1174_, 76.34, 92.48, 0.000556882
FILLER_0_30_141, 76.34, 92.48, 0.000556882
FILLER_0_30_161, 76.34, 92.48, 0.000556882
_1127_, 89.14, 92.48, 0.000567135
_1128_, 89.14, 92.48, 0.000567135
_1129_, 89.14, 92.48, 0.000567135
_1163_, 89.14, 92.48, 0.000567135
_1164_, 89.14, 92.48, 0.000567135
_1165_, 89.14, 92.48, 0.000567135
_1169_, 89.14, 92.48, 0.000567135
_1172_, 89.14, 92.48, 0.000567135
FILLER_0_29_169, 89.14, 92.48, 0.000567135
FILLER_0_30_169, 89.14, 92.48, 0.000567135
_1167_, 101.94, 92.48, 0.000574005
_1197_, 101.94, 92.48, 0.000574005
_1199_, 101.94, 92.48, 0.000574005
FILLER_0_29_209, 101.94, 92.48, 0.000574005
FILLER_0_31_219, 101.94, 92.48, 0.000574005
_0830_, 114.74, 92.48, 0.000579493
_0910_, 114.74, 92.48, 0.000579493
_0944_, 114.74, 92.48, 0.000579493
_0945_, 114.74, 92.48, 0.000579493
_0946_, 114.74, 92.48, 0.000579493
_1417_, 114.74, 92.48, 0.000579493
_1418_, 114.74, 92.48, 0.000579493
_1588_, 114.74, 92.48, 0.000579493
FILLER_0_29_234, 114.74, 92.48, 0.000579493
FILLER_0_30_230, 114.74, 92.48, 0.000579493
FILLER_0_31_248, 114.74, 92.48, 0.000579493
_0930_, 127.54, 92.48, 0.000579734
_0939_, 127.54, 92.48, 0.000579734
_0940_, 127.54, 92.48, 0.000579734
_0941_, 127.54, 92.48, 0.000579734
_0948_, 127.54, 92.48, 0.000579734
_1447_, 127.54, 92.48, 0.000579734
FILLER_0_30_253, 127.54, 92.48, 0.000579734
_0933_, 140.34, 92.48, 0.0005769
_0934_, 140.34, 92.48, 0.0005769
_0935_, 140.34, 92.48, 0.0005769
_0936_, 140.34, 92.48, 0.0005769
_0950_, 140.34, 92.48, 0.0005769
_0951_, 140.34, 92.48, 0.0005769
_1448_, 140.34, 92.48, 0.0005769
FILLER_0_30_304, 140.34, 92.48, 0.0005769
_1468_, 153.14, 92.48, 0.000570369
_1470_, 153.14, 92.48, 0.000570369
_1471_, 153.14, 92.48, 0.000570369
_1473_, 153.14, 92.48, 0.000570369
_1475_, 153.14, 92.48, 0.000570369
_1476_, 153.14, 92.48, 0.000570369
_1479_, 153.14, 92.48, 0.000570369
_1485_, 153.14, 92.48, 0.000570369
FILLER_0_31_333, 153.14, 92.48, 0.000570369
_1480_, 165.94, 92.48, 0.000549856
_1515_, 165.94, 92.48, 0.000549856
_1522_, 165.94, 92.48, 0.000549856
_1523_, 165.94, 92.48, 0.000549856
FILLER_0_29_387, 186.43, 92.48, 0.000516311
PHY_54, 5.52, 87.04, 0.00040292
PHY_56, 5.52, 87.04, 0.00040292
PHY_55, 194.12, 87.04, 0.000494521
PHY_57, 194.12, 87.04, 0.000494521
FILLER_0_28_77, 37.94, 87.04, 0.000432143
_1151_, 50.74, 87.04, 0.000461366
_1153_, 50.74, 87.04, 0.000461366
_1154_, 50.74, 87.04, 0.000461366
FILLER_0_28_97, 50.74, 87.04, 0.000461366
FILLER_0_29_109, 50.74, 87.04, 0.000461366
_1139_, 63.54, 87.04, 0.000486429
_1147_, 63.54, 87.04, 0.000486429
_1149_, 63.54, 87.04, 0.000486429
_1150_, 63.54, 87.04, 0.000486429
_1189_, 63.54, 87.04, 0.000486429
_1545_, 63.54, 87.04, 0.000486429
FILLER_0_27_121, 63.54, 87.04, 0.000486429
_1103_, 76.34, 87.04, 0.000501416
_1143_, 76.34, 87.04, 0.000501416
_1157_, 76.34, 87.04, 0.000501416
_1170_, 76.34, 87.04, 0.000501416
_1171_, 76.34, 87.04, 0.000501416
FILLER_0_28_153, 76.34, 87.04, 0.000501416
FILLER_0_29_154, 76.34, 87.04, 0.000501416
FILLER_0_29_165, 76.34, 87.04, 0.000501416
_1168_, 89.14, 87.04, 0.000514393
_1173_, 89.14, 87.04, 0.000514393
_1196_, 89.14, 87.04, 0.000514393
_1205_, 89.14, 87.04, 0.000514393
FILLER_0_28_189, 89.14, 87.04, 0.000514393
FILLER_0_29_185, 89.14, 87.04, 0.000514393
_0840_, 101.94, 87.04, 0.000524909
_1198_, 101.94, 87.04, 0.000524909
_1203_, 101.94, 87.04, 0.000524909
_1548_, 101.94, 87.04, 0.000524909
_1587_, 101.94, 87.04, 0.000524909
_1597_, 101.94, 87.04, 0.000524909
FILLER_0_28_197, 101.94, 87.04, 0.000524909
FILLER_0_28_206, 101.94, 87.04, 0.000524909
FILLER_0_28_223, 101.94, 87.04, 0.000524909
_0831_, 114.74, 87.04, 0.000529712
_0911_, 114.74, 87.04, 0.000529712
_0949_, 114.74, 87.04, 0.000529712
_1565_, 114.74, 87.04, 0.000529712
_1594_, 114.74, 87.04, 0.000529712
_1596_, 114.74, 87.04, 0.000529712
FILLER_0_27_234, 114.74, 87.04, 0.000529712
FILLER_0_28_233, 114.74, 87.04, 0.000529712
_0893_, 127.54, 87.04, 0.000531017
_0894_, 127.54, 87.04, 0.000531017
_0947_, 127.54, 87.04, 0.000531017
FILLER_0_29_271, 127.54, 87.04, 0.000531017
_0952_, 140.34, 87.04, 0.000531284
_0953_, 140.34, 87.04, 0.000531284
_0954_, 140.34, 87.04, 0.000531284
_1467_, 140.34, 87.04, 0.000531284
FILLER_0_28_282, 140.34, 87.04, 0.000531284
FILLER_0_28_299, 140.34, 87.04, 0.000531284
FILLER_0_29_298, 140.34, 87.04, 0.000531284
_1477_, 153.14, 87.04, 0.000527325
_1516_, 153.14, 87.04, 0.000527325
_1582_, 153.14, 87.04, 0.000527325
_1598_, 153.14, 87.04, 0.000527325
FILLER_0_27_313, 153.14, 87.04, 0.000527325
FILLER_0_28_309, 153.14, 87.04, 0.000527325
FILLER_0_28_317, 153.14, 87.04, 0.000527325
FILLER_0_28_327, 153.14, 87.04, 0.000527325
FILLER_0_29_328, 153.14, 87.04, 0.000527325
_1478_, 165.94, 87.04, 0.000515624
_1484_, 165.94, 87.04, 0.000515624
_1486_, 165.94, 87.04, 0.000515624
_1517_, 165.94, 87.04, 0.000515624
_1518_, 165.94, 87.04, 0.000515624
FILLER_0_28_361, 165.94, 87.04, 0.000515624
FILLER_0_28_401, 186.43, 87.04, 0.000494521
PHY_50, 5.52, 81.6, 0.000391128
PHY_52, 5.52, 81.6, 0.000391128
input26, 5.52, 81.6, 0.000391128
PHY_51, 194.12, 81.6, 0.000482122
PHY_53, 194.12, 81.6, 0.000482122
FILLER_0_26_77, 37.94, 81.6, 0.000426026
_1184_, 50.74, 81.6, 0.000462555
_1190_, 50.74, 81.6, 0.000462555
FILLER_0_26_97, 50.74, 81.6, 0.000462555
_1144_, 63.54, 81.6, 0.000491127
_1145_, 63.54, 81.6, 0.000491127
_1146_, 63.54, 81.6, 0.000491127
_1160_, 63.54, 81.6, 0.000491127
_1161_, 63.54, 81.6, 0.000491127
_1544_, 63.54, 81.6, 0.000491127
_1562_, 63.54, 81.6, 0.000491127
_1563_, 63.54, 81.6, 0.000491127
FILLER_0_27_128, 63.54, 81.6, 0.000491127
_0841_, 76.34, 81.6, 0.000509449
_1141_, 76.34, 81.6, 0.000509449
_1158_, 76.34, 81.6, 0.000509449
_1175_, 76.34, 81.6, 0.000509449
_1180_, 76.34, 81.6, 0.000509449
_1193_, 76.34, 81.6, 0.000509449
FILLER_0_26_146, 76.34, 81.6, 0.000509449
FILLER_0_26_165, 76.34, 81.6, 0.000509449
_1195_, 89.14, 81.6, 0.000524598
_1202_, 89.14, 81.6, 0.000524598
_1204_, 89.14, 81.6, 0.000524598
_1206_, 89.14, 81.6, 0.000524598
_1207_, 89.14, 81.6, 0.000524598
_1208_, 89.14, 81.6, 0.000524598
_1222_, 89.14, 81.6, 0.000524598
_1237_, 89.14, 81.6, 0.000524598
FILLER_0_25_169, 89.14, 81.6, 0.000524598
FILLER_0_26_182, 89.14, 81.6, 0.000524598
FILLER_0_27_183, 89.14, 81.6, 0.000524598
_0973_, 101.94, 81.6, 0.000532902
_1192_, 101.94, 81.6, 0.000532902
_1194_, 101.94, 81.6, 0.000532902
_1201_, 101.94, 81.6, 0.000532902
_1564_, 101.94, 81.6, 0.000532902
_1586_, 101.94, 81.6, 0.000532902
FILLER_0_25_199, 101.94, 81.6, 0.000532902
FILLER_0_27_216, 101.94, 81.6, 0.000532902
_0826_, 114.74, 81.6, 0.000536352
_0835_, 114.74, 81.6, 0.000536352
_0855_, 114.74, 81.6, 0.000536352
_0912_, 114.74, 81.6, 0.000536352
_0913_, 114.74, 81.6, 0.000536352
FILLER_0_25_225, 114.74, 81.6, 0.000536352
FILLER_0_26_236, 114.74, 81.6, 0.000536352
FILLER_0_27_249, 114.74, 81.6, 0.000536352
_0892_, 127.54, 81.6, 0.000536481
_0896_, 127.54, 81.6, 0.000536481
_0898_, 127.54, 81.6, 0.000536481
_0904_, 127.54, 81.6, 0.000536481
_0905_, 127.54, 81.6, 0.000536481
_0906_, 127.54, 81.6, 0.000536481
_0938_, 127.54, 81.6, 0.000536481
FILLER_0_25_261, 127.54, 81.6, 0.000536481
FILLER_0_26_253, 127.54, 81.6, 0.000536481
FILLER_0_27_277, 127.54, 81.6, 0.000536481
_0897_, 140.34, 81.6, 0.00053317
_0899_, 140.34, 81.6, 0.00053317
_0900_, 140.34, 81.6, 0.00053317
_0901_, 140.34, 81.6, 0.00053317
_0937_, 140.34, 81.6, 0.00053317
_0955_, 140.34, 81.6, 0.00053317
_1474_, 140.34, 81.6, 0.00053317
FILLER_0_26_291, 140.34, 81.6, 0.00053317
_0956_, 153.14, 81.6, 0.000522498
_0957_, 153.14, 81.6, 0.000522498
_1521_, 153.14, 81.6, 0.000522498
_1568_, 153.14, 81.6, 0.000522498
_1580_, 153.14, 81.6, 0.000522498
FILLER_0_25_316, 153.14, 81.6, 0.000522498
_1489_, 165.94, 81.6, 0.000503686
FILLER_0_26_361, 165.94, 81.6, 0.000503686
FILLER_0_25_389, 186.43, 81.6, 0.000482122
FILLER_0_26_401, 186.43, 81.6, 0.000482122
PHY_46, 5.52, 76.16, 0.000358696
PHY_48, 5.52, 76.16, 0.000358696
PHY_47, 194.12, 76.16, 0.000461812
PHY_49, 194.12, 76.16, 0.000461812
FILLER_0_24_77, 37.94, 76.16, 0.000384725
FILLER_0_25_105, 50.74, 76.16, 0.000410754
_1181_, 63.54, 76.16, 0.000436784
_1183_, 63.54, 76.16, 0.000436784
FILLER_0_23_125, 63.54, 76.16, 0.000436784
FILLER_0_25_137, 63.54, 76.16, 0.000436784
_1159_, 76.34, 76.16, 0.000458097
_1176_, 76.34, 76.16, 0.000458097
_1177_, 76.34, 76.16, 0.000458097
_1178_, 76.34, 76.16, 0.000458097
_1179_, 76.34, 76.16, 0.000458097
_1238_, 76.34, 76.16, 0.000458097
FILLER_0_23_143, 76.34, 76.16, 0.000458097
FILLER_0_23_153, 76.34, 76.16, 0.000458097
FILLER_0_24_164, 76.34, 76.16, 0.000458097
FILLER_0_25_159, 76.34, 76.16, 0.000458097
_1209_, 89.14, 76.16, 0.000475707
_1223_, 89.14, 76.16, 0.000475707
_1240_, 89.14, 76.16, 0.000475707
_1247_, 89.14, 76.16, 0.000475707
_1549_, 89.14, 76.16, 0.000475707
FILLER_0_23_177, 89.14, 76.16, 0.000475707
FILLER_0_24_186, 89.14, 76.16, 0.000475707
_1200_, 101.94, 76.16, 0.000483461
_1211_, 101.94, 76.16, 0.000483461
_1212_, 101.94, 76.16, 0.000483461
_1550_, 101.94, 76.16, 0.000483461
FILLER_0_23_197, 101.94, 76.16, 0.000483461
_0836_, 114.74, 76.16, 0.000488556
_0837_, 114.74, 76.16, 0.000488556
_0850_, 114.74, 76.16, 0.000488556
_0853_, 114.74, 76.16, 0.000488556
_0856_, 114.74, 76.16, 0.000488556
_0857_, 114.74, 76.16, 0.000488556
_0907_, 114.74, 76.16, 0.000488556
_1603_, 114.74, 76.16, 0.000488556
_0854_, 127.54, 76.16, 0.000490598
_0858_, 127.54, 76.16, 0.000490598
_0914_, 127.54, 76.16, 0.000490598
FILLER_0_23_261, 127.54, 76.16, 0.000490598
FILLER_0_24_276, 127.54, 76.16, 0.000490598
FILLER_0_25_267, 127.54, 76.16, 0.000490598
_0902_, 140.34, 76.16, 0.000491316
_0915_, 140.34, 76.16, 0.000491316
_0916_, 140.34, 76.16, 0.000491316
_0917_, 140.34, 76.16, 0.000491316
FILLER_0_23_293, 140.34, 76.16, 0.000491316
_0925_, 153.14, 76.16, 0.00048826
_0958_, 153.14, 76.16, 0.00048826
_1487_, 153.14, 76.16, 0.00048826
_1488_, 153.14, 76.16, 0.00048826
_1519_, 153.14, 76.16, 0.00048826
_1520_, 153.14, 76.16, 0.00048826
_1583_, 153.14, 76.16, 0.00048826
FILLER_0_23_312, 153.14, 76.16, 0.00048826
FILLER_0_24_309, 153.14, 76.16, 0.00048826
FILLER_0_24_317, 153.14, 76.16, 0.00048826
FILLER_0_24_361, 165.94, 76.16, 0.000475036
FILLER_0_23_385, 186.43, 76.16, 0.000461812
FILLER_0_24_401, 186.43, 76.16, 0.000461812
PHY_42, 5.52, 70.72, 0.00034575
PHY_44, 5.52, 70.72, 0.00034575
PHY_43, 194.12, 70.72, 0.000459467
PHY_45, 194.12, 70.72, 0.000459467
FILLER_0_22_77, 37.94, 70.72, 0.000384662
FILLER_0_23_105, 50.74, 70.72, 0.000423574
_1182_, 63.54, 70.72, 0.000462485
_1244_, 63.54, 70.72, 0.000462485
_1245_, 63.54, 70.72, 0.000462485
_1643_, 63.54, 70.72, 0.000462485
FILLER_0_22_137, 63.54, 70.72, 0.000462485
_1101_, 76.34, 70.72, 0.000489424
_1239_, 76.34, 70.72, 0.000489424
FILLER_0_21_144, 76.34, 70.72, 0.000489424
FILLER_0_22_165, 76.34, 70.72, 0.000489424
_1242_, 89.14, 70.72, 0.000514162
_1246_, 89.14, 70.72, 0.000514162
_1248_, 89.14, 70.72, 0.000514162
_1249_, 89.14, 70.72, 0.000514162
max_cap41, 89.14, 70.72, 0.000514162
max_cap42, 89.14, 70.72, 0.000514162
FILLER_0_21_169, 89.14, 70.72, 0.000514162
FILLER_0_22_189, 89.14, 70.72, 0.000514162
_1214_, 101.94, 70.72, 0.000530856
_1589_, 101.94, 70.72, 0.000530856
_1591_, 101.94, 70.72, 0.000530856
_1592_, 101.94, 70.72, 0.000530856
_1593_, 101.94, 70.72, 0.000530856
_1604_, 101.94, 70.72, 0.000530856
_1641_, 101.94, 70.72, 0.000530856
FILLER_0_22_201, 101.94, 70.72, 0.000530856
FILLER_0_22_213, 101.94, 70.72, 0.000530856
FILLER_0_23_217, 101.94, 70.72, 0.000530856
_0838_, 114.74, 70.72, 0.000536159
_0860_, 114.74, 70.72, 0.000536159
_0863_, 114.74, 70.72, 0.000536159
_1648_, 114.74, 70.72, 0.000536159
FILLER_0_22_240, 114.74, 70.72, 0.000536159
_0839_, 127.54, 70.72, 0.000533288
_0859_, 127.54, 70.72, 0.000533288
_0861_, 127.54, 70.72, 0.000533288
_0862_, 127.54, 70.72, 0.000533288
_0864_, 127.54, 70.72, 0.000533288
_0873_, 127.54, 70.72, 0.000533288
_0903_, 127.54, 70.72, 0.000533288
FILLER_0_21_257, 127.54, 70.72, 0.000533288
FILLER_0_23_275, 127.54, 70.72, 0.000533288
_0869_, 140.34, 70.72, 0.000526873
_0870_, 140.34, 70.72, 0.000526873
_0919_, 140.34, 70.72, 0.000526873
_0920_, 140.34, 70.72, 0.000526873
_0921_, 140.34, 70.72, 0.000526873
_0924_, 140.34, 70.72, 0.000526873
FILLER_0_22_285, 140.34, 70.72, 0.000526873
FILLER_0_22_305, 140.34, 70.72, 0.000526873
_0922_, 153.14, 70.72, 0.000515085
_0923_, 153.14, 70.72, 0.000515085
_1490_, 153.14, 70.72, 0.000515085
_1491_, 153.14, 70.72, 0.000515085
_1492_, 153.14, 70.72, 0.000515085
_1509_, 153.14, 70.72, 0.000515085
_1511_, 153.14, 70.72, 0.000515085
_1512_, 153.14, 70.72, 0.000515085
_1569_, 153.14, 70.72, 0.000515085
_1599_, 153.14, 70.72, 0.000515085
FILLER_0_22_314, 153.14, 70.72, 0.000515085
_1584_, 165.94, 70.72, 0.00048815
FILLER_0_22_355, 165.94, 70.72, 0.00048815
FILLER_0_21_388, 186.43, 70.72, 0.000459467
FILLER_0_21_393, 186.43, 70.72, 0.000459467
FILLER_0_22_401, 186.43, 70.72, 0.000459467
PHY_38, 5.52, 65.28, 0.000316581
PHY_40, 5.52, 65.28, 0.000316581
input1, 5.52, 65.28, 0.000316581
PHY_39, 194.12, 65.28, 0.000445118
PHY_41, 194.12, 65.28, 0.000445118
FILLER_0_20_19, 15.33, 65.28, 0.000315778
FILLER_0_20_77, 37.94, 65.28, 0.00034529
FILLER_0_20_109, 50.74, 65.28, 0.000375606
FILLER_0_21_105, 50.74, 65.28, 0.000375606
_1102_, 63.54, 65.28, 0.000405921
_1613_, 63.54, 65.28, 0.000405921
_1614_, 63.54, 65.28, 0.000405921
FILLER_0_19_125, 63.54, 65.28, 0.000405921
FILLER_0_20_132, 63.54, 65.28, 0.000405921
FILLER_0_21_134, 63.54, 65.28, 0.000405921
_1213_, 76.34, 65.28, 0.000434514
_1218_, 76.34, 65.28, 0.000434514
_1219_, 76.34, 65.28, 0.000434514
_1228_, 76.34, 65.28, 0.000434514
_1230_, 76.34, 65.28, 0.000434514
_1556_, 76.34, 65.28, 0.000434514
_1558_, 76.34, 65.28, 0.000434514
_1605_, 76.34, 65.28, 0.000434514
FILLER_0_20_154, 76.34, 65.28, 0.000434514
_1215_, 89.14, 65.28, 0.000460192
_1224_, 89.14, 65.28, 0.000460192
_1233_, 89.14, 65.28, 0.000460192
_1241_, 89.14, 65.28, 0.000460192
_1243_, 89.14, 65.28, 0.000460192
FILLER_0_20_187, 89.14, 65.28, 0.000460192
_1216_, 101.94, 65.28, 0.000479218
_1217_, 101.94, 65.28, 0.000479218
_1221_, 101.94, 65.28, 0.000479218
_1590_, 101.94, 65.28, 0.000479218
_1636_, 101.94, 65.28, 0.000479218
_0844_, 114.74, 65.28, 0.000494851
_0865_, 114.74, 65.28, 0.000494851
_0875_, 114.74, 65.28, 0.000494851
_1600_, 114.74, 65.28, 0.000494851
_1637_, 114.74, 65.28, 0.000494851
max_cap38, 114.74, 65.28, 0.000494851
FILLER_0_20_230, 114.74, 65.28, 0.000494851
FILLER_0_20_236, 114.74, 65.28, 0.000494851
_0846_, 127.54, 65.28, 0.000499354
_0847_, 127.54, 65.28, 0.000499354
_0849_, 127.54, 65.28, 0.000499354
_0866_, 127.54, 65.28, 0.000499354
_0867_, 127.54, 65.28, 0.000499354
_0868_, 127.54, 65.28, 0.000499354
_0872_, 127.54, 65.28, 0.000499354
FILLER_0_20_253, 127.54, 65.28, 0.000499354
FILLER_0_20_259, 127.54, 65.28, 0.000499354
_0871_, 140.34, 65.28, 0.000499945
_0885_, 140.34, 65.28, 0.000499945
_0886_, 140.34, 65.28, 0.000499945
_0918_, 140.34, 65.28, 0.000499945
FILLER_0_19_293, 140.34, 65.28, 0.000499945
FILLER_0_21_300, 140.34, 65.28, 0.000499945
_1508_, 153.14, 65.28, 0.000496341
_1510_, 153.14, 65.28, 0.000496341
_1513_, 153.14, 65.28, 0.000496341
_1576_, 153.14, 65.28, 0.000496341
_1579_, 153.14, 65.28, 0.000496341
_1585_, 153.14, 65.28, 0.000496341
FILLER_0_19_308, 153.14, 65.28, 0.000496341
FILLER_0_20_309, 153.14, 65.28, 0.000496341
FILLER_0_20_361, 165.94, 65.28, 0.000470014
output32, 186.43, 65.28, 0.000445118
FILLER_0_19_385, 186.43, 65.28, 0.000445118
FILLER_0_20_401, 186.43, 65.28, 0.000445118
PHY_34, 5.52, 59.84, 0.000302918
PHY_36, 5.52, 59.84, 0.000302918
PHY_35, 194.12, 59.84, 0.000423302
PHY_37, 194.12, 59.84, 0.000423302
FILLER_0_18_77, 37.94, 59.84, 0.000352615
_1642_, 50.74, 59.84, 0.000402312
FILLER_0_19_105, 50.74, 59.84, 0.000402312
_1557_, 63.54, 59.84, 0.000445413
_1606_, 63.54, 59.84, 0.000445413
_1607_, 63.54, 59.84, 0.000445413
_1608_, 63.54, 59.84, 0.000445413
_1609_, 63.54, 59.84, 0.000445413
_1612_, 63.54, 59.84, 0.000445413
FILLER_0_18_130, 63.54, 59.84, 0.000445413
_1220_, 76.34, 59.84, 0.000486064
_1227_, 76.34, 59.84, 0.000486064
_1229_, 76.34, 59.84, 0.000486064
_1553_, 76.34, 59.84, 0.000486064
_1555_, 76.34, 59.84, 0.000486064
_1610_, 76.34, 59.84, 0.000486064
_1611_, 76.34, 59.84, 0.000486064
_1615_, 76.34, 59.84, 0.000486064
_1617_, 76.34, 59.84, 0.000486064
FILLER_0_18_153, 76.34, 59.84, 0.000486064
FILLER_0_18_163, 76.34, 59.84, 0.000486064
FILLER_0_19_158, 76.34, 59.84, 0.000486064
_1226_, 89.14, 59.84, 0.000523928
_1231_, 89.14, 59.84, 0.000523928
_1235_, 89.14, 59.84, 0.000523928
_1552_, 89.14, 59.84, 0.000523928
clkbuf_0_clk, 89.14, 59.84, 0.000523928
FILLER_0_17_174, 89.14, 59.84, 0.000523928
FILLER_0_18_190, 89.14, 59.84, 0.000523928
FILLER_0_19_193, 89.14, 59.84, 0.000523928
_1234_, 101.94, 59.84, 0.00052588
_1561_, 101.94, 59.84, 0.00052588
_1626_, 101.94, 59.84, 0.00052588
_1629_, 101.94, 59.84, 0.00052588
_1630_, 101.94, 59.84, 0.00052588
_1634_, 101.94, 59.84, 0.00052588
_1635_, 101.94, 59.84, 0.00052588
FILLER_0_19_221, 101.94, 59.84, 0.00052588
_0845_, 114.74, 59.84, 0.000523491
_1495_, 114.74, 59.84, 0.000523491
_1595_, 114.74, 59.84, 0.000523491
_1639_, 114.74, 59.84, 0.000523491
_1646_, 114.74, 59.84, 0.000523491
FILLER_0_18_238, 114.74, 59.84, 0.000523491
_0848_, 127.54, 59.84, 0.000509901
_0876_, 127.54, 59.84, 0.000509901
_0880_, 127.54, 59.84, 0.000509901
wire39, 127.54, 59.84, 0.000509901
FILLER_0_18_253, 127.54, 59.84, 0.000509901
FILLER_0_19_272, 127.54, 59.84, 0.000509901
_0882_, 140.34, 59.84, 0.000494649
_0883_, 140.34, 59.84, 0.000494649
_0887_, 140.34, 59.84, 0.000494649
_0888_, 140.34, 59.84, 0.000494649
_1501_, 140.34, 59.84, 0.000494649
_1505_, 140.34, 59.84, 0.000494649
_1507_, 140.34, 59.84, 0.000494649
FILLER_0_18_286, 140.34, 59.84, 0.000494649
FILLER_0_18_300, 140.34, 59.84, 0.000494649
_1506_, 153.14, 59.84, 0.000472522
_1577_, 153.14, 59.84, 0.000472522
_1578_, 153.14, 59.84, 0.000472522
FILLER_0_19_328, 153.14, 59.84, 0.000472522
FILLER_0_18_354, 165.94, 59.84, 0.000447912
FILLER_0_17_385, 186.43, 59.84, 0.000423302
FILLER_0_18_401, 186.43, 59.84, 0.000423302
PHY_30, 5.52, 54.4, 0.000252596
PHY_32, 5.52, 54.4, 0.000252596
PHY_31, 194.12, 54.4, 0.000388409
PHY_33, 194.12, 54.4, 0.000388409
FILLER_0_16_77, 37.94, 54.4, 0.000274709
FILLER_0_17_105, 50.74, 54.4, 0.000296822
_1618_, 63.54, 54.4, 0.000318935
_1619_, 63.54, 54.4, 0.000318935
_1624_, 63.54, 54.4, 0.000318935
FILLER_0_15_113, 63.54, 54.4, 0.000318935
FILLER_0_15_119, 63.54, 54.4, 0.000318935
FILLER_0_16_121, 63.54, 54.4, 0.000318935
FILLER_0_17_139, 63.54, 54.4, 0.000318935
_1554_, 76.34, 54.4, 0.000339765
_1559_, 76.34, 54.4, 0.000339765
_1616_, 76.34, 54.4, 0.000339765
_1620_, 76.34, 54.4, 0.000339765
_1621_, 76.34, 54.4, 0.000339765
_1622_, 76.34, 54.4, 0.000339765
FILLER_0_16_147, 76.34, 54.4, 0.000339765
FILLER_0_17_165, 76.34, 54.4, 0.000339765
_1225_, 89.14, 54.4, 0.000357484
_1232_, 89.14, 54.4, 0.000357484
_1236_, 89.14, 54.4, 0.000357484
_1551_, 89.14, 54.4, 0.000357484
FILLER_0_15_181, 89.14, 54.4, 0.000357484
FILLER_0_16_178, 89.14, 54.4, 0.000357484
FILLER_0_16_188, 89.14, 54.4, 0.000357484
_1560_, 101.94, 54.4, 0.000373597
_1625_, 101.94, 54.4, 0.000373597
_1627_, 101.94, 54.4, 0.000373597
_1628_, 101.94, 54.4, 0.000373597
_1631_, 101.94, 54.4, 0.000373597
FILLER_0_16_212, 101.94, 54.4, 0.000373597
_0877_, 114.74, 54.4, 0.000387312
_1494_, 114.74, 54.4, 0.000387312
_1496_, 114.74, 54.4, 0.000387312
_1638_, 114.74, 54.4, 0.000387312
_1640_, 114.74, 54.4, 0.000387312
hold1, 114.74, 54.4, 0.000387312
FILLER_0_15_225, 114.74, 54.4, 0.000387312
FILLER_0_16_224, 114.74, 54.4, 0.000387312
FILLER_0_16_232, 114.74, 54.4, 0.000387312
FILLER_0_16_248, 114.74, 54.4, 0.000387312
_0878_, 127.54, 54.4, 0.000395005
_0879_, 127.54, 54.4, 0.000395005
_0881_, 127.54, 54.4, 0.000395005
_1493_, 127.54, 54.4, 0.000395005
_1499_, 127.54, 54.4, 0.000395005
_1574_, 127.54, 54.4, 0.000395005
FILLER_0_15_265, 127.54, 54.4, 0.000395005
FILLER_0_17_276, 127.54, 54.4, 0.000395005
_0874_, 140.34, 54.4, 0.000398763
_1500_, 140.34, 54.4, 0.000398763
_1502_, 140.34, 54.4, 0.000398763
_1503_, 140.34, 54.4, 0.000398763
_1504_, 140.34, 54.4, 0.000398763
_1570_, 140.34, 54.4, 0.000398763
_1571_, 140.34, 54.4, 0.000398763
FILLER_0_16_357, 165.94, 54.4, 0.00039186
FILLER_0_15_385, 186.43, 54.4, 0.000388409
FILLER_0_16_401, 186.43, 54.4, 0.000388409
PHY_26, 5.52, 48.96, 0.000260721
PHY_28, 5.52, 48.96, 0.000260721
PHY_27, 194.12, 48.96, 0.00038837
PHY_29, 194.12, 48.96, 0.00038837
input19, 194.12, 48.96, 0.00038837
FILLER_0_14_29, 15.33, 48.96, 0.000260721
FILLER_0_14_73, 37.94, 48.96, 0.000330669
FILLER_0_14_81, 37.94, 48.96, 0.000330669
FILLER_0_14_109, 50.74, 48.96, 0.000400617
FILLER_0_15_105, 50.74, 48.96, 0.000400617
_1644_, 63.54, 48.96, 0.000470565
_1645_, 63.54, 48.96, 0.000470565
clkbuf_1_0__f_clk, 63.54, 48.96, 0.000470565
_1601_, 76.34, 48.96, 0.000499625
_1623_, 76.34, 48.96, 0.000499625
FILLER_0_15_161, 76.34, 48.96, 0.000499625
clkbuf_1_1__f_clk, 89.14, 48.96, 0.000526588
FILLER_0_14_192, 89.14, 48.96, 0.000526588
_1632_, 101.94, 48.96, 0.000524087
_1633_, 101.94, 48.96, 0.000524087
_1647_, 101.94, 48.96, 0.000524087
_1649_, 101.94, 48.96, 0.000524087
FILLER_0_13_201, 101.94, 48.96, 0.000524087
FILLER_0_14_197, 101.94, 48.96, 0.000524087
FILLER_0_14_218, 101.94, 48.96, 0.000524087
FILLER_0_15_221, 101.94, 48.96, 0.000524087
_1497_, 114.74, 48.96, 0.000504313
_1573_, 114.74, 48.96, 0.000504313
FILLER_0_14_241, 114.74, 48.96, 0.000504313
FILLER_0_14_248, 114.74, 48.96, 0.000504313
_1498_, 127.54, 48.96, 0.000483585
_1572_, 127.54, 48.96, 0.000483585
FILLER_0_15_275, 127.54, 48.96, 0.000483585
_0884_, 140.34, 48.96, 0.000461432
_1575_, 140.34, 48.96, 0.000461432
FILLER_0_15_330, 153.14, 48.96, 0.000436703
FILLER_0_14_357, 165.94, 48.96, 0.000411974
FILLER_0_13_385, 186.43, 48.96, 0.000387808
PHY_22, 5.52, 43.52, 0.00018237
PHY_24, 5.52, 43.52, 0.00018237
PHY_23, 194.12, 43.52, 0.000337341
PHY_25, 194.12, 43.52, 0.000337341
FILLER_0_12_77, 37.94, 43.52, 0.000195284
FILLER_0_13_105, 50.74, 43.52, 0.000208198
FILLER_0_12_133, 63.54, 43.52, 0.000221113
FILLER_0_13_158, 76.34, 43.52, 0.000234027
FILLER_0_12_189, 89.14, 43.52, 0.000246941
FILLER_0_13_193, 89.14, 43.52, 0.000246941
FILLER_0_12_245, 114.74, 43.52, 0.00027277
FILLER_0_13_273, 127.54, 43.52, 0.000285684
FILLER_0_12_301, 140.34, 43.52, 0.000298598
FILLER_0_13_329, 153.14, 43.52, 0.000311513
FILLER_0_12_357, 165.94, 43.52, 0.000324427
FILLER_0_11_385, 186.43, 43.52, 0.000337341
FILLER_0_12_401, 186.43, 43.52, 0.000337341
PHY_18, 5.52, 38.08, 0.000152767
PHY_20, 5.52, 38.08, 0.000152767
input18, 5.52, 38.08, 0.000152767
PHY_19, 194.12, 38.08, 0.000317427
PHY_21, 194.12, 38.08, 0.000317427
FILLER_0_10_77, 37.94, 38.08, 0.000164394
FILLER_0_11_105, 50.74, 38.08, 0.000178306
FILLER_0_10_133, 63.54, 38.08, 0.000192218
FILLER_0_11_161, 76.34, 38.08, 0.00020613
FILLER_0_10_189, 89.14, 38.08, 0.000220043
FILLER_0_11_217, 101.94, 38.08, 0.000233955
FILLER_0_10_245, 114.74, 38.08, 0.000247867
FILLER_0_11_273, 127.54, 38.08, 0.000261779
FILLER_0_10_301, 140.34, 38.08, 0.000275691
FILLER_0_11_329, 153.14, 38.08, 0.000289603
FILLER_0_10_357, 165.94, 38.08, 0.000303515
FILLER_0_9_385, 186.43, 38.08, 0.000317427
FILLER_0_10_401, 186.43, 38.08, 0.000317427
PHY_14, 5.52, 32.64, 0.000115742
PHY_16, 5.52, 32.64, 0.000115742
PHY_15, 194.12, 32.64, 0.000297964
PHY_17, 194.12, 32.64, 0.000297964
FILLER_0_8_77, 37.94, 32.64, 0.000130927
FILLER_0_9_105, 50.74, 32.64, 0.000146112
FILLER_0_8_133, 63.54, 32.64, 0.000161297
FILLER_0_9_161, 76.34, 32.64, 0.000176483
FILLER_0_8_189, 89.14, 32.64, 0.000191668
FILLER_0_9_217, 101.94, 32.64, 0.000206853
FILLER_0_8_245, 114.74, 32.64, 0.000222038
FILLER_0_9_273, 127.54, 32.64, 0.000237223
FILLER_0_8_301, 140.34, 32.64, 0.000252408
FILLER_0_9_329, 153.14, 32.64, 0.000267593
FILLER_0_8_357, 165.94, 32.64, 0.000282778
FILLER_0_7_385, 186.43, 32.64, 0.000297964
FILLER_0_8_401, 186.43, 32.64, 0.000297964
PHY_10, 5.52, 27.2, 0.000106767
PHY_12, 5.52, 27.2, 0.000106767
PHY_11, 194.12, 27.2, 0.000300884
PHY_13, 194.12, 27.2, 0.000300884
FILLER_0_6_77, 37.94, 27.2, 0.000122555
FILLER_0_7_105, 50.74, 27.2, 0.000138343
FILLER_0_6_133, 63.54, 27.2, 0.00015413
FILLER_0_7_161, 76.34, 27.2, 0.000169918
FILLER_0_6_189, 89.14, 27.2, 0.000185706
FILLER_0_7_217, 101.94, 27.2, 0.000201494
FILLER_0_6_245, 114.74, 27.2, 0.000217281
FILLER_0_7_273, 127.54, 27.2, 0.000233069
FILLER_0_6_301, 140.34, 27.2, 0.000248857
FILLER_0_7_329, 153.14, 27.2, 0.000264645
FILLER_0_6_357, 165.94, 27.2, 0.000280432
output35, 186.43, 27.2, 0.000300884
FILLER_0_5_385, 186.43, 27.2, 0.000300884
PHY_6, 5.52, 21.76, 0.000114301
PHY_8, 5.52, 21.76, 0.000114301
output30, 5.52, 21.76, 0.000114301
PHY_7, 194.12, 21.76, 0.000289099
PHY_9, 194.12, 21.76, 0.000289099
FILLER_0_4_21, 15.33, 21.76, 0.000112459
FILLER_0_4_77, 37.94, 21.76, 0.000125491
FILLER_0_5_105, 50.74, 21.76, 0.000140365
FILLER_0_4_133, 63.54, 21.76, 0.000155238
FILLER_0_5_161, 76.34, 21.76, 0.000170112
FILLER_0_4_189, 89.14, 21.76, 0.000184985
FILLER_0_5_217, 101.94, 21.76, 0.000199859
FILLER_0_4_245, 114.74, 21.76, 0.000214732
FILLER_0_5_273, 127.54, 21.76, 0.000229605
FILLER_0_4_301, 140.34, 21.76, 0.000244479
FILLER_0_5_329, 153.14, 21.76, 0.000259352
FILLER_0_4_357, 165.94, 21.76, 0.000274225
FILLER_0_3_385, 186.43, 21.76, 0.000289099
FILLER_0_4_401, 186.43, 21.76, 0.000289099
PHY_2, 5.52, 16.32, 0.00011054
PHY_4, 5.52, 16.32, 0.00011054
PHY_3, 194.12, 16.32, 0.000288103
PHY_5, 194.12, 16.32, 0.000288103
FILLER_0_2_77, 37.94, 16.32, 0.000125337
FILLER_0_3_105, 50.74, 16.32, 0.000140134
FILLER_0_2_133, 63.54, 16.32, 0.000154931
FILLER_0_3_161, 76.34, 16.32, 0.000169728
FILLER_0_2_189, 89.14, 16.32, 0.000184525
FILLER_0_3_217, 101.94, 16.32, 0.000199322
FILLER_0_2_245, 114.74, 16.32, 0.000214119
FILLER_0_3_273, 127.54, 16.32, 0.000228915
FILLER_0_2_301, 140.34, 16.32, 0.000243712
FILLER_0_3_329, 153.14, 16.32, 0.000258509
FILLER_0_2_357, 165.94, 16.32, 0.000273306
FILLER_0_1_385, 186.43, 16.32, 0.000288103
FILLER_0_2_401, 186.43, 16.32, 0.000288103
PHY_0, 5.52, 10.88, 0.000124939
output28, 5.52, 10.88, 0.000124939
PHY_1, 194.12, 10.88, 0.000294579
output36, 15.33, 10.88, 0.000123095
FILLER_0_0_21, 15.33, 10.88, 0.000123095
input17, 37.94, 10.88, 0.000137371
FILLER_0_0_69, 37.94, 10.88, 0.000137371
FILLER_0_0_76, 37.94, 10.88, 0.000137371
FILLER_0_0_109, 50.74, 10.88, 0.000155416
FILLER_0_1_105, 50.74, 10.88, 0.000155416
output31, 63.54, 10.88, 0.00017346
FILLER_0_0_113, 63.54, 10.88, 0.00017346
FILLER_0_0_165, 76.34, 10.88, 0.000188916
FILLER_0_1_161, 76.34, 10.88, 0.000188916
input20, 89.14, 10.88, 0.000204372
FILLER_0_0_191, 89.14, 10.88, 0.000204372
FILLER_0_0_221, 101.94, 10.88, 0.000219058
FILLER_0_1_217, 101.94, 10.88, 0.000219058
FILLER_0_0_249, 114.74, 10.88, 0.000233743
input25, 127.54, 10.88, 0.000248429
FILLER_0_0_271, 127.54, 10.88, 0.000248429
FILLER_0_1_273, 127.54, 10.88, 0.000248429
output33, 140.34, 10.88, 0.000261898
FILLER_0_0_293, 140.34, 10.88, 0.000261898
FILLER_0_0_303, 140.34, 10.88, 0.000261898
FILLER_0_0_333, 153.14, 10.88, 0.000272982
FILLER_0_1_329, 153.14, 10.88, 0.000272982
input8, 165.94, 10.88, 0.000284067
FILLER_0_0_357, 165.94, 10.88, 0.000284067
input14, 186.43, 10.88, 0.000294579
FILLER_0_0_393, 186.43, 10.88, 0.000294579

