OpenROAD 41a51eaf4ca2171c92ff38afb91eb37bbd3f36da 
This program is licensed under the BSD-3 license. See the LICENSE file for details.
Components of this program may be licensed under more restrictive licenses which must be honored.
[INFO]: Reading ODB at '/home/ugunt/projects/ai-accelerator-verification/rung2-quantizer/openlane/runs/RUN_2026.05.27_20.37.59/results/floorplan/quantizer.odb'…
define_corners Typical
read_liberty -corner Typical /home/ugunt/.ciel/sky130A/libs.ref/sky130_fd_sc_hd/lib/sky130_fd_sc_hd__tt_025C_1v80.lib
Using 1e-12 for capacitance...
Using 1e+03 for resistance...
Using 1e-09 for time...
Using 1e+00 for voltage...
Using 1e-03 for current...
Using 1e-09 for power...
Using 1e-06 for distance...
Reading design constraints file at '/home/ugunt/projects/ai-accelerator-verification/rung2-quantizer/openlane/runs/RUN_2026.05.27_20.37.59/tmp/floorplan/3-initial_fp.sdc'…
[INFO]: Setting RC values...
[INFO]: Setting signal min routing layer to: met1 and clock min routing layer to met3. 
[INFO]: Setting signal max routing layer to: met5 and clock max routing layer to met5. 
[INFO GPL-0002] DBU: 1000
[INFO GPL-0003] SiteSize: 460 2720
[INFO GPL-0004] CoreAreaLxLy: 5520 10880
[INFO GPL-0005] CoreAreaUxUy: 115000 119680
[INFO GPL-0006] NumInstances: 1078
[INFO GPL-0007] NumPlaceInstances: 830
[INFO GPL-0008] NumFixedInstances: 248
[INFO GPL-0009] NumDummyInstances: 0
[INFO GPL-0010] NumNets: 858
[INFO GPL-0011] NumPins: 3167
[INFO GPL-0012] DieAreaLxLy: 0 0
[INFO GPL-0013] DieAreaUxUy: 120600 131320
[INFO GPL-0014] CoreAreaLxLy: 5520 10880
[INFO GPL-0015] CoreAreaUxUy: 115000 119680
[INFO GPL-0016] CoreArea: 11911424000
[INFO GPL-0017] NonPlaceInstsArea: 510489600
[INFO GPL-0018] PlaceInstsArea: 7802483200
[INFO GPL-0019] Util(%): 68.44
[INFO GPL-0020] StdInstsArea: 7802483200
[INFO GPL-0021] MacroInstsArea: 0
[InitialPlace]  Iter: 1 CG residual: 0.00000009 HPWL: 10755780
[InitialPlace]  Iter: 2 CG residual: 0.00000006 HPWL: 10238899
[InitialPlace]  Iter: 3 CG residual: 0.00000010 HPWL: 10251764
[InitialPlace]  Iter: 4 CG residual: 0.00000011 HPWL: 10277908
[InitialPlace]  Iter: 5 CG residual: 0.00000010 HPWL: 10278197
[ERROR GPL-0302] Use a higher -density or re-floorplan with a larger core area.
Given target density: 0.60
Suggested target density: 0.69
Error: gpl.tcl, 71 GPL-0302
