
 /----------------------------------------------------------------------------\
 |                                                                            |
 |  yosys -- Yosys Open SYnthesis Suite                                       |
 |                                                                            |
 |  Copyright (C) 2012 - 2020  Claire Xenia Wolf <claire@yosyshq.com>         |
 |                                                                            |
 |  Permission to use, copy, modify, and/or distribute this software for any  |
 |  purpose with or without fee is hereby granted, provided that the above    |
 |  copyright notice and this permission notice appear in all copies.         |
 |                                                                            |
 |  THE SOFTWARE IS PROVIDED "AS IS" AND THE AUTHOR DISCLAIMS ALL WARRANTIES  |
 |  WITH REGARD TO THIS SOFTWARE INCLUDING ALL IMPLIED WARRANTIES OF          |
 |  MERCHANTABILITY AND FITNESS. IN NO EVENT SHALL THE AUTHOR BE LIABLE FOR   |
 |  ANY SPECIAL, DIRECT, INDIRECT, OR CONSEQUENTIAL DAMAGES OR ANY DAMAGES    |
 |  WHATSOEVER RESULTING FROM LOSS OF USE, DATA OR PROFITS, WHETHER IN AN     |
 |  ACTION OF CONTRACT, NEGLIGENCE OR OTHER TORTIOUS ACTION, ARISING OUT OF   |
 |  OR IN CONNECTION WITH THE USE OR PERFORMANCE OF THIS SOFTWARE.            |
 |                                                                            |
 \----------------------------------------------------------------------------/

 Yosys 0.30+48 (git sha1 14d50a176d5, gcc 8.3.1 -fPIC -Os)

[TCL: yosys -import] Command name collision: found pre-existing command `cd' -> skip.
[TCL: yosys -import] Command name collision: found pre-existing command `eval' -> skip.
[TCL: yosys -import] Command name collision: found pre-existing command `exec' -> skip.
[TCL: yosys -import] Command name collision: found pre-existing command `read' -> skip.
[TCL: yosys -import] Command name collision: found pre-existing command `trace' -> skip.

1. Executing Verilog-2005 frontend: /home/ugunt/projects/ai-accelerator-verification/rung2-quantizer/openlane/../rtl/quantizer.sv
Parsing SystemVerilog input from `/home/ugunt/projects/ai-accelerator-verification/rung2-quantizer/openlane/../rtl/quantizer.sv' to AST representation.
Generating RTLIL representation for module `\quantizer'.
Successfully finished Verilog frontend.

2. Generating Graphviz representation of design.
Writing dot description to `/home/ugunt/projects/ai-accelerator-verification/rung2-quantizer/openlane/runs/RUN_2026.05.27_20.36.24/tmp/synthesis/hierarchy.dot'.
Dumping module quantizer to page 1.

3. Executing HIERARCHY pass (managing design hierarchy).

3.1. Analyzing design hierarchy..
Top module:  \quantizer

3.2. Analyzing design hierarchy..
Top module:  \quantizer
Removed 0 unused modules.

4. Executing TRIBUF pass.

5. Executing HIERARCHY pass (managing design hierarchy).

5.1. Analyzing design hierarchy..
Top module:  \quantizer

5.2. Analyzing design hierarchy..
Top module:  \quantizer
Removed 0 unused modules.

6. Executing PROC_CLEAN pass (remove empty switches from decision trees).
Cleaned up 0 empty switches.

7. Executing PROC_RMDEAD pass (remove dead branches from decision trees).
Marked 1 switch rules as full_case in process $proc$/home/ugunt/projects/ai-accelerator-verification/rung2-quantizer/openlane/../rtl/quantizer.sv:53$8 in module quantizer.
Marked 2 switch rules as full_case in process $proc$/home/ugunt/projects/ai-accelerator-verification/rung2-quantizer/openlane/../rtl/quantizer.sv:0$5 in module quantizer.
Marked 1 switch rules as full_case in process $proc$/home/ugunt/projects/ai-accelerator-verification/rung2-quantizer/openlane/../rtl/quantizer.sv:0$2 in module quantizer.
Removed a total of 0 dead cases.

8. Executing PROC_PRUNE pass (remove redundant assignments in processes).
Removed 0 redundant assignments.
Promoted 3 assignments to connections.

9. Executing PROC_INIT pass (extract init attributes).

10. Executing PROC_ARST pass (detect async resets in processes).
Found async reset \rst_n in `\quantizer.$proc$/home/ugunt/projects/ai-accelerator-verification/rung2-quantizer/openlane/../rtl/quantizer.sv:53$8'.

11. Executing PROC_ROM pass (convert switches to ROMs).
Converted 0 switches.
<suppressed ~4 debug messages>

12. Executing PROC_MUX pass (convert decision trees to multiplexers).
Creating decoders for process `\quantizer.$proc$/home/ugunt/projects/ai-accelerator-verification/rung2-quantizer/openlane/../rtl/quantizer.sv:53$8'.
     1/2: $0\valid_out[0:0]
     2/2: $0\data_out[7:0]
Creating decoders for process `\quantizer.$proc$/home/ugunt/projects/ai-accelerator-verification/rung2-quantizer/openlane/../rtl/quantizer.sv:0$5'.
     1/4: $2\overflow[0:0]
     2/4: $2\saturated[23:0]
     3/4: $1\overflow[0:0]
     4/4: $1\saturated[23:0]
Creating decoders for process `\quantizer.$proc$/home/ugunt/projects/ai-accelerator-verification/rung2-quantizer/openlane/../rtl/quantizer.sv:0$2'.
     1/1: $1\rounded[23:0]

13. Executing PROC_DLATCH pass (convert process syncs to latches).
No latch inferred for signal `\quantizer.\overflow' from process `\quantizer.$proc$/home/ugunt/projects/ai-accelerator-verification/rung2-quantizer/openlane/../rtl/quantizer.sv:0$5'.
No latch inferred for signal `\quantizer.\saturated' from process `\quantizer.$proc$/home/ugunt/projects/ai-accelerator-verification/rung2-quantizer/openlane/../rtl/quantizer.sv:0$5'.
No latch inferred for signal `\quantizer.\rounded' from process `\quantizer.$proc$/home/ugunt/projects/ai-accelerator-verification/rung2-quantizer/openlane/../rtl/quantizer.sv:0$2'.

14. Executing PROC_DFF pass (convert process syncs to FFs).
Creating register for signal `\quantizer.\data_out' using process `\quantizer.$proc$/home/ugunt/projects/ai-accelerator-verification/rung2-quantizer/openlane/../rtl/quantizer.sv:53$8'.
  created $adff cell `$procdff$35' with positive edge clock and negative level reset.
Creating register for signal `\quantizer.\valid_out' using process `\quantizer.$proc$/home/ugunt/projects/ai-accelerator-verification/rung2-quantizer/openlane/../rtl/quantizer.sv:53$8'.
  created $adff cell `$procdff$36' with positive edge clock and negative level reset.

15. Executing PROC_MEMWR pass (convert process memory writes to cells).

16. Executing PROC_CLEAN pass (remove empty switches from decision trees).
Found and cleaned up 1 empty switch in `\quantizer.$proc$/home/ugunt/projects/ai-accelerator-verification/rung2-quantizer/openlane/../rtl/quantizer.sv:53$8'.
Removing empty process `quantizer.$proc$/home/ugunt/projects/ai-accelerator-verification/rung2-quantizer/openlane/../rtl/quantizer.sv:53$8'.
Found and cleaned up 2 empty switches in `\quantizer.$proc$/home/ugunt/projects/ai-accelerator-verification/rung2-quantizer/openlane/../rtl/quantizer.sv:0$5'.
Removing empty process `quantizer.$proc$/home/ugunt/projects/ai-accelerator-verification/rung2-quantizer/openlane/../rtl/quantizer.sv:0$5'.
Found and cleaned up 1 empty switch in `\quantizer.$proc$/home/ugunt/projects/ai-accelerator-verification/rung2-quantizer/openlane/../rtl/quantizer.sv:0$2'.
Removing empty process `quantizer.$proc$/home/ugunt/projects/ai-accelerator-verification/rung2-quantizer/openlane/../rtl/quantizer.sv:0$2'.
Cleaned up 4 empty switches.

17. Executing CHECK pass (checking for obvious problems).
Checking module quantizer...
Found and reported 0 problems.

18. Executing OPT_EXPR pass (perform const folding).
Optimizing module quantizer.
<suppressed ~2 debug messages>

19. Executing FLATTEN pass (flatten design).

20. Executing OPT_EXPR pass (perform const folding).
Optimizing module quantizer.

21. Executing OPT_CLEAN pass (remove unused cells and wires).
Finding unused cells or wires in module \quantizer..
Removed 2 unused cells and 25 unused wires.
<suppressed ~3 debug messages>

22. Executing OPT pass (performing simple optimizations).

22.1. Executing OPT_EXPR pass (perform const folding).
Optimizing module quantizer.

22.2. Executing OPT_MERGE pass (detect identical cells).
Finding identical cells in module `\quantizer'.
Removed a total of 0 cells.

22.3. Executing OPT_MUXTREE pass (detect dead branches in mux trees).
Running muxtree optimizer on module \quantizer..
  Creating internal representation of mux trees.
  Evaluating internal representation of mux trees.
  Analyzing evaluation results.
    dead port 1/2 on $mux $procmux$18.
    dead port 1/2 on $mux $procmux$24.
Removed 2 multiplexer ports.
<suppressed ~4 debug messages>

22.4. Executing OPT_REDUCE pass (consolidate $*mux and $reduce_* inputs).
  Optimizing cells in module \quantizer.
Performed a total of 0 changes.

22.5. Executing OPT_MERGE pass (detect identical cells).
Finding identical cells in module `\quantizer'.
Removed a total of 0 cells.

22.6. Executing OPT_DFF pass (perform DFF optimizations).

22.7. Executing OPT_CLEAN pass (remove unused cells and wires).
Finding unused cells or wires in module \quantizer..
Removed 0 unused cells and 2 unused wires.
<suppressed ~1 debug messages>

22.8. Executing OPT_EXPR pass (perform const folding).
Optimizing module quantizer.

22.9. Rerunning OPT passes. (Maybe there is more to do..)

22.10. Executing OPT_MUXTREE pass (detect dead branches in mux trees).
Running muxtree optimizer on module \quantizer..
  Creating internal representation of mux trees.
  Evaluating internal representation of mux trees.
  Analyzing evaluation results.
Removed 0 multiplexer ports.
<suppressed ~4 debug messages>

22.11. Executing OPT_REDUCE pass (consolidate $*mux and $reduce_* inputs).
  Optimizing cells in module \quantizer.
Performed a total of 0 changes.

22.12. Executing OPT_MERGE pass (detect identical cells).
Finding identical cells in module `\quantizer'.
Removed a total of 0 cells.

22.13. Executing OPT_DFF pass (perform DFF optimizations).

22.14. Executing OPT_CLEAN pass (remove unused cells and wires).
Finding unused cells or wires in module \quantizer..

22.15. Executing OPT_EXPR pass (perform const folding).
Optimizing module quantizer.

22.16. Finished OPT passes. (There is nothing left to do.)

23. Executing FSM pass (extract and optimize FSM).

23.1. Executing FSM_DETECT pass (finding FSMs in design).

23.2. Executing FSM_EXTRACT pass (extracting FSM from design).

23.3. Executing FSM_OPT pass (simple optimizations of FSMs).

23.4. Executing OPT_CLEAN pass (remove unused cells and wires).
Finding unused cells or wires in module \quantizer..

23.5. Executing FSM_OPT pass (simple optimizations of FSMs).

23.6. Executing FSM_RECODE pass (re-assigning FSM state encoding).

23.7. Executing FSM_INFO pass (dumping all available information on FSM cells).

23.8. Executing FSM_MAP pass (mapping FSMs to basic logic).

24. Executing OPT pass (performing simple optimizations).

24.1. Executing OPT_EXPR pass (perform const folding).
Optimizing module quantizer.

24.2. Executing OPT_MERGE pass (detect identical cells).
Finding identical cells in module `\quantizer'.
Removed a total of 0 cells.

24.3. Executing OPT_MUXTREE pass (detect dead branches in mux trees).
Running muxtree optimizer on module \quantizer..
  Creating internal representation of mux trees.
  Evaluating internal representation of mux trees.
  Analyzing evaluation results.
Removed 0 multiplexer ports.
<suppressed ~4 debug messages>

24.4. Executing OPT_REDUCE pass (consolidate $*mux and $reduce_* inputs).
  Optimizing cells in module \quantizer.
Performed a total of 0 changes.

24.5. Executing OPT_MERGE pass (detect identical cells).
Finding identical cells in module `\quantizer'.
Removed a total of 0 cells.

24.6. Executing OPT_DFF pass (perform DFF optimizations).
Adding EN signal on $procdff$36 ($adff) from module quantizer (D = 1'1, Q = \valid_out).
Adding EN signal on $procdff$35 ($adff) from module quantizer (D = \saturated [7:0], Q = \data_out).

24.7. Executing OPT_CLEAN pass (remove unused cells and wires).
Finding unused cells or wires in module \quantizer..
Removed 2 unused cells and 2 unused wires.
<suppressed ~3 debug messages>

24.8. Executing OPT_EXPR pass (perform const folding).
Optimizing module quantizer.

24.9. Rerunning OPT passes. (Maybe there is more to do..)

24.10. Executing OPT_MUXTREE pass (detect dead branches in mux trees).
Running muxtree optimizer on module \quantizer..
  Creating internal representation of mux trees.
  Evaluating internal representation of mux trees.
  Analyzing evaluation results.
Removed 0 multiplexer ports.
<suppressed ~3 debug messages>

24.11. Executing OPT_REDUCE pass (consolidate $*mux and $reduce_* inputs).
  Optimizing cells in module \quantizer.
Performed a total of 0 changes.

24.12. Executing OPT_MERGE pass (detect identical cells).
Finding identical cells in module `\quantizer'.
Removed a total of 0 cells.

24.13. Executing OPT_DFF pass (perform DFF optimizations).

24.14. Executing OPT_CLEAN pass (remove unused cells and wires).
Finding unused cells or wires in module \quantizer..

24.15. Executing OPT_EXPR pass (perform const folding).
Optimizing module quantizer.

24.16. Finished OPT passes. (There is nothing left to do.)

25. Executing WREDUCE pass (reducing word size of cells).
Removed top 15 bits (of 24) from port B of cell quantizer.$mul$/home/ugunt/projects/ai-accelerator-verification/rung2-quantizer/openlane/../rtl/quantizer.sv:25$1 ($mul).
Removed top 22 bits (of 24) from port B of cell quantizer.$add$/home/ugunt/projects/ai-accelerator-verification/rung2-quantizer/openlane/../rtl/quantizer.sv:32$4 ($add).
Removed top 16 bits (of 24) from port B of cell quantizer.$gt$/home/ugunt/projects/ai-accelerator-verification/rung2-quantizer/openlane/../rtl/quantizer.sv:40$6 ($gt).
Removed top 16 bits (of 24) from port B of cell quantizer.$lt$/home/ugunt/projects/ai-accelerator-verification/rung2-quantizer/openlane/../rtl/quantizer.sv:43$7 ($lt).
Removed top 16 bits (of 24) from mux cell quantizer.$procmux$30 ($mux).
Removed top 16 bits (of 24) from mux cell quantizer.$procmux$21 ($mux).
Removed top 16 bits (of 24) from wire quantizer.$2\saturated[23:0].
Removed top 16 bits (of 24) from wire quantizer.saturated.

26. Executing PEEPOPT pass (run peephole optimizers).

27. Executing OPT_CLEAN pass (remove unused cells and wires).
Finding unused cells or wires in module \quantizer..
Removed 0 unused cells and 2 unused wires.
<suppressed ~1 debug messages>

28. Executing ALUMACC pass (create $alu and $macc cells).
Extracting $alu and $macc cells in module quantizer:
  creating $macc model for $add$/home/ugunt/projects/ai-accelerator-verification/rung2-quantizer/openlane/../rtl/quantizer.sv:32$4 ($add).
  creating $macc model for $mul$/home/ugunt/projects/ai-accelerator-verification/rung2-quantizer/openlane/../rtl/quantizer.sv:25$1 ($mul).
  creating $alu model for $macc $add$/home/ugunt/projects/ai-accelerator-verification/rung2-quantizer/openlane/../rtl/quantizer.sv:32$4.
  creating $macc cell for $mul$/home/ugunt/projects/ai-accelerator-verification/rung2-quantizer/openlane/../rtl/quantizer.sv:25$1: $auto$alumacc.cc:365:replace_macc$41
  creating $alu model for $gt$/home/ugunt/projects/ai-accelerator-verification/rung2-quantizer/openlane/../rtl/quantizer.sv:40$6 ($gt): new $alu
  creating $alu model for $lt$/home/ugunt/projects/ai-accelerator-verification/rung2-quantizer/openlane/../rtl/quantizer.sv:43$7 ($lt): new $alu
  creating $alu cell for $lt$/home/ugunt/projects/ai-accelerator-verification/rung2-quantizer/openlane/../rtl/quantizer.sv:43$7: $auto$alumacc.cc:485:replace_alu$44
  creating $alu cell for $gt$/home/ugunt/projects/ai-accelerator-verification/rung2-quantizer/openlane/../rtl/quantizer.sv:40$6: $auto$alumacc.cc:485:replace_alu$57
  creating $alu cell for $add$/home/ugunt/projects/ai-accelerator-verification/rung2-quantizer/openlane/../rtl/quantizer.sv:32$4: $auto$alumacc.cc:485:replace_alu$64
  created 3 $alu and 1 $macc cells.

29. Executing SHARE pass (SAT-based resource sharing).

30. Executing OPT pass (performing simple optimizations).

30.1. Executing OPT_EXPR pass (perform const folding).
Optimizing module quantizer.
<suppressed ~2 debug messages>

30.2. Executing OPT_MERGE pass (detect identical cells).
Finding identical cells in module `\quantizer'.
Removed a total of 0 cells.

30.3. Executing OPT_MUXTREE pass (detect dead branches in mux trees).
Running muxtree optimizer on module \quantizer..
  Creating internal representation of mux trees.
  Evaluating internal representation of mux trees.
  Analyzing evaluation results.
Removed 0 multiplexer ports.
<suppressed ~3 debug messages>

30.4. Executing OPT_REDUCE pass (consolidate $*mux and $reduce_* inputs).
  Optimizing cells in module \quantizer.
Performed a total of 0 changes.

30.5. Executing OPT_MERGE pass (detect identical cells).
Finding identical cells in module `\quantizer'.
Removed a total of 0 cells.

30.6. Executing OPT_DFF pass (perform DFF optimizations).

30.7. Executing OPT_CLEAN pass (remove unused cells and wires).
Finding unused cells or wires in module \quantizer..
Removed 1 unused cells and 3 unused wires.
<suppressed ~2 debug messages>

30.8. Executing OPT_EXPR pass (perform const folding).
Optimizing module quantizer.

30.9. Rerunning OPT passes. (Maybe there is more to do..)

30.10. Executing OPT_MUXTREE pass (detect dead branches in mux trees).
Running muxtree optimizer on module \quantizer..
  Creating internal representation of mux trees.
  Evaluating internal representation of mux trees.
  Analyzing evaluation results.
Removed 0 multiplexer ports.
<suppressed ~3 debug messages>

30.11. Executing OPT_REDUCE pass (consolidate $*mux and $reduce_* inputs).
  Optimizing cells in module \quantizer.
Performed a total of 0 changes.

30.12. Executing OPT_MERGE pass (detect identical cells).
Finding identical cells in module `\quantizer'.
Removed a total of 0 cells.

30.13. Executing OPT_DFF pass (perform DFF optimizations).

30.14. Executing OPT_CLEAN pass (remove unused cells and wires).
Finding unused cells or wires in module \quantizer..

30.15. Executing OPT_EXPR pass (perform const folding).
Optimizing module quantizer.

30.16. Finished OPT passes. (There is nothing left to do.)

31. Executing MEMORY pass.

31.1. Executing OPT_MEM pass (optimize memories).
Performed a total of 0 transformations.

31.2. Executing OPT_MEM_PRIORITY pass (removing unnecessary memory write priority relations).
Performed a total of 0 transformations.

31.3. Executing OPT_MEM_FEEDBACK pass (finding memory read-to-write feedback paths).

31.4. Executing MEMORY_BMUX2ROM pass (converting muxes to ROMs).

31.5. Executing MEMORY_DFF pass (merging $dff cells to $memrd).

31.6. Executing OPT_CLEAN pass (remove unused cells and wires).
Finding unused cells or wires in module \quantizer..

31.7. Executing MEMORY_SHARE pass (consolidating $memrd/$memwr cells).

31.8. Executing OPT_MEM_WIDEN pass (optimize memories where all ports are wide).
Performed a total of 0 transformations.

31.9. Executing OPT_CLEAN pass (remove unused cells and wires).
Finding unused cells or wires in module \quantizer..

31.10. Executing MEMORY_COLLECT pass (generating $mem cells).

32. Executing OPT_CLEAN pass (remove unused cells and wires).
Finding unused cells or wires in module \quantizer..

33. Executing OPT pass (performing simple optimizations).

33.1. Executing OPT_EXPR pass (perform const folding).
Optimizing module quantizer.
<suppressed ~3 debug messages>

33.2. Executing OPT_MERGE pass (detect identical cells).
Finding identical cells in module `\quantizer'.
Removed a total of 0 cells.

33.3. Executing OPT_DFF pass (perform DFF optimizations).

33.4. Executing OPT_CLEAN pass (remove unused cells and wires).
Finding unused cells or wires in module \quantizer..
Removed 7 unused cells and 7 unused wires.
<suppressed ~8 debug messages>

33.5. Finished fast OPT passes.

34. Executing MEMORY_MAP pass (converting memories to logic and flip-flops).

35. Executing OPT pass (performing simple optimizations).

35.1. Executing OPT_EXPR pass (perform const folding).
Optimizing module quantizer.

35.2. Executing OPT_MERGE pass (detect identical cells).
Finding identical cells in module `\quantizer'.
Removed a total of 0 cells.

35.3. Executing OPT_MUXTREE pass (detect dead branches in mux trees).
Running muxtree optimizer on module \quantizer..
  Creating internal representation of mux trees.
  Evaluating internal representation of mux trees.
  Analyzing evaluation results.
Removed 0 multiplexer ports.
<suppressed ~2 debug messages>

35.4. Executing OPT_REDUCE pass (consolidate $*mux and $reduce_* inputs).
  Optimizing cells in module \quantizer.
Performed a total of 0 changes.

35.5. Executing OPT_MERGE pass (detect identical cells).
Finding identical cells in module `\quantizer'.
Removed a total of 0 cells.

35.6. Executing OPT_SHARE pass.

35.7. Executing OPT_DFF pass (perform DFF optimizations).

35.8. Executing OPT_CLEAN pass (remove unused cells and wires).
Finding unused cells or wires in module \quantizer..

35.9. Executing OPT_EXPR pass (perform const folding).
Optimizing module quantizer.

35.10. Finished OPT passes. (There is nothing left to do.)

36. Executing TECHMAP pass (map to technology primitives).

36.1. Executing Verilog-2005 frontend: /build/bin/../share/yosys/techmap.v
Parsing Verilog input from `/build/bin/../share/yosys/techmap.v' to AST representation.
Generating RTLIL representation for module `\_90_simplemap_bool_ops'.
Generating RTLIL representation for module `\_90_simplemap_reduce_ops'.
Generating RTLIL representation for module `\_90_simplemap_logic_ops'.
Generating RTLIL representation for module `\_90_simplemap_compare_ops'.
Generating RTLIL representation for module `\_90_simplemap_various'.
Generating RTLIL representation for module `\_90_simplemap_registers'.
Generating RTLIL representation for module `\_90_shift_ops_shr_shl_sshl_sshr'.
Generating RTLIL representation for module `\_90_shift_shiftx'.
Generating RTLIL representation for module `\_90_fa'.
Generating RTLIL representation for module `\_90_lcu'.
Generating RTLIL representation for module `\_90_alu'.
Generating RTLIL representation for module `\_90_macc'.
Generating RTLIL representation for module `\_90_alumacc'.
Generating RTLIL representation for module `\$__div_mod_u'.
Generating RTLIL representation for module `\$__div_mod_trunc'.
Generating RTLIL representation for module `\_90_div'.
Generating RTLIL representation for module `\_90_mod'.
Generating RTLIL representation for module `\$__div_mod_floor'.
Generating RTLIL representation for module `\_90_divfloor'.
Generating RTLIL representation for module `\_90_modfloor'.
Generating RTLIL representation for module `\_90_pow'.
Generating RTLIL representation for module `\_90_pmux'.
Generating RTLIL representation for module `\_90_demux'.
Generating RTLIL representation for module `\_90_lut'.
Successfully finished Verilog frontend.

36.2. Continuing TECHMAP pass.
Using template $paramod$67aa7858b4bd22140906c1c6e299b50dc1b621e6\_90_alu for cells of type $alu.
Using template $paramod$9dd70187b2530e487e9e47731226851eb44bc99b\_90_alu for cells of type $alu.
Using extmapper maccmap for cells of type $macc.
  add \data_in * { 1'0 \scale } (16x9 bits, signed)
Using template $paramod$ef1d37f0fdd78e5767d894c01dbc000728b00267\_90_alu for cells of type $alu.
Using extmapper simplemap for cells of type $xor.
Using extmapper simplemap for cells of type $adffe.
Using extmapper simplemap for cells of type $not.
Using extmapper simplemap for cells of type $mux.
Using extmapper simplemap for cells of type $or.
Using extmapper simplemap for cells of type $reduce_and.
Using extmapper simplemap for cells of type $and.
Using template $paramod\_90_lcu\WIDTH=32'00000000000000000000000000011000 for cells of type $lcu.
Using extmapper simplemap for cells of type $pos.
Using template $paramod\_90_lcu\WIDTH=32'00000000000000000000000000010001 for cells of type $lcu.
Using template $paramod\_90_fa\WIDTH=32'00000000000000000000000000011000 for cells of type $fa.
Using template $paramod$e82d3fc1811c5751348a3964470632b35a435fc7\_90_alu for cells of type $alu.
No more expansions possible.
<suppressed ~886 debug messages>

37. Executing OPT pass (performing simple optimizations).

37.1. Executing OPT_EXPR pass (perform const folding).
Optimizing module quantizer.
<suppressed ~662 debug messages>

37.2. Executing OPT_MERGE pass (detect identical cells).
Finding identical cells in module `\quantizer'.
<suppressed ~429 debug messages>
Removed a total of 143 cells.

37.3. Executing OPT_DFF pass (perform DFF optimizations).

37.4. Executing OPT_CLEAN pass (remove unused cells and wires).
Finding unused cells or wires in module \quantizer..
Removed 158 unused cells and 368 unused wires.
<suppressed ~159 debug messages>

37.5. Finished fast OPT passes.

38. Executing ABC pass (technology mapping using ABC).

38.1. Extracting gate netlist of module `\quantizer' to `<abc-temp-dir>/input.blif'..
Extracted 1021 gates and 1048 wires to a netlist network with 25 inputs and 9 outputs.

38.1.1. Executing ABC.
Running ABC command: "<yosys-exe-dir>/yosys-abc" -s -f <abc-temp-dir>/abc.script 2>&1
ABC: ABC command line: "source <abc-temp-dir>/abc.script".
ABC: 
ABC: + read_blif <abc-temp-dir>/input.blif 
ABC: + read_library <abc-temp-dir>/stdcells.genlib 
ABC: Entered genlib library with 13 gates from file "<abc-temp-dir>/stdcells.genlib".
ABC: + strash 
ABC: + dretime 
ABC: + map 
ABC: + write_blif <abc-temp-dir>/output.blif 

38.1.2. Re-integrating ABC results.
ABC RESULTS:               AND cells:      164
ABC RESULTS:               NOT cells:       32
ABC RESULTS:              XNOR cells:      113
ABC RESULTS:               MUX cells:       23
ABC RESULTS:               NOR cells:       48
ABC RESULTS:               XOR cells:      179
ABC RESULTS:              NAND cells:       30
ABC RESULTS:             ORNOT cells:       58
ABC RESULTS:            ANDNOT cells:      276
ABC RESULTS:                OR cells:       85
ABC RESULTS:        internal signals:     1014
ABC RESULTS:           input signals:       25
ABC RESULTS:          output signals:        9
Removing temp directory.

39. Executing OPT pass (performing simple optimizations).

39.1. Executing OPT_EXPR pass (perform const folding).
Optimizing module quantizer.
<suppressed ~23 debug messages>

39.2. Executing OPT_MERGE pass (detect identical cells).
Finding identical cells in module `\quantizer'.
<suppressed ~15 debug messages>
Removed a total of 5 cells.

39.3. Executing OPT_DFF pass (perform DFF optimizations).

39.4. Executing OPT_CLEAN pass (remove unused cells and wires).
Finding unused cells or wires in module \quantizer..
Removed 1 unused cells and 218 unused wires.
<suppressed ~4 debug messages>

39.5. Finished fast OPT passes.

40. Executing HIERARCHY pass (managing design hierarchy).

40.1. Analyzing design hierarchy..
Top module:  \quantizer

40.2. Analyzing design hierarchy..
Top module:  \quantizer
Removed 0 unused modules.

41. Printing statistics.

=== quantizer ===

   Number of wires:               1003
   Number of wire bits:           1039
   Number of public wires:          10
   Number of public wire bits:      46
   Number of memories:               0
   Number of memory bits:            0
   Number of processes:              0
   Number of cells:               1011
     $_ANDNOT_                     273
     $_AND_                        164
     $_DFFE_PN0P_                    9
     $_MUX_                         23
     $_NAND_                        30
     $_NOR_                         46
     $_NOT_                         31
     $_ORNOT_                       58
     $_OR_                          85
     $_XNOR_                       113
     $_XOR_                        179

42. Executing CHECK pass (checking for obvious problems).
Checking module quantizer...
Found and reported 0 problems.

43. Generating Graphviz representation of design.
Writing dot description to `/home/ugunt/projects/ai-accelerator-verification/rung2-quantizer/openlane/runs/RUN_2026.05.27_20.36.24/tmp/synthesis/post_techmap.dot'.
Dumping module quantizer to page 1.

44. Executing SHARE pass (SAT-based resource sharing).

45. Executing OPT pass (performing simple optimizations).

45.1. Executing OPT_EXPR pass (perform const folding).
Optimizing module quantizer.

45.2. Executing OPT_MERGE pass (detect identical cells).
Finding identical cells in module `\quantizer'.
Removed a total of 0 cells.

45.3. Executing OPT_MUXTREE pass (detect dead branches in mux trees).
Running muxtree optimizer on module \quantizer..
  Creating internal representation of mux trees.
  No muxes found in this module.
Removed 0 multiplexer ports.

45.4. Executing OPT_REDUCE pass (consolidate $*mux and $reduce_* inputs).
  Optimizing cells in module \quantizer.
Performed a total of 0 changes.

45.5. Executing OPT_MERGE pass (detect identical cells).
Finding identical cells in module `\quantizer'.
Removed a total of 0 cells.

45.6. Executing OPT_DFF pass (perform DFF optimizations).

45.7. Executing OPT_CLEAN pass (remove unused cells and wires).
Finding unused cells or wires in module \quantizer..

45.8. Executing OPT_EXPR pass (perform const folding).
Optimizing module quantizer.

45.9. Finished OPT passes. (There is nothing left to do.)

46. Executing OPT_CLEAN pass (remove unused cells and wires).
Finding unused cells or wires in module \quantizer..

47. Printing statistics.

=== quantizer ===

   Number of wires:               1003
   Number of wire bits:           1039
   Number of public wires:          10
   Number of public wire bits:      46
   Number of memories:               0
   Number of memory bits:            0
   Number of processes:              0
   Number of cells:               1011
     $_ANDNOT_                     273
     $_AND_                        164
     $_DFFE_PN0P_                    9
     $_MUX_                         23
     $_NAND_                        30
     $_NOR_                         46
     $_NOT_                         31
     $_ORNOT_                       58
     $_OR_                          85
     $_XNOR_                       113
     $_XOR_                        179

mapping tbuf

48. Executing TECHMAP pass (map to technology primitives).

48.1. Executing Verilog-2005 frontend: /home/ugunt/.ciel/sky130A/libs.tech/openlane/sky130_fd_sc_hd/tribuff_map.v
Parsing Verilog input from `/home/ugunt/.ciel/sky130A/libs.tech/openlane/sky130_fd_sc_hd/tribuff_map.v' to AST representation.
Generating RTLIL representation for module `\$_TBUF_'.
Successfully finished Verilog frontend.

48.2. Continuing TECHMAP pass.
No more expansions possible.
<suppressed ~3 debug messages>

49. Executing SIMPLEMAP pass (map simple cells to gate primitives).

50. Executing TECHMAP pass (map to technology primitives).

50.1. Executing Verilog-2005 frontend: /home/ugunt/.ciel/sky130A/libs.tech/openlane/sky130_fd_sc_hd/latch_map.v
Parsing Verilog input from `/home/ugunt/.ciel/sky130A/libs.tech/openlane/sky130_fd_sc_hd/latch_map.v' to AST representation.
Generating RTLIL representation for module `\$_DLATCH_P_'.
Generating RTLIL representation for module `\$_DLATCH_N_'.
Successfully finished Verilog frontend.

50.2. Continuing TECHMAP pass.
No more expansions possible.
<suppressed ~4 debug messages>

51. Executing SIMPLEMAP pass (map simple cells to gate primitives).

52. Executing DFFLIBMAP pass (mapping DFF cells to sequential cells from liberty file).
  cell sky130_fd_sc_hd__dfxtp_2 (noninv, pins=3, area=21.27) is a direct match for cell type $_DFF_P_.
  cell sky130_fd_sc_hd__dfrtp_2 (noninv, pins=4, area=26.28) is a direct match for cell type $_DFF_PN0_.
  cell sky130_fd_sc_hd__dfstp_2 (noninv, pins=4, area=26.28) is a direct match for cell type $_DFF_PN1_.
  cell sky130_fd_sc_hd__dfbbn_2 (noninv, pins=6, area=35.03) is a direct match for cell type $_DFFSR_NNN_.
  final dff cell mappings:
    unmapped dff cell: $_DFF_N_
    \sky130_fd_sc_hd__dfxtp_2 _DFF_P_ (.CLK( C), .D( D), .Q( Q));
    unmapped dff cell: $_DFF_NN0_
    unmapped dff cell: $_DFF_NN1_
    unmapped dff cell: $_DFF_NP0_
    unmapped dff cell: $_DFF_NP1_
    \sky130_fd_sc_hd__dfrtp_2 _DFF_PN0_ (.CLK( C), .D( D), .Q( Q), .RESET_B( R));
    \sky130_fd_sc_hd__dfstp_2 _DFF_PN1_ (.CLK( C), .D( D), .Q( Q), .SET_B( R));
    unmapped dff cell: $_DFF_PP0_
    unmapped dff cell: $_DFF_PP1_
    \sky130_fd_sc_hd__dfbbn_2 _DFFSR_NNN_ (.CLK_N( C), .D( D), .Q( Q), .Q_N(~Q), .RESET_B( R), .SET_B( S));
    unmapped dff cell: $_DFFSR_NNP_
    unmapped dff cell: $_DFFSR_NPN_
    unmapped dff cell: $_DFFSR_NPP_
    unmapped dff cell: $_DFFSR_PNN_
    unmapped dff cell: $_DFFSR_PNP_
    unmapped dff cell: $_DFFSR_PPN_
    unmapped dff cell: $_DFFSR_PPP_

52.1. Executing DFFLEGALIZE pass (convert FFs to types supported by the target).
Mapping DFF cells in module `\quantizer':
  mapped 9 $_DFF_PN0_ cells to \sky130_fd_sc_hd__dfrtp_2 cells.

53. Printing statistics.

=== quantizer ===

   Number of wires:               1012
   Number of wire bits:           1048
   Number of public wires:          10
   Number of public wire bits:      46
   Number of memories:               0
   Number of memory bits:            0
   Number of processes:              0
   Number of cells:               1020
     $_ANDNOT_                     273
     $_AND_                        164
     $_MUX_                         32
     $_NAND_                        30
     $_NOR_                         46
     $_NOT_                         31
     $_ORNOT_                       58
     $_OR_                          85
     $_XNOR_                       113
     $_XOR_                        179
     sky130_fd_sc_hd__dfrtp_2        9

[INFO]: USING STRATEGY AREA 0

54. Executing ABC pass (technology mapping using ABC).

54.1. Extracting gate netlist of module `\quantizer' to `/tmp/yosys-abc-Hj8vqd/input.blif'..
Extracted 1011 gates and 1047 wires to a netlist network with 35 inputs and 10 outputs.

54.1.1. Executing ABC.
Running ABC command: "/build/bin/yosys-abc" -s -f /tmp/yosys-abc-Hj8vqd/abc.script 2>&1
ABC: ABC command line: "source /tmp/yosys-abc-Hj8vqd/abc.script".
ABC: 
ABC: + read_blif /tmp/yosys-abc-Hj8vqd/input.blif 
ABC: + read_lib -w /home/ugunt/projects/ai-accelerator-verification/rung2-quantizer/openlane/runs/RUN_2026.05.27_20.36.24/tmp/synthesis/trimmed.lib 
ABC: Parsing finished successfully.  Parsing time =     0.05 sec
ABC: Scl_LibertyReadGenlib() skipped sequential cell "sky130_fd_sc_hd__dfbbn_2".
ABC: Scl_LibertyReadGenlib() skipped sequential cell "sky130_fd_sc_hd__dfrbp_2".
ABC: Scl_LibertyReadGenlib() skipped sequential cell "sky130_fd_sc_hd__dfrtp_2".
ABC: Scl_LibertyReadGenlib() skipped sequential cell "sky130_fd_sc_hd__dfrtp_4".
ABC: Scl_LibertyReadGenlib() skipped sequential cell "sky130_fd_sc_hd__dfsbp_2".
ABC: Scl_LibertyReadGenlib() skipped sequential cell "sky130_fd_sc_hd__dfstp_2".
ABC: Scl_LibertyReadGenlib() skipped sequential cell "sky130_fd_sc_hd__dfstp_4".
ABC: Scl_LibertyReadGenlib() skipped sequential cell "sky130_fd_sc_hd__dfxbp_2".
ABC: Scl_LibertyReadGenlib() skipped sequential cell "sky130_fd_sc_hd__dfxtp_2".
ABC: Scl_LibertyReadGenlib() skipped sequential cell "sky130_fd_sc_hd__dfxtp_4".
ABC: Scl_LibertyReadGenlib() skipped sequential cell "sky130_fd_sc_hd__dlxtn_1".
ABC: Scl_LibertyReadGenlib() skipped sequential cell "sky130_fd_sc_hd__dlxtn_2".
ABC: Scl_LibertyReadGenlib() skipped sequential cell "sky130_fd_sc_hd__dlxtn_4".
ABC: Scl_LibertyReadGenlib() skipped sequential cell "sky130_fd_sc_hd__dlxtp_1".
ABC: Scl_LibertyReadGenlib() skipped three-state cell "sky130_fd_sc_hd__ebufn_2".
ABC: Scl_LibertyReadGenlib() skipped three-state cell "sky130_fd_sc_hd__ebufn_4".
ABC: Scl_LibertyReadGenlib() skipped three-state cell "sky130_fd_sc_hd__ebufn_8".
ABC: Library "sky130A_merged" from "/home/ugunt/projects/ai-accelerator-verification/rung2-quantizer/openlane/runs/RUN_2026.05.27_20.36.24/tmp/synthesis/trimmed.lib" has 175 cells (17 skipped: 14 seq; 3 tri-state; 0 no func; 0 dont_use).  Time =     0.09 sec
ABC: Memory =    9.54 MB. Time =     0.09 sec
ABC: Warning: Detected 2 multi-output gates (for example, "sky130_fd_sc_hd__fa_1").
ABC: + read_constr -v /home/ugunt/projects/ai-accelerator-verification/rung2-quantizer/openlane/runs/RUN_2026.05.27_20.36.24/tmp/synthesis/synthesis.sdc 
ABC: Setting driving cell to be "sky130_fd_sc_hd__inv_2".
ABC: Setting output load to be 33.442001.
ABC: + read_constr /home/ugunt/projects/ai-accelerator-verification/rung2-quantizer/openlane/runs/RUN_2026.05.27_20.36.24/tmp/synthesis/synthesis.sdc 
ABC: + fx 
ABC: + mfs 
ABC: + strash 
ABC: + refactor 
ABC: + balance 
ABC: + rewrite 
ABC: + refactor 
ABC: + balance 
ABC: + rewrite 
ABC: + rewrite -z 
ABC: + balance 
ABC: + refactor -z 
ABC: + rewrite -z 
ABC: + balance 
ABC: + retime -D -D 10000.0 -M 5 
ABC: + scleanup 
ABC: Error: The network is combinational.
ABC: + fraig_store 
ABC: + balance 
ABC: + fraig_store 
ABC: + balance 
ABC: + rewrite 
ABC: + refactor 
ABC: + balance 
ABC: + rewrite 
ABC: + rewrite -z 
ABC: + balance 
ABC: + refactor -z 
ABC: + rewrite -z 
ABC: + balance 
ABC: + fraig_store 
ABC: + balance 
ABC: + rewrite 
ABC: + refactor 
ABC: + balance 
ABC: + rewrite 
ABC: + rewrite -z 
ABC: + balance 
ABC: + refactor -z 
ABC: + rewrite -z 
ABC: + balance 
ABC: + fraig_store 
ABC: + balance 
ABC: + rewrite 
ABC: + refactor 
ABC: + balance 
ABC: + rewrite 
ABC: + rewrite -z 
ABC: + balance 
ABC: + refactor -z 
ABC: + rewrite -z 
ABC: + balance 
ABC: + fraig_store 
ABC: + fraig_restore 
ABC: + amap -m -Q 0.1 -F 20 -A 20 -C 5000 
ABC: + retime -D -D 10000.0 
ABC: + &get -n 
ABC: + &st 
ABC: + &dch 
ABC: + &nf 
ABC: + &put 
ABC: + buffer -N 10 -S 750.0 
ABC: + upsize -D 10000.0 
ABC: Current delay (6295.54 ps) does not exceed the target delay (10000.00 ps). Upsizing is not performed.
ABC: + dnsize -D 10000.0 
ABC: + stime -p 
ABC: WireLoad = "none"  Gates =    821 (  7.3 %)   Cap =  9.1 ff (  1.8 %)   Area =     7566.01 ( 92.6 %)   Delay =  6771.85 ps  ( 10.8 %)               
ABC: Path  0 --      10 : 0    8 pi                       A =   0.00  Df =  61.7  -34.0 ps  S =  92.1 ps  Cin =  0.0 ff  Cout =  18.8 ff  Cmax =   0.0 ff  G =    0  
ABC: Path  1 --     135 : 1   10 sky130_fd_sc_hd__buf_1   A =   3.75  Df = 434.3 -180.4 ps  S = 449.0 ps  Cin =  2.1 ff  Cout =  37.9 ff  Cmax = 130.0 ff  G = 1751  
ABC: Path  2 --     314 : 4    3 sky130_fd_sc_hd__nand4_2 A =  12.51  Df = 617.5 -195.9 ps  S = 156.3 ps  Cin =  4.4 ff  Cout =   8.3 ff  Cmax = 200.5 ff  G =  184  
ABC: Path  3 --     351 : 3    2 sky130_fd_sc_hd__a21o_2  A =   8.76  Df = 856.0  -99.2 ps  S =  50.5 ps  Cin =  2.4 ff  Cout =   7.1 ff  Cmax = 309.5 ff  G =  289  
ABC: Path  4 --     356 : 3    3 sky130_fd_sc_hd__a21o_2  A =   8.76  Df =1080.2 -108.4 ps  S =  61.1 ps  Cin =  2.4 ff  Cout =   9.5 ff  Cmax = 309.5 ff  G =  390  
ABC: Path  5 --     400 : 3    3 sky130_fd_sc_hd__a21o_2  A =   8.76  Df =1311.7 -190.6 ps  S =  69.6 ps  Cin =  2.4 ff  Cout =  11.4 ff  Cmax = 309.5 ff  G =  461  
ABC: Path  6 --     401 : 3    2 sky130_fd_sc_hd__and3_2  A =   7.51  Df =1529.8 -170.8 ps  S =  61.8 ps  Cin =  1.5 ff  Cout =   6.7 ff  Cmax = 309.5 ff  G =  430  
ABC: Path  7 --     405 : 3    4 sky130_fd_sc_hd__or3_2   A =   7.51  Df =2050.6 -420.9 ps  S = 111.1 ps  Cin =  1.5 ff  Cout =  13.1 ff  Cmax = 310.4 ff  G =  831  
ABC: Path  8 --     408 : 4    3 sky130_fd_sc_hd__a211o_2 A =  10.01  Df =2419.5 -481.3 ps  S =  63.1 ps  Cin =  2.4 ff  Cout =   8.4 ff  Cmax = 325.0 ff  G =  347  
ABC: Path  9 --     471 : 3    3 sky130_fd_sc_hd__a21o_2  A =   8.76  Df =2628.6 -284.8 ps  S =  61.6 ps  Cin =  2.4 ff  Cout =   9.4 ff  Cmax = 309.5 ff  G =  389  
ABC: Path 10 --     472 : 3    2 sky130_fd_sc_hd__a21o_2  A =   8.76  Df =2837.2 -203.5 ps  S =  36.9 ps  Cin =  2.4 ff  Cout =   3.9 ff  Cmax = 309.5 ff  G =  160  
ABC: Path 11 --     475 : 5    4 sky130_fd_sc_hd__a41o_2  A =  11.26  Df =3124.3  -92.9 ps  S =  88.4 ps  Cin =  2.3 ff  Cout =  13.4 ff  Cmax = 325.0 ff  G =  546  
ABC: Path 12 --     770 : 2    2 sky130_fd_sc_hd__and2_2  A =   7.51  Df =3314.2 -141.0 ps  S =  41.3 ps  Cin =  1.5 ff  Cout =   3.1 ff  Cmax = 303.0 ff  G =  198  
ABC: Path 13 --     789 : 2    2 sky130_fd_sc_hd__or2_2   A =   6.26  Df =3612.5 -314.0 ps  S =  64.3 ps  Cin =  1.5 ff  Cout =   6.0 ff  Cmax = 299.4 ff  G =  396  
ABC: Path 14 --     790 : 3    1 sky130_fd_sc_hd__or3_2   A =   7.51  Df =4006.0 -617.5 ps  S =  68.4 ps  Cin =  1.5 ff  Cout =   1.4 ff  Cmax = 310.4 ff  G =   88  
ABC: Path 15 --     791 : 4    4 sky130_fd_sc_hd__or4_2   A =   8.76  Df =4595.9 -616.3 ps  S = 132.9 ps  Cin =  1.5 ff  Cout =  11.1 ff  Cmax = 310.4 ff  G =  710  
ABC: Path 16 --     794 : 4    3 sky130_fd_sc_hd__or4_2   A =   8.76  Df =5262.1 -827.7 ps  S = 124.6 ps  Cin =  1.5 ff  Cout =   9.6 ff  Cmax = 310.4 ff  G =  601  
ABC: Path 17 --     805 : 4    3 sky130_fd_sc_hd__o22a_2  A =  10.01  Df =5515.7 -574.8 ps  S =  45.9 ps  Cin =  2.4 ff  Cout =   5.6 ff  Cmax = 304.9 ff  G =  223  
ABC: Path 18 --     826 : 3    8 sky130_fd_sc_hd__or3b_2  A =   8.76  Df =6021.4 -209.3 ps  S = 125.1 ps  Cin =  1.5 ff  Cout =  18.6 ff  Cmax = 269.2 ff  G = 1185  
ABC: Path 19 --     857 : 5    1 sky130_fd_sc_hd__a41o_2  A =  11.26  Df =6304.9 -304.8 ps  S =  35.1 ps  Cin =  2.3 ff  Cout =   1.8 ff  Cmax = 325.0 ff  G =   73  
ABC: Path 20 --     858 : 3    1 sky130_fd_sc_hd__mux2_2  A =  11.26  Df =6553.0 -426.7 ps  S =  45.5 ps  Cin =  2.3 ff  Cout =   2.2 ff  Cmax = 297.6 ff  G =   92  
ABC: Path 21 --     859 : 1    1 sky130_fd_sc_hd__buf_1   A =   3.75  Df =6771.8 -325.5 ps  S = 396.3 ps  Cin =  2.1 ff  Cout =  33.4 ff  Cmax = 130.0 ff  G = 1590  
ABC: Start-point = pi9 (\scale [2]).  End-point = po7 ($auto$rtlil.cc:2607:MuxGate$3479).
ABC: + print_stats -m 
ABC: netlist                       : i/o =   35/   10  lat =    0  nd =   821  edge =   2272  area =7567.11  delay =24.00  lev = 24
ABC: + write_blif /tmp/yosys-abc-Hj8vqd/output.blif 

54.1.2. Re-integrating ABC results.
ABC RESULTS:   sky130_fd_sc_hd__nand2b_2 cells:        1
ABC RESULTS:   sky130_fd_sc_hd__o21bai_2 cells:        1
ABC RESULTS:   sky130_fd_sc_hd__a221oi_2 cells:        1
ABC RESULTS:   sky130_fd_sc_hd__and4b_2 cells:        1
ABC RESULTS:   sky130_fd_sc_hd__o2bb2a_2 cells:        1
ABC RESULTS:   sky130_fd_sc_hd__a2bb2o_2 cells:        1
ABC RESULTS:   sky130_fd_sc_hd__nor4b_2 cells:        1
ABC RESULTS:   sky130_fd_sc_hd__o32a_2 cells:        1
ABC RESULTS:   sky130_fd_sc_hd__nor3b_2 cells:        1
ABC RESULTS:   sky130_fd_sc_hd__a21boi_2 cells:        2
ABC RESULTS:   sky130_fd_sc_hd__and3b_2 cells:        1
ABC RESULTS:   sky130_fd_sc_hd__and4_2 cells:       27
ABC RESULTS:   sky130_fd_sc_hd__a211oi_2 cells:       13
ABC RESULTS:   sky130_fd_sc_hd__a32o_2 cells:        6
ABC RESULTS:   sky130_fd_sc_hd__a22oi_2 cells:       18
ABC RESULTS:   sky130_fd_sc_hd__o211ai_2 cells:        7
ABC RESULTS:   sky130_fd_sc_hd__o211a_2 cells:       19
ABC RESULTS:   sky130_fd_sc_hd__o21ba_2 cells:        3
ABC RESULTS:   sky130_fd_sc_hd__a311o_2 cells:        1
ABC RESULTS:   sky130_fd_sc_hd__and2b_2 cells:       16
ABC RESULTS:   sky130_fd_sc_hd__o21a_2 cells:       10
ABC RESULTS:   sky130_fd_sc_hd__nor3_2 cells:       12
ABC RESULTS:   sky130_fd_sc_hd__nand3_2 cells:       48
ABC RESULTS:   sky130_fd_sc_hd__nand4_2 cells:       22
ABC RESULTS:   sky130_fd_sc_hd__and2_2 cells:       35
ABC RESULTS:   sky130_fd_sc_hd__a22o_2 cells:       30
ABC RESULTS:   sky130_fd_sc_hd__and3_2 cells:       37
ABC RESULTS:   sky130_fd_sc_hd__nor4_2 cells:        2
ABC RESULTS:   sky130_fd_sc_hd__nand4b_2 cells:        1
ABC RESULTS:   sky130_fd_sc_hd__or4b_2 cells:        1
ABC RESULTS:   sky130_fd_sc_hd__or4bb_2 cells:        1
ABC RESULTS:   sky130_fd_sc_hd__xnor2_2 cells:       49
ABC RESULTS:   sky130_fd_sc_hd__xor2_2 cells:       26
ABC RESULTS:   sky130_fd_sc_hd__o22a_2 cells:        3
ABC RESULTS:   sky130_fd_sc_hd__or4_2 cells:        4
ABC RESULTS:   sky130_fd_sc_hd__a211o_2 cells:       14
ABC RESULTS:   sky130_fd_sc_hd__or2b_2 cells:       11
ABC RESULTS:   sky130_fd_sc_hd__o21ai_2 cells:       18
ABC RESULTS:   sky130_fd_sc_hd__a21oi_2 cells:       32
ABC RESULTS:   sky130_fd_sc_hd__nor2_2 cells:       50
ABC RESULTS:   sky130_fd_sc_hd__a21o_2 cells:       60
ABC RESULTS:   sky130_fd_sc_hd__or2_2 cells:       27
ABC RESULTS:   sky130_fd_sc_hd__or3b_2 cells:        5
ABC RESULTS:   sky130_fd_sc_hd__a41o_2 cells:        2
ABC RESULTS:   sky130_fd_sc_hd__nand2_2 cells:       59
ABC RESULTS:   sky130_fd_sc_hd__a31o_2 cells:       15
ABC RESULTS:   sky130_fd_sc_hd__mux2_2 cells:        8
ABC RESULTS:   sky130_fd_sc_hd__buf_1 cells:       51
ABC RESULTS:   sky130_fd_sc_hd__inv_2 cells:        9
ABC RESULTS:   sky130_fd_sc_hd__or3_2 cells:       18
ABC RESULTS:   sky130_fd_sc_hd__a21bo_2 cells:       39
ABC RESULTS:        internal signals:     1002
ABC RESULTS:           input signals:       35
ABC RESULTS:          output signals:       10
Removing temp directory.

55. Executing SETUNDEF pass (replace undef values with defined constants).

56. Executing HILOMAP pass (mapping to constant drivers).

57. Executing SPLITNETS pass (splitting up multi-bit signals).

58. Executing OPT_CLEAN pass (remove unused cells and wires).
Finding unused cells or wires in module \quantizer..
Removed 0 unused cells and 1046 unused wires.
<suppressed ~9 debug messages>

59. Executing INSBUF pass (insert buffer cells for connected wires).

60. Executing CHECK pass (checking for obvious problems).
Checking module quantizer...
Warning: Wire quantizer.\valid_out is used but has no driver.
Warning: Wire quantizer.\overflow is used but has no driver.
Warning: Wire quantizer.\data_out [7] is used but has no driver.
Warning: Wire quantizer.\data_out [6] is used but has no driver.
Warning: Wire quantizer.\data_out [5] is used but has no driver.
Warning: Wire quantizer.\data_out [4] is used but has no driver.
Warning: Wire quantizer.\data_out [3] is used but has no driver.
Warning: Wire quantizer.\data_out [2] is used but has no driver.
Warning: Wire quantizer.\data_out [1] is used but has no driver.
Warning: Wire quantizer.\data_out [0] is used but has no driver.
Found and reported 10 problems.

61. Printing statistics.

=== quantizer ===

   Number of wires:                829
   Number of wire bits:            858
   Number of public wires:           9
   Number of public wire bits:      38
   Number of memories:               0
   Number of memory bits:            0
   Number of processes:              0
   Number of cells:                830
     sky130_fd_sc_hd__a211o_2       14
     sky130_fd_sc_hd__a211oi_2      13
     sky130_fd_sc_hd__a21bo_2       39
     sky130_fd_sc_hd__a21boi_2       2
     sky130_fd_sc_hd__a21o_2        60
     sky130_fd_sc_hd__a21oi_2       32
     sky130_fd_sc_hd__a221oi_2       1
     sky130_fd_sc_hd__a22o_2        30
     sky130_fd_sc_hd__a22oi_2       18
     sky130_fd_sc_hd__a2bb2o_2       1
     sky130_fd_sc_hd__a311o_2        1
     sky130_fd_sc_hd__a31o_2        15
     sky130_fd_sc_hd__a32o_2         6
     sky130_fd_sc_hd__a41o_2         2
     sky130_fd_sc_hd__and2_2        35
     sky130_fd_sc_hd__and2b_2       16
     sky130_fd_sc_hd__and3_2        37
     sky130_fd_sc_hd__and3b_2        1
     sky130_fd_sc_hd__and4_2        27
     sky130_fd_sc_hd__and4b_2        1
     sky130_fd_sc_hd__buf_1         51
     sky130_fd_sc_hd__dfrtp_2        9
     sky130_fd_sc_hd__inv_2          9
     sky130_fd_sc_hd__mux2_2         8
     sky130_fd_sc_hd__nand2_2       59
     sky130_fd_sc_hd__nand2b_2       1
     sky130_fd_sc_hd__nand3_2       48
     sky130_fd_sc_hd__nand4_2       22
     sky130_fd_sc_hd__nand4b_2       1
     sky130_fd_sc_hd__nor2_2        50
     sky130_fd_sc_hd__nor3_2        12
     sky130_fd_sc_hd__nor3b_2        1
     sky130_fd_sc_hd__nor4_2         2
     sky130_fd_sc_hd__nor4b_2        1
     sky130_fd_sc_hd__o211a_2       19
     sky130_fd_sc_hd__o211ai_2       7
     sky130_fd_sc_hd__o21a_2        10
     sky130_fd_sc_hd__o21ai_2       18
     sky130_fd_sc_hd__o21ba_2        3
     sky130_fd_sc_hd__o21bai_2       1
     sky130_fd_sc_hd__o22a_2         3
     sky130_fd_sc_hd__o2bb2a_2       1
     sky130_fd_sc_hd__o32a_2         1
     sky130_fd_sc_hd__or2_2         27
     sky130_fd_sc_hd__or2b_2        11
     sky130_fd_sc_hd__or3_2         18
     sky130_fd_sc_hd__or3b_2         5
     sky130_fd_sc_hd__or4_2          4
     sky130_fd_sc_hd__or4b_2         1
     sky130_fd_sc_hd__or4bb_2        1
     sky130_fd_sc_hd__xnor2_2       49
     sky130_fd_sc_hd__xor2_2        26

   Chip area for module '\quantizer': 7802.483200

62. Executing Verilog backend.
Dumping module `\quantizer'.

Warnings: 10 unique messages, 10 total
End of script. Logfile hash: cc74339af5, CPU: user 1.04s system 0.04s, MEM: 31.05 MB peak
Yosys 0.30+48 (git sha1 14d50a176d5, gcc 8.3.1 -fPIC -Os)
Time spent: 75% 2x abc (3 sec), 5% 22x opt_expr (0 sec), ...
