
===========================================================================
report_checks -unconstrained
===========================================================================
======================= Fastest Corner ===================================

Startpoint: rst_n (input port clocked by clk)
Endpoint: _1643_ (recovery check against rising-edge clock clk)
Path Group: asynchronous
Path Type: max
Corner: Fastest

Fanout     Cap    Slew   Delay    Time   Description
-----------------------------------------------------------------------------
                          0.00    0.00   clock clk (rise edge)
                          0.00    0.00   clock network delay (propagated)
                          2.00    2.00 ^ input external delay
                  0.01    0.01    2.01 ^ rst_n (in)
     1    0.00                           rst_n (net)
                  0.01    0.00    2.01 ^ input18/A (sky130_fd_sc_hd__clkbuf_4)
                  0.13    0.16    2.17 ^ input18/X (sky130_fd_sc_hd__clkbuf_4)
     9    0.06                           net18 (net)
                  0.13    0.01    2.17 ^ _1643_/RESET_B (sky130_fd_sc_hd__dfrtp_2)
                                  2.17   data arrival time

                         10.00   10.00   clock clk (rise edge)
                          0.00   10.00   clock source latency
                  0.06    0.04   10.04 ^ clk (in)
     1    0.02                           clk (net)
                  0.06    0.00   10.04 ^ clkbuf_0_clk/A (sky130_fd_sc_hd__clkbuf_16)
                  0.03    0.09   10.12 ^ clkbuf_0_clk/X (sky130_fd_sc_hd__clkbuf_16)
     2    0.02                           clknet_0_clk (net)
                  0.03    0.00   10.13 ^ clkbuf_1_0__f_clk/A (sky130_fd_sc_hd__clkbuf_16)
                  0.03    0.08   10.20 ^ clkbuf_1_0__f_clk/X (sky130_fd_sc_hd__clkbuf_16)
     4    0.01                           clknet_1_0__leaf_clk (net)
                  0.03    0.00   10.20 ^ _1643_/CLK (sky130_fd_sc_hd__dfrtp_2)
                         -0.25    9.95   clock uncertainty
                          0.00    9.95   clock reconvergence pessimism
                          0.11   10.06   library recovery time
                                 10.06   data required time
-----------------------------------------------------------------------------
                                 10.06   data required time
                                 -2.17   data arrival time
-----------------------------------------------------------------------------
                                  7.89   slack (MET)


Startpoint: scale[2] (input port clocked by clk)
Endpoint: overflow (output port clocked by clk)
Path Group: clk
Path Type: max
Corner: Fastest

Fanout     Cap    Slew   Delay    Time   Description
-----------------------------------------------------------------------------
                          0.00    0.00   clock clk (rise edge)
                          0.00    0.00   clock network delay (propagated)
                          2.00    2.00 ^ input external delay
                  0.04    0.03    2.03 ^ scale[2] (in)
     1    0.01                           scale[2] (net)
                  0.04    0.00    2.03 ^ input21/A (sky130_fd_sc_hd__buf_12)
                  0.06    0.09    2.12 ^ input21/X (sky130_fd_sc_hd__buf_12)
     8    0.06                           net21 (net)
                  0.06    0.01    2.13 ^ _0976_/A (sky130_fd_sc_hd__buf_8)
                  0.05    0.09    2.22 ^ _0976_/X (sky130_fd_sc_hd__buf_8)
     6    0.03                           _0111_ (net)
                  0.05    0.00    2.22 ^ split32/A (sky130_fd_sc_hd__buf_8)
                  0.05    0.09    2.31 ^ split32/X (sky130_fd_sc_hd__buf_8)
     5    0.04                           net75 (net)
                  0.05    0.00    2.31 ^ _0979_/B (sky130_fd_sc_hd__nand4_4)
                  0.06    0.06    2.37 v _0979_/Y (sky130_fd_sc_hd__nand4_4)
     3    0.01                           _0114_ (net)
                  0.06    0.00    2.37 v _0981_/A2 (sky130_fd_sc_hd__a21o_1)
                  0.04    0.14    2.51 v _0981_/X (sky130_fd_sc_hd__a21o_1)
     2    0.01                           _0116_ (net)
                  0.04    0.00    2.51 v _0987_/A2 (sky130_fd_sc_hd__a21o_1)
                  0.06    0.15    2.67 v _0987_/X (sky130_fd_sc_hd__a21o_1)
     3    0.01                           _0122_ (net)
                  0.06    0.00    2.67 v _1063_/A2 (sky130_fd_sc_hd__a21o_1)
                  0.04    0.14    2.81 v _1063_/X (sky130_fd_sc_hd__a21o_1)
     3    0.01                           _0198_ (net)
                  0.04    0.00    2.81 v _1065_/C (sky130_fd_sc_hd__and3_1)
                  0.05    0.15    2.96 v _1065_/X (sky130_fd_sc_hd__and3_1)
     2    0.01                           _0200_ (net)
                  0.06    0.00    2.96 v _1075_/A (sky130_fd_sc_hd__or3_4)
                  0.06    0.27    3.23 v _1075_/X (sky130_fd_sc_hd__or3_4)
     4    0.02                           _0210_ (net)
                  0.06    0.00    3.23 v rebuffer32/A (sky130_fd_sc_hd__buf_6)
                  0.02    0.09    3.32 v rebuffer32/X (sky130_fd_sc_hd__buf_6)
     1    0.01                           net83 (net)
                  0.02    0.00    3.32 v _1079_/A2 (sky130_fd_sc_hd__a211oi_4)
                  0.17    0.20    3.52 ^ _1079_/Y (sky130_fd_sc_hd__a211oi_4)
     2    0.01                           _0214_ (net)
                  0.17    0.00    3.52 ^ _1081_/B1 (sky130_fd_sc_hd__a211o_4)
                  0.04    0.09    3.60 ^ _1081_/X (sky130_fd_sc_hd__a211o_4)
     3    0.01                           _0216_ (net)
                  0.04    0.00    3.61 ^ rebuffer34/A (sky130_fd_sc_hd__buf_6)
                  0.04    0.07    3.68 ^ rebuffer34/X (sky130_fd_sc_hd__buf_6)
     3    0.02                           net85 (net)
                  0.04    0.00    3.68 ^ _1119_/A2 (sky130_fd_sc_hd__a211oi_4)
                  0.06    0.04    3.72 v _1119_/Y (sky130_fd_sc_hd__a211oi_4)
     2    0.01                           _0254_ (net)
                  0.06    0.00    3.72 v _1122_/A (sky130_fd_sc_hd__nor4_2)
                  0.19    0.23    3.95 ^ _1122_/Y (sky130_fd_sc_hd__nor4_2)
     2    0.01                           _0257_ (net)
                  0.19    0.00    3.95 ^ rebuffer29/A (sky130_fd_sc_hd__clkbuf_2)
                  0.03    0.09    4.04 ^ rebuffer29/X (sky130_fd_sc_hd__clkbuf_2)
     1    0.00                           net81 (net)
                  0.03    0.00    4.04 ^ max_cap40/A (sky130_fd_sc_hd__clkbuf_1)
                  0.07    0.08    4.12 ^ max_cap40/X (sky130_fd_sc_hd__clkbuf_1)
     1    0.01                           net40 (net)
                  0.07    0.00    4.12 ^ _1187_/B1 (sky130_fd_sc_hd__a221oi_2)
                  0.07    0.05    4.17 v _1187_/Y (sky130_fd_sc_hd__a221oi_2)
     2    0.01                           _0322_ (net)
                  0.07    0.00    4.17 v _1401_/A1 (sky130_fd_sc_hd__a211o_1)
                  0.08    0.23    4.40 v _1401_/X (sky130_fd_sc_hd__a211o_1)
     3    0.02                           _0552_ (net)
                  0.08    0.00    4.40 v rebuffer23/A (sky130_fd_sc_hd__clkbuf_2)
                  0.03    0.10    4.50 v rebuffer23/X (sky130_fd_sc_hd__clkbuf_2)
     2    0.01                           net66 (net)
                  0.03    0.00    4.50 v _1481_/A1 (sky130_fd_sc_hd__a311o_1)
                  0.06    0.19    4.69 v _1481_/X (sky130_fd_sc_hd__a311o_1)
     2    0.01                           _0640_ (net)
                  0.06    0.00    4.69 v _1489_/A1 (sky130_fd_sc_hd__a31o_1)
                  0.05    0.15    4.84 v _1489_/X (sky130_fd_sc_hd__a31o_1)
     3    0.01                           _0649_ (net)
                  0.05    0.00    4.84 v _1492_/A2 (sky130_fd_sc_hd__a21o_1)
                  0.05    0.15    4.99 v _1492_/X (sky130_fd_sc_hd__a21o_1)
     4    0.01                           _0652_ (net)
                  0.05    0.00    4.99 v _1510_/B (sky130_fd_sc_hd__and3_1)
                  0.04    0.12    5.12 v _1510_/X (sky130_fd_sc_hd__and3_1)
     2    0.01                           _0672_ (net)
                  0.04    0.00    5.12 v _1513_/B (sky130_fd_sc_hd__or3b_4)
                  0.06    0.26    5.37 v _1513_/X (sky130_fd_sc_hd__or3b_4)
     4    0.02                           _0675_ (net)
                  0.06    0.00    5.37 v _1578_/A (sky130_fd_sc_hd__nor4_2)
                  0.21    0.25    5.62 ^ _1578_/Y (sky130_fd_sc_hd__nor4_2)
     1    0.01                           _0747_ (net)
                  0.21    0.00    5.62 ^ wire39/A (sky130_fd_sc_hd__clkbuf_2)
                  0.06    0.12    5.74 ^ wire39/X (sky130_fd_sc_hd__clkbuf_2)
     2    0.01                           net39 (net)
                  0.06    0.00    5.74 ^ _1595_/A1 (sky130_fd_sc_hd__o22a_4)
                  0.08    0.13    5.87 ^ _1595_/X (sky130_fd_sc_hd__o22a_4)
     8    0.03                           _0766_ (net)
                  0.08    0.00    5.87 ^ _1601_/B_N (sky130_fd_sc_hd__or2b_4)
                  0.04    0.18    6.05 v _1601_/X (sky130_fd_sc_hd__or2b_4)
     1    0.01                           _0772_ (net)
                  0.04    0.00    6.05 v _1602_/A (sky130_fd_sc_hd__buf_6)
                  0.02    0.08    6.14 v _1602_/X (sky130_fd_sc_hd__buf_6)
     1    0.01                           net36 (net)
                  0.02    0.00    6.14 v output36/A (sky130_fd_sc_hd__buf_8)
                  0.03    0.09    6.22 v output36/X (sky130_fd_sc_hd__buf_8)
     1    0.03                           overflow (net)
                  0.03    0.00    6.23 v overflow (out)
                                  6.23   data arrival time

                         10.00   10.00   clock clk (rise edge)
                          0.00   10.00   clock network delay (propagated)
                         -0.25    9.75   clock uncertainty
                          0.00    9.75   clock reconvergence pessimism
                         -2.00    7.75   output external delay
                                  7.75   data required time
-----------------------------------------------------------------------------
                                  7.75   data required time
                                 -6.23   data arrival time
-----------------------------------------------------------------------------
                                  1.52   slack (MET)



======================= Slowest Corner ===================================

Startpoint: rst_n (input port clocked by clk)
Endpoint: _1643_ (recovery check against rising-edge clock clk)
Path Group: asynchronous
Path Type: max
Corner: Slowest

Fanout     Cap    Slew   Delay    Time   Description
-----------------------------------------------------------------------------
                          0.00    0.00   clock clk (rise edge)
                          0.00    0.00   clock network delay (propagated)
                          2.00    2.00 ^ input external delay
                  0.03    0.02    2.02 ^ rst_n (in)
     1    0.00                           rst_n (net)
                  0.03    0.00    2.02 ^ input18/A (sky130_fd_sc_hd__clkbuf_4)
                  0.26    0.39    2.40 ^ input18/X (sky130_fd_sc_hd__clkbuf_4)
     9    0.05                           net18 (net)
                  0.26    0.01    2.41 ^ _1643_/RESET_B (sky130_fd_sc_hd__dfrtp_2)
                                  2.41   data arrival time

                         10.00   10.00   clock clk (rise edge)
                          0.00   10.00   clock source latency
                  0.12    0.08   10.08 ^ clk (in)
     1    0.02                           clk (net)
                  0.12    0.00   10.08 ^ clkbuf_0_clk/A (sky130_fd_sc_hd__clkbuf_16)
                  0.07    0.23   10.31 ^ clkbuf_0_clk/X (sky130_fd_sc_hd__clkbuf_16)
     2    0.02                           clknet_0_clk (net)
                  0.07    0.00   10.31 ^ clkbuf_1_0__f_clk/A (sky130_fd_sc_hd__clkbuf_16)
                  0.06    0.20   10.51 ^ clkbuf_1_0__f_clk/X (sky130_fd_sc_hd__clkbuf_16)
     4    0.01                           clknet_1_0__leaf_clk (net)
                  0.06    0.00   10.51 ^ _1643_/CLK (sky130_fd_sc_hd__dfrtp_2)
                         -0.25   10.26   clock uncertainty
                          0.00   10.26   clock reconvergence pessimism
                          0.36   10.62   library recovery time
                                 10.62   data required time
-----------------------------------------------------------------------------
                                 10.62   data required time
                                 -2.41   data arrival time
-----------------------------------------------------------------------------
                                  8.21   slack (MET)


Startpoint: data_in[15] (input port clocked by clk)
Endpoint: overflow (output port clocked by clk)
Path Group: clk
Path Type: max
Corner: Slowest

Fanout     Cap    Slew   Delay    Time   Description
-----------------------------------------------------------------------------
                          0.00    0.00   clock clk (rise edge)
                          0.00    0.00   clock network delay (propagated)
                          2.00    2.00 ^ input external delay
                  0.03    0.02    2.02 ^ data_in[15] (in)
     1    0.00                           data_in[15] (net)
                  0.03    0.00    2.02 ^ input7/A (sky130_fd_sc_hd__dlymetal6s2s_1)
                  0.38    0.39    2.40 ^ input7/X (sky130_fd_sc_hd__dlymetal6s2s_1)
     2    0.02                           net7 (net)
                  0.38    0.00    2.41 ^ _0826_/A (sky130_fd_sc_hd__buf_4)
                  0.17    0.44    2.84 ^ _0826_/X (sky130_fd_sc_hd__buf_4)
    10    0.03                           _0445_ (net)
                  0.17    0.00    2.85 ^ _0835_/A (sky130_fd_sc_hd__buf_2)
                  0.28    0.41    3.26 ^ _0835_/X (sky130_fd_sc_hd__buf_2)
    10    0.04                           _0544_ (net)
                  0.28    0.00    3.26 ^ _1380_/A2 (sky130_fd_sc_hd__a22oi_1)
                  0.16    0.28    3.54 v _1380_/Y (sky130_fd_sc_hd__a22oi_1)
     1    0.00                           _0529_ (net)
                  0.16    0.00    3.54 v _1382_/A (sky130_fd_sc_hd__nor2_1)
                  0.33    0.37    3.91 ^ _1382_/Y (sky130_fd_sc_hd__nor2_1)
     2    0.01                           _0531_ (net)
                  0.33    0.00    3.91 ^ _1384_/A (sky130_fd_sc_hd__xnor2_1)
                  0.39    0.38    4.29 ^ _1384_/Y (sky130_fd_sc_hd__xnor2_1)
     2    0.01                           _0534_ (net)
                  0.39    0.00    4.29 ^ _1386_/B (sky130_fd_sc_hd__nand3_2)
                  0.22    0.36    4.64 v _1386_/Y (sky130_fd_sc_hd__nand3_2)
     4    0.01                           _0536_ (net)
                  0.22    0.00    4.65 v _1389_/A (sky130_fd_sc_hd__and3_1)
                  0.13    0.45    5.09 v _1389_/X (sky130_fd_sc_hd__and3_1)
     3    0.01                           _0539_ (net)
                  0.13    0.00    5.09 v _1391_/B (sky130_fd_sc_hd__or3_2)
                  0.24    1.26    6.35 v _1391_/X (sky130_fd_sc_hd__or3_2)
     4    0.02                           _0541_ (net)
                  0.24    0.00    6.35 v _1394_/A1 (sky130_fd_sc_hd__a211oi_1)
                  0.39    0.51    6.86 ^ _1394_/Y (sky130_fd_sc_hd__a211oi_1)
     1    0.00                           _0545_ (net)
                  0.39    0.00    6.86 ^ _1395_/B (sky130_fd_sc_hd__nor2_1)
                  0.14    0.27    7.12 v _1395_/Y (sky130_fd_sc_hd__nor2_1)
     2    0.01                           _0546_ (net)
                  0.14    0.00    7.13 v _1396_/B (sky130_fd_sc_hd__xor2_2)
                  0.17    0.35    7.47 v _1396_/X (sky130_fd_sc_hd__xor2_2)
     2    0.01                           _0547_ (net)
                  0.17    0.00    7.47 v _1399_/A (sky130_fd_sc_hd__xnor2_2)
                  0.46    0.52    7.99 ^ _1399_/Y (sky130_fd_sc_hd__xnor2_2)
     2    0.02                           _0550_ (net)
                  0.46    0.00    8.00 ^ _1400_/B (sky130_fd_sc_hd__nand2_1)
                  0.17    0.31    8.30 v _1400_/Y (sky130_fd_sc_hd__nand2_1)
     2    0.01                           _0551_ (net)
                  0.17    0.00    8.30 v _1404_/A (sky130_fd_sc_hd__or2_2)
                  0.21    0.89    9.19 v _1404_/X (sky130_fd_sc_hd__or2_2)
     4    0.02                           _0556_ (net)
                  0.21    0.00    9.20 v _1481_/A2 (sky130_fd_sc_hd__a311o_1)
                  0.15    0.74    9.94 v _1481_/X (sky130_fd_sc_hd__a311o_1)
     2    0.01                           _0640_ (net)
                  0.15    0.00    9.94 v _1489_/A1 (sky130_fd_sc_hd__a31o_1)
                  0.12    0.44   10.38 v _1489_/X (sky130_fd_sc_hd__a31o_1)
     3    0.01                           _0649_ (net)
                  0.12    0.00   10.38 v _1492_/A2 (sky130_fd_sc_hd__a21o_1)
                  0.13    0.43   10.80 v _1492_/X (sky130_fd_sc_hd__a21o_1)
     4    0.01                           _0652_ (net)
                  0.13    0.00   10.81 v _1510_/B (sky130_fd_sc_hd__and3_1)
                  0.09    0.41   11.21 v _1510_/X (sky130_fd_sc_hd__and3_1)
     2    0.01                           _0672_ (net)
                  0.09    0.00   11.21 v _1513_/B (sky130_fd_sc_hd__or3b_4)
                  0.15    0.82   12.04 v _1513_/X (sky130_fd_sc_hd__or3b_4)
     4    0.02                           _0675_ (net)
                  0.15    0.00   12.04 v _1578_/A (sky130_fd_sc_hd__nor4_2)
                  0.48    0.65   12.68 ^ _1578_/Y (sky130_fd_sc_hd__nor4_2)
     1    0.01                           _0747_ (net)
                  0.48    0.00   12.68 ^ wire39/A (sky130_fd_sc_hd__clkbuf_2)
                  0.12    0.41   13.09 ^ wire39/X (sky130_fd_sc_hd__clkbuf_2)
     2    0.01                           net39 (net)
                  0.12    0.00   13.10 ^ _1595_/A1 (sky130_fd_sc_hd__o22a_4)
                  0.17    0.41   13.50 ^ _1595_/X (sky130_fd_sc_hd__o22a_4)
     8    0.03                           _0766_ (net)
                  0.17    0.00   13.51 ^ _1601_/B_N (sky130_fd_sc_hd__or2b_4)
                  0.10    0.60   14.10 v _1601_/X (sky130_fd_sc_hd__or2b_4)
     1    0.01                           _0772_ (net)
                  0.10    0.00   14.11 v _1602_/A (sky130_fd_sc_hd__buf_6)
                  0.04    0.23   14.34 v _1602_/X (sky130_fd_sc_hd__buf_6)
     1    0.01                           net36 (net)
                  0.04    0.00   14.34 v output36/A (sky130_fd_sc_hd__buf_8)
                  0.07    0.24   14.58 v output36/X (sky130_fd_sc_hd__buf_8)
     1    0.03                           overflow (net)
                  0.07    0.00   14.58 v overflow (out)
                                 14.58   data arrival time

                         10.00   10.00   clock clk (rise edge)
                          0.00   10.00   clock network delay (propagated)
                         -0.25    9.75   clock uncertainty
                          0.00    9.75   clock reconvergence pessimism
                         -2.00    7.75   output external delay
                                  7.75   data required time
-----------------------------------------------------------------------------
                                  7.75   data required time
                                -14.58   data arrival time
-----------------------------------------------------------------------------
                                 -6.83   slack (VIOLATED)



======================= Typical Corner ===================================

Startpoint: rst_n (input port clocked by clk)
Endpoint: _1643_ (recovery check against rising-edge clock clk)
Path Group: asynchronous
Path Type: max
Corner: Typical

Fanout     Cap    Slew   Delay    Time   Description
-----------------------------------------------------------------------------
                          0.00    0.00   clock clk (rise edge)
                          0.00    0.00   clock network delay (propagated)
                          2.00    2.00 ^ input external delay
                  0.02    0.01    2.01 ^ rst_n (in)
     1    0.00                           rst_n (net)
                  0.02    0.00    2.01 ^ input18/A (sky130_fd_sc_hd__clkbuf_4)
                  0.17    0.23    2.24 ^ input18/X (sky130_fd_sc_hd__clkbuf_4)
     9    0.06                           net18 (net)
                  0.17    0.01    2.24 ^ _1643_/RESET_B (sky130_fd_sc_hd__dfrtp_2)
                                  2.24   data arrival time

                         10.00   10.00   clock clk (rise edge)
                          0.00   10.00   clock source latency
                  0.08    0.05   10.05 ^ clk (in)
     1    0.02                           clk (net)
                  0.08    0.00   10.05 ^ clkbuf_0_clk/A (sky130_fd_sc_hd__clkbuf_16)
                  0.04    0.13   10.18 ^ clkbuf_0_clk/X (sky130_fd_sc_hd__clkbuf_16)
     2    0.02                           clknet_0_clk (net)
                  0.04    0.00   10.18 ^ clkbuf_1_0__f_clk/A (sky130_fd_sc_hd__clkbuf_16)
                  0.04    0.11   10.29 ^ clkbuf_1_0__f_clk/X (sky130_fd_sc_hd__clkbuf_16)
     4    0.01                           clknet_1_0__leaf_clk (net)
                  0.04    0.00   10.29 ^ _1643_/CLK (sky130_fd_sc_hd__dfrtp_2)
                         -0.25   10.04   clock uncertainty
                          0.00   10.04   clock reconvergence pessimism
                          0.18   10.22   library recovery time
                                 10.22   data required time
-----------------------------------------------------------------------------
                                 10.22   data required time
                                 -2.24   data arrival time
-----------------------------------------------------------------------------
                                  7.98   slack (MET)


Startpoint: scale[2] (input port clocked by clk)
Endpoint: overflow (output port clocked by clk)
Path Group: clk
Path Type: max
Corner: Typical

Fanout     Cap    Slew   Delay    Time   Description
-----------------------------------------------------------------------------
                          0.00    0.00   clock clk (rise edge)
                          0.00    0.00   clock network delay (propagated)
                          2.00    2.00 ^ input external delay
                  0.05    0.04    2.04 ^ scale[2] (in)
     1    0.01                           scale[2] (net)
                  0.05    0.00    2.04 ^ input21/A (sky130_fd_sc_hd__buf_12)
                  0.08    0.13    2.17 ^ input21/X (sky130_fd_sc_hd__buf_12)
     8    0.06                           net21 (net)
                  0.08    0.01    2.18 ^ _0976_/A (sky130_fd_sc_hd__buf_8)
                  0.06    0.13    2.31 ^ _0976_/X (sky130_fd_sc_hd__buf_8)
     6    0.03                           _0111_ (net)
                  0.06    0.00    2.32 ^ split32/A (sky130_fd_sc_hd__buf_8)
                  0.07    0.13    2.44 ^ split32/X (sky130_fd_sc_hd__buf_8)
     5    0.04                           net75 (net)
                  0.07    0.00    2.45 ^ _0979_/B (sky130_fd_sc_hd__nand4_4)
                  0.09    0.10    2.55 v _0979_/Y (sky130_fd_sc_hd__nand4_4)
     3    0.01                           _0114_ (net)
                  0.09    0.00    2.55 v _0981_/A2 (sky130_fd_sc_hd__a21o_1)
                  0.05    0.22    2.77 v _0981_/X (sky130_fd_sc_hd__a21o_1)
     2    0.01                           _0116_ (net)
                  0.05    0.00    2.77 v _0987_/A2 (sky130_fd_sc_hd__a21o_1)
                  0.08    0.23    3.00 v _0987_/X (sky130_fd_sc_hd__a21o_1)
     3    0.01                           _0122_ (net)
                  0.08    0.00    3.00 v _1063_/A2 (sky130_fd_sc_hd__a21o_1)
                  0.05    0.22    3.22 v _1063_/X (sky130_fd_sc_hd__a21o_1)
     3    0.01                           _0198_ (net)
                  0.05    0.00    3.22 v _1065_/C (sky130_fd_sc_hd__and3_1)
                  0.08    0.23    3.45 v _1065_/X (sky130_fd_sc_hd__and3_1)
     2    0.01                           _0200_ (net)
                  0.08    0.00    3.45 v _1075_/A (sky130_fd_sc_hd__or3_4)
                  0.08    0.44    3.90 v _1075_/X (sky130_fd_sc_hd__or3_4)
     4    0.02                           _0210_ (net)
                  0.08    0.00    3.90 v rebuffer32/A (sky130_fd_sc_hd__buf_6)
                  0.03    0.14    4.04 v rebuffer32/X (sky130_fd_sc_hd__buf_6)
     1    0.01                           net83 (net)
                  0.03    0.00    4.04 v _1079_/A2 (sky130_fd_sc_hd__a211oi_4)
                  0.23    0.28    4.32 ^ _1079_/Y (sky130_fd_sc_hd__a211oi_4)
     2    0.01                           _0214_ (net)
                  0.23    0.00    4.32 ^ _1081_/B1 (sky130_fd_sc_hd__a211o_4)
                  0.05    0.16    4.48 ^ _1081_/X (sky130_fd_sc_hd__a211o_4)
     3    0.01                           _0216_ (net)
                  0.05    0.00    4.48 ^ rebuffer34/A (sky130_fd_sc_hd__buf_6)
                  0.05    0.11    4.59 ^ rebuffer34/X (sky130_fd_sc_hd__buf_6)
     3    0.02                           net85 (net)
                  0.05    0.00    4.59 ^ _1119_/A2 (sky130_fd_sc_hd__a211oi_4)
                  0.10    0.06    4.65 v _1119_/Y (sky130_fd_sc_hd__a211oi_4)
     2    0.01                           _0254_ (net)
                  0.10    0.00    4.65 v _1122_/A (sky130_fd_sc_hd__nor4_2)
                  0.26    0.35    5.00 ^ _1122_/Y (sky130_fd_sc_hd__nor4_2)
     2    0.01                           _0257_ (net)
                  0.26    0.00    5.00 ^ rebuffer29/A (sky130_fd_sc_hd__clkbuf_2)
                  0.03    0.16    5.16 ^ rebuffer29/X (sky130_fd_sc_hd__clkbuf_2)
     1    0.00                           net81 (net)
                  0.03    0.00    5.16 ^ max_cap40/A (sky130_fd_sc_hd__clkbuf_1)
                  0.09    0.12    5.28 ^ max_cap40/X (sky130_fd_sc_hd__clkbuf_1)
     1    0.01                           net40 (net)
                  0.09    0.00    5.28 ^ _1187_/B1 (sky130_fd_sc_hd__a221oi_2)
                  0.10    0.09    5.37 v _1187_/Y (sky130_fd_sc_hd__a221oi_2)
     2    0.01                           _0322_ (net)
                  0.10    0.00    5.37 v _1401_/A1 (sky130_fd_sc_hd__a211o_1)
                  0.11    0.36    5.73 v _1401_/X (sky130_fd_sc_hd__a211o_1)
     3    0.02                           _0552_ (net)
                  0.11    0.00    5.73 v rebuffer23/A (sky130_fd_sc_hd__clkbuf_2)
                  0.04    0.15    5.88 v rebuffer23/X (sky130_fd_sc_hd__clkbuf_2)
     2    0.01                           net66 (net)
                  0.04    0.00    5.88 v _1481_/A1 (sky130_fd_sc_hd__a311o_1)
                  0.08    0.31    6.18 v _1481_/X (sky130_fd_sc_hd__a311o_1)
     2    0.01                           _0640_ (net)
                  0.08    0.00    6.18 v _1489_/A1 (sky130_fd_sc_hd__a31o_1)
                  0.07    0.23    6.41 v _1489_/X (sky130_fd_sc_hd__a31o_1)
     3    0.01                           _0649_ (net)
                  0.07    0.00    6.42 v _1492_/A2 (sky130_fd_sc_hd__a21o_1)
                  0.07    0.23    6.64 v _1492_/X (sky130_fd_sc_hd__a21o_1)
     4    0.01                           _0652_ (net)
                  0.07    0.00    6.65 v _1510_/B (sky130_fd_sc_hd__and3_1)
                  0.05    0.19    6.84 v _1510_/X (sky130_fd_sc_hd__and3_1)
     2    0.01                           _0672_ (net)
                  0.05    0.00    6.84 v _1513_/B (sky130_fd_sc_hd__or3b_4)
                  0.09    0.42    7.26 v _1513_/X (sky130_fd_sc_hd__or3b_4)
     4    0.02                           _0675_ (net)
                  0.09    0.00    7.26 v _1578_/A (sky130_fd_sc_hd__nor4_2)
                  0.29    0.37    7.63 ^ _1578_/Y (sky130_fd_sc_hd__nor4_2)
     1    0.01                           _0747_ (net)
                  0.29    0.00    7.63 ^ wire39/A (sky130_fd_sc_hd__clkbuf_2)
                  0.08    0.21    7.84 ^ wire39/X (sky130_fd_sc_hd__clkbuf_2)
     2    0.01                           net39 (net)
                  0.08    0.00    7.84 ^ _1595_/A1 (sky130_fd_sc_hd__o22a_4)
                  0.10    0.21    8.04 ^ _1595_/X (sky130_fd_sc_hd__o22a_4)
     8    0.03                           _0766_ (net)
                  0.10    0.00    8.05 ^ _1601_/B_N (sky130_fd_sc_hd__or2b_4)
                  0.05    0.30    8.35 v _1601_/X (sky130_fd_sc_hd__or2b_4)
     1    0.01                           _0772_ (net)
                  0.05    0.00    8.35 v _1602_/A (sky130_fd_sc_hd__buf_6)
                  0.03    0.13    8.48 v _1602_/X (sky130_fd_sc_hd__buf_6)
     1    0.01                           net36 (net)
                  0.03    0.00    8.48 v output36/A (sky130_fd_sc_hd__buf_8)
                  0.04    0.13    8.61 v output36/X (sky130_fd_sc_hd__buf_8)
     1    0.03                           overflow (net)
                  0.04    0.00    8.61 v overflow (out)
                                  8.61   data arrival time

                         10.00   10.00   clock clk (rise edge)
                          0.00   10.00   clock network delay (propagated)
                         -0.25    9.75   clock uncertainty
                          0.00    9.75   clock reconvergence pessimism
                         -2.00    7.75   output external delay
                                  7.75   data required time
-----------------------------------------------------------------------------
                                  7.75   data required time
                                 -8.61   data arrival time
-----------------------------------------------------------------------------
                                 -0.86   slack (VIOLATED)




===========================================================================
report_checks --slack_max -0.01
============================================================================
======================= Fastest Corner ===================================

No paths found.

======================= Slowest Corner ===================================

Startpoint: data_in[15] (input port clocked by clk)
Endpoint: overflow (output port clocked by clk)
Path Group: clk
Path Type: max
Corner: Slowest

Fanout     Cap    Slew   Delay    Time   Description
-----------------------------------------------------------------------------
                          0.00    0.00   clock clk (rise edge)
                          0.00    0.00   clock network delay (propagated)
                          2.00    2.00 ^ input external delay
                  0.03    0.02    2.02 ^ data_in[15] (in)
     1    0.00                           data_in[15] (net)
                  0.03    0.00    2.02 ^ input7/A (sky130_fd_sc_hd__dlymetal6s2s_1)
                  0.38    0.39    2.40 ^ input7/X (sky130_fd_sc_hd__dlymetal6s2s_1)
     2    0.02                           net7 (net)
                  0.38    0.00    2.41 ^ _0826_/A (sky130_fd_sc_hd__buf_4)
                  0.17    0.44    2.84 ^ _0826_/X (sky130_fd_sc_hd__buf_4)
    10    0.03                           _0445_ (net)
                  0.17    0.00    2.85 ^ _0835_/A (sky130_fd_sc_hd__buf_2)
                  0.28    0.41    3.26 ^ _0835_/X (sky130_fd_sc_hd__buf_2)
    10    0.04                           _0544_ (net)
                  0.28    0.00    3.26 ^ _1380_/A2 (sky130_fd_sc_hd__a22oi_1)
                  0.16    0.28    3.54 v _1380_/Y (sky130_fd_sc_hd__a22oi_1)
     1    0.00                           _0529_ (net)
                  0.16    0.00    3.54 v _1382_/A (sky130_fd_sc_hd__nor2_1)
                  0.33    0.37    3.91 ^ _1382_/Y (sky130_fd_sc_hd__nor2_1)
     2    0.01                           _0531_ (net)
                  0.33    0.00    3.91 ^ _1384_/A (sky130_fd_sc_hd__xnor2_1)
                  0.39    0.38    4.29 ^ _1384_/Y (sky130_fd_sc_hd__xnor2_1)
     2    0.01                           _0534_ (net)
                  0.39    0.00    4.29 ^ _1386_/B (sky130_fd_sc_hd__nand3_2)
                  0.22    0.36    4.64 v _1386_/Y (sky130_fd_sc_hd__nand3_2)
     4    0.01                           _0536_ (net)
                  0.22    0.00    4.65 v _1389_/A (sky130_fd_sc_hd__and3_1)
                  0.13    0.45    5.09 v _1389_/X (sky130_fd_sc_hd__and3_1)
     3    0.01                           _0539_ (net)
                  0.13    0.00    5.09 v _1391_/B (sky130_fd_sc_hd__or3_2)
                  0.24    1.26    6.35 v _1391_/X (sky130_fd_sc_hd__or3_2)
     4    0.02                           _0541_ (net)
                  0.24    0.00    6.35 v _1394_/A1 (sky130_fd_sc_hd__a211oi_1)
                  0.39    0.51    6.86 ^ _1394_/Y (sky130_fd_sc_hd__a211oi_1)
     1    0.00                           _0545_ (net)
                  0.39    0.00    6.86 ^ _1395_/B (sky130_fd_sc_hd__nor2_1)
                  0.14    0.27    7.12 v _1395_/Y (sky130_fd_sc_hd__nor2_1)
     2    0.01                           _0546_ (net)
                  0.14    0.00    7.13 v _1396_/B (sky130_fd_sc_hd__xor2_2)
                  0.17    0.35    7.47 v _1396_/X (sky130_fd_sc_hd__xor2_2)
     2    0.01                           _0547_ (net)
                  0.17    0.00    7.47 v _1399_/A (sky130_fd_sc_hd__xnor2_2)
                  0.46    0.52    7.99 ^ _1399_/Y (sky130_fd_sc_hd__xnor2_2)
     2    0.02                           _0550_ (net)
                  0.46    0.00    8.00 ^ _1400_/B (sky130_fd_sc_hd__nand2_1)
                  0.17    0.31    8.30 v _1400_/Y (sky130_fd_sc_hd__nand2_1)
     2    0.01                           _0551_ (net)
                  0.17    0.00    8.30 v _1404_/A (sky130_fd_sc_hd__or2_2)
                  0.21    0.89    9.19 v _1404_/X (sky130_fd_sc_hd__or2_2)
     4    0.02                           _0556_ (net)
                  0.21    0.00    9.20 v _1481_/A2 (sky130_fd_sc_hd__a311o_1)
                  0.15    0.74    9.94 v _1481_/X (sky130_fd_sc_hd__a311o_1)
     2    0.01                           _0640_ (net)
                  0.15    0.00    9.94 v _1489_/A1 (sky130_fd_sc_hd__a31o_1)
                  0.12    0.44   10.38 v _1489_/X (sky130_fd_sc_hd__a31o_1)
     3    0.01                           _0649_ (net)
                  0.12    0.00   10.38 v _1492_/A2 (sky130_fd_sc_hd__a21o_1)
                  0.13    0.43   10.80 v _1492_/X (sky130_fd_sc_hd__a21o_1)
     4    0.01                           _0652_ (net)
                  0.13    0.00   10.81 v _1510_/B (sky130_fd_sc_hd__and3_1)
                  0.09    0.41   11.21 v _1510_/X (sky130_fd_sc_hd__and3_1)
     2    0.01                           _0672_ (net)
                  0.09    0.00   11.21 v _1513_/B (sky130_fd_sc_hd__or3b_4)
                  0.15    0.82   12.04 v _1513_/X (sky130_fd_sc_hd__or3b_4)
     4    0.02                           _0675_ (net)
                  0.15    0.00   12.04 v _1578_/A (sky130_fd_sc_hd__nor4_2)
                  0.48    0.65   12.68 ^ _1578_/Y (sky130_fd_sc_hd__nor4_2)
     1    0.01                           _0747_ (net)
                  0.48    0.00   12.68 ^ wire39/A (sky130_fd_sc_hd__clkbuf_2)
                  0.12    0.41   13.09 ^ wire39/X (sky130_fd_sc_hd__clkbuf_2)
     2    0.01                           net39 (net)
                  0.12    0.00   13.10 ^ _1595_/A1 (sky130_fd_sc_hd__o22a_4)
                  0.17    0.41   13.50 ^ _1595_/X (sky130_fd_sc_hd__o22a_4)
     8    0.03                           _0766_ (net)
                  0.17    0.00   13.51 ^ _1601_/B_N (sky130_fd_sc_hd__or2b_4)
                  0.10    0.60   14.10 v _1601_/X (sky130_fd_sc_hd__or2b_4)
     1    0.01                           _0772_ (net)
                  0.10    0.00   14.11 v _1602_/A (sky130_fd_sc_hd__buf_6)
                  0.04    0.23   14.34 v _1602_/X (sky130_fd_sc_hd__buf_6)
     1    0.01                           net36 (net)
                  0.04    0.00   14.34 v output36/A (sky130_fd_sc_hd__buf_8)
                  0.07    0.24   14.58 v output36/X (sky130_fd_sc_hd__buf_8)
     1    0.03                           overflow (net)
                  0.07    0.00   14.58 v overflow (out)
                                 14.58   data arrival time

                         10.00   10.00   clock clk (rise edge)
                          0.00   10.00   clock network delay (propagated)
                         -0.25    9.75   clock uncertainty
                          0.00    9.75   clock reconvergence pessimism
                         -2.00    7.75   output external delay
                                  7.75   data required time
-----------------------------------------------------------------------------
                                  7.75   data required time
                                -14.58   data arrival time
-----------------------------------------------------------------------------
                                 -6.83   slack (VIOLATED)



======================= Typical Corner ===================================

Startpoint: scale[2] (input port clocked by clk)
Endpoint: overflow (output port clocked by clk)
Path Group: clk
Path Type: max
Corner: Typical

Fanout     Cap    Slew   Delay    Time   Description
-----------------------------------------------------------------------------
                          0.00    0.00   clock clk (rise edge)
                          0.00    0.00   clock network delay (propagated)
                          2.00    2.00 ^ input external delay
                  0.05    0.04    2.04 ^ scale[2] (in)
     1    0.01                           scale[2] (net)
                  0.05    0.00    2.04 ^ input21/A (sky130_fd_sc_hd__buf_12)
                  0.08    0.13    2.17 ^ input21/X (sky130_fd_sc_hd__buf_12)
     8    0.06                           net21 (net)
                  0.08    0.01    2.18 ^ _0976_/A (sky130_fd_sc_hd__buf_8)
                  0.06    0.13    2.31 ^ _0976_/X (sky130_fd_sc_hd__buf_8)
     6    0.03                           _0111_ (net)
                  0.06    0.00    2.32 ^ split32/A (sky130_fd_sc_hd__buf_8)
                  0.07    0.13    2.44 ^ split32/X (sky130_fd_sc_hd__buf_8)
     5    0.04                           net75 (net)
                  0.07    0.00    2.45 ^ _0979_/B (sky130_fd_sc_hd__nand4_4)
                  0.09    0.10    2.55 v _0979_/Y (sky130_fd_sc_hd__nand4_4)
     3    0.01                           _0114_ (net)
                  0.09    0.00    2.55 v _0981_/A2 (sky130_fd_sc_hd__a21o_1)
                  0.05    0.22    2.77 v _0981_/X (sky130_fd_sc_hd__a21o_1)
     2    0.01                           _0116_ (net)
                  0.05    0.00    2.77 v _0987_/A2 (sky130_fd_sc_hd__a21o_1)
                  0.08    0.23    3.00 v _0987_/X (sky130_fd_sc_hd__a21o_1)
     3    0.01                           _0122_ (net)
                  0.08    0.00    3.00 v _1063_/A2 (sky130_fd_sc_hd__a21o_1)
                  0.05    0.22    3.22 v _1063_/X (sky130_fd_sc_hd__a21o_1)
     3    0.01                           _0198_ (net)
                  0.05    0.00    3.22 v _1065_/C (sky130_fd_sc_hd__and3_1)
                  0.08    0.23    3.45 v _1065_/X (sky130_fd_sc_hd__and3_1)
     2    0.01                           _0200_ (net)
                  0.08    0.00    3.45 v _1075_/A (sky130_fd_sc_hd__or3_4)
                  0.08    0.44    3.90 v _1075_/X (sky130_fd_sc_hd__or3_4)
     4    0.02                           _0210_ (net)
                  0.08    0.00    3.90 v rebuffer32/A (sky130_fd_sc_hd__buf_6)
                  0.03    0.14    4.04 v rebuffer32/X (sky130_fd_sc_hd__buf_6)
     1    0.01                           net83 (net)
                  0.03    0.00    4.04 v _1079_/A2 (sky130_fd_sc_hd__a211oi_4)
                  0.23    0.28    4.32 ^ _1079_/Y (sky130_fd_sc_hd__a211oi_4)
     2    0.01                           _0214_ (net)
                  0.23    0.00    4.32 ^ _1081_/B1 (sky130_fd_sc_hd__a211o_4)
                  0.05    0.16    4.48 ^ _1081_/X (sky130_fd_sc_hd__a211o_4)
     3    0.01                           _0216_ (net)
                  0.05    0.00    4.48 ^ rebuffer34/A (sky130_fd_sc_hd__buf_6)
                  0.05    0.11    4.59 ^ rebuffer34/X (sky130_fd_sc_hd__buf_6)
     3    0.02                           net85 (net)
                  0.05    0.00    4.59 ^ _1119_/A2 (sky130_fd_sc_hd__a211oi_4)
                  0.10    0.06    4.65 v _1119_/Y (sky130_fd_sc_hd__a211oi_4)
     2    0.01                           _0254_ (net)
                  0.10    0.00    4.65 v _1122_/A (sky130_fd_sc_hd__nor4_2)
                  0.26    0.35    5.00 ^ _1122_/Y (sky130_fd_sc_hd__nor4_2)
     2    0.01                           _0257_ (net)
                  0.26    0.00    5.00 ^ rebuffer29/A (sky130_fd_sc_hd__clkbuf_2)
                  0.03    0.16    5.16 ^ rebuffer29/X (sky130_fd_sc_hd__clkbuf_2)
     1    0.00                           net81 (net)
                  0.03    0.00    5.16 ^ max_cap40/A (sky130_fd_sc_hd__clkbuf_1)
                  0.09    0.12    5.28 ^ max_cap40/X (sky130_fd_sc_hd__clkbuf_1)
     1    0.01                           net40 (net)
                  0.09    0.00    5.28 ^ _1187_/B1 (sky130_fd_sc_hd__a221oi_2)
                  0.10    0.09    5.37 v _1187_/Y (sky130_fd_sc_hd__a221oi_2)
     2    0.01                           _0322_ (net)
                  0.10    0.00    5.37 v _1401_/A1 (sky130_fd_sc_hd__a211o_1)
                  0.11    0.36    5.73 v _1401_/X (sky130_fd_sc_hd__a211o_1)
     3    0.02                           _0552_ (net)
                  0.11    0.00    5.73 v rebuffer23/A (sky130_fd_sc_hd__clkbuf_2)
                  0.04    0.15    5.88 v rebuffer23/X (sky130_fd_sc_hd__clkbuf_2)
     2    0.01                           net66 (net)
                  0.04    0.00    5.88 v _1481_/A1 (sky130_fd_sc_hd__a311o_1)
                  0.08    0.31    6.18 v _1481_/X (sky130_fd_sc_hd__a311o_1)
     2    0.01                           _0640_ (net)
                  0.08    0.00    6.18 v _1489_/A1 (sky130_fd_sc_hd__a31o_1)
                  0.07    0.23    6.41 v _1489_/X (sky130_fd_sc_hd__a31o_1)
     3    0.01                           _0649_ (net)
                  0.07    0.00    6.42 v _1492_/A2 (sky130_fd_sc_hd__a21o_1)
                  0.07    0.23    6.64 v _1492_/X (sky130_fd_sc_hd__a21o_1)
     4    0.01                           _0652_ (net)
                  0.07    0.00    6.65 v _1510_/B (sky130_fd_sc_hd__and3_1)
                  0.05    0.19    6.84 v _1510_/X (sky130_fd_sc_hd__and3_1)
     2    0.01                           _0672_ (net)
                  0.05    0.00    6.84 v _1513_/B (sky130_fd_sc_hd__or3b_4)
                  0.09    0.42    7.26 v _1513_/X (sky130_fd_sc_hd__or3b_4)
     4    0.02                           _0675_ (net)
                  0.09    0.00    7.26 v _1578_/A (sky130_fd_sc_hd__nor4_2)
                  0.29    0.37    7.63 ^ _1578_/Y (sky130_fd_sc_hd__nor4_2)
     1    0.01                           _0747_ (net)
                  0.29    0.00    7.63 ^ wire39/A (sky130_fd_sc_hd__clkbuf_2)
                  0.08    0.21    7.84 ^ wire39/X (sky130_fd_sc_hd__clkbuf_2)
     2    0.01                           net39 (net)
                  0.08    0.00    7.84 ^ _1595_/A1 (sky130_fd_sc_hd__o22a_4)
                  0.10    0.21    8.04 ^ _1595_/X (sky130_fd_sc_hd__o22a_4)
     8    0.03                           _0766_ (net)
                  0.10    0.00    8.05 ^ _1601_/B_N (sky130_fd_sc_hd__or2b_4)
                  0.05    0.30    8.35 v _1601_/X (sky130_fd_sc_hd__or2b_4)
     1    0.01                           _0772_ (net)
                  0.05    0.00    8.35 v _1602_/A (sky130_fd_sc_hd__buf_6)
                  0.03    0.13    8.48 v _1602_/X (sky130_fd_sc_hd__buf_6)
     1    0.01                           net36 (net)
                  0.03    0.00    8.48 v output36/A (sky130_fd_sc_hd__buf_8)
                  0.04    0.13    8.61 v output36/X (sky130_fd_sc_hd__buf_8)
     1    0.03                           overflow (net)
                  0.04    0.00    8.61 v overflow (out)
                                  8.61   data arrival time

                         10.00   10.00   clock clk (rise edge)
                          0.00   10.00   clock network delay (propagated)
                         -0.25    9.75   clock uncertainty
                          0.00    9.75   clock reconvergence pessimism
                         -2.00    7.75   output external delay
                                  7.75   data required time
-----------------------------------------------------------------------------
                                  7.75   data required time
                                 -8.61   data arrival time
-----------------------------------------------------------------------------
                                 -0.86   slack (VIOLATED)




===========================================================================
 report_check_types -max_slew -max_cap -max_fanout -violators
============================================================================
======================= Fastest Corner ===================================


======================= Slowest Corner ===================================

max slew

Pin                                    Limit    Slew   Slack
------------------------------------------------------------
_1082_/A1                               0.75    0.75   -0.00 (VIOLATED)
_1120_/A1                               0.75    0.75   -0.00 (VIOLATED)
_1119_/B1                               0.75    0.75   -0.00 (VIOLATED)
_1323_/B                                0.75    0.75   -0.00 (VIOLATED)
_1046_/Y                                0.75    0.75   -0.00 (VIOLATED)


======================= Typical Corner ===================================



===========================================================================
report_parasitic_annotation -report_unannotated
============================================================================
Found 0 unannotated drivers.
Found 0 partially unannotated drivers.

===========================================================================
max slew violation count 5
max fanout violation count 0
max cap violation count 0
============================================================================

===========================================================================
check_setup -verbose -unconstrained_endpoints -multiple_clock -no_clock -no_input_delay -loops -generated_clocks
===========================================================================
