
===========================================================================
 report_power
============================================================================
======================= Fastest Corner ===================================

Group                  Internal  Switching    Leakage      Total
                          Power      Power      Power      Power (Watts)
----------------------------------------------------------------
Sequential             4.67e-05   8.40e-06   4.28e-08   5.51e-05   5.1%
Combinational          4.70e-04   5.49e-04   8.30e-09   1.02e-03  94.9%
Macro                  0.00e+00   0.00e+00   0.00e+00   0.00e+00   0.0%
Pad                    0.00e+00   0.00e+00   0.00e+00   0.00e+00   0.0%
----------------------------------------------------------------
Total                  5.16e-04   5.58e-04   5.11e-08   1.07e-03 100.0%
                          48.1%      51.9%       0.0%

======================= Slowest Corner ===================================

Group                  Internal  Switching    Leakage      Total
                          Power      Power      Power      Power (Watts)
----------------------------------------------------------------
Sequential             3.13e-05   5.59e-06   1.71e-07   3.70e-05   4.9%
Combinational          3.45e-04   3.64e-04   4.09e-06   7.13e-04  95.1%
Macro                  0.00e+00   0.00e+00   0.00e+00   0.00e+00   0.0%
Pad                    0.00e+00   0.00e+00   0.00e+00   0.00e+00   0.0%
----------------------------------------------------------------
Total                  3.76e-04   3.69e-04   4.26e-06   7.50e-04 100.0%
                          50.2%      49.2%       0.6%

======================= Typical Corner ===================================

Group                  Internal  Switching    Leakage      Total
                          Power      Power      Power      Power (Watts)
----------------------------------------------------------------
Sequential             4.02e-05   7.11e-06   4.28e-08   4.74e-05   5.1%
Combinational          4.22e-04   4.64e-04   5.67e-09   8.86e-04  94.9%
Macro                  0.00e+00   0.00e+00   0.00e+00   0.00e+00   0.0%
Pad                    0.00e+00   0.00e+00   0.00e+00   0.00e+00   0.0%
----------------------------------------------------------------
Total                  4.62e-04   4.71e-04   4.85e-08   9.33e-04 100.0%
                          49.5%      50.5%       0.0%

