
===========================================================================
 report_power
============================================================================
======================= Fastest Corner ===================================

Group                  Internal  Switching    Leakage      Total
                          Power      Power      Power      Power (Watts)
----------------------------------------------------------------
Sequential             1.87e-05   3.05e-06   4.28e-08   2.18e-05   5.7%
Combinational          1.66e-04   1.97e-04   7.53e-09   3.63e-04  94.3%
Macro                  0.00e+00   0.00e+00   0.00e+00   0.00e+00   0.0%
Pad                    0.00e+00   0.00e+00   0.00e+00   0.00e+00   0.0%
----------------------------------------------------------------
Total                  1.84e-04   2.00e-04   5.04e-08   3.85e-04 100.0%
                          47.9%      52.0%       0.0%

======================= Slowest Corner ===================================

Group                  Internal  Switching    Leakage      Total
                          Power      Power      Power      Power (Watts)
----------------------------------------------------------------
Sequential             1.25e-05   2.03e-06   1.71e-07   1.47e-05   5.4%
Combinational          1.22e-04   1.30e-04   3.66e-06   2.56e-04  94.6%
Macro                  0.00e+00   0.00e+00   0.00e+00   0.00e+00   0.0%
Pad                    0.00e+00   0.00e+00   0.00e+00   0.00e+00   0.0%
----------------------------------------------------------------
Total                  1.34e-04   1.32e-04   3.83e-06   2.71e-04 100.0%
                          49.7%      48.9%       1.4%

======================= Typical Corner ===================================

Group                  Internal  Switching    Leakage      Total
                          Power      Power      Power      Power (Watts)
----------------------------------------------------------------
Sequential             1.61e-05   2.58e-06   4.28e-08   1.87e-05   5.6%
Combinational          1.49e-04   1.66e-04   5.41e-09   3.16e-04  94.4%
Macro                  0.00e+00   0.00e+00   0.00e+00   0.00e+00   0.0%
Pad                    0.00e+00   0.00e+00   0.00e+00   0.00e+00   0.0%
----------------------------------------------------------------
Total                  1.65e-04   1.69e-04   4.82e-08   3.34e-04 100.0%
                          49.5%      50.5%       0.0%

