
===========================================================================
report_checks -unconstrained
===========================================================================
======================= Fastest Corner ===================================

Startpoint: rst_n (input port clocked by clk)
Endpoint: _1643_ (recovery check against rising-edge clock clk)
Path Group: asynchronous
Path Type: max
Corner: Fastest

Fanout     Cap    Slew   Delay    Time   Description
-----------------------------------------------------------------------------
                          0.00    0.00   clock clk (rise edge)
                          0.00    0.00   clock network delay (propagated)
                          5.00    5.00 ^ input external delay
                  0.01    0.01    5.01 ^ rst_n (in)
     1    0.00                           rst_n (net)
                  0.01    0.00    5.01 ^ input18/A (sky130_fd_sc_hd__clkbuf_4)
                  0.12    0.15    5.16 ^ input18/X (sky130_fd_sc_hd__clkbuf_4)
     9    0.05                           net18 (net)
                  0.12    0.00    5.16 ^ _1643_/RESET_B (sky130_fd_sc_hd__dfrtp_2)
                                  5.16   data arrival time

                         25.00   25.00   clock clk (rise edge)
                          0.00   25.00   clock source latency
                  0.05    0.03   25.03 ^ clk (in)
     1    0.01                           clk (net)
                  0.05    0.00   25.03 ^ clkbuf_0_clk/A (sky130_fd_sc_hd__clkbuf_16)
                  0.03    0.09   25.12 ^ clkbuf_0_clk/X (sky130_fd_sc_hd__clkbuf_16)
     2    0.02                           clknet_0_clk (net)
                  0.03    0.00   25.12 ^ clkbuf_1_0__f_clk/A (sky130_fd_sc_hd__clkbuf_16)
                  0.03    0.08   25.20 ^ clkbuf_1_0__f_clk/X (sky130_fd_sc_hd__clkbuf_16)
     4    0.01                           clknet_1_0__leaf_clk (net)
                  0.03    0.00   25.20 ^ _1643_/CLK (sky130_fd_sc_hd__dfrtp_2)
                         -0.25   24.95   clock uncertainty
                          0.00   24.95   clock reconvergence pessimism
                          0.11   25.06   library recovery time
                                 25.06   data required time
-----------------------------------------------------------------------------
                                 25.06   data required time
                                 -5.16   data arrival time
-----------------------------------------------------------------------------
                                 19.89   slack (MET)


Startpoint: scale[0] (input port clocked by clk)
Endpoint: overflow (output port clocked by clk)
Path Group: clk
Path Type: max
Corner: Fastest

Fanout     Cap    Slew   Delay    Time   Description
-----------------------------------------------------------------------------
                          0.00    0.00   clock clk (rise edge)
                          0.00    0.00   clock network delay (propagated)
                          5.00    5.00 ^ input external delay
                  0.01    0.01    5.01 ^ scale[0] (in)
     1    0.00                           scale[0] (net)
                  0.01    0.00    5.01 ^ input19/A (sky130_fd_sc_hd__clkbuf_2)
                  0.14    0.15    5.15 ^ input19/X (sky130_fd_sc_hd__clkbuf_2)
     4    0.03                           net19 (net)
                  0.14    0.00    5.15 ^ _0960_/A (sky130_fd_sc_hd__buf_2)
                  0.13    0.17    5.32 ^ _0960_/X (sky130_fd_sc_hd__buf_2)
    10    0.03                           _0095_ (net)
                  0.13    0.00    5.32 ^ _1155_/A (sky130_fd_sc_hd__and4_1)
                  0.11    0.18    5.51 ^ _1155_/X (sky130_fd_sc_hd__and4_1)
     3    0.01                           _0290_ (net)
                  0.11    0.00    5.51 ^ _1157_/A (sky130_fd_sc_hd__nor2_1)
                  0.04    0.05    5.56 v _1157_/Y (sky130_fd_sc_hd__nor2_1)
     2    0.01                           _0292_ (net)
                  0.04    0.00    5.56 v _1158_/C (sky130_fd_sc_hd__and3_1)
                  0.04    0.14    5.69 v _1158_/X (sky130_fd_sc_hd__and3_1)
     2    0.01                           _0293_ (net)
                  0.04    0.00    5.69 v _1159_/A2 (sky130_fd_sc_hd__o211a_1)
                  0.05    0.17    5.86 v _1159_/X (sky130_fd_sc_hd__o211a_1)
     4    0.01                           _0294_ (net)
                  0.05    0.00    5.86 v _1178_/A (sky130_fd_sc_hd__or2_1)
                  0.04    0.15    6.01 v _1178_/X (sky130_fd_sc_hd__or2_1)
     2    0.00                           _0313_ (net)
                  0.04    0.00    6.01 v _1179_/C (sky130_fd_sc_hd__or3_2)
                  0.08    0.28    6.29 v _1179_/X (sky130_fd_sc_hd__or3_2)
     4    0.01                           _0314_ (net)
                  0.08    0.00    6.29 v _1239_/A (sky130_fd_sc_hd__and3_1)
                  0.06    0.15    6.44 v _1239_/X (sky130_fd_sc_hd__and3_1)
     5    0.01                           _0374_ (net)
                  0.06    0.00    6.44 v _1241_/A (sky130_fd_sc_hd__nor4b_1)
                  0.26    0.28    6.72 ^ _1241_/Y (sky130_fd_sc_hd__nor4b_1)
     2    0.01                           _0376_ (net)
                  0.26    0.00    6.72 ^ max_cap42/A (sky130_fd_sc_hd__clkbuf_1)
                  0.06    0.08    6.80 ^ max_cap42/X (sky130_fd_sc_hd__clkbuf_1)
     2    0.01                           net42 (net)
                  0.06    0.00    6.80 ^ _1243_/A (sky130_fd_sc_hd__nor2_1)
                  0.05    0.06    6.86 v _1243_/Y (sky130_fd_sc_hd__nor2_1)
     4    0.02                           _0378_ (net)
                  0.05    0.00    6.86 v _1249_/A2 (sky130_fd_sc_hd__a41o_1)
                  0.07    0.20    7.06 v _1249_/X (sky130_fd_sc_hd__a41o_1)
     4    0.02                           _0385_ (net)
                  0.07    0.00    7.06 v _1544_/B (sky130_fd_sc_hd__and2_1)
                  0.03    0.12    7.18 v _1544_/X (sky130_fd_sc_hd__and2_1)
     2    0.00                           _0710_ (net)
                  0.03    0.00    7.18 v _1545_/B (sky130_fd_sc_hd__or2_1)
                  0.04    0.13    7.32 v _1545_/X (sky130_fd_sc_hd__or2_1)
     1    0.01                           _0711_ (net)
                  0.04    0.00    7.32 v _1546_/B (sky130_fd_sc_hd__xor2_1)
                  0.20    0.19    7.50 ^ _1546_/X (sky130_fd_sc_hd__xor2_1)
     2    0.01                           _0712_ (net)
                  0.20    0.00    7.50 ^ _1548_/C (sky130_fd_sc_hd__nand4_1)
                  0.07    0.07    7.57 v _1548_/Y (sky130_fd_sc_hd__nand4_1)
     2    0.00                           _0714_ (net)
                  0.07    0.00    7.57 v _1565_/C (sky130_fd_sc_hd__or4_2)
                  0.10    0.41    7.99 v _1565_/X (sky130_fd_sc_hd__or4_2)
     4    0.02                           _0733_ (net)
                  0.10    0.00    7.99 v _1568_/C (sky130_fd_sc_hd__or4_1)
                  0.09    0.34    8.32 v _1568_/X (sky130_fd_sc_hd__or4_1)
     3    0.01                           _0736_ (net)
                  0.09    0.00    8.32 v _1578_/B (sky130_fd_sc_hd__nor4_1)
                  0.22    0.25    8.57 ^ _1578_/Y (sky130_fd_sc_hd__nor4_1)
     1    0.01                           _0747_ (net)
                  0.22    0.00    8.57 ^ wire39/A (sky130_fd_sc_hd__buf_1)
                  0.08    0.10    8.67 ^ wire39/X (sky130_fd_sc_hd__buf_1)
     2    0.01                           net39 (net)
                  0.08    0.00    8.67 ^ max_cap38/A (sky130_fd_sc_hd__clkbuf_1)
                  0.05    0.08    8.75 ^ max_cap38/X (sky130_fd_sc_hd__clkbuf_1)
     2    0.01                           net38 (net)
                  0.05    0.00    8.75 ^ _1600_/A (sky130_fd_sc_hd__or3b_4)
                  0.08    0.13    8.88 ^ _1600_/X (sky130_fd_sc_hd__or3b_4)
     8    0.03                           _0771_ (net)
                  0.08    0.00    8.88 ^ _1601_/B_N (sky130_fd_sc_hd__or2b_1)
                  0.05    0.17    9.05 v _1601_/X (sky130_fd_sc_hd__or2b_1)
     1    0.01                           _0772_ (net)
                  0.05    0.00    9.05 v _1602_/A (sky130_fd_sc_hd__clkbuf_1)
                  0.03    0.08    9.13 v _1602_/X (sky130_fd_sc_hd__clkbuf_1)
     1    0.01                           net36 (net)
                  0.03    0.00    9.13 v output36/A (sky130_fd_sc_hd__clkbuf_4)
                  0.06    0.13    9.26 v output36/X (sky130_fd_sc_hd__clkbuf_4)
     1    0.03                           overflow (net)
                  0.06    0.00    9.26 v overflow (out)
                                  9.26   data arrival time

                         25.00   25.00   clock clk (rise edge)
                          0.00   25.00   clock network delay (propagated)
                         -0.25   24.75   clock uncertainty
                          0.00   24.75   clock reconvergence pessimism
                         -5.00   19.75   output external delay
                                 19.75   data required time
-----------------------------------------------------------------------------
                                 19.75   data required time
                                 -9.26   data arrival time
-----------------------------------------------------------------------------
                                 10.49   slack (MET)



======================= Slowest Corner ===================================

Startpoint: rst_n (input port clocked by clk)
Endpoint: _1643_ (recovery check against rising-edge clock clk)
Path Group: asynchronous
Path Type: max
Corner: Slowest

Fanout     Cap    Slew   Delay    Time   Description
-----------------------------------------------------------------------------
                          0.00    0.00   clock clk (rise edge)
                          0.00    0.00   clock network delay (propagated)
                          5.00    5.00 ^ input external delay
                  0.03    0.02    5.02 ^ rst_n (in)
     1    0.00                           rst_n (net)
                  0.03    0.00    5.02 ^ input18/A (sky130_fd_sc_hd__clkbuf_4)
                  0.24    0.38    5.39 ^ input18/X (sky130_fd_sc_hd__clkbuf_4)
     9    0.05                           net18 (net)
                  0.24    0.00    5.39 ^ _1643_/RESET_B (sky130_fd_sc_hd__dfrtp_2)
                                  5.39   data arrival time

                         25.00   25.00   clock clk (rise edge)
                          0.00   25.00   clock source latency
                  0.11    0.07   25.07 ^ clk (in)
     1    0.01                           clk (net)
                  0.11    0.00   25.07 ^ clkbuf_0_clk/A (sky130_fd_sc_hd__clkbuf_16)
                  0.07    0.23   25.30 ^ clkbuf_0_clk/X (sky130_fd_sc_hd__clkbuf_16)
     2    0.02                           clknet_0_clk (net)
                  0.07    0.00   25.30 ^ clkbuf_1_0__f_clk/A (sky130_fd_sc_hd__clkbuf_16)
                  0.06    0.20   25.50 ^ clkbuf_1_0__f_clk/X (sky130_fd_sc_hd__clkbuf_16)
     4    0.01                           clknet_1_0__leaf_clk (net)
                  0.06    0.00   25.50 ^ _1643_/CLK (sky130_fd_sc_hd__dfrtp_2)
                         -0.25   25.25   clock uncertainty
                          0.00   25.25   clock reconvergence pessimism
                          0.37   25.61   library recovery time
                                 25.61   data required time
-----------------------------------------------------------------------------
                                 25.61   data required time
                                 -5.39   data arrival time
-----------------------------------------------------------------------------
                                 20.22   slack (MET)


Startpoint: scale[0] (input port clocked by clk)
Endpoint: overflow (output port clocked by clk)
Path Group: clk
Path Type: max
Corner: Slowest

Fanout     Cap    Slew   Delay    Time   Description
-----------------------------------------------------------------------------
                          0.00    0.00   clock clk (rise edge)
                          0.00    0.00   clock network delay (propagated)
                          5.00    5.00 ^ input external delay
                  0.03    0.02    5.02 ^ scale[0] (in)
     1    0.00                           scale[0] (net)
                  0.03    0.00    5.02 ^ input19/A (sky130_fd_sc_hd__clkbuf_2)
                  0.28    0.35    5.36 ^ input19/X (sky130_fd_sc_hd__clkbuf_2)
     4    0.03                           net19 (net)
                  0.28    0.00    5.36 ^ _0960_/A (sky130_fd_sc_hd__buf_2)
                  0.26    0.45    5.81 ^ _0960_/X (sky130_fd_sc_hd__buf_2)
    10    0.03                           _0095_ (net)
                  0.26    0.00    5.81 ^ _1155_/A (sky130_fd_sc_hd__and4_1)
                  0.25    0.58    6.40 ^ _1155_/X (sky130_fd_sc_hd__and4_1)
     3    0.01                           _0290_ (net)
                  0.25    0.00    6.40 ^ _1157_/A (sky130_fd_sc_hd__nor2_1)
                  0.09    0.19    6.59 v _1157_/Y (sky130_fd_sc_hd__nor2_1)
     2    0.01                           _0292_ (net)
                  0.09    0.00    6.59 v _1158_/C (sky130_fd_sc_hd__and3_1)
                  0.11    0.43    7.02 v _1158_/X (sky130_fd_sc_hd__and3_1)
     2    0.01                           _0293_ (net)
                  0.11    0.00    7.02 v _1159_/A2 (sky130_fd_sc_hd__o211a_1)
                  0.14    0.49    7.50 v _1159_/X (sky130_fd_sc_hd__o211a_1)
     4    0.01                           _0294_ (net)
                  0.14    0.00    7.50 v _1178_/A (sky130_fd_sc_hd__or2_1)
                  0.12    0.58    8.08 v _1178_/X (sky130_fd_sc_hd__or2_1)
     2    0.00                           _0313_ (net)
                  0.12    0.00    8.08 v _1179_/C (sky130_fd_sc_hd__or3_2)
                  0.23    1.16    9.24 v _1179_/X (sky130_fd_sc_hd__or3_2)
     4    0.01                           _0314_ (net)
                  0.23    0.00    9.24 v _1239_/A (sky130_fd_sc_hd__and3_1)
                  0.16    0.49    9.73 v _1239_/X (sky130_fd_sc_hd__and3_1)
     5    0.01                           _0374_ (net)
                  0.16    0.00    9.73 v _1241_/A (sky130_fd_sc_hd__nor4b_1)
                  0.64    0.75   10.48 ^ _1241_/Y (sky130_fd_sc_hd__nor4b_1)
     2    0.01                           _0376_ (net)
                  0.64    0.00   10.48 ^ max_cap42/A (sky130_fd_sc_hd__clkbuf_1)
                  0.13    0.38   10.87 ^ max_cap42/X (sky130_fd_sc_hd__clkbuf_1)
     2    0.01                           net42 (net)
                  0.13    0.00   10.87 ^ _1243_/A (sky130_fd_sc_hd__nor2_1)
                  0.14    0.19   11.06 v _1243_/Y (sky130_fd_sc_hd__nor2_1)
     4    0.02                           _0378_ (net)
                  0.14    0.00   11.06 v _1249_/A2 (sky130_fd_sc_hd__a41o_1)
                  0.19    0.55   11.61 v _1249_/X (sky130_fd_sc_hd__a41o_1)
     4    0.02                           _0385_ (net)
                  0.19    0.00   11.61 v _1544_/B (sky130_fd_sc_hd__and2_1)
                  0.07    0.40   12.01 v _1544_/X (sky130_fd_sc_hd__and2_1)
     2    0.00                           _0710_ (net)
                  0.07    0.00   12.01 v _1545_/B (sky130_fd_sc_hd__or2_1)
                  0.12    0.51   12.53 v _1545_/X (sky130_fd_sc_hd__or2_1)
     1    0.01                           _0711_ (net)
                  0.12    0.00   12.53 v _1546_/B (sky130_fd_sc_hd__xor2_1)
                  0.46    0.45   12.98 ^ _1546_/X (sky130_fd_sc_hd__xor2_1)
     2    0.01                           _0712_ (net)
                  0.46    0.00   12.98 ^ _1548_/C (sky130_fd_sc_hd__nand4_1)
                  0.24    0.37   13.34 v _1548_/Y (sky130_fd_sc_hd__nand4_1)
     2    0.00                           _0714_ (net)
                  0.24    0.00   13.34 v _1565_/C (sky130_fd_sc_hd__or4_2)
                  0.31    1.76   15.10 v _1565_/X (sky130_fd_sc_hd__or4_2)
     4    0.02                           _0733_ (net)
                  0.31    0.00   15.10 v _1568_/C (sky130_fd_sc_hd__or4_1)
                  0.27    1.39   16.49 v _1568_/X (sky130_fd_sc_hd__or4_1)
     3    0.01                           _0736_ (net)
                  0.27    0.00   16.49 v _1578_/B (sky130_fd_sc_hd__nor4_1)
                  0.56    0.69   17.19 ^ _1578_/Y (sky130_fd_sc_hd__nor4_1)
     1    0.01                           _0747_ (net)
                  0.56    0.00   17.19 ^ wire39/A (sky130_fd_sc_hd__buf_1)
                  0.18    0.41   17.59 ^ wire39/X (sky130_fd_sc_hd__buf_1)
     2    0.01                           net39 (net)
                  0.18    0.00   17.59 ^ max_cap38/A (sky130_fd_sc_hd__clkbuf_1)
                  0.12    0.24   17.83 ^ max_cap38/X (sky130_fd_sc_hd__clkbuf_1)
     2    0.01                           net38 (net)
                  0.12    0.00   17.83 ^ _1600_/A (sky130_fd_sc_hd__or3b_4)
                  0.17    0.34   18.17 ^ _1600_/X (sky130_fd_sc_hd__or3b_4)
     8    0.03                           _0771_ (net)
                  0.17    0.00   18.18 ^ _1601_/B_N (sky130_fd_sc_hd__or2b_1)
                  0.15    0.63   18.81 v _1601_/X (sky130_fd_sc_hd__or2b_1)
     1    0.01                           _0772_ (net)
                  0.15    0.00   18.81 v _1602_/A (sky130_fd_sc_hd__clkbuf_1)
                  0.08    0.24   19.05 v _1602_/X (sky130_fd_sc_hd__clkbuf_1)
     1    0.01                           net36 (net)
                  0.08    0.00   19.05 v output36/A (sky130_fd_sc_hd__clkbuf_4)
                  0.14    0.35   19.40 v output36/X (sky130_fd_sc_hd__clkbuf_4)
     1    0.03                           overflow (net)
                  0.14    0.00   19.40 v overflow (out)
                                 19.40   data arrival time

                         25.00   25.00   clock clk (rise edge)
                          0.00   25.00   clock network delay (propagated)
                         -0.25   24.75   clock uncertainty
                          0.00   24.75   clock reconvergence pessimism
                         -5.00   19.75   output external delay
                                 19.75   data required time
-----------------------------------------------------------------------------
                                 19.75   data required time
                                -19.40   data arrival time
-----------------------------------------------------------------------------
                                  0.35   slack (MET)



======================= Typical Corner ===================================

Startpoint: rst_n (input port clocked by clk)
Endpoint: _1643_ (recovery check against rising-edge clock clk)
Path Group: asynchronous
Path Type: max
Corner: Typical

Fanout     Cap    Slew   Delay    Time   Description
-----------------------------------------------------------------------------
                          0.00    0.00   clock clk (rise edge)
                          0.00    0.00   clock network delay (propagated)
                          5.00    5.00 ^ input external delay
                  0.02    0.01    5.01 ^ rst_n (in)
     1    0.00                           rst_n (net)
                  0.02    0.00    5.01 ^ input18/A (sky130_fd_sc_hd__clkbuf_4)
                  0.16    0.22    5.23 ^ input18/X (sky130_fd_sc_hd__clkbuf_4)
     9    0.05                           net18 (net)
                  0.16    0.00    5.24 ^ _1643_/RESET_B (sky130_fd_sc_hd__dfrtp_2)
                                  5.24   data arrival time

                         25.00   25.00   clock clk (rise edge)
                          0.00   25.00   clock source latency
                  0.07    0.05   25.05 ^ clk (in)
     1    0.01                           clk (net)
                  0.07    0.00   25.05 ^ clkbuf_0_clk/A (sky130_fd_sc_hd__clkbuf_16)
                  0.04    0.13   25.17 ^ clkbuf_0_clk/X (sky130_fd_sc_hd__clkbuf_16)
     2    0.02                           clknet_0_clk (net)
                  0.04    0.00   25.17 ^ clkbuf_1_0__f_clk/A (sky130_fd_sc_hd__clkbuf_16)
                  0.03    0.11   25.28 ^ clkbuf_1_0__f_clk/X (sky130_fd_sc_hd__clkbuf_16)
     4    0.01                           clknet_1_0__leaf_clk (net)
                  0.03    0.00   25.28 ^ _1643_/CLK (sky130_fd_sc_hd__dfrtp_2)
                         -0.25   25.03   clock uncertainty
                          0.00   25.03   clock reconvergence pessimism
                          0.18   25.22   library recovery time
                                 25.22   data required time
-----------------------------------------------------------------------------
                                 25.22   data required time
                                 -5.24   data arrival time
-----------------------------------------------------------------------------
                                 19.98   slack (MET)


Startpoint: scale[3] (input port clocked by clk)
Endpoint: overflow (output port clocked by clk)
Path Group: clk
Path Type: max
Corner: Typical

Fanout     Cap    Slew   Delay    Time   Description
-----------------------------------------------------------------------------
                          0.00    0.00   clock clk (rise edge)
                          0.00    0.00   clock network delay (propagated)
                          5.00    5.00 ^ input external delay
                  0.02    0.01    5.01 ^ scale[3] (in)
     1    0.00                           scale[3] (net)
                  0.02    0.00    5.01 ^ input22/A (sky130_fd_sc_hd__buf_2)
                  0.20    0.22    5.23 ^ input22/X (sky130_fd_sc_hd__buf_2)
     6    0.04                           net22 (net)
                  0.20    0.00    5.23 ^ _0908_/A (sky130_fd_sc_hd__clkbuf_4)
                  0.15    0.28    5.51 ^ _0908_/X (sky130_fd_sc_hd__clkbuf_4)
    10    0.05                           _0043_ (net)
                  0.15    0.00    5.52 ^ _0979_/A (sky130_fd_sc_hd__nand4_1)
                  0.13    0.15    5.67 v _0979_/Y (sky130_fd_sc_hd__nand4_1)
     3    0.01                           _0114_ (net)
                  0.13    0.00    5.67 v _0981_/A2 (sky130_fd_sc_hd__a21o_1)
                  0.04    0.23    5.89 v _0981_/X (sky130_fd_sc_hd__a21o_1)
     2    0.01                           _0116_ (net)
                  0.04    0.00    5.89 v _0987_/A2 (sky130_fd_sc_hd__a21o_1)
                  0.07    0.22    6.11 v _0987_/X (sky130_fd_sc_hd__a21o_1)
     3    0.01                           _0122_ (net)
                  0.07    0.00    6.11 v _1063_/A2 (sky130_fd_sc_hd__a21o_1)
                  0.06    0.22    6.34 v _1063_/X (sky130_fd_sc_hd__a21o_1)
     3    0.01                           _0198_ (net)
                  0.06    0.00    6.34 v _1065_/C (sky130_fd_sc_hd__and3_1)
                  0.06    0.22    6.55 v _1065_/X (sky130_fd_sc_hd__and3_1)
     2    0.01                           _0200_ (net)
                  0.06    0.00    6.55 v _1075_/A (sky130_fd_sc_hd__or3_2)
                  0.12    0.58    7.13 v _1075_/X (sky130_fd_sc_hd__or3_2)
     5    0.02                           _0210_ (net)
                  0.12    0.00    7.13 v _1080_/B1 (sky130_fd_sc_hd__o211a_1)
                  0.06    0.19    7.32 v _1080_/X (sky130_fd_sc_hd__o211a_1)
     2    0.01                           _0215_ (net)
                  0.06    0.00    7.32 v _1081_/C1 (sky130_fd_sc_hd__a211o_2)
                  0.10    0.35    7.67 v _1081_/X (sky130_fd_sc_hd__a211o_2)
     5    0.02                           _0216_ (net)
                  0.10    0.00    7.67 v _1119_/A2 (sky130_fd_sc_hd__a211oi_4)
                  0.27    0.35    8.02 ^ _1119_/Y (sky130_fd_sc_hd__a211oi_4)
     3    0.02                           _0254_ (net)
                  0.27    0.00    8.02 ^ _1122_/A (sky130_fd_sc_hd__nor4_1)
                  0.10    0.14    8.16 v _1122_/Y (sky130_fd_sc_hd__nor4_1)
     2    0.01                           _0257_ (net)
                  0.10    0.00    8.16 v max_cap40/A (sky130_fd_sc_hd__buf_1)
                  0.05    0.14    8.30 v max_cap40/X (sky130_fd_sc_hd__buf_1)
     1    0.01                           net40 (net)
                  0.05    0.00    8.30 v _1187_/B1 (sky130_fd_sc_hd__a221oi_4)
                  0.25    0.28    8.58 ^ _1187_/Y (sky130_fd_sc_hd__a221oi_4)
     2    0.01                           _0322_ (net)
                  0.25    0.00    8.58 ^ _1532_/A (sky130_fd_sc_hd__nand2_1)
                  0.11    0.15    8.74 v _1532_/Y (sky130_fd_sc_hd__nand2_1)
     3    0.01                           _0696_ (net)
                  0.11    0.00    8.74 v _1536_/A1 (sky130_fd_sc_hd__a21bo_1)
                  0.06    0.22    8.96 v _1536_/X (sky130_fd_sc_hd__a21bo_1)
     2    0.01                           _0701_ (net)
                  0.06    0.00    8.96 v _1537_/B (sky130_fd_sc_hd__xnor2_1)
                  0.09    0.16    9.12 v _1537_/Y (sky130_fd_sc_hd__xnor2_1)
     3    0.01                           _0702_ (net)
                  0.09    0.00    9.12 v _1565_/B (sky130_fd_sc_hd__or4_2)
                  0.15    0.76    9.88 v _1565_/X (sky130_fd_sc_hd__or4_2)
     4    0.02                           _0733_ (net)
                  0.15    0.00    9.88 v _1568_/C (sky130_fd_sc_hd__or4_1)
                  0.13    0.59   10.47 v _1568_/X (sky130_fd_sc_hd__or4_1)
     3    0.01                           _0736_ (net)
                  0.13    0.00   10.47 v _1578_/B (sky130_fd_sc_hd__nor4_1)
                  0.31    0.38   10.85 ^ _1578_/Y (sky130_fd_sc_hd__nor4_1)
     1    0.01                           _0747_ (net)
                  0.31    0.00   10.85 ^ wire39/A (sky130_fd_sc_hd__buf_1)
                  0.11    0.18   11.03 ^ wire39/X (sky130_fd_sc_hd__buf_1)
     2    0.01                           net39 (net)
                  0.11    0.00   11.03 ^ max_cap38/A (sky130_fd_sc_hd__clkbuf_1)
                  0.07    0.12   11.16 ^ max_cap38/X (sky130_fd_sc_hd__clkbuf_1)
     2    0.01                           net38 (net)
                  0.07    0.00   11.16 ^ _1600_/A (sky130_fd_sc_hd__or3b_4)
                  0.11    0.19   11.35 ^ _1600_/X (sky130_fd_sc_hd__or3b_4)
     8    0.03                           _0771_ (net)
                  0.11    0.00   11.35 ^ _1601_/B_N (sky130_fd_sc_hd__or2b_1)
                  0.08    0.29   11.64 v _1601_/X (sky130_fd_sc_hd__or2b_1)
     1    0.01                           _0772_ (net)
                  0.08    0.00   11.64 v _1602_/A (sky130_fd_sc_hd__clkbuf_1)
                  0.04    0.12   11.76 v _1602_/X (sky130_fd_sc_hd__clkbuf_1)
     1    0.01                           net36 (net)
                  0.04    0.00   11.76 v output36/A (sky130_fd_sc_hd__clkbuf_4)
                  0.08    0.19   11.95 v output36/X (sky130_fd_sc_hd__clkbuf_4)
     1    0.03                           overflow (net)
                  0.08    0.00   11.95 v overflow (out)
                                 11.95   data arrival time

                         25.00   25.00   clock clk (rise edge)
                          0.00   25.00   clock network delay (propagated)
                         -0.25   24.75   clock uncertainty
                          0.00   24.75   clock reconvergence pessimism
                         -5.00   19.75   output external delay
                                 19.75   data required time
-----------------------------------------------------------------------------
                                 19.75   data required time
                                -11.95   data arrival time
-----------------------------------------------------------------------------
                                  7.80   slack (MET)




===========================================================================
report_checks --slack_max -0.01
============================================================================
======================= Fastest Corner ===================================

No paths found.

======================= Slowest Corner ===================================

No paths found.

======================= Typical Corner ===================================

No paths found.


===========================================================================
 report_check_types -max_slew -max_cap -max_fanout -violators
============================================================================
======================= Fastest Corner ===================================


======================= Slowest Corner ===================================


======================= Typical Corner ===================================



===========================================================================
report_parasitic_annotation -report_unannotated
============================================================================
Found 0 unannotated drivers.
Found 0 partially unannotated drivers.

===========================================================================
max slew violation count 0
max fanout violation count 0
max cap violation count 0
============================================================================

===========================================================================
check_setup -verbose -unconstrained_endpoints -multiple_clock -no_clock -no_input_delay -loops -generated_clocks
===========================================================================
