OpenROAD 41a51eaf4ca2171c92ff38afb91eb37bbd3f36da 
This program is licensed under the BSD-3 license. See the LICENSE file for details.
Components of this program may be licensed under more restrictive licenses which must be honored.
[INFO]: Reading ODB at '/home/ugunt/projects/ai-accelerator-verification/rung2-quantizer/openlane/runs/RUN_2026.05.27_20.44.45/tmp/routing/22-fill.odb'…
define_corners Typical
read_liberty -corner Typical /home/ugunt/.ciel/sky130A/libs.ref/sky130_fd_sc_hd/lib/sky130_fd_sc_hd__tt_025C_1v80.lib
Using 1e-12 for capacitance...
Using 1e+03 for resistance...
Using 1e-09 for time...
Using 1e+00 for voltage...
Using 1e-03 for current...
Using 1e-09 for power...
Using 1e-06 for distance...
Reading design constraints file at '/home/ugunt/projects/ai-accelerator-verification/rung2-quantizer/openlane/runs/RUN_2026.05.27_20.44.45/tmp/17-quantizer.sdc'…
[INFO ORD-0030] Using 2 thread(s).
[INFO DRT-0149] Reading tech and libs.

Units:                1000
Number of layers:     13
Number of macros:     441
Number of vias:       25
Number of viarulegen: 25

[INFO DRT-0150] Reading design.

Design:                   quantizer
Die area:                 ( 0 0 ) ( 200000 200000 )
Number of track patterns: 12
Number of DEF vias:       0
Number of components:     4104
Number of terminals:      40
Number of snets:          2
Number of nets:           905

[INFO DRT-0167] List of default vias:
  Layer mcon
    default via: L1M1_PR
  Layer via
    default via: M1M2_PR
  Layer via2
    default via: M2M3_PR
  Layer via3
    default via: M3M4_PR
  Layer via4
    default via: M4M5_PR
[INFO DRT-0162] Library cell analysis.
[INFO DRT-0163] Instance analysis.
[INFO DRT-0164] Number of unique instances = 230.
[INFO DRT-0168] Init region query.
[INFO DRT-0024]   Complete FR_MASTERSLICE.
[INFO DRT-0024]   Complete licon.
[INFO DRT-0024]   Complete li1.
[INFO DRT-0024]   Complete mcon.
[INFO DRT-0024]   Complete met1.
[INFO DRT-0024]   Complete via.
[INFO DRT-0024]   Complete met2.
[INFO DRT-0024]   Complete via2.
[INFO DRT-0024]   Complete met3.
[INFO DRT-0024]   Complete via3.
[INFO DRT-0024]   Complete met4.
[INFO DRT-0024]   Complete via4.
[INFO DRT-0024]   Complete met5.
[INFO DRT-0033] FR_MASTERSLICE shape region query size = 0.
[INFO DRT-0033] licon shape region query size = 0.
[INFO DRT-0033] li1 shape region query size = 35659.
[INFO DRT-0033] mcon shape region query size = 32880.
[INFO DRT-0033] met1 shape region query size = 8666.
[INFO DRT-0033] via shape region query size = 660.
[INFO DRT-0033] met2 shape region query size = 416.
[INFO DRT-0033] via2 shape region query size = 528.
[INFO DRT-0033] met3 shape region query size = 414.
[INFO DRT-0033] via3 shape region query size = 528.
[INFO DRT-0033] met4 shape region query size = 148.
[INFO DRT-0033] via4 shape region query size = 8.
[INFO DRT-0033] met5 shape region query size = 16.
[INFO DRT-0165] Start pin access.
[INFO DRT-0076]   Complete 100 pins.
[INFO DRT-0076]   Complete 200 pins.
[INFO DRT-0076]   Complete 300 pins.
[INFO DRT-0076]   Complete 400 pins.
[INFO DRT-0076]   Complete 500 pins.
[INFO DRT-0076]   Complete 600 pins.
[INFO DRT-0076]   Complete 700 pins.
[INFO DRT-0076]   Complete 800 pins.
[INFO DRT-0078]   Complete 834 pins.
[INFO DRT-0079]   Complete 100 unique inst patterns.
[INFO DRT-0079]   Complete 200 unique inst patterns.
[INFO DRT-0081]   Complete 212 unique inst patterns.
[INFO DRT-0084]   Complete 503 groups.
#scanned instances     = 4104
#unique  instances     = 230
#stdCellGenAp          = 6440
#stdCellValidPlanarAp  = 37
#stdCellValidViaAp     = 5070
#stdCellPinNoAp        = 0
#stdCellPinCnt         = 3223
#instTermValidViaApCnt = 0
#macroGenAp            = 0
#macroValidPlanarAp    = 0
#macroValidViaAp       = 0
#macroNoAp             = 0
[INFO DRT-0166] Complete pin access.
[INFO DRT-0267] cpu time = 00:00:28, elapsed time = 00:00:14, memory = 127.72 (MB), peak = 127.72 (MB)

Number of guides:     6030

[INFO DRT-0169] Post process guides.
[INFO DRT-0176] GCELLGRID X 0 DO 28 STEP 6900 ;
[INFO DRT-0177] GCELLGRID Y 0 DO 28 STEP 6900 ;
[INFO DRT-0028]   Complete FR_MASTERSLICE.
[INFO DRT-0028]   Complete licon.
[INFO DRT-0028]   Complete li1.
[INFO DRT-0028]   Complete mcon.
[INFO DRT-0028]   Complete met1.
[INFO DRT-0028]   Complete via.
[INFO DRT-0028]   Complete met2.
[INFO DRT-0028]   Complete via2.
[INFO DRT-0028]   Complete met3.
[INFO DRT-0028]   Complete via3.
[INFO DRT-0028]   Complete met4.
[INFO DRT-0028]   Complete via4.
[INFO DRT-0028]   Complete met5.
[INFO DRT-0178] Init guide query.
[INFO DRT-0035]   Complete FR_MASTERSLICE (guide).
[INFO DRT-0035]   Complete licon (guide).
[INFO DRT-0035]   Complete li1 (guide).
[INFO DRT-0035]   Complete mcon (guide).
[INFO DRT-0035]   Complete met1 (guide).
[INFO DRT-0035]   Complete via (guide).
[INFO DRT-0035]   Complete met2 (guide).
[INFO DRT-0035]   Complete via2 (guide).
[INFO DRT-0035]   Complete met3 (guide).
[INFO DRT-0035]   Complete via3 (guide).
[INFO DRT-0035]   Complete met4 (guide).
[INFO DRT-0035]   Complete via4 (guide).
[INFO DRT-0035]   Complete met5 (guide).
[INFO DRT-0036] FR_MASTERSLICE guide region query size = 0.
[INFO DRT-0036] licon guide region query size = 0.
[INFO DRT-0036] li1 guide region query size = 2248.
[INFO DRT-0036] mcon guide region query size = 0.
[INFO DRT-0036] met1 guide region query size = 1619.
[INFO DRT-0036] via guide region query size = 0.
[INFO DRT-0036] met2 guide region query size = 799.
[INFO DRT-0036] via2 guide region query size = 0.
[INFO DRT-0036] met3 guide region query size = 57.
[INFO DRT-0036] via3 guide region query size = 0.
[INFO DRT-0036] met4 guide region query size = 11.
[INFO DRT-0036] via4 guide region query size = 0.
[INFO DRT-0036] met5 guide region query size = 0.
[INFO DRT-0179] Init gr pin query.
[INFO DRT-0245] skipped writing guide updates to database.
[INFO DRT-0185] Post process initialize RPin region query.
[INFO DRT-0181] Start track assignment.
[INFO DRT-0184] Done with 3058 vertical wires in 1 frboxes and 1676 horizontal wires in 1 frboxes.
[INFO DRT-0186] Done with 220 vertical wires in 1 frboxes and 530 horizontal wires in 1 frboxes.
[INFO DRT-0182] Complete track assignment.
[INFO DRT-0267] cpu time = 00:00:00, elapsed time = 00:00:00, memory = 141.22 (MB), peak = 141.22 (MB)
[INFO DRT-0187] Start routing data preparation.
[INFO DRT-0267] cpu time = 00:00:00, elapsed time = 00:00:00, memory = 141.22 (MB), peak = 141.22 (MB)
[INFO DRT-0194] Start detail routing.
[INFO DRT-0195] Start 0th optimization iteration.
    Completing 10% with 0 violations.
    elapsed time = 00:00:00, memory = 159.07 (MB).
    Completing 20% with 0 violations.
    elapsed time = 00:00:07, memory = 189.83 (MB).
    Completing 30% with 142 violations.
    elapsed time = 00:00:07, memory = 159.36 (MB).
    Completing 40% with 142 violations.
    elapsed time = 00:00:07, memory = 210.11 (MB).
    Completing 50% with 142 violations.
    elapsed time = 00:00:12, memory = 207.17 (MB).
    Completing 60% with 297 violations.
    elapsed time = 00:00:13, memory = 197.12 (MB).
    Completing 70% with 297 violations.
    elapsed time = 00:00:19, memory = 227.38 (MB).
    Completing 80% with 431 violations.
    elapsed time = 00:00:19, memory = 204.27 (MB).
    Completing 90% with 431 violations.
    elapsed time = 00:00:20, memory = 231.27 (MB).
    Completing 100% with 555 violations.
    elapsed time = 00:00:22, memory = 193.14 (MB).
[INFO DRT-0199]   Number of violations = 637.
Viol/Layer         li1   mcon   met1   met2   met3   met4
Cut Spacing          0      2      0      0      0      0
Metal Spacing       14      0    138      9      3      0
Min Hole             0      0      4      0      0      0
Recheck              0      0     56     18      7      1
Short                0      0    369     16      0      0
[INFO DRT-0267] cpu time = 00:00:26, elapsed time = 00:00:23, memory = 499.01 (MB), peak = 499.01 (MB)
Total wire length = 20453 um.
Total wire length on LAYER li1 = 0 um.
Total wire length on LAYER met1 = 10443 um.
Total wire length on LAYER met2 = 8879 um.
Total wire length on LAYER met3 = 950 um.
Total wire length on LAYER met4 = 179 um.
Total wire length on LAYER met5 = 0 um.
Total number of vias = 6279.
Up-via summary (total 6279):.

-----------------------
 FR_MASTERSLICE       0
            li1    3211
           met1    2958
           met2      94
           met3      16
           met4       0
-----------------------
                   6279


[INFO DRT-0195] Start 1st optimization iteration.
    Completing 10% with 637 violations.
    elapsed time = 00:00:00, memory = 505.89 (MB).
    Completing 20% with 637 violations.
    elapsed time = 00:00:00, memory = 524.89 (MB).
    Completing 30% with 637 violations.
    elapsed time = 00:00:00, memory = 524.89 (MB).
    Completing 40% with 461 violations.
    elapsed time = 00:00:10, memory = 505.89 (MB).
    Completing 50% with 461 violations.
    elapsed time = 00:00:12, memory = 536.64 (MB).
    Completing 60% with 461 violations.
    elapsed time = 00:00:13, memory = 536.64 (MB).
    Completing 70% with 385 violations.
    elapsed time = 00:00:13, memory = 525.86 (MB).
    Completing 80% with 385 violations.
    elapsed time = 00:00:15, memory = 538.11 (MB).
    Completing 90% with 374 violations.
    elapsed time = 00:00:17, memory = 536.54 (MB).
    Completing 100% with 360 violations.
    elapsed time = 00:00:18, memory = 501.85 (MB).
[INFO DRT-0199]   Number of violations = 360.
Viol/Layer        met1   met2
Metal Spacing       79      4
Short              275      2
[INFO DRT-0267] cpu time = 00:00:23, elapsed time = 00:00:18, memory = 501.98 (MB), peak = 563.89 (MB)
Total wire length = 20220 um.
Total wire length on LAYER li1 = 0 um.
Total wire length on LAYER met1 = 10370 um.
Total wire length on LAYER met2 = 8721 um.
Total wire length on LAYER met3 = 936 um.
Total wire length on LAYER met4 = 193 um.
Total wire length on LAYER met5 = 0 um.
Total number of vias = 6283.
Up-via summary (total 6283):.

-----------------------
 FR_MASTERSLICE       0
            li1    3208
           met1    2962
           met2      97
           met3      16
           met4       0
-----------------------
                   6283


[INFO DRT-0195] Start 2nd optimization iteration.
    Completing 10% with 360 violations.
    elapsed time = 00:00:00, memory = 501.98 (MB).
    Completing 20% with 360 violations.
    elapsed time = 00:00:00, memory = 501.98 (MB).
    Completing 30% with 360 violations.
    elapsed time = 00:00:00, memory = 513.85 (MB).
    Completing 40% with 351 violations.
    elapsed time = 00:00:05, memory = 513.85 (MB).
    Completing 50% with 351 violations.
    elapsed time = 00:00:06, memory = 538.73 (MB).
    Completing 60% with 351 violations.
    elapsed time = 00:00:11, memory = 550.10 (MB).
    Completing 70% with 333 violations.
    elapsed time = 00:00:11, memory = 497.93 (MB).
    Completing 80% with 333 violations.
    elapsed time = 00:00:12, memory = 545.68 (MB).
    Completing 90% with 325 violations.
    elapsed time = 00:00:16, memory = 518.54 (MB).
    Completing 100% with 376 violations.
    elapsed time = 00:00:19, memory = 518.54 (MB).
[INFO DRT-0199]   Number of violations = 376.
Viol/Layer        met1   met2
Metal Spacing       78      2
Short              289      7
[INFO DRT-0267] cpu time = 00:00:22, elapsed time = 00:00:20, memory = 518.66 (MB), peak = 563.89 (MB)
Total wire length = 20275 um.
Total wire length on LAYER li1 = 0 um.
Total wire length on LAYER met1 = 10385 um.
Total wire length on LAYER met2 = 8786 um.
Total wire length on LAYER met3 = 930 um.
Total wire length on LAYER met4 = 172 um.
Total wire length on LAYER met5 = 0 um.
Total number of vias = 6269.
Up-via summary (total 6269):.

-----------------------
 FR_MASTERSLICE       0
            li1    3208
           met1    2958
           met2      91
           met3      12
           met4       0
-----------------------
                   6269


[INFO DRT-0195] Start 3rd optimization iteration.
    Completing 10% with 376 violations.
    elapsed time = 00:00:00, memory = 518.66 (MB).
    Completing 20% with 376 violations.
    elapsed time = 00:00:10, memory = 518.66 (MB).
    Completing 30% with 323 violations.
    elapsed time = 00:00:10, memory = 518.66 (MB).
    Completing 40% with 323 violations.
    elapsed time = 00:00:10, memory = 518.66 (MB).
    Completing 50% with 323 violations.
    elapsed time = 00:00:13, memory = 518.66 (MB).
    Completing 60% with 303 violations.
    elapsed time = 00:00:13, memory = 518.66 (MB).
    Completing 70% with 303 violations.
    elapsed time = 00:00:23, memory = 527.66 (MB).
    Completing 80% with 199 violations.
    elapsed time = 00:00:23, memory = 527.66 (MB).
    Completing 90% with 199 violations.
    elapsed time = 00:00:24, memory = 539.91 (MB).
    Completing 100% with 136 violations.
    elapsed time = 00:00:26, memory = 501.12 (MB).
[INFO DRT-0199]   Number of violations = 136.
Viol/Layer        met1   met2
Metal Spacing       34      2
Short              100      0
[INFO DRT-0267] cpu time = 00:00:28, elapsed time = 00:00:26, memory = 501.12 (MB), peak = 563.89 (MB)
Total wire length = 20266 um.
Total wire length on LAYER li1 = 0 um.
Total wire length on LAYER met1 = 9920 um.
Total wire length on LAYER met2 = 8910 um.
Total wire length on LAYER met3 = 1295 um.
Total wire length on LAYER met4 = 140 um.
Total wire length on LAYER met5 = 0 um.
Total number of vias = 6439.
Up-via summary (total 6439):.

-----------------------
 FR_MASTERSLICE       0
            li1    3208
           met1    3056
           met2     165
           met3      10
           met4       0
-----------------------
                   6439


[INFO DRT-0195] Start 4th optimization iteration.
    Completing 10% with 136 violations.
    elapsed time = 00:00:00, memory = 501.12 (MB).
    Completing 20% with 136 violations.
    elapsed time = 00:00:00, memory = 501.12 (MB).
    Completing 30% with 136 violations.
    elapsed time = 00:00:00, memory = 501.12 (MB).
    Completing 40% with 56 violations.
    elapsed time = 00:00:08, memory = 501.12 (MB).
    Completing 50% with 56 violations.
    elapsed time = 00:00:08, memory = 501.12 (MB).
    Completing 60% with 56 violations.
    elapsed time = 00:00:08, memory = 542.00 (MB).
    Completing 70% with 25 violations.
    elapsed time = 00:00:08, memory = 497.85 (MB).
    Completing 80% with 25 violations.
    elapsed time = 00:00:09, memory = 541.85 (MB).
    Completing 90% with 14 violations.
    elapsed time = 00:00:10, memory = 497.83 (MB).
    Completing 100% with 12 violations.
    elapsed time = 00:00:10, memory = 497.83 (MB).
[INFO DRT-0199]   Number of violations = 12.
Viol/Layer        met1
Metal Spacing        5
Short                7
[INFO DRT-0267] cpu time = 00:00:11, elapsed time = 00:00:10, memory = 497.83 (MB), peak = 563.89 (MB)
Total wire length = 20265 um.
Total wire length on LAYER li1 = 0 um.
Total wire length on LAYER met1 = 9864 um.
Total wire length on LAYER met2 = 8904 um.
Total wire length on LAYER met3 = 1362 um.
Total wire length on LAYER met4 = 133 um.
Total wire length on LAYER met5 = 0 um.
Total number of vias = 6454.
Up-via summary (total 6454):.

-----------------------
 FR_MASTERSLICE       0
            li1    3208
           met1    3069
           met2     169
           met3       8
           met4       0
-----------------------
                   6454


[INFO DRT-0195] Start 5th optimization iteration.
    Completing 10% with 12 violations.
    elapsed time = 00:00:00, memory = 497.83 (MB).
    Completing 20% with 12 violations.
    elapsed time = 00:00:00, memory = 497.83 (MB).
    Completing 30% with 12 violations.
    elapsed time = 00:00:00, memory = 497.83 (MB).
    Completing 40% with 6 violations.
    elapsed time = 00:00:16, memory = 497.83 (MB).
    Completing 50% with 6 violations.
    elapsed time = 00:00:16, memory = 497.83 (MB).
    Completing 60% with 6 violations.
    elapsed time = 00:00:16, memory = 497.83 (MB).
    Completing 70% with 6 violations.
    elapsed time = 00:00:16, memory = 497.83 (MB).
    Completing 80% with 6 violations.
    elapsed time = 00:00:16, memory = 497.83 (MB).
    Completing 90% with 6 violations.
    elapsed time = 00:00:16, memory = 497.83 (MB).
    Completing 100% with 6 violations.
    elapsed time = 00:00:16, memory = 497.83 (MB).
[INFO DRT-0199]   Number of violations = 6.
Viol/Layer        met1
Metal Spacing        1
Short                5
[INFO DRT-0267] cpu time = 00:00:16, elapsed time = 00:00:16, memory = 497.83 (MB), peak = 563.89 (MB)
Total wire length = 20258 um.
Total wire length on LAYER li1 = 0 um.
Total wire length on LAYER met1 = 9857 um.
Total wire length on LAYER met2 = 8904 um.
Total wire length on LAYER met3 = 1362 um.
Total wire length on LAYER met4 = 133 um.
Total wire length on LAYER met5 = 0 um.
Total number of vias = 6450.
Up-via summary (total 6450):.

-----------------------
 FR_MASTERSLICE       0
            li1    3208
           met1    3064
           met2     170
           met3       8
           met4       0
-----------------------
                   6450


[INFO DRT-0195] Start 6th optimization iteration.
    Completing 10% with 6 violations.
    elapsed time = 00:00:00, memory = 497.83 (MB).
    Completing 20% with 6 violations.
    elapsed time = 00:00:00, memory = 497.83 (MB).
    Completing 30% with 6 violations.
    elapsed time = 00:00:00, memory = 497.83 (MB).
    Completing 40% with 6 violations.
    elapsed time = 00:00:07, memory = 497.83 (MB).
    Completing 50% with 6 violations.
    elapsed time = 00:00:07, memory = 497.83 (MB).
    Completing 60% with 6 violations.
    elapsed time = 00:00:07, memory = 497.83 (MB).
    Completing 70% with 6 violations.
    elapsed time = 00:00:07, memory = 497.83 (MB).
    Completing 80% with 6 violations.
    elapsed time = 00:00:07, memory = 497.83 (MB).
    Completing 90% with 6 violations.
    elapsed time = 00:00:07, memory = 497.83 (MB).
    Completing 100% with 6 violations.
    elapsed time = 00:00:07, memory = 497.83 (MB).
[INFO DRT-0199]   Number of violations = 6.
Viol/Layer        met1
Metal Spacing        1
Short                5
[INFO DRT-0267] cpu time = 00:00:07, elapsed time = 00:00:07, memory = 497.83 (MB), peak = 563.89 (MB)
Total wire length = 20258 um.
Total wire length on LAYER li1 = 0 um.
Total wire length on LAYER met1 = 9857 um.
Total wire length on LAYER met2 = 8904 um.
Total wire length on LAYER met3 = 1362 um.
Total wire length on LAYER met4 = 133 um.
Total wire length on LAYER met5 = 0 um.
Total number of vias = 6450.
Up-via summary (total 6450):.

-----------------------
 FR_MASTERSLICE       0
            li1    3208
           met1    3064
           met2     170
           met3       8
           met4       0
-----------------------
                   6450


[INFO DRT-0195] Start 7th optimization iteration.
    Completing 10% with 6 violations.
    elapsed time = 00:00:00, memory = 497.83 (MB).
    Completing 20% with 6 violations.
    elapsed time = 00:00:00, memory = 497.83 (MB).
    Completing 30% with 6 violations.
    elapsed time = 00:00:00, memory = 497.83 (MB).
    Completing 40% with 5 violations.
    elapsed time = 00:00:05, memory = 497.83 (MB).
    Completing 50% with 5 violations.
    elapsed time = 00:00:05, memory = 497.83 (MB).
    Completing 60% with 5 violations.
    elapsed time = 00:00:05, memory = 497.83 (MB).
    Completing 70% with 5 violations.
    elapsed time = 00:00:05, memory = 497.83 (MB).
    Completing 80% with 5 violations.
    elapsed time = 00:00:05, memory = 497.83 (MB).
    Completing 90% with 5 violations.
    elapsed time = 00:00:05, memory = 497.83 (MB).
    Completing 100% with 5 violations.
    elapsed time = 00:00:05, memory = 497.83 (MB).
[INFO DRT-0199]   Number of violations = 5.
Viol/Layer        met1
Metal Spacing        3
Short                2
[INFO DRT-0267] cpu time = 00:00:06, elapsed time = 00:00:06, memory = 497.83 (MB), peak = 563.89 (MB)
Total wire length = 20262 um.
Total wire length on LAYER li1 = 0 um.
Total wire length on LAYER met1 = 9843 um.
Total wire length on LAYER met2 = 8902 um.
Total wire length on LAYER met3 = 1382 um.
Total wire length on LAYER met4 = 133 um.
Total wire length on LAYER met5 = 0 um.
Total number of vias = 6454.
Up-via summary (total 6454):.

-----------------------
 FR_MASTERSLICE       0
            li1    3208
           met1    3060
           met2     178
           met3       8
           met4       0
-----------------------
                   6454


[INFO DRT-0195] Start 8th optimization iteration.
    Completing 10% with 5 violations.
    elapsed time = 00:00:00, memory = 497.83 (MB).
    Completing 20% with 5 violations.
    elapsed time = 00:00:00, memory = 497.83 (MB).
    Completing 30% with 5 violations.
    elapsed time = 00:00:00, memory = 497.83 (MB).
    Completing 40% with 5 violations.
    elapsed time = 00:00:00, memory = 497.83 (MB).
    Completing 50% with 5 violations.
    elapsed time = 00:00:00, memory = 497.83 (MB).
    Completing 60% with 5 violations.
    elapsed time = 00:00:01, memory = 497.83 (MB).
    Completing 70% with 0 violations.
    elapsed time = 00:00:01, memory = 497.83 (MB).
    Completing 80% with 0 violations.
    elapsed time = 00:00:01, memory = 497.83 (MB).
    Completing 90% with 0 violations.
    elapsed time = 00:00:01, memory = 497.83 (MB).
    Completing 100% with 0 violations.
    elapsed time = 00:00:01, memory = 497.83 (MB).
[INFO DRT-0199]   Number of violations = 0.
[INFO DRT-0267] cpu time = 00:00:01, elapsed time = 00:00:01, memory = 497.83 (MB), peak = 563.89 (MB)
Total wire length = 20253 um.
Total wire length on LAYER li1 = 0 um.
Total wire length on LAYER met1 = 9811 um.
Total wire length on LAYER met2 = 8903 um.
Total wire length on LAYER met3 = 1404 um.
Total wire length on LAYER met4 = 133 um.
Total wire length on LAYER met5 = 0 um.
Total number of vias = 6453.
Up-via summary (total 6453):.

-----------------------
 FR_MASTERSLICE       0
            li1    3208
           met1    3057
           met2     180
           met3       8
           met4       0
-----------------------
                   6453


[INFO DRT-0198] Complete detail routing.
Total wire length = 20253 um.
Total wire length on LAYER li1 = 0 um.
Total wire length on LAYER met1 = 9811 um.
Total wire length on LAYER met2 = 8903 um.
Total wire length on LAYER met3 = 1404 um.
Total wire length on LAYER met4 = 133 um.
Total wire length on LAYER met5 = 0 um.
Total number of vias = 6453.
Up-via summary (total 6453):.

-----------------------
 FR_MASTERSLICE       0
            li1    3208
           met1    3057
           met2     180
           met3       8
           met4       0
-----------------------
                   6453


[INFO DRT-0267] cpu time = 00:02:24, elapsed time = 00:02:10, memory = 497.83 (MB), peak = 563.89 (MB)

[INFO DRT-0180] Post processing.
Setting global connections for newly added cells…
Writing OpenROAD database to '/home/ugunt/projects/ai-accelerator-verification/rung2-quantizer/openlane/runs/RUN_2026.05.27_20.44.45/results/routing/quantizer.odb'…
Writing netlist to '/home/ugunt/projects/ai-accelerator-verification/rung2-quantizer/openlane/runs/RUN_2026.05.27_20.44.45/results/routing/quantizer.nl.v'…
Writing powered netlist to '/home/ugunt/projects/ai-accelerator-verification/rung2-quantizer/openlane/runs/RUN_2026.05.27_20.44.45/results/routing/quantizer.pnl.v'…
Writing layout to '/home/ugunt/projects/ai-accelerator-verification/rung2-quantizer/openlane/runs/RUN_2026.05.27_20.44.45/results/routing/quantizer.def'…
