
===========================================================================
report_checks -path_delay min (Hold)
============================================================================
======================= Typical Corner ===================================

Startpoint: _1649_ (rising edge-triggered flip-flop clocked by clk)
Endpoint: _1649_ (rising edge-triggered flip-flop clocked by clk)
Path Group: clk
Path Type: min

Fanout     Cap    Slew   Delay    Time   Description
-----------------------------------------------------------------------------
                  0.15    0.00    0.00   clock clk (rise edge)
                          0.00    0.00   clock network delay (ideal)
                  0.15    0.00    0.00 ^ _1649_/CLK (sky130_fd_sc_hd__dfrtp_1)
                  0.12    0.39    0.39 ^ _1649_/Q (sky130_fd_sc_hd__dfrtp_1)
     2    0.01                           net35 (net)
                  0.12    0.00    0.39 ^ _1640_/A2 (sky130_fd_sc_hd__a21bo_1)
                  0.03    0.11    0.51 ^ _1640_/X (sky130_fd_sc_hd__a21bo_1)
     1    0.00                           _0008_ (net)
                  0.03    0.00    0.51 ^ _1649_/D (sky130_fd_sc_hd__dfrtp_1)
                                  0.51   data arrival time

                  0.15    0.00    0.00   clock clk (rise edge)
                          0.00    0.00   clock network delay (ideal)
                          0.25    0.25   clock uncertainty
                          0.00    0.25   clock reconvergence pessimism
                                  0.25 ^ _1649_/CLK (sky130_fd_sc_hd__dfrtp_1)
                         -0.02    0.23   library hold time
                                  0.23   data required time
-----------------------------------------------------------------------------
                                  0.23   data required time
                                 -0.51   data arrival time
-----------------------------------------------------------------------------
                                  0.28   slack (MET)


Startpoint: _1645_ (rising edge-triggered flip-flop clocked by clk)
Endpoint: _1645_ (rising edge-triggered flip-flop clocked by clk)
Path Group: clk
Path Type: min

Fanout     Cap    Slew   Delay    Time   Description
-----------------------------------------------------------------------------
                  0.15    0.00    0.00   clock clk (rise edge)
                          0.00    0.00   clock network delay (ideal)
                  0.15    0.00    0.00 ^ _1645_/CLK (sky130_fd_sc_hd__dfrtp_1)
                  0.08    0.36    0.36 ^ _1645_/Q (sky130_fd_sc_hd__dfrtp_1)
     2    0.01                           net31 (net)
                  0.08    0.00    0.36 ^ _1623_/A0 (sky130_fd_sc_hd__mux2_1)
                  0.04    0.12    0.48 ^ _1623_/X (sky130_fd_sc_hd__mux2_1)
     1    0.00                           _0791_ (net)
                  0.04    0.00    0.48 ^ _1624_/A (sky130_fd_sc_hd__clkbuf_1)
                  0.04    0.07    0.56 ^ _1624_/X (sky130_fd_sc_hd__clkbuf_1)
     1    0.00                           _0004_ (net)
                  0.04    0.00    0.56 ^ _1645_/D (sky130_fd_sc_hd__dfrtp_1)
                                  0.56   data arrival time

                  0.15    0.00    0.00   clock clk (rise edge)
                          0.00    0.00   clock network delay (ideal)
                          0.25    0.25   clock uncertainty
                          0.00    0.25   clock reconvergence pessimism
                                  0.25 ^ _1645_/CLK (sky130_fd_sc_hd__dfrtp_1)
                         -0.02    0.23   library hold time
                                  0.23   data required time
-----------------------------------------------------------------------------
                                  0.23   data required time
                                 -0.56   data arrival time
-----------------------------------------------------------------------------
                                  0.33   slack (MET)


Startpoint: _1641_ (rising edge-triggered flip-flop clocked by clk)
Endpoint: _1641_ (rising edge-triggered flip-flop clocked by clk)
Path Group: clk
Path Type: min

Fanout     Cap    Slew   Delay    Time   Description
-----------------------------------------------------------------------------
                  0.15    0.00    0.00   clock clk (rise edge)
                          0.00    0.00   clock network delay (ideal)
                  0.15    0.00    0.00 ^ _1641_/CLK (sky130_fd_sc_hd__dfrtp_1)
                  0.11    0.39    0.39 ^ _1641_/Q (sky130_fd_sc_hd__dfrtp_1)
     2    0.01                           net37 (net)
                  0.11    0.00    0.39 ^ _1603_/A (sky130_fd_sc_hd__or2_1)
                  0.04    0.11    0.49 ^ _1603_/X (sky130_fd_sc_hd__or2_1)
     1    0.00                           _0773_ (net)
                  0.04    0.00    0.49 ^ _1604_/A (sky130_fd_sc_hd__clkbuf_1)
                  0.04    0.07    0.56 ^ _1604_/X (sky130_fd_sc_hd__clkbuf_1)
     1    0.00                           _0000_ (net)
                  0.04    0.00    0.56 ^ _1641_/D (sky130_fd_sc_hd__dfrtp_1)
                                  0.56   data arrival time

                  0.15    0.00    0.00   clock clk (rise edge)
                          0.00    0.00   clock network delay (ideal)
                          0.25    0.25   clock uncertainty
                          0.00    0.25   clock reconvergence pessimism
                                  0.25 ^ _1641_/CLK (sky130_fd_sc_hd__dfrtp_1)
                         -0.02    0.23   library hold time
                                  0.23   data required time
-----------------------------------------------------------------------------
                                  0.23   data required time
                                 -0.56   data arrival time
-----------------------------------------------------------------------------
                                  0.33   slack (MET)


Startpoint: _1647_ (rising edge-triggered flip-flop clocked by clk)
Endpoint: _1647_ (rising edge-triggered flip-flop clocked by clk)
Path Group: clk
Path Type: min

Fanout     Cap    Slew   Delay    Time   Description
-----------------------------------------------------------------------------
                  0.15    0.00    0.00   clock clk (rise edge)
                          0.00    0.00   clock network delay (ideal)
                  0.15    0.00    0.00 ^ _1647_/CLK (sky130_fd_sc_hd__dfrtp_1)
                  0.10    0.38    0.38 ^ _1647_/Q (sky130_fd_sc_hd__dfrtp_1)
     2    0.01                           net33 (net)
                  0.10    0.00    0.38 ^ _1632_/A0 (sky130_fd_sc_hd__mux2_1)
                  0.04    0.12    0.50 ^ _1632_/X (sky130_fd_sc_hd__mux2_1)
     1    0.00                           _0799_ (net)
                  0.04    0.00    0.50 ^ _1633_/A (sky130_fd_sc_hd__clkbuf_1)
                  0.04    0.07    0.57 ^ _1633_/X (sky130_fd_sc_hd__clkbuf_1)
     1    0.00                           _0006_ (net)
                  0.04    0.00    0.57 ^ _1647_/D (sky130_fd_sc_hd__dfrtp_1)
                                  0.57   data arrival time

                  0.15    0.00    0.00   clock clk (rise edge)
                          0.00    0.00   clock network delay (ideal)
                          0.25    0.25   clock uncertainty
                          0.00    0.25   clock reconvergence pessimism
                                  0.25 ^ _1647_/CLK (sky130_fd_sc_hd__dfrtp_1)
                         -0.02    0.23   library hold time
                                  0.23   data required time
-----------------------------------------------------------------------------
                                  0.23   data required time
                                 -0.57   data arrival time
-----------------------------------------------------------------------------
                                  0.34   slack (MET)


Startpoint: _1644_ (rising edge-triggered flip-flop clocked by clk)
Endpoint: _1644_ (rising edge-triggered flip-flop clocked by clk)
Path Group: clk
Path Type: min

Fanout     Cap    Slew   Delay    Time   Description
-----------------------------------------------------------------------------
                  0.15    0.00    0.00   clock clk (rise edge)
                          0.00    0.00   clock network delay (ideal)
                  0.15    0.00    0.00 ^ _1644_/CLK (sky130_fd_sc_hd__dfrtp_1)
                  0.11    0.38    0.38 ^ _1644_/Q (sky130_fd_sc_hd__dfrtp_1)
     2    0.01                           net30 (net)
                  0.11    0.00    0.38 ^ _1618_/A0 (sky130_fd_sc_hd__mux2_1)
                  0.04    0.12    0.51 ^ _1618_/X (sky130_fd_sc_hd__mux2_1)
     1    0.00                           _0787_ (net)
                  0.04    0.00    0.51 ^ _1619_/A (sky130_fd_sc_hd__clkbuf_1)
                  0.04    0.07    0.58 ^ _1619_/X (sky130_fd_sc_hd__clkbuf_1)
     1    0.00                           _0003_ (net)
                  0.04    0.00    0.58 ^ _1644_/D (sky130_fd_sc_hd__dfrtp_1)
                                  0.58   data arrival time

                  0.15    0.00    0.00   clock clk (rise edge)
                          0.00    0.00   clock network delay (ideal)
                          0.25    0.25   clock uncertainty
                          0.00    0.25   clock reconvergence pessimism
                                  0.25 ^ _1644_/CLK (sky130_fd_sc_hd__dfrtp_1)
                         -0.02    0.23   library hold time
                                  0.23   data required time
-----------------------------------------------------------------------------
                                  0.23   data required time
                                 -0.58   data arrival time
-----------------------------------------------------------------------------
                                  0.35   slack (MET)


Startpoint: _1646_ (rising edge-triggered flip-flop clocked by clk)
Endpoint: _1646_ (rising edge-triggered flip-flop clocked by clk)
Path Group: clk
Path Type: min

Fanout     Cap    Slew   Delay    Time   Description
-----------------------------------------------------------------------------
                  0.15    0.00    0.00   clock clk (rise edge)
                          0.00    0.00   clock network delay (ideal)
                  0.15    0.00    0.00 ^ _1646_/CLK (sky130_fd_sc_hd__dfrtp_1)
                  0.11    0.39    0.39 ^ _1646_/Q (sky130_fd_sc_hd__dfrtp_1)
     2    0.01                           net32 (net)
                  0.11    0.00    0.39 ^ _1627_/A0 (sky130_fd_sc_hd__mux2_1)
                  0.04    0.13    0.51 ^ _1627_/X (sky130_fd_sc_hd__mux2_1)
     1    0.00                           _0795_ (net)
                  0.04    0.00    0.51 ^ _1628_/A (sky130_fd_sc_hd__clkbuf_1)
                  0.04    0.07    0.58 ^ _1628_/X (sky130_fd_sc_hd__clkbuf_1)
     1    0.00                           _0005_ (net)
                  0.04    0.00    0.58 ^ _1646_/D (sky130_fd_sc_hd__dfrtp_1)
                                  0.58   data arrival time

                  0.15    0.00    0.00   clock clk (rise edge)
                          0.00    0.00   clock network delay (ideal)
                          0.25    0.25   clock uncertainty
                          0.00    0.25   clock reconvergence pessimism
                                  0.25 ^ _1646_/CLK (sky130_fd_sc_hd__dfrtp_1)
                         -0.02    0.23   library hold time
                                  0.23   data required time
-----------------------------------------------------------------------------
                                  0.23   data required time
                                 -0.58   data arrival time
-----------------------------------------------------------------------------
                                  0.35   slack (MET)


Startpoint: _1642_ (rising edge-triggered flip-flop clocked by clk)
Endpoint: _1642_ (rising edge-triggered flip-flop clocked by clk)
Path Group: clk
Path Type: min

Fanout     Cap    Slew   Delay    Time   Description
-----------------------------------------------------------------------------
                  0.15    0.00    0.00   clock clk (rise edge)
                          0.00    0.00   clock network delay (ideal)
                  0.15    0.00    0.00 ^ _1642_/CLK (sky130_fd_sc_hd__dfrtp_1)
                  0.11    0.39    0.39 ^ _1642_/Q (sky130_fd_sc_hd__dfrtp_1)
     2    0.01                           net28 (net)
                  0.11    0.00    0.39 ^ _1608_/A0 (sky130_fd_sc_hd__mux2_1)
                  0.04    0.13    0.52 ^ _1608_/X (sky130_fd_sc_hd__mux2_1)
     1    0.00                           _0778_ (net)
                  0.04    0.00    0.52 ^ _1609_/A (sky130_fd_sc_hd__clkbuf_1)
                  0.04    0.07    0.59 ^ _1609_/X (sky130_fd_sc_hd__clkbuf_1)
     1    0.00                           _0001_ (net)
                  0.04    0.00    0.59 ^ _1642_/D (sky130_fd_sc_hd__dfrtp_1)
                                  0.59   data arrival time

                  0.15    0.00    0.00   clock clk (rise edge)
                          0.00    0.00   clock network delay (ideal)
                          0.25    0.25   clock uncertainty
                          0.00    0.25   clock reconvergence pessimism
                                  0.25 ^ _1642_/CLK (sky130_fd_sc_hd__dfrtp_1)
                         -0.02    0.23   library hold time
                                  0.23   data required time
-----------------------------------------------------------------------------
                                  0.23   data required time
                                 -0.59   data arrival time
-----------------------------------------------------------------------------
                                  0.36   slack (MET)


Startpoint: _1643_ (rising edge-triggered flip-flop clocked by clk)
Endpoint: _1643_ (rising edge-triggered flip-flop clocked by clk)
Path Group: clk
Path Type: min

Fanout     Cap    Slew   Delay    Time   Description
-----------------------------------------------------------------------------
                  0.15    0.00    0.00   clock clk (rise edge)
                          0.00    0.00   clock network delay (ideal)
                  0.15    0.00    0.00 ^ _1643_/CLK (sky130_fd_sc_hd__dfrtp_2)
                  0.10    0.41    0.41 ^ _1643_/Q (sky130_fd_sc_hd__dfrtp_2)
     2    0.02                           net29 (net)
                  0.10    0.00    0.41 ^ _1613_/A0 (sky130_fd_sc_hd__mux2_1)
                  0.04    0.12    0.53 ^ _1613_/X (sky130_fd_sc_hd__mux2_1)
     1    0.00                           _0782_ (net)
                  0.04    0.00    0.53 ^ _1614_/A (sky130_fd_sc_hd__clkbuf_1)
                  0.04    0.07    0.60 ^ _1614_/X (sky130_fd_sc_hd__clkbuf_1)
     1    0.00                           _0002_ (net)
                  0.04    0.00    0.60 ^ _1643_/D (sky130_fd_sc_hd__dfrtp_2)
                                  0.60   data arrival time

                  0.15    0.00    0.00   clock clk (rise edge)
                          0.00    0.00   clock network delay (ideal)
                          0.25    0.25   clock uncertainty
                          0.00    0.25   clock reconvergence pessimism
                                  0.25 ^ _1643_/CLK (sky130_fd_sc_hd__dfrtp_2)
                         -0.02    0.23   library hold time
                                  0.23   data required time
-----------------------------------------------------------------------------
                                  0.23   data required time
                                 -0.60   data arrival time
-----------------------------------------------------------------------------
                                  0.37   slack (MET)


Startpoint: _1648_ (rising edge-triggered flip-flop clocked by clk)
Endpoint: _1648_ (rising edge-triggered flip-flop clocked by clk)
Path Group: clk
Path Type: min

Fanout     Cap    Slew   Delay    Time   Description
-----------------------------------------------------------------------------
                  0.15    0.00    0.00   clock clk (rise edge)
                          0.00    0.00   clock network delay (ideal)
                  0.15    0.00    0.00 ^ _1648_/CLK (sky130_fd_sc_hd__dfrtp_2)
                  0.11    0.41    0.41 ^ _1648_/Q (sky130_fd_sc_hd__dfrtp_2)
     2    0.02                           net34 (net)
                  0.11    0.00    0.41 ^ _1636_/A0 (sky130_fd_sc_hd__mux2_1)
                  0.04    0.12    0.54 ^ _1636_/X (sky130_fd_sc_hd__mux2_1)
     1    0.00                           _0803_ (net)
                  0.04    0.00    0.54 ^ _1637_/A (sky130_fd_sc_hd__clkbuf_1)
                  0.04    0.07    0.61 ^ _1637_/X (sky130_fd_sc_hd__clkbuf_1)
     1    0.00                           _0007_ (net)
                  0.04    0.00    0.61 ^ _1648_/D (sky130_fd_sc_hd__dfrtp_2)
                                  0.61   data arrival time

                  0.15    0.00    0.00   clock clk (rise edge)
                          0.00    0.00   clock network delay (ideal)
                          0.25    0.25   clock uncertainty
                          0.00    0.25   clock reconvergence pessimism
                                  0.25 ^ _1648_/CLK (sky130_fd_sc_hd__dfrtp_2)
                         -0.02    0.23   library hold time
                                  0.23   data required time
-----------------------------------------------------------------------------
                                  0.23   data required time
                                 -0.61   data arrival time
-----------------------------------------------------------------------------
                                  0.37   slack (MET)


Startpoint: rst_n (input port clocked by clk)
Endpoint: _1642_ (removal check against rising-edge clock clk)
Path Group: asynchronous
Path Type: min

Fanout     Cap    Slew   Delay    Time   Description
-----------------------------------------------------------------------------
                  0.15    0.00    0.00   clock clk (rise edge)
                          0.00    0.00   clock network delay (ideal)
                          5.00    5.00 ^ input external delay
                  0.02    0.01    5.01 ^ rst_n (in)
     1    0.00                           rst_n (net)
                  0.02    0.00    5.01 ^ input18/A (sky130_fd_sc_hd__clkbuf_4)
                  0.14    0.19    5.20 ^ input18/X (sky130_fd_sc_hd__clkbuf_4)
     9    0.05                           net18 (net)
                  0.14    0.00    5.20 ^ _1642_/RESET_B (sky130_fd_sc_hd__dfrtp_1)
                                  5.20   data arrival time

                  0.15    0.00    0.00   clock clk (rise edge)
                          0.00    0.00   clock network delay (ideal)
                          0.25    0.25   clock uncertainty
                          0.00    0.25   clock reconvergence pessimism
                                  0.25 ^ _1642_/CLK (sky130_fd_sc_hd__dfrtp_1)
                          0.38    0.63   library removal time
                                  0.63   data required time
-----------------------------------------------------------------------------
                                  0.63   data required time
                                 -5.20   data arrival time
-----------------------------------------------------------------------------
                                  4.57   slack (MET)


Startpoint: rst_n (input port clocked by clk)
Endpoint: _1643_ (removal check against rising-edge clock clk)
Path Group: asynchronous
Path Type: min

Fanout     Cap    Slew   Delay    Time   Description
-----------------------------------------------------------------------------
                  0.15    0.00    0.00   clock clk (rise edge)
                          0.00    0.00   clock network delay (ideal)
                          5.00    5.00 ^ input external delay
                  0.02    0.01    5.01 ^ rst_n (in)
     1    0.00                           rst_n (net)
                  0.02    0.00    5.01 ^ input18/A (sky130_fd_sc_hd__clkbuf_4)
                  0.14    0.19    5.20 ^ input18/X (sky130_fd_sc_hd__clkbuf_4)
     9    0.05                           net18 (net)
                  0.14    0.00    5.20 ^ _1643_/RESET_B (sky130_fd_sc_hd__dfrtp_2)
                                  5.20   data arrival time

                  0.15    0.00    0.00   clock clk (rise edge)
                          0.00    0.00   clock network delay (ideal)
                          0.25    0.25   clock uncertainty
                          0.00    0.25   clock reconvergence pessimism
                                  0.25 ^ _1643_/CLK (sky130_fd_sc_hd__dfrtp_2)
                          0.38    0.63   library removal time
                                  0.63   data required time
-----------------------------------------------------------------------------
                                  0.63   data required time
                                 -5.20   data arrival time
-----------------------------------------------------------------------------
                                  4.57   slack (MET)


Startpoint: rst_n (input port clocked by clk)
Endpoint: _1645_ (removal check against rising-edge clock clk)
Path Group: asynchronous
Path Type: min

Fanout     Cap    Slew   Delay    Time   Description
-----------------------------------------------------------------------------
                  0.15    0.00    0.00   clock clk (rise edge)
                          0.00    0.00   clock network delay (ideal)
                          5.00    5.00 ^ input external delay
                  0.02    0.01    5.01 ^ rst_n (in)
     1    0.00                           rst_n (net)
                  0.02    0.00    5.01 ^ input18/A (sky130_fd_sc_hd__clkbuf_4)
                  0.14    0.19    5.20 ^ input18/X (sky130_fd_sc_hd__clkbuf_4)
     9    0.05                           net18 (net)
                  0.14    0.00    5.20 ^ _1645_/RESET_B (sky130_fd_sc_hd__dfrtp_1)
                                  5.20   data arrival time

                  0.15    0.00    0.00   clock clk (rise edge)
                          0.00    0.00   clock network delay (ideal)
                          0.25    0.25   clock uncertainty
                          0.00    0.25   clock reconvergence pessimism
                                  0.25 ^ _1645_/CLK (sky130_fd_sc_hd__dfrtp_1)
                          0.38    0.63   library removal time
                                  0.63   data required time
-----------------------------------------------------------------------------
                                  0.63   data required time
                                 -5.20   data arrival time
-----------------------------------------------------------------------------
                                  4.57   slack (MET)


Startpoint: rst_n (input port clocked by clk)
Endpoint: _1644_ (removal check against rising-edge clock clk)
Path Group: asynchronous
Path Type: min

Fanout     Cap    Slew   Delay    Time   Description
-----------------------------------------------------------------------------
                  0.15    0.00    0.00   clock clk (rise edge)
                          0.00    0.00   clock network delay (ideal)
                          5.00    5.00 ^ input external delay
                  0.02    0.01    5.01 ^ rst_n (in)
     1    0.00                           rst_n (net)
                  0.02    0.00    5.01 ^ input18/A (sky130_fd_sc_hd__clkbuf_4)
                  0.14    0.19    5.20 ^ input18/X (sky130_fd_sc_hd__clkbuf_4)
     9    0.05                           net18 (net)
                  0.14    0.00    5.20 ^ _1644_/RESET_B (sky130_fd_sc_hd__dfrtp_1)
                                  5.20   data arrival time

                  0.15    0.00    0.00   clock clk (rise edge)
                          0.00    0.00   clock network delay (ideal)
                          0.25    0.25   clock uncertainty
                          0.00    0.25   clock reconvergence pessimism
                                  0.25 ^ _1644_/CLK (sky130_fd_sc_hd__dfrtp_1)
                          0.38    0.63   library removal time
                                  0.63   data required time
-----------------------------------------------------------------------------
                                  0.63   data required time
                                 -5.20   data arrival time
-----------------------------------------------------------------------------
                                  4.57   slack (MET)


Startpoint: rst_n (input port clocked by clk)
Endpoint: _1647_ (removal check against rising-edge clock clk)
Path Group: asynchronous
Path Type: min

Fanout     Cap    Slew   Delay    Time   Description
-----------------------------------------------------------------------------
                  0.15    0.00    0.00   clock clk (rise edge)
                          0.00    0.00   clock network delay (ideal)
                          5.00    5.00 ^ input external delay
                  0.02    0.01    5.01 ^ rst_n (in)
     1    0.00                           rst_n (net)
                  0.02    0.00    5.01 ^ input18/A (sky130_fd_sc_hd__clkbuf_4)
                  0.14    0.19    5.20 ^ input18/X (sky130_fd_sc_hd__clkbuf_4)
     9    0.05                           net18 (net)
                  0.14    0.00    5.20 ^ _1647_/RESET_B (sky130_fd_sc_hd__dfrtp_1)
                                  5.20   data arrival time

                  0.15    0.00    0.00   clock clk (rise edge)
                          0.00    0.00   clock network delay (ideal)
                          0.25    0.25   clock uncertainty
                          0.00    0.25   clock reconvergence pessimism
                                  0.25 ^ _1647_/CLK (sky130_fd_sc_hd__dfrtp_1)
                          0.38    0.63   library removal time
                                  0.63   data required time
-----------------------------------------------------------------------------
                                  0.63   data required time
                                 -5.20   data arrival time
-----------------------------------------------------------------------------
                                  4.57   slack (MET)


Startpoint: rst_n (input port clocked by clk)
Endpoint: _1649_ (removal check against rising-edge clock clk)
Path Group: asynchronous
Path Type: min

Fanout     Cap    Slew   Delay    Time   Description
-----------------------------------------------------------------------------
                  0.15    0.00    0.00   clock clk (rise edge)
                          0.00    0.00   clock network delay (ideal)
                          5.00    5.00 ^ input external delay
                  0.02    0.01    5.01 ^ rst_n (in)
     1    0.00                           rst_n (net)
                  0.02    0.00    5.01 ^ input18/A (sky130_fd_sc_hd__clkbuf_4)
                  0.14    0.19    5.20 ^ input18/X (sky130_fd_sc_hd__clkbuf_4)
     9    0.05                           net18 (net)
                  0.14    0.00    5.20 ^ _1649_/RESET_B (sky130_fd_sc_hd__dfrtp_1)
                                  5.20   data arrival time

                  0.15    0.00    0.00   clock clk (rise edge)
                          0.00    0.00   clock network delay (ideal)
                          0.25    0.25   clock uncertainty
                          0.00    0.25   clock reconvergence pessimism
                                  0.25 ^ _1649_/CLK (sky130_fd_sc_hd__dfrtp_1)
                          0.38    0.63   library removal time
                                  0.63   data required time
-----------------------------------------------------------------------------
                                  0.63   data required time
                                 -5.20   data arrival time
-----------------------------------------------------------------------------
                                  4.57   slack (MET)


Startpoint: rst_n (input port clocked by clk)
Endpoint: _1646_ (removal check against rising-edge clock clk)
Path Group: asynchronous
Path Type: min

Fanout     Cap    Slew   Delay    Time   Description
-----------------------------------------------------------------------------
                  0.15    0.00    0.00   clock clk (rise edge)
                          0.00    0.00   clock network delay (ideal)
                          5.00    5.00 ^ input external delay
                  0.02    0.01    5.01 ^ rst_n (in)
     1    0.00                           rst_n (net)
                  0.02    0.00    5.01 ^ input18/A (sky130_fd_sc_hd__clkbuf_4)
                  0.14    0.19    5.20 ^ input18/X (sky130_fd_sc_hd__clkbuf_4)
     9    0.05                           net18 (net)
                  0.14    0.00    5.20 ^ _1646_/RESET_B (sky130_fd_sc_hd__dfrtp_1)
                                  5.20   data arrival time

                  0.15    0.00    0.00   clock clk (rise edge)
                          0.00    0.00   clock network delay (ideal)
                          0.25    0.25   clock uncertainty
                          0.00    0.25   clock reconvergence pessimism
                                  0.25 ^ _1646_/CLK (sky130_fd_sc_hd__dfrtp_1)
                          0.38    0.63   library removal time
                                  0.63   data required time
-----------------------------------------------------------------------------
                                  0.63   data required time
                                 -5.20   data arrival time
-----------------------------------------------------------------------------
                                  4.57   slack (MET)


Startpoint: rst_n (input port clocked by clk)
Endpoint: _1648_ (removal check against rising-edge clock clk)
Path Group: asynchronous
Path Type: min

Fanout     Cap    Slew   Delay    Time   Description
-----------------------------------------------------------------------------
                  0.15    0.00    0.00   clock clk (rise edge)
                          0.00    0.00   clock network delay (ideal)
                          5.00    5.00 ^ input external delay
                  0.02    0.01    5.01 ^ rst_n (in)
     1    0.00                           rst_n (net)
                  0.02    0.00    5.01 ^ input18/A (sky130_fd_sc_hd__clkbuf_4)
                  0.14    0.19    5.20 ^ input18/X (sky130_fd_sc_hd__clkbuf_4)
     9    0.05                           net18 (net)
                  0.14    0.00    5.20 ^ _1648_/RESET_B (sky130_fd_sc_hd__dfrtp_2)
                                  5.20   data arrival time

                  0.15    0.00    0.00   clock clk (rise edge)
                          0.00    0.00   clock network delay (ideal)
                          0.25    0.25   clock uncertainty
                          0.00    0.25   clock reconvergence pessimism
                                  0.25 ^ _1648_/CLK (sky130_fd_sc_hd__dfrtp_2)
                          0.38    0.63   library removal time
                                  0.63   data required time
-----------------------------------------------------------------------------
                                  0.63   data required time
                                 -5.20   data arrival time
-----------------------------------------------------------------------------
                                  4.57   slack (MET)


Startpoint: rst_n (input port clocked by clk)
Endpoint: _1641_ (removal check against rising-edge clock clk)
Path Group: asynchronous
Path Type: min

Fanout     Cap    Slew   Delay    Time   Description
-----------------------------------------------------------------------------
                  0.15    0.00    0.00   clock clk (rise edge)
                          0.00    0.00   clock network delay (ideal)
                          5.00    5.00 ^ input external delay
                  0.02    0.01    5.01 ^ rst_n (in)
     1    0.00                           rst_n (net)
                  0.02    0.00    5.01 ^ input18/A (sky130_fd_sc_hd__clkbuf_4)
                  0.14    0.19    5.20 ^ input18/X (sky130_fd_sc_hd__clkbuf_4)
     9    0.05                           net18 (net)
                  0.14    0.00    5.20 ^ _1641_/RESET_B (sky130_fd_sc_hd__dfrtp_1)
                                  5.20   data arrival time

                  0.15    0.00    0.00   clock clk (rise edge)
                          0.00    0.00   clock network delay (ideal)
                          0.25    0.25   clock uncertainty
                          0.00    0.25   clock reconvergence pessimism
                                  0.25 ^ _1641_/CLK (sky130_fd_sc_hd__dfrtp_1)
                          0.38    0.63   library removal time
                                  0.63   data required time
-----------------------------------------------------------------------------
                                  0.63   data required time
                                 -5.20   data arrival time
-----------------------------------------------------------------------------
                                  4.57   slack (MET)


Startpoint: _1645_ (rising edge-triggered flip-flop clocked by clk)
Endpoint: data_out[3] (output port clocked by clk)
Path Group: clk
Path Type: min

Fanout     Cap    Slew   Delay    Time   Description
-----------------------------------------------------------------------------
                  0.15    0.00    0.00   clock clk (rise edge)
                          0.00    0.00   clock network delay (ideal)
                  0.15    0.00    0.00 ^ _1645_/CLK (sky130_fd_sc_hd__dfrtp_1)
                  0.08    0.36    0.36 ^ _1645_/Q (sky130_fd_sc_hd__dfrtp_1)
     2    0.01                           net31 (net)
                  0.08    0.00    0.36 ^ output31/A (sky130_fd_sc_hd__buf_2)
                  0.17    0.20    0.56 ^ output31/X (sky130_fd_sc_hd__buf_2)
     1    0.03                           data_out[3] (net)
                  0.17    0.00    0.56 ^ data_out[3] (out)
                                  0.56   data arrival time

                  0.15    0.00    0.00   clock clk (rise edge)
                          0.00    0.00   clock network delay (ideal)
                          0.25    0.25   clock uncertainty
                          0.00    0.25   clock reconvergence pessimism
                         -5.00   -4.75   output external delay
                                 -4.75   data required time
-----------------------------------------------------------------------------
                                 -4.75   data required time
                                 -0.56   data arrival time
-----------------------------------------------------------------------------
                                  5.31   slack (MET)


Startpoint: _1647_ (rising edge-triggered flip-flop clocked by clk)
Endpoint: data_out[5] (output port clocked by clk)
Path Group: clk
Path Type: min

Fanout     Cap    Slew   Delay    Time   Description
-----------------------------------------------------------------------------
                  0.15    0.00    0.00   clock clk (rise edge)
                          0.00    0.00   clock network delay (ideal)
                  0.15    0.00    0.00 ^ _1647_/CLK (sky130_fd_sc_hd__dfrtp_1)
                  0.10    0.38    0.38 ^ _1647_/Q (sky130_fd_sc_hd__dfrtp_1)
     2    0.01                           net33 (net)
                  0.10    0.00    0.38 ^ output33/A (sky130_fd_sc_hd__buf_2)
                  0.17    0.21    0.58 ^ output33/X (sky130_fd_sc_hd__buf_2)
     1    0.03                           data_out[5] (net)
                  0.17    0.00    0.58 ^ data_out[5] (out)
                                  0.58   data arrival time

                  0.15    0.00    0.00   clock clk (rise edge)
                          0.00    0.00   clock network delay (ideal)
                          0.25    0.25   clock uncertainty
                          0.00    0.25   clock reconvergence pessimism
                         -5.00   -4.75   output external delay
                                 -4.75   data required time
-----------------------------------------------------------------------------
                                 -4.75   data required time
                                 -0.58   data arrival time
-----------------------------------------------------------------------------
                                  5.33   slack (MET)


Startpoint: _1644_ (rising edge-triggered flip-flop clocked by clk)
Endpoint: data_out[2] (output port clocked by clk)
Path Group: clk
Path Type: min

Fanout     Cap    Slew   Delay    Time   Description
-----------------------------------------------------------------------------
                  0.15    0.00    0.00   clock clk (rise edge)
                          0.00    0.00   clock network delay (ideal)
                  0.15    0.00    0.00 ^ _1644_/CLK (sky130_fd_sc_hd__dfrtp_1)
                  0.07    0.41    0.41 v _1644_/Q (sky130_fd_sc_hd__dfrtp_1)
     2    0.01                           net30 (net)
                  0.07    0.00    0.41 v output30/A (sky130_fd_sc_hd__buf_2)
                  0.09    0.18    0.59 v output30/X (sky130_fd_sc_hd__buf_2)
     1    0.03                           data_out[2] (net)
                  0.09    0.00    0.59 v data_out[2] (out)
                                  0.59   data arrival time

                  0.15    0.00    0.00   clock clk (rise edge)
                          0.00    0.00   clock network delay (ideal)
                          0.25    0.25   clock uncertainty
                          0.00    0.25   clock reconvergence pessimism
                         -5.00   -4.75   output external delay
                                 -4.75   data required time
-----------------------------------------------------------------------------
                                 -4.75   data required time
                                 -0.59   data arrival time
-----------------------------------------------------------------------------
                                  5.34   slack (MET)


Startpoint: _1646_ (rising edge-triggered flip-flop clocked by clk)
Endpoint: data_out[4] (output port clocked by clk)
Path Group: clk
Path Type: min

Fanout     Cap    Slew   Delay    Time   Description
-----------------------------------------------------------------------------
                  0.15    0.00    0.00   clock clk (rise edge)
                          0.00    0.00   clock network delay (ideal)
                  0.15    0.00    0.00 ^ _1646_/CLK (sky130_fd_sc_hd__dfrtp_1)
                  0.07    0.41    0.41 v _1646_/Q (sky130_fd_sc_hd__dfrtp_1)
     2    0.01                           net32 (net)
                  0.07    0.00    0.41 v output32/A (sky130_fd_sc_hd__buf_2)
                  0.09    0.18    0.59 v output32/X (sky130_fd_sc_hd__buf_2)
     1    0.03                           data_out[4] (net)
                  0.09    0.00    0.59 v data_out[4] (out)
                                  0.59   data arrival time

                  0.15    0.00    0.00   clock clk (rise edge)
                          0.00    0.00   clock network delay (ideal)
                          0.25    0.25   clock uncertainty
                          0.00    0.25   clock reconvergence pessimism
                         -5.00   -4.75   output external delay
                                 -4.75   data required time
-----------------------------------------------------------------------------
                                 -4.75   data required time
                                 -0.59   data arrival time
-----------------------------------------------------------------------------
                                  5.34   slack (MET)


Startpoint: _1642_ (rising edge-triggered flip-flop clocked by clk)
Endpoint: data_out[0] (output port clocked by clk)
Path Group: clk
Path Type: min

Fanout     Cap    Slew   Delay    Time   Description
-----------------------------------------------------------------------------
                  0.15    0.00    0.00   clock clk (rise edge)
                          0.00    0.00   clock network delay (ideal)
                  0.15    0.00    0.00 ^ _1642_/CLK (sky130_fd_sc_hd__dfrtp_1)
                  0.11    0.39    0.39 ^ _1642_/Q (sky130_fd_sc_hd__dfrtp_1)
     2    0.01                           net28 (net)
                  0.11    0.00    0.39 ^ output28/A (sky130_fd_sc_hd__clkbuf_4)
                  0.11    0.20    0.59 ^ output28/X (sky130_fd_sc_hd__clkbuf_4)
     1    0.03                           data_out[0] (net)
                  0.11    0.00    0.59 ^ data_out[0] (out)
                                  0.59   data arrival time

                  0.15    0.00    0.00   clock clk (rise edge)
                          0.00    0.00   clock network delay (ideal)
                          0.25    0.25   clock uncertainty
                          0.00    0.25   clock reconvergence pessimism
                         -5.00   -4.75   output external delay
                                 -4.75   data required time
-----------------------------------------------------------------------------
                                 -4.75   data required time
                                 -0.59   data arrival time
-----------------------------------------------------------------------------
                                  5.34   slack (MET)


Startpoint: _1641_ (rising edge-triggered flip-flop clocked by clk)
Endpoint: valid_out (output port clocked by clk)
Path Group: clk
Path Type: min

Fanout     Cap    Slew   Delay    Time   Description
-----------------------------------------------------------------------------
                  0.15    0.00    0.00   clock clk (rise edge)
                          0.00    0.00   clock network delay (ideal)
                  0.15    0.00    0.00 ^ _1641_/CLK (sky130_fd_sc_hd__dfrtp_1)
                  0.07    0.41    0.41 v _1641_/Q (sky130_fd_sc_hd__dfrtp_1)
     2    0.01                           net37 (net)
                  0.07    0.00    0.41 v output37/A (sky130_fd_sc_hd__buf_2)
                  0.09    0.18    0.60 v output37/X (sky130_fd_sc_hd__buf_2)
     1    0.03                           valid_out (net)
                  0.09    0.00    0.60 v valid_out (out)
                                  0.60   data arrival time

                  0.15    0.00    0.00   clock clk (rise edge)
                          0.00    0.00   clock network delay (ideal)
                          0.25    0.25   clock uncertainty
                          0.00    0.25   clock reconvergence pessimism
                         -5.00   -4.75   output external delay
                                 -4.75   data required time
-----------------------------------------------------------------------------
                                 -4.75   data required time
                                 -0.60   data arrival time
-----------------------------------------------------------------------------
                                  5.35   slack (MET)


Startpoint: _1649_ (rising edge-triggered flip-flop clocked by clk)
Endpoint: data_out[7] (output port clocked by clk)
Path Group: clk
Path Type: min

Fanout     Cap    Slew   Delay    Time   Description
-----------------------------------------------------------------------------
                  0.15    0.00    0.00   clock clk (rise edge)
                          0.00    0.00   clock network delay (ideal)
                  0.15    0.00    0.00 ^ _1649_/CLK (sky130_fd_sc_hd__dfrtp_1)
                  0.08    0.42    0.42 v _1649_/Q (sky130_fd_sc_hd__dfrtp_1)
     2    0.01                           net35 (net)
                  0.08    0.00    0.42 v output35/A (sky130_fd_sc_hd__buf_2)
                  0.09    0.19    0.60 v output35/X (sky130_fd_sc_hd__buf_2)
     1    0.03                           data_out[7] (net)
                  0.09    0.00    0.60 v data_out[7] (out)
                                  0.60   data arrival time

                  0.15    0.00    0.00   clock clk (rise edge)
                          0.00    0.00   clock network delay (ideal)
                          0.25    0.25   clock uncertainty
                          0.00    0.25   clock reconvergence pessimism
                         -5.00   -4.75   output external delay
                                 -4.75   data required time
-----------------------------------------------------------------------------
                                 -4.75   data required time
                                 -0.60   data arrival time
-----------------------------------------------------------------------------
                                  5.35   slack (MET)


Startpoint: _1643_ (rising edge-triggered flip-flop clocked by clk)
Endpoint: data_out[1] (output port clocked by clk)
Path Group: clk
Path Type: min

Fanout     Cap    Slew   Delay    Time   Description
-----------------------------------------------------------------------------
                  0.15    0.00    0.00   clock clk (rise edge)
                          0.00    0.00   clock network delay (ideal)
                  0.15    0.00    0.00 ^ _1643_/CLK (sky130_fd_sc_hd__dfrtp_2)
                  0.10    0.41    0.41 ^ _1643_/Q (sky130_fd_sc_hd__dfrtp_2)
     2    0.02                           net29 (net)
                  0.10    0.00    0.41 ^ output29/A (sky130_fd_sc_hd__clkbuf_4)
                  0.11    0.19    0.60 ^ output29/X (sky130_fd_sc_hd__clkbuf_4)
     1    0.03                           data_out[1] (net)
                  0.11    0.00    0.60 ^ data_out[1] (out)
                                  0.60   data arrival time

                  0.15    0.00    0.00   clock clk (rise edge)
                          0.00    0.00   clock network delay (ideal)
                          0.25    0.25   clock uncertainty
                          0.00    0.25   clock reconvergence pessimism
                         -5.00   -4.75   output external delay
                                 -4.75   data required time
-----------------------------------------------------------------------------
                                 -4.75   data required time
                                 -0.60   data arrival time
-----------------------------------------------------------------------------
                                  5.35   slack (MET)


Startpoint: _1648_ (rising edge-triggered flip-flop clocked by clk)
Endpoint: data_out[6] (output port clocked by clk)
Path Group: clk
Path Type: min

Fanout     Cap    Slew   Delay    Time   Description
-----------------------------------------------------------------------------
                  0.15    0.00    0.00   clock clk (rise edge)
                          0.00    0.00   clock network delay (ideal)
                  0.15    0.00    0.00 ^ _1648_/CLK (sky130_fd_sc_hd__dfrtp_2)
                  0.11    0.41    0.41 ^ _1648_/Q (sky130_fd_sc_hd__dfrtp_2)
     2    0.02                           net34 (net)
                  0.11    0.00    0.41 ^ output34/A (sky130_fd_sc_hd__clkbuf_4)
                  0.11    0.20    0.61 ^ output34/X (sky130_fd_sc_hd__clkbuf_4)
     1    0.03                           data_out[6] (net)
                  0.11    0.00    0.61 ^ data_out[6] (out)
                                  0.61   data arrival time

                  0.15    0.00    0.00   clock clk (rise edge)
                          0.00    0.00   clock network delay (ideal)
                          0.25    0.25   clock uncertainty
                          0.00    0.25   clock reconvergence pessimism
                         -5.00   -4.75   output external delay
                                 -4.75   data required time
-----------------------------------------------------------------------------
                                 -4.75   data required time
                                 -0.61   data arrival time
-----------------------------------------------------------------------------
                                  5.36   slack (MET)


Startpoint: data_in[0] (input port clocked by clk)
Endpoint: overflow (output port clocked by clk)
Path Group: clk
Path Type: min

Fanout     Cap    Slew   Delay    Time   Description
-----------------------------------------------------------------------------
                  0.15    0.00    0.00   clock clk (rise edge)
                          0.00    0.00   clock network delay (ideal)
                          5.00    5.00 v input external delay
                  0.01    0.00    5.00 v data_in[0] (in)
     1    0.00                           data_in[0] (net)
                  0.01    0.00    5.00 v input1/A (sky130_fd_sc_hd__buf_2)
                  0.07    0.14    5.14 v input1/X (sky130_fd_sc_hd__buf_2)
     8    0.03                           net1 (net)
                  0.07    0.00    5.15 v _1102_/A (sky130_fd_sc_hd__clkbuf_2)
                  0.10    0.16    5.31 v _1102_/X (sky130_fd_sc_hd__clkbuf_2)
    10    0.02                           _0237_ (net)
                  0.10    0.00    5.31 v _1159_/C1 (sky130_fd_sc_hd__o211a_1)
                  0.06    0.15    5.46 v _1159_/X (sky130_fd_sc_hd__o211a_1)
     4    0.01                           _0294_ (net)
                  0.06    0.00    5.46 v _1244_/A (sky130_fd_sc_hd__nand3_1)
                  0.10    0.11    5.57 ^ _1244_/Y (sky130_fd_sc_hd__nand3_1)
     3    0.01                           _0380_ (net)
                  0.10    0.00    5.57 ^ _1247_/A (sky130_fd_sc_hd__nand3_1)
                  0.07    0.08    5.65 v _1247_/Y (sky130_fd_sc_hd__nand3_1)
     2    0.00                           _0383_ (net)
                  0.07    0.00    5.65 v _1549_/B (sky130_fd_sc_hd__and2_1)
                  0.05    0.17    5.82 v _1549_/X (sky130_fd_sc_hd__and2_1)
     2    0.01                           _0715_ (net)
                  0.05    0.00    5.82 v _1593_/A (sky130_fd_sc_hd__xor2_1)
                  0.16    0.18    6.01 ^ _1593_/X (sky130_fd_sc_hd__xor2_1)
     2    0.01                           _0763_ (net)
                  0.16    0.00    6.01 ^ _1594_/B1 (sky130_fd_sc_hd__a21o_1)
                  0.05    0.11    6.11 ^ _1594_/X (sky130_fd_sc_hd__a21o_1)
     1    0.00                           _0765_ (net)
                  0.05    0.00    6.11 ^ _1595_/B2 (sky130_fd_sc_hd__o22a_2)
                  0.13    0.19    6.30 ^ _1595_/X (sky130_fd_sc_hd__o22a_2)
     8    0.02                           _0766_ (net)
                  0.13    0.00    6.30 ^ _1601_/A (sky130_fd_sc_hd__or2b_1)
                  0.06    0.13    6.43 ^ _1601_/X (sky130_fd_sc_hd__or2b_1)
     1    0.01                           _0772_ (net)
                  0.06    0.00    6.43 ^ _1602_/A (sky130_fd_sc_hd__clkbuf_1)
                  0.07    0.10    6.52 ^ _1602_/X (sky130_fd_sc_hd__clkbuf_1)
     1    0.00                           net36 (net)
                  0.07    0.00    6.52 ^ output36/A (sky130_fd_sc_hd__buf_2)
                  0.17    0.20    6.72 ^ output36/X (sky130_fd_sc_hd__buf_2)
     1    0.03                           overflow (net)
                  0.17    0.00    6.72 ^ overflow (out)
                                  6.72   data arrival time

                  0.15    0.00    0.00   clock clk (rise edge)
                          0.00    0.00   clock network delay (ideal)
                          0.25    0.25   clock uncertainty
                          0.00    0.25   clock reconvergence pessimism
                         -5.00   -4.75   output external delay
                                 -4.75   data required time
-----------------------------------------------------------------------------
                                 -4.75   data required time
                                 -6.72   data arrival time
-----------------------------------------------------------------------------
                                 11.47   slack (MET)



