
===========================================================================
report_checks -path_delay min (Hold)
============================================================================
======================= Typical Corner ===================================

Startpoint: _1649_ (rising edge-triggered flip-flop clocked by clk)
Endpoint: _1649_ (rising edge-triggered flip-flop clocked by clk)
Path Group: clk
Path Type: min

Fanout     Cap    Slew   Delay    Time   Description
-----------------------------------------------------------------------------
                  0.15    0.00    0.00   clock clk (rise edge)
                          0.00    0.00   clock network delay (ideal)
                  0.15    0.00    0.00 ^ _1649_/CLK (sky130_fd_sc_hd__dfrtp_2)
                  0.22    0.49    0.49 ^ _1649_/Q (sky130_fd_sc_hd__dfrtp_2)
     2    0.04                           data_out[7] (net)
                  0.22    0.00    0.49 ^ _1640_/A2 (sky130_fd_sc_hd__a21bo_2)
                  0.03    0.15    0.64 ^ _1640_/X (sky130_fd_sc_hd__a21bo_2)
     1    0.00                           _0008_ (net)
                  0.03    0.00    0.64 ^ _1649_/D (sky130_fd_sc_hd__dfrtp_2)
                                  0.64   data arrival time

                  0.15    0.00    0.00   clock clk (rise edge)
                          0.00    0.00   clock network delay (ideal)
                          0.25    0.25   clock uncertainty
                          0.00    0.25   clock reconvergence pessimism
                                  0.25 ^ _1649_/CLK (sky130_fd_sc_hd__dfrtp_2)
                         -0.02    0.23   library hold time
                                  0.23   data required time
-----------------------------------------------------------------------------
                                  0.23   data required time
                                 -0.64   data arrival time
-----------------------------------------------------------------------------
                                  0.41   slack (MET)


Startpoint: _1641_ (rising edge-triggered flip-flop clocked by clk)
Endpoint: _1641_ (rising edge-triggered flip-flop clocked by clk)
Path Group: clk
Path Type: min

Fanout     Cap    Slew   Delay    Time   Description
-----------------------------------------------------------------------------
                  0.15    0.00    0.00   clock clk (rise edge)
                          0.00    0.00   clock network delay (ideal)
                  0.15    0.00    0.00 ^ _1641_/CLK (sky130_fd_sc_hd__dfrtp_2)
                  0.21    0.49    0.49 ^ _1641_/Q (sky130_fd_sc_hd__dfrtp_2)
     2    0.04                           valid_out (net)
                  0.21    0.00    0.49 ^ _1603_/A (sky130_fd_sc_hd__or2_2)
                  0.03    0.14    0.63 ^ _1603_/X (sky130_fd_sc_hd__or2_2)
     1    0.00                           _0773_ (net)
                  0.03    0.00    0.63 ^ _1604_/A (sky130_fd_sc_hd__buf_1)
                  0.04    0.07    0.70 ^ _1604_/X (sky130_fd_sc_hd__buf_1)
     1    0.00                           _0000_ (net)
                  0.04    0.00    0.70 ^ _1641_/D (sky130_fd_sc_hd__dfrtp_2)
                                  0.70   data arrival time

                  0.15    0.00    0.00   clock clk (rise edge)
                          0.00    0.00   clock network delay (ideal)
                          0.25    0.25   clock uncertainty
                          0.00    0.25   clock reconvergence pessimism
                                  0.25 ^ _1641_/CLK (sky130_fd_sc_hd__dfrtp_2)
                         -0.02    0.23   library hold time
                                  0.23   data required time
-----------------------------------------------------------------------------
                                  0.23   data required time
                                 -0.70   data arrival time
-----------------------------------------------------------------------------
                                  0.46   slack (MET)


Startpoint: _1645_ (rising edge-triggered flip-flop clocked by clk)
Endpoint: _1645_ (rising edge-triggered flip-flop clocked by clk)
Path Group: clk
Path Type: min

Fanout     Cap    Slew   Delay    Time   Description
-----------------------------------------------------------------------------
                  0.15    0.00    0.00   clock clk (rise edge)
                          0.00    0.00   clock network delay (ideal)
                  0.15    0.00    0.00 ^ _1645_/CLK (sky130_fd_sc_hd__dfrtp_2)
                  0.20    0.48    0.48 ^ _1645_/Q (sky130_fd_sc_hd__dfrtp_2)
     2    0.04                           data_out[3] (net)
                  0.20    0.00    0.48 ^ _1623_/A0 (sky130_fd_sc_hd__mux2_2)
                  0.04    0.17    0.65 ^ _1623_/X (sky130_fd_sc_hd__mux2_2)
     1    0.00                           _0791_ (net)
                  0.04    0.00    0.65 ^ _1624_/A (sky130_fd_sc_hd__buf_1)
                  0.04    0.07    0.72 ^ _1624_/X (sky130_fd_sc_hd__buf_1)
     1    0.00                           _0004_ (net)
                  0.04    0.00    0.72 ^ _1645_/D (sky130_fd_sc_hd__dfrtp_2)
                                  0.72   data arrival time

                  0.15    0.00    0.00   clock clk (rise edge)
                          0.00    0.00   clock network delay (ideal)
                          0.25    0.25   clock uncertainty
                          0.00    0.25   clock reconvergence pessimism
                                  0.25 ^ _1645_/CLK (sky130_fd_sc_hd__dfrtp_2)
                         -0.02    0.23   library hold time
                                  0.23   data required time
-----------------------------------------------------------------------------
                                  0.23   data required time
                                 -0.72   data arrival time
-----------------------------------------------------------------------------
                                  0.49   slack (MET)


Startpoint: _1647_ (rising edge-triggered flip-flop clocked by clk)
Endpoint: _1647_ (rising edge-triggered flip-flop clocked by clk)
Path Group: clk
Path Type: min

Fanout     Cap    Slew   Delay    Time   Description
-----------------------------------------------------------------------------
                  0.15    0.00    0.00   clock clk (rise edge)
                          0.00    0.00   clock network delay (ideal)
                  0.15    0.00    0.00 ^ _1647_/CLK (sky130_fd_sc_hd__dfrtp_2)
                  0.21    0.49    0.49 ^ _1647_/Q (sky130_fd_sc_hd__dfrtp_2)
     2    0.04                           data_out[5] (net)
                  0.21    0.00    0.49 ^ _1632_/A0 (sky130_fd_sc_hd__mux2_2)
                  0.04    0.17    0.66 ^ _1632_/X (sky130_fd_sc_hd__mux2_2)
     1    0.00                           _0799_ (net)
                  0.04    0.00    0.66 ^ _1633_/A (sky130_fd_sc_hd__buf_1)
                  0.04    0.07    0.73 ^ _1633_/X (sky130_fd_sc_hd__buf_1)
     1    0.00                           _0006_ (net)
                  0.04    0.00    0.73 ^ _1647_/D (sky130_fd_sc_hd__dfrtp_2)
                                  0.73   data arrival time

                  0.15    0.00    0.00   clock clk (rise edge)
                          0.00    0.00   clock network delay (ideal)
                          0.25    0.25   clock uncertainty
                          0.00    0.25   clock reconvergence pessimism
                                  0.25 ^ _1647_/CLK (sky130_fd_sc_hd__dfrtp_2)
                         -0.02    0.23   library hold time
                                  0.23   data required time
-----------------------------------------------------------------------------
                                  0.23   data required time
                                 -0.73   data arrival time
-----------------------------------------------------------------------------
                                  0.50   slack (MET)


Startpoint: _1646_ (rising edge-triggered flip-flop clocked by clk)
Endpoint: _1646_ (rising edge-triggered flip-flop clocked by clk)
Path Group: clk
Path Type: min

Fanout     Cap    Slew   Delay    Time   Description
-----------------------------------------------------------------------------
                  0.15    0.00    0.00   clock clk (rise edge)
                          0.00    0.00   clock network delay (ideal)
                  0.15    0.00    0.00 ^ _1646_/CLK (sky130_fd_sc_hd__dfrtp_2)
                  0.21    0.49    0.49 ^ _1646_/Q (sky130_fd_sc_hd__dfrtp_2)
     2    0.04                           data_out[4] (net)
                  0.21    0.00    0.49 ^ _1627_/A0 (sky130_fd_sc_hd__mux2_2)
                  0.03    0.17    0.66 ^ _1627_/X (sky130_fd_sc_hd__mux2_2)
     1    0.00                           _0795_ (net)
                  0.03    0.00    0.66 ^ _1628_/A (sky130_fd_sc_hd__buf_1)
                  0.04    0.07    0.73 ^ _1628_/X (sky130_fd_sc_hd__buf_1)
     1    0.00                           _0005_ (net)
                  0.04    0.00    0.73 ^ _1646_/D (sky130_fd_sc_hd__dfrtp_2)
                                  0.73   data arrival time

                  0.15    0.00    0.00   clock clk (rise edge)
                          0.00    0.00   clock network delay (ideal)
                          0.25    0.25   clock uncertainty
                          0.00    0.25   clock reconvergence pessimism
                                  0.25 ^ _1646_/CLK (sky130_fd_sc_hd__dfrtp_2)
                         -0.02    0.23   library hold time
                                  0.23   data required time
-----------------------------------------------------------------------------
                                  0.23   data required time
                                 -0.73   data arrival time
-----------------------------------------------------------------------------
                                  0.50   slack (MET)


Startpoint: _1644_ (rising edge-triggered flip-flop clocked by clk)
Endpoint: _1644_ (rising edge-triggered flip-flop clocked by clk)
Path Group: clk
Path Type: min

Fanout     Cap    Slew   Delay    Time   Description
-----------------------------------------------------------------------------
                  0.15    0.00    0.00   clock clk (rise edge)
                          0.00    0.00   clock network delay (ideal)
                  0.15    0.00    0.00 ^ _1644_/CLK (sky130_fd_sc_hd__dfrtp_2)
                  0.21    0.49    0.49 ^ _1644_/Q (sky130_fd_sc_hd__dfrtp_2)
     2    0.04                           data_out[2] (net)
                  0.21    0.00    0.49 ^ _1618_/A0 (sky130_fd_sc_hd__mux2_2)
                  0.04    0.17    0.66 ^ _1618_/X (sky130_fd_sc_hd__mux2_2)
     1    0.00                           _0787_ (net)
                  0.04    0.00    0.66 ^ _1619_/A (sky130_fd_sc_hd__buf_1)
                  0.04    0.07    0.73 ^ _1619_/X (sky130_fd_sc_hd__buf_1)
     1    0.00                           _0003_ (net)
                  0.04    0.00    0.73 ^ _1644_/D (sky130_fd_sc_hd__dfrtp_2)
                                  0.73   data arrival time

                  0.15    0.00    0.00   clock clk (rise edge)
                          0.00    0.00   clock network delay (ideal)
                          0.25    0.25   clock uncertainty
                          0.00    0.25   clock reconvergence pessimism
                                  0.25 ^ _1644_/CLK (sky130_fd_sc_hd__dfrtp_2)
                         -0.02    0.23   library hold time
                                  0.23   data required time
-----------------------------------------------------------------------------
                                  0.23   data required time
                                 -0.73   data arrival time
-----------------------------------------------------------------------------
                                  0.50   slack (MET)


Startpoint: _1642_ (rising edge-triggered flip-flop clocked by clk)
Endpoint: _1642_ (rising edge-triggered flip-flop clocked by clk)
Path Group: clk
Path Type: min

Fanout     Cap    Slew   Delay    Time   Description
-----------------------------------------------------------------------------
                  0.15    0.00    0.00   clock clk (rise edge)
                          0.00    0.00   clock network delay (ideal)
                  0.15    0.00    0.00 ^ _1642_/CLK (sky130_fd_sc_hd__dfrtp_2)
                  0.22    0.49    0.49 ^ _1642_/Q (sky130_fd_sc_hd__dfrtp_2)
     2    0.04                           data_out[0] (net)
                  0.22    0.00    0.49 ^ _1608_/A0 (sky130_fd_sc_hd__mux2_2)
                  0.04    0.18    0.67 ^ _1608_/X (sky130_fd_sc_hd__mux2_2)
     1    0.00                           _0778_ (net)
                  0.04    0.00    0.67 ^ _1609_/A (sky130_fd_sc_hd__buf_1)
                  0.04    0.07    0.74 ^ _1609_/X (sky130_fd_sc_hd__buf_1)
     1    0.00                           _0001_ (net)
                  0.04    0.00    0.74 ^ _1642_/D (sky130_fd_sc_hd__dfrtp_2)
                                  0.74   data arrival time

                  0.15    0.00    0.00   clock clk (rise edge)
                          0.00    0.00   clock network delay (ideal)
                          0.25    0.25   clock uncertainty
                          0.00    0.25   clock reconvergence pessimism
                                  0.25 ^ _1642_/CLK (sky130_fd_sc_hd__dfrtp_2)
                         -0.02    0.23   library hold time
                                  0.23   data required time
-----------------------------------------------------------------------------
                                  0.23   data required time
                                 -0.74   data arrival time
-----------------------------------------------------------------------------
                                  0.51   slack (MET)


Startpoint: _1643_ (rising edge-triggered flip-flop clocked by clk)
Endpoint: _1643_ (rising edge-triggered flip-flop clocked by clk)
Path Group: clk
Path Type: min

Fanout     Cap    Slew   Delay    Time   Description
-----------------------------------------------------------------------------
                  0.15    0.00    0.00   clock clk (rise edge)
                          0.00    0.00   clock network delay (ideal)
                  0.15    0.00    0.00 ^ _1643_/CLK (sky130_fd_sc_hd__dfrtp_2)
                  0.24    0.51    0.51 ^ _1643_/Q (sky130_fd_sc_hd__dfrtp_2)
     2    0.05                           data_out[1] (net)
                  0.24    0.00    0.51 ^ _1613_/A0 (sky130_fd_sc_hd__mux2_2)
                  0.04    0.18    0.69 ^ _1613_/X (sky130_fd_sc_hd__mux2_2)
     1    0.00                           _0782_ (net)
                  0.04    0.00    0.69 ^ _1614_/A (sky130_fd_sc_hd__buf_1)
                  0.04    0.07    0.76 ^ _1614_/X (sky130_fd_sc_hd__buf_1)
     1    0.00                           _0002_ (net)
                  0.04    0.00    0.76 ^ _1643_/D (sky130_fd_sc_hd__dfrtp_2)
                                  0.76   data arrival time

                  0.15    0.00    0.00   clock clk (rise edge)
                          0.00    0.00   clock network delay (ideal)
                          0.25    0.25   clock uncertainty
                          0.00    0.25   clock reconvergence pessimism
                                  0.25 ^ _1643_/CLK (sky130_fd_sc_hd__dfrtp_2)
                         -0.02    0.23   library hold time
                                  0.23   data required time
-----------------------------------------------------------------------------
                                  0.23   data required time
                                 -0.76   data arrival time
-----------------------------------------------------------------------------
                                  0.53   slack (MET)


Startpoint: _1648_ (rising edge-triggered flip-flop clocked by clk)
Endpoint: _1648_ (rising edge-triggered flip-flop clocked by clk)
Path Group: clk
Path Type: min

Fanout     Cap    Slew   Delay    Time   Description
-----------------------------------------------------------------------------
                  0.15    0.00    0.00   clock clk (rise edge)
                          0.00    0.00   clock network delay (ideal)
                  0.15    0.00    0.00 ^ _1648_/CLK (sky130_fd_sc_hd__dfrtp_2)
                  0.25    0.51    0.51 ^ _1648_/Q (sky130_fd_sc_hd__dfrtp_2)
     2    0.05                           data_out[6] (net)
                  0.25    0.00    0.51 ^ _1636_/A0 (sky130_fd_sc_hd__mux2_2)
                  0.04    0.18    0.69 ^ _1636_/X (sky130_fd_sc_hd__mux2_2)
     1    0.00                           _0803_ (net)
                  0.04    0.00    0.69 ^ _1637_/A (sky130_fd_sc_hd__buf_1)
                  0.04    0.07    0.76 ^ _1637_/X (sky130_fd_sc_hd__buf_1)
     1    0.00                           _0007_ (net)
                  0.04    0.00    0.76 ^ _1648_/D (sky130_fd_sc_hd__dfrtp_2)
                                  0.76   data arrival time

                  0.15    0.00    0.00   clock clk (rise edge)
                          0.00    0.00   clock network delay (ideal)
                          0.25    0.25   clock uncertainty
                          0.00    0.25   clock reconvergence pessimism
                                  0.25 ^ _1648_/CLK (sky130_fd_sc_hd__dfrtp_2)
                         -0.02    0.23   library hold time
                                  0.23   data required time
-----------------------------------------------------------------------------
                                  0.23   data required time
                                 -0.76   data arrival time
-----------------------------------------------------------------------------
                                  0.53   slack (MET)


Startpoint: rst_n (input port clocked by clk)
Endpoint: _1645_ (removal check against rising-edge clock clk)
Path Group: asynchronous
Path Type: min

Fanout     Cap    Slew   Delay    Time   Description
-----------------------------------------------------------------------------
                  0.15    0.00    0.00   clock clk (rise edge)
                          0.00    0.00   clock network delay (ideal)
                          5.00    5.00 ^ input external delay
                  0.21    0.14    5.14 ^ rst_n (in)
     9    0.05                           rst_n (net)
                  0.21    0.00    5.14 ^ _1645_/RESET_B (sky130_fd_sc_hd__dfrtp_2)
                                  5.14   data arrival time

                  0.15    0.00    0.00   clock clk (rise edge)
                          0.00    0.00   clock network delay (ideal)
                          0.25    0.25   clock uncertainty
                          0.00    0.25   clock reconvergence pessimism
                                  0.25 ^ _1645_/CLK (sky130_fd_sc_hd__dfrtp_2)
                          0.39    0.64   library removal time
                                  0.64   data required time
-----------------------------------------------------------------------------
                                  0.64   data required time
                                 -5.14   data arrival time
-----------------------------------------------------------------------------
                                  4.49   slack (MET)


Startpoint: rst_n (input port clocked by clk)
Endpoint: _1644_ (removal check against rising-edge clock clk)
Path Group: asynchronous
Path Type: min

Fanout     Cap    Slew   Delay    Time   Description
-----------------------------------------------------------------------------
                  0.15    0.00    0.00   clock clk (rise edge)
                          0.00    0.00   clock network delay (ideal)
                          5.00    5.00 ^ input external delay
                  0.21    0.14    5.14 ^ rst_n (in)
     9    0.05                           rst_n (net)
                  0.21    0.00    5.14 ^ _1644_/RESET_B (sky130_fd_sc_hd__dfrtp_2)
                                  5.14   data arrival time

                  0.15    0.00    0.00   clock clk (rise edge)
                          0.00    0.00   clock network delay (ideal)
                          0.25    0.25   clock uncertainty
                          0.00    0.25   clock reconvergence pessimism
                                  0.25 ^ _1644_/CLK (sky130_fd_sc_hd__dfrtp_2)
                          0.39    0.64   library removal time
                                  0.64   data required time
-----------------------------------------------------------------------------
                                  0.64   data required time
                                 -5.14   data arrival time
-----------------------------------------------------------------------------
                                  4.49   slack (MET)


Startpoint: rst_n (input port clocked by clk)
Endpoint: _1642_ (removal check against rising-edge clock clk)
Path Group: asynchronous
Path Type: min

Fanout     Cap    Slew   Delay    Time   Description
-----------------------------------------------------------------------------
                  0.15    0.00    0.00   clock clk (rise edge)
                          0.00    0.00   clock network delay (ideal)
                          5.00    5.00 ^ input external delay
                  0.21    0.14    5.14 ^ rst_n (in)
     9    0.05                           rst_n (net)
                  0.21    0.00    5.14 ^ _1642_/RESET_B (sky130_fd_sc_hd__dfrtp_2)
                                  5.14   data arrival time

                  0.15    0.00    0.00   clock clk (rise edge)
                          0.00    0.00   clock network delay (ideal)
                          0.25    0.25   clock uncertainty
                          0.00    0.25   clock reconvergence pessimism
                                  0.25 ^ _1642_/CLK (sky130_fd_sc_hd__dfrtp_2)
                          0.39    0.64   library removal time
                                  0.64   data required time
-----------------------------------------------------------------------------
                                  0.64   data required time
                                 -5.14   data arrival time
-----------------------------------------------------------------------------
                                  4.49   slack (MET)


Startpoint: rst_n (input port clocked by clk)
Endpoint: _1643_ (removal check against rising-edge clock clk)
Path Group: asynchronous
Path Type: min

Fanout     Cap    Slew   Delay    Time   Description
-----------------------------------------------------------------------------
                  0.15    0.00    0.00   clock clk (rise edge)
                          0.00    0.00   clock network delay (ideal)
                          5.00    5.00 ^ input external delay
                  0.21    0.14    5.14 ^ rst_n (in)
     9    0.05                           rst_n (net)
                  0.21    0.00    5.14 ^ _1643_/RESET_B (sky130_fd_sc_hd__dfrtp_2)
                                  5.14   data arrival time

                  0.15    0.00    0.00   clock clk (rise edge)
                          0.00    0.00   clock network delay (ideal)
                          0.25    0.25   clock uncertainty
                          0.00    0.25   clock reconvergence pessimism
                                  0.25 ^ _1643_/CLK (sky130_fd_sc_hd__dfrtp_2)
                          0.39    0.64   library removal time
                                  0.64   data required time
-----------------------------------------------------------------------------
                                  0.64   data required time
                                 -5.14   data arrival time
-----------------------------------------------------------------------------
                                  4.49   slack (MET)


Startpoint: rst_n (input port clocked by clk)
Endpoint: _1647_ (removal check against rising-edge clock clk)
Path Group: asynchronous
Path Type: min

Fanout     Cap    Slew   Delay    Time   Description
-----------------------------------------------------------------------------
                  0.15    0.00    0.00   clock clk (rise edge)
                          0.00    0.00   clock network delay (ideal)
                          5.00    5.00 ^ input external delay
                  0.21    0.14    5.14 ^ rst_n (in)
     9    0.05                           rst_n (net)
                  0.21    0.00    5.14 ^ _1647_/RESET_B (sky130_fd_sc_hd__dfrtp_2)
                                  5.14   data arrival time

                  0.15    0.00    0.00   clock clk (rise edge)
                          0.00    0.00   clock network delay (ideal)
                          0.25    0.25   clock uncertainty
                          0.00    0.25   clock reconvergence pessimism
                                  0.25 ^ _1647_/CLK (sky130_fd_sc_hd__dfrtp_2)
                          0.39    0.64   library removal time
                                  0.64   data required time
-----------------------------------------------------------------------------
                                  0.64   data required time
                                 -5.14   data arrival time
-----------------------------------------------------------------------------
                                  4.50   slack (MET)


Startpoint: rst_n (input port clocked by clk)
Endpoint: _1649_ (removal check against rising-edge clock clk)
Path Group: asynchronous
Path Type: min

Fanout     Cap    Slew   Delay    Time   Description
-----------------------------------------------------------------------------
                  0.15    0.00    0.00   clock clk (rise edge)
                          0.00    0.00   clock network delay (ideal)
                          5.00    5.00 ^ input external delay
                  0.21    0.14    5.14 ^ rst_n (in)
     9    0.05                           rst_n (net)
                  0.21    0.00    5.14 ^ _1649_/RESET_B (sky130_fd_sc_hd__dfrtp_2)
                                  5.14   data arrival time

                  0.15    0.00    0.00   clock clk (rise edge)
                          0.00    0.00   clock network delay (ideal)
                          0.25    0.25   clock uncertainty
                          0.00    0.25   clock reconvergence pessimism
                                  0.25 ^ _1649_/CLK (sky130_fd_sc_hd__dfrtp_2)
                          0.39    0.64   library removal time
                                  0.64   data required time
-----------------------------------------------------------------------------
                                  0.64   data required time
                                 -5.14   data arrival time
-----------------------------------------------------------------------------
                                  4.50   slack (MET)


Startpoint: rst_n (input port clocked by clk)
Endpoint: _1646_ (removal check against rising-edge clock clk)
Path Group: asynchronous
Path Type: min

Fanout     Cap    Slew   Delay    Time   Description
-----------------------------------------------------------------------------
                  0.15    0.00    0.00   clock clk (rise edge)
                          0.00    0.00   clock network delay (ideal)
                          5.00    5.00 ^ input external delay
                  0.21    0.14    5.14 ^ rst_n (in)
     9    0.05                           rst_n (net)
                  0.21    0.00    5.14 ^ _1646_/RESET_B (sky130_fd_sc_hd__dfrtp_2)
                                  5.14   data arrival time

                  0.15    0.00    0.00   clock clk (rise edge)
                          0.00    0.00   clock network delay (ideal)
                          0.25    0.25   clock uncertainty
                          0.00    0.25   clock reconvergence pessimism
                                  0.25 ^ _1646_/CLK (sky130_fd_sc_hd__dfrtp_2)
                          0.39    0.64   library removal time
                                  0.64   data required time
-----------------------------------------------------------------------------
                                  0.64   data required time
                                 -5.14   data arrival time
-----------------------------------------------------------------------------
                                  4.50   slack (MET)


Startpoint: rst_n (input port clocked by clk)
Endpoint: _1648_ (removal check against rising-edge clock clk)
Path Group: asynchronous
Path Type: min

Fanout     Cap    Slew   Delay    Time   Description
-----------------------------------------------------------------------------
                  0.15    0.00    0.00   clock clk (rise edge)
                          0.00    0.00   clock network delay (ideal)
                          5.00    5.00 ^ input external delay
                  0.21    0.14    5.14 ^ rst_n (in)
     9    0.05                           rst_n (net)
                  0.21    0.00    5.14 ^ _1648_/RESET_B (sky130_fd_sc_hd__dfrtp_2)
                                  5.14   data arrival time

                  0.15    0.00    0.00   clock clk (rise edge)
                          0.00    0.00   clock network delay (ideal)
                          0.25    0.25   clock uncertainty
                          0.00    0.25   clock reconvergence pessimism
                                  0.25 ^ _1648_/CLK (sky130_fd_sc_hd__dfrtp_2)
                          0.39    0.64   library removal time
                                  0.64   data required time
-----------------------------------------------------------------------------
                                  0.64   data required time
                                 -5.14   data arrival time
-----------------------------------------------------------------------------
                                  4.50   slack (MET)


Startpoint: rst_n (input port clocked by clk)
Endpoint: _1641_ (removal check against rising-edge clock clk)
Path Group: asynchronous
Path Type: min

Fanout     Cap    Slew   Delay    Time   Description
-----------------------------------------------------------------------------
                  0.15    0.00    0.00   clock clk (rise edge)
                          0.00    0.00   clock network delay (ideal)
                          5.00    5.00 ^ input external delay
                  0.21    0.14    5.14 ^ rst_n (in)
     9    0.05                           rst_n (net)
                  0.21    0.00    5.14 ^ _1641_/RESET_B (sky130_fd_sc_hd__dfrtp_2)
                                  5.14   data arrival time

                  0.15    0.00    0.00   clock clk (rise edge)
                          0.00    0.00   clock network delay (ideal)
                          0.25    0.25   clock uncertainty
                          0.00    0.25   clock reconvergence pessimism
                                  0.25 ^ _1641_/CLK (sky130_fd_sc_hd__dfrtp_2)
                          0.39    0.64   library removal time
                                  0.64   data required time
-----------------------------------------------------------------------------
                                  0.64   data required time
                                 -5.14   data arrival time
-----------------------------------------------------------------------------
                                  4.50   slack (MET)


Startpoint: _1645_ (rising edge-triggered flip-flop clocked by clk)
Endpoint: data_out[3] (output port clocked by clk)
Path Group: clk
Path Type: min

Fanout     Cap    Slew   Delay    Time   Description
-----------------------------------------------------------------------------
                  0.15    0.00    0.00   clock clk (rise edge)
                          0.00    0.00   clock network delay (ideal)
                  0.15    0.00    0.00 ^ _1645_/CLK (sky130_fd_sc_hd__dfrtp_2)
                  0.20    0.48    0.48 ^ _1645_/Q (sky130_fd_sc_hd__dfrtp_2)
     2    0.04                           data_out[3] (net)
                  0.20    0.00    0.48 ^ data_out[3] (out)
                                  0.48   data arrival time

                  0.15    0.00    0.00   clock clk (rise edge)
                          0.00    0.00   clock network delay (ideal)
                          0.25    0.25   clock uncertainty
                          0.00    0.25   clock reconvergence pessimism
                         -5.00   -4.75   output external delay
                                 -4.75   data required time
-----------------------------------------------------------------------------
                                 -4.75   data required time
                                 -0.48   data arrival time
-----------------------------------------------------------------------------
                                  5.23   slack (MET)


Startpoint: _1647_ (rising edge-triggered flip-flop clocked by clk)
Endpoint: data_out[5] (output port clocked by clk)
Path Group: clk
Path Type: min

Fanout     Cap    Slew   Delay    Time   Description
-----------------------------------------------------------------------------
                  0.15    0.00    0.00   clock clk (rise edge)
                          0.00    0.00   clock network delay (ideal)
                  0.15    0.00    0.00 ^ _1647_/CLK (sky130_fd_sc_hd__dfrtp_2)
                  0.21    0.49    0.49 ^ _1647_/Q (sky130_fd_sc_hd__dfrtp_2)
     2    0.04                           data_out[5] (net)
                  0.21    0.00    0.49 ^ data_out[5] (out)
                                  0.49   data arrival time

                  0.15    0.00    0.00   clock clk (rise edge)
                          0.00    0.00   clock network delay (ideal)
                          0.25    0.25   clock uncertainty
                          0.00    0.25   clock reconvergence pessimism
                         -5.00   -4.75   output external delay
                                 -4.75   data required time
-----------------------------------------------------------------------------
                                 -4.75   data required time
                                 -0.49   data arrival time
-----------------------------------------------------------------------------
                                  5.24   slack (MET)


Startpoint: _1646_ (rising edge-triggered flip-flop clocked by clk)
Endpoint: data_out[4] (output port clocked by clk)
Path Group: clk
Path Type: min

Fanout     Cap    Slew   Delay    Time   Description
-----------------------------------------------------------------------------
                  0.15    0.00    0.00   clock clk (rise edge)
                          0.00    0.00   clock network delay (ideal)
                  0.15    0.00    0.00 ^ _1646_/CLK (sky130_fd_sc_hd__dfrtp_2)
                  0.21    0.49    0.49 ^ _1646_/Q (sky130_fd_sc_hd__dfrtp_2)
     2    0.04                           data_out[4] (net)
                  0.21    0.00    0.49 ^ data_out[4] (out)
                                  0.49   data arrival time

                  0.15    0.00    0.00   clock clk (rise edge)
                          0.00    0.00   clock network delay (ideal)
                          0.25    0.25   clock uncertainty
                          0.00    0.25   clock reconvergence pessimism
                         -5.00   -4.75   output external delay
                                 -4.75   data required time
-----------------------------------------------------------------------------
                                 -4.75   data required time
                                 -0.49   data arrival time
-----------------------------------------------------------------------------
                                  5.24   slack (MET)


Startpoint: _1644_ (rising edge-triggered flip-flop clocked by clk)
Endpoint: data_out[2] (output port clocked by clk)
Path Group: clk
Path Type: min

Fanout     Cap    Slew   Delay    Time   Description
-----------------------------------------------------------------------------
                  0.15    0.00    0.00   clock clk (rise edge)
                          0.00    0.00   clock network delay (ideal)
                  0.15    0.00    0.00 ^ _1644_/CLK (sky130_fd_sc_hd__dfrtp_2)
                  0.21    0.49    0.49 ^ _1644_/Q (sky130_fd_sc_hd__dfrtp_2)
     2    0.04                           data_out[2] (net)
                  0.21    0.00    0.49 ^ data_out[2] (out)
                                  0.49   data arrival time

                  0.15    0.00    0.00   clock clk (rise edge)
                          0.00    0.00   clock network delay (ideal)
                          0.25    0.25   clock uncertainty
                          0.00    0.25   clock reconvergence pessimism
                         -5.00   -4.75   output external delay
                                 -4.75   data required time
-----------------------------------------------------------------------------
                                 -4.75   data required time
                                 -0.49   data arrival time
-----------------------------------------------------------------------------
                                  5.24   slack (MET)


Startpoint: _1641_ (rising edge-triggered flip-flop clocked by clk)
Endpoint: valid_out (output port clocked by clk)
Path Group: clk
Path Type: min

Fanout     Cap    Slew   Delay    Time   Description
-----------------------------------------------------------------------------
                  0.15    0.00    0.00   clock clk (rise edge)
                          0.00    0.00   clock network delay (ideal)
                  0.15    0.00    0.00 ^ _1641_/CLK (sky130_fd_sc_hd__dfrtp_2)
                  0.21    0.49    0.49 ^ _1641_/Q (sky130_fd_sc_hd__dfrtp_2)
     2    0.04                           valid_out (net)
                  0.21    0.00    0.49 ^ valid_out (out)
                                  0.49   data arrival time

                  0.15    0.00    0.00   clock clk (rise edge)
                          0.00    0.00   clock network delay (ideal)
                          0.25    0.25   clock uncertainty
                          0.00    0.25   clock reconvergence pessimism
                         -5.00   -4.75   output external delay
                                 -4.75   data required time
-----------------------------------------------------------------------------
                                 -4.75   data required time
                                 -0.49   data arrival time
-----------------------------------------------------------------------------
                                  5.24   slack (MET)


Startpoint: _1649_ (rising edge-triggered flip-flop clocked by clk)
Endpoint: data_out[7] (output port clocked by clk)
Path Group: clk
Path Type: min

Fanout     Cap    Slew   Delay    Time   Description
-----------------------------------------------------------------------------
                  0.15    0.00    0.00   clock clk (rise edge)
                          0.00    0.00   clock network delay (ideal)
                  0.15    0.00    0.00 ^ _1649_/CLK (sky130_fd_sc_hd__dfrtp_2)
                  0.22    0.49    0.49 ^ _1649_/Q (sky130_fd_sc_hd__dfrtp_2)
     2    0.04                           data_out[7] (net)
                  0.22    0.00    0.50 ^ data_out[7] (out)
                                  0.50   data arrival time

                  0.15    0.00    0.00   clock clk (rise edge)
                          0.00    0.00   clock network delay (ideal)
                          0.25    0.25   clock uncertainty
                          0.00    0.25   clock reconvergence pessimism
                         -5.00   -4.75   output external delay
                                 -4.75   data required time
-----------------------------------------------------------------------------
                                 -4.75   data required time
                                 -0.50   data arrival time
-----------------------------------------------------------------------------
                                  5.25   slack (MET)


Startpoint: _1642_ (rising edge-triggered flip-flop clocked by clk)
Endpoint: data_out[0] (output port clocked by clk)
Path Group: clk
Path Type: min

Fanout     Cap    Slew   Delay    Time   Description
-----------------------------------------------------------------------------
                  0.15    0.00    0.00   clock clk (rise edge)
                          0.00    0.00   clock network delay (ideal)
                  0.15    0.00    0.00 ^ _1642_/CLK (sky130_fd_sc_hd__dfrtp_2)
                  0.22    0.49    0.49 ^ _1642_/Q (sky130_fd_sc_hd__dfrtp_2)
     2    0.04                           data_out[0] (net)
                  0.22    0.00    0.50 ^ data_out[0] (out)
                                  0.50   data arrival time

                  0.15    0.00    0.00   clock clk (rise edge)
                          0.00    0.00   clock network delay (ideal)
                          0.25    0.25   clock uncertainty
                          0.00    0.25   clock reconvergence pessimism
                         -5.00   -4.75   output external delay
                                 -4.75   data required time
-----------------------------------------------------------------------------
                                 -4.75   data required time
                                 -0.50   data arrival time
-----------------------------------------------------------------------------
                                  5.25   slack (MET)


Startpoint: _1643_ (rising edge-triggered flip-flop clocked by clk)
Endpoint: data_out[1] (output port clocked by clk)
Path Group: clk
Path Type: min

Fanout     Cap    Slew   Delay    Time   Description
-----------------------------------------------------------------------------
                  0.15    0.00    0.00   clock clk (rise edge)
                          0.00    0.00   clock network delay (ideal)
                  0.15    0.00    0.00 ^ _1643_/CLK (sky130_fd_sc_hd__dfrtp_2)
                  0.14    0.51    0.51 v _1643_/Q (sky130_fd_sc_hd__dfrtp_2)
     2    0.05                           data_out[1] (net)
                  0.14    0.01    0.51 v data_out[1] (out)
                                  0.51   data arrival time

                  0.15    0.00    0.00   clock clk (rise edge)
                          0.00    0.00   clock network delay (ideal)
                          0.25    0.25   clock uncertainty
                          0.00    0.25   clock reconvergence pessimism
                         -5.00   -4.75   output external delay
                                 -4.75   data required time
-----------------------------------------------------------------------------
                                 -4.75   data required time
                                 -0.51   data arrival time
-----------------------------------------------------------------------------
                                  5.26   slack (MET)


Startpoint: _1648_ (rising edge-triggered flip-flop clocked by clk)
Endpoint: data_out[6] (output port clocked by clk)
Path Group: clk
Path Type: min

Fanout     Cap    Slew   Delay    Time   Description
-----------------------------------------------------------------------------
                  0.15    0.00    0.00   clock clk (rise edge)
                          0.00    0.00   clock network delay (ideal)
                  0.15    0.00    0.00 ^ _1648_/CLK (sky130_fd_sc_hd__dfrtp_2)
                  0.14    0.51    0.51 v _1648_/Q (sky130_fd_sc_hd__dfrtp_2)
     2    0.05                           data_out[6] (net)
                  0.14    0.01    0.52 v data_out[6] (out)
                                  0.52   data arrival time

                  0.15    0.00    0.00   clock clk (rise edge)
                          0.00    0.00   clock network delay (ideal)
                          0.25    0.25   clock uncertainty
                          0.00    0.25   clock reconvergence pessimism
                         -5.00   -4.75   output external delay
                                 -4.75   data required time
-----------------------------------------------------------------------------
                                 -4.75   data required time
                                 -0.52   data arrival time
-----------------------------------------------------------------------------
                                  5.27   slack (MET)


Startpoint: data_in[0] (input port clocked by clk)
Endpoint: overflow (output port clocked by clk)
Path Group: clk
Path Type: min

Fanout     Cap    Slew   Delay    Time   Description
-----------------------------------------------------------------------------
                  0.15    0.00    0.00   clock clk (rise edge)
                          0.00    0.00   clock network delay (ideal)
                          5.00    5.00 v input external delay
                  0.07    0.05    5.05 v data_in[0] (in)
     8    0.03                           data_in[0] (net)
                  0.07    0.00    5.05 v _1102_/A (sky130_fd_sc_hd__buf_1)
                  0.17    0.20    5.25 v _1102_/X (sky130_fd_sc_hd__buf_1)
    10    0.03                           _0237_ (net)
                  0.17    0.00    5.25 v _1159_/C1 (sky130_fd_sc_hd__o211a_2)
                  0.05    0.18    5.44 v _1159_/X (sky130_fd_sc_hd__o211a_2)
     4    0.01                           _0294_ (net)
                  0.05    0.00    5.44 v _1244_/A (sky130_fd_sc_hd__nand3_2)
                  0.07    0.08    5.51 ^ _1244_/Y (sky130_fd_sc_hd__nand3_2)
     3    0.01                           _0380_ (net)
                  0.07    0.00    5.51 ^ _1246_/A1 (sky130_fd_sc_hd__a21o_2)
                  0.03    0.11    5.63 ^ _1246_/X (sky130_fd_sc_hd__a21o_2)
     2    0.00                           _0382_ (net)
                  0.03    0.00    5.63 ^ _1549_/A (sky130_fd_sc_hd__and2_2)
                  0.09    0.16    5.79 ^ _1549_/X (sky130_fd_sc_hd__and2_2)
     2    0.02                           _0715_ (net)
                  0.09    0.00    5.79 ^ _1593_/A (sky130_fd_sc_hd__xor2_2)
                  0.12    0.15    5.94 ^ _1593_/X (sky130_fd_sc_hd__xor2_2)
     2    0.01                           _0763_ (net)
                  0.12    0.00    5.94 ^ _1594_/B1 (sky130_fd_sc_hd__a21o_2)
                  0.03    0.11    6.04 ^ _1594_/X (sky130_fd_sc_hd__a21o_2)
     1    0.00                           _0765_ (net)
                  0.03    0.00    6.04 ^ _1595_/B2 (sky130_fd_sc_hd__o22a_2)
                  0.13    0.18    6.22 ^ _1595_/X (sky130_fd_sc_hd__o22a_2)
     8    0.02                           _0766_ (net)
                  0.13    0.00    6.22 ^ _1601_/A (sky130_fd_sc_hd__or2b_2)
                  0.04    0.13    6.35 ^ _1601_/X (sky130_fd_sc_hd__or2b_2)
     1    0.01                           _0772_ (net)
                  0.04    0.00    6.35 ^ _1602_/A (sky130_fd_sc_hd__buf_1)
                  0.44    0.34    6.69 ^ _1602_/X (sky130_fd_sc_hd__buf_1)
     1    0.04                           overflow (net)
                  0.44    0.00    6.69 ^ overflow (out)
                                  6.69   data arrival time

                  0.15    0.00    0.00   clock clk (rise edge)
                          0.00    0.00   clock network delay (ideal)
                          0.25    0.25   clock uncertainty
                          0.00    0.25   clock reconvergence pessimism
                         -5.00   -4.75   output external delay
                                 -4.75   data required time
-----------------------------------------------------------------------------
                                 -4.75   data required time
                                 -6.69   data arrival time
-----------------------------------------------------------------------------
                                 11.44   slack (MET)



