[ERROR]: during executing openroad script /openlane/scripts/openroad/gpl.tcl
[ERROR]: Log: ../home/ugunt/projects/ai-accelerator-verification/rung2-quantizer/openlane/runs/RUN_2026.05.27_20.36.24/logs/placement/7-global.log
[ERROR]: Last 10 lines:
[InitialPlace]  Iter: 1 CG residual: 0.00000011 HPWL: 11327800
[InitialPlace]  Iter: 2 CG residual: 0.00000011 HPWL: 10677624
[InitialPlace]  Iter: 3 CG residual: 0.00000011 HPWL: 10690167
[InitialPlace]  Iter: 4 CG residual: 0.00000005 HPWL: 10717051
[InitialPlace]  Iter: 5 CG residual: 0.00000010 HPWL: 10716360
[ERROR GPL-0302] Use a higher -density or re-floorplan with a larger core area.
Given target density: 0.50
Suggested target density: 0.54
Error: gpl.tcl, 71 GPL-0302
child process exited abnormally

[ERROR]: Creating issue reproducible...
[ERROR]: Step 7 (placement) failed with error:
-code 1 -level 0 -errorcode NONE -errorinfo {
    while executing
"throw_error"
    (procedure "run_tcl_script" line 219)
    invoked from within
"run_tcl_script -tool openroad -no_consume {*}$args"
    (procedure "run_openroad_script" line 2)
    invoked from within
"run_openroad_script $::env(SCRIPTS_DIR)/openroad/gpl.tcl -indexed_log [index_file $::env(placement_logs)/global.log] -save "to=$::env(placement_tmpfil..."
    (procedure "global_placement_or" line 12)
    invoked from within
"global_placement_or"
    (procedure "run_placement" line 14)
    invoked from within
"run_placement"
    (procedure "run_placement_step" line 8)
    invoked from within
"run_placement_step"} -errorline 1
[ERROR]: Flow failed.
