[INFO]: Run Directory: /home/ugunt/projects/ai-accelerator-verification/rung2-quantizer/openlane/runs/RUN_2026.05.27_20.36.24
[INFO]: Saving runtime environment...
[INFO]: Preparing LEF files for the nom corner...
[INFO]: Preparing LEF files for the min corner...
[INFO]: Preparing LEF files for the max corner...
[INFO]: Running linter (Verilator) (log: ../home/ugunt/projects/ai-accelerator-verification/rung2-quantizer/openlane/runs/RUN_2026.05.27_20.36.24/logs/synthesis/linter.log)...
[INFO]: 0 errors found by linter
[WARNING]: 2 warnings found by linter
[INFO]: Running Synthesis (log: ../home/ugunt/projects/ai-accelerator-verification/rung2-quantizer/openlane/runs/RUN_2026.05.27_20.36.24/logs/synthesis/1-synthesis.log)...
[INFO]: Running Single-Corner Static Timing Analysis (log: ../home/ugunt/projects/ai-accelerator-verification/rung2-quantizer/openlane/runs/RUN_2026.05.27_20.36.24/logs/synthesis/2-sta.log)...
[INFO]: Running Initial Floorplanning (log: ../home/ugunt/projects/ai-accelerator-verification/rung2-quantizer/openlane/runs/RUN_2026.05.27_20.36.24/logs/floorplan/3-initial_fp.log)...
[WARNING]: Current core area is too small for the power grid settings chosen. The power grid will be scaled down.
[INFO]: Floorplanned with width 124.66 and height 122.4.
[INFO]: Running IO Placement...
[INFO]: Running Tap/Decap Insertion (log: ../home/ugunt/projects/ai-accelerator-verification/rung2-quantizer/openlane/runs/RUN_2026.05.27_20.36.24/logs/floorplan/5-tap.log)...
[INFO]: Power planning with power {VPWR} and ground {VGND}...
[INFO]: Generating PDN (log: ../home/ugunt/projects/ai-accelerator-verification/rung2-quantizer/openlane/runs/RUN_2026.05.27_20.36.24/logs/floorplan/6-pdn.log)...
[INFO]: Running Global Placement (log: ../home/ugunt/projects/ai-accelerator-verification/rung2-quantizer/openlane/runs/RUN_2026.05.27_20.36.24/logs/placement/7-global.log)...
[ERROR]: during executing openroad script /openlane/scripts/openroad/gpl.tcl
[ERROR]: Log: ../home/ugunt/projects/ai-accelerator-verification/rung2-quantizer/openlane/runs/RUN_2026.05.27_20.36.24/logs/placement/7-global.log
[ERROR]: Last 10 lines:
[InitialPlace]  Iter: 1 CG residual: 0.00000011 HPWL: 11327800
[InitialPlace]  Iter: 2 CG residual: 0.00000011 HPWL: 10677624
[InitialPlace]  Iter: 3 CG residual: 0.00000011 HPWL: 10690167
[InitialPlace]  Iter: 4 CG residual: 0.00000005 HPWL: 10717051
[InitialPlace]  Iter: 5 CG residual: 0.00000010 HPWL: 10716360
[ERROR GPL-0302] Use a higher -density or re-floorplan with a larger core area.
Given target density: 0.50
Suggested target density: 0.54
Error: gpl.tcl, 71 GPL-0302
child process exited abnormally

[ERROR]: Creating issue reproducible...
[INFO]: Saving runtime environment...
[INFO]: Reproducible packaged: Please tarball and upload '../home/ugunt/projects/ai-accelerator-verification/rung2-quantizer/openlane/runs/RUN_2026.05.27_20.36.24/issue_reproducible' if you're going to submit an issue.
[ERROR]: Step 7 (placement) failed with error:
-code 1 -level 0 -errorcode NONE -errorinfo {
    while executing
"throw_error"
    (procedure "run_tcl_script" line 219)
    invoked from within
"run_tcl_script -tool openroad -no_consume {*}$args"
    (procedure "run_openroad_script" line 2)
    invoked from within
"run_openroad_script $::env(SCRIPTS_DIR)/openroad/gpl.tcl -indexed_log [index_file $::env(placement_logs)/global.log] -save "to=$::env(placement_tmpfil..."
    (procedure "global_placement_or" line 12)
    invoked from within
"global_placement_or"
    (procedure "run_placement" line 14)
    invoked from within
"run_placement"
    (procedure "run_placement_step" line 8)
    invoked from within
"run_placement_step"} -errorline 1
[INFO]: Saving current set of views in '../home/ugunt/projects/ai-accelerator-verification/rung2-quantizer/openlane/runs/RUN_2026.05.27_20.36.24/results/final'...
[INFO]: Generating final set of reports...
[INFO]: Created manufacturability report at '../home/ugunt/projects/ai-accelerator-verification/rung2-quantizer/openlane/runs/RUN_2026.05.27_20.36.24/reports/manufacturability.rpt'.
[INFO]: Created metrics report at '../home/ugunt/projects/ai-accelerator-verification/rung2-quantizer/openlane/runs/RUN_2026.05.27_20.36.24/reports/metrics.csv'.
[INFO]: Saving runtime environment...
[ERROR]: Flow failed.
[INFO]: The failure may have been because of the following warnings:
