
===========================================================================
 report_power
============================================================================
======================= Fastest Corner ===================================

Group                  Internal  Switching    Leakage      Total
                          Power      Power      Power      Power (Watts)
----------------------------------------------------------------
Sequential             1.87e-05   3.28e-06   4.28e-08   2.20e-05   5.6%
Combinational          1.66e-04   2.03e-04   7.53e-09   3.69e-04  94.4%
Macro                  0.00e+00   0.00e+00   0.00e+00   0.00e+00   0.0%
Pad                    0.00e+00   0.00e+00   0.00e+00   0.00e+00   0.0%
----------------------------------------------------------------
Total                  1.85e-04   2.07e-04   5.04e-08   3.91e-04 100.0%
                          47.2%      52.8%       0.0%

======================= Slowest Corner ===================================

Group                  Internal  Switching    Leakage      Total
                          Power      Power      Power      Power (Watts)
----------------------------------------------------------------
Sequential             1.25e-05   2.19e-06   1.71e-07   1.49e-05   5.4%
Combinational          1.22e-04   1.35e-04   3.66e-06   2.60e-04  94.6%
Macro                  0.00e+00   0.00e+00   0.00e+00   0.00e+00   0.0%
Pad                    0.00e+00   0.00e+00   0.00e+00   0.00e+00   0.0%
----------------------------------------------------------------
Total                  1.35e-04   1.37e-04   3.83e-06   2.75e-04 100.0%
                          48.9%      49.7%       1.4%

======================= Typical Corner ===================================

Group                  Internal  Switching    Leakage      Total
                          Power      Power      Power      Power (Watts)
----------------------------------------------------------------
Sequential             1.61e-05   2.78e-06   4.28e-08   1.89e-05   5.6%
Combinational          1.49e-04   1.72e-04   5.41e-09   3.21e-04  94.4%
Macro                  0.00e+00   0.00e+00   0.00e+00   0.00e+00   0.0%
Pad                    0.00e+00   0.00e+00   0.00e+00   0.00e+00   0.0%
----------------------------------------------------------------
Total                  1.65e-04   1.75e-04   4.82e-08   3.40e-04 100.0%
                          48.7%      51.3%       0.0%

