
===========================================================================
report_checks -path_delay max (Setup)
============================================================================
======================= Typical Corner ===================================

Startpoint: scale[2] (input port clocked by clk)
Endpoint: overflow (output port clocked by clk)
Path Group: clk
Path Type: max

Fanout     Cap    Slew   Delay    Time   Description
-----------------------------------------------------------------------------
                  0.15    0.00    0.00   clock clk (rise edge)
                          0.00    0.00   clock network delay (ideal)
                          2.00    2.00 ^ input external delay
                  0.16    0.12    2.12 ^ scale[2] (in)
     8    0.03                           scale[2] (net)
                  0.16    0.00    2.12 ^ _0909_/A (sky130_fd_sc_hd__buf_1)
                  0.53    0.46    2.58 ^ _0909_/X (sky130_fd_sc_hd__buf_1)
    10    0.05                           _0044_ (net)
                  0.53    0.00    2.58 ^ _1088_/B (sky130_fd_sc_hd__nand4_2)
                  0.17    0.21    2.79 v _1088_/Y (sky130_fd_sc_hd__nand4_2)
     3    0.01                           _0223_ (net)
                  0.17    0.00    2.79 v _1125_/A1 (sky130_fd_sc_hd__a21o_2)
                  0.04    0.26    3.05 v _1125_/X (sky130_fd_sc_hd__a21o_2)
     2    0.01                           _0260_ (net)
                  0.04    0.00    3.05 v _1130_/A2 (sky130_fd_sc_hd__a21o_2)
                  0.05    0.24    3.29 v _1130_/X (sky130_fd_sc_hd__a21o_2)
     3    0.01                           _0265_ (net)
                  0.05    0.00    3.29 v _1174_/A2 (sky130_fd_sc_hd__a21o_2)
                  0.06    0.25    3.54 v _1174_/X (sky130_fd_sc_hd__a21o_2)
     3    0.01                           _0309_ (net)
                  0.06    0.00    3.54 v _1175_/C (sky130_fd_sc_hd__and3_2)
                  0.05    0.23    3.77 v _1175_/X (sky130_fd_sc_hd__and3_2)
     2    0.01                           _0310_ (net)
                  0.05    0.00    3.77 v _1179_/A (sky130_fd_sc_hd__or3_2)
                  0.11    0.55    4.32 v _1179_/X (sky130_fd_sc_hd__or3_2)
     4    0.01                           _0314_ (net)
                  0.11    0.00    4.32 v _1239_/A (sky130_fd_sc_hd__and3_2)
                  0.07    0.25    4.57 v _1239_/X (sky130_fd_sc_hd__and3_2)
     5    0.02                           _0374_ (net)
                  0.07    0.00    4.57 v _1241_/A (sky130_fd_sc_hd__nor4b_2)
                  0.40    0.44    5.01 ^ _1241_/Y (sky130_fd_sc_hd__nor4b_2)
     3    0.01                           _0376_ (net)
                  0.40    0.00    5.01 ^ _1243_/A (sky130_fd_sc_hd__nor2_2)
                  0.12    0.16    5.17 v _1243_/Y (sky130_fd_sc_hd__nor2_2)
     4    0.02                           _0378_ (net)
                  0.12    0.00    5.17 v _1249_/A2 (sky130_fd_sc_hd__a41o_2)
                  0.07    0.32    5.49 v _1249_/X (sky130_fd_sc_hd__a41o_2)
     4    0.02                           _0385_ (net)
                  0.07    0.00    5.49 v _1544_/B (sky130_fd_sc_hd__and2_2)
                  0.04    0.20    5.70 v _1544_/X (sky130_fd_sc_hd__and2_2)
     2    0.00                           _0710_ (net)
                  0.04    0.00    5.70 v _1563_/A (sky130_fd_sc_hd__or2_2)
                  0.07    0.33    6.03 v _1563_/X (sky130_fd_sc_hd__or2_2)
     2    0.01                           _0730_ (net)
                  0.07    0.00    6.03 v _1564_/C (sky130_fd_sc_hd__or3_2)
                  0.07    0.42    6.45 v _1564_/X (sky130_fd_sc_hd__or3_2)
     1    0.00                           _0732_ (net)
                  0.07    0.00    6.45 v _1565_/D (sky130_fd_sc_hd__or4_2)
                  0.14    0.65    7.10 v _1565_/X (sky130_fd_sc_hd__or4_2)
     4    0.01                           _0733_ (net)
                  0.14    0.00    7.10 v _1568_/C (sky130_fd_sc_hd__or4_2)
                  0.13    0.71    7.81 v _1568_/X (sky130_fd_sc_hd__or4_2)
     3    0.01                           _0736_ (net)
                  0.13    0.00    7.81 v _1579_/A2 (sky130_fd_sc_hd__o22a_2)
                  0.05    0.28    8.09 v _1579_/X (sky130_fd_sc_hd__o22a_2)
     3    0.01                           _0748_ (net)
                  0.05    0.00    8.09 v _1600_/B (sky130_fd_sc_hd__or3b_2)
                  0.13    0.55    8.64 v _1600_/X (sky130_fd_sc_hd__or3b_2)
     8    0.02                           _0771_ (net)
                  0.13    0.00    8.65 v _1601_/B_N (sky130_fd_sc_hd__or2b_2)
                  0.04    0.21    8.86 ^ _1601_/X (sky130_fd_sc_hd__or2b_2)
     1    0.01                           _0772_ (net)
                  0.04    0.00    8.86 ^ _1602_/A (sky130_fd_sc_hd__buf_1)
                  0.44    0.37    9.23 ^ _1602_/X (sky130_fd_sc_hd__buf_1)
     1    0.04                           overflow (net)
                  0.44    0.00    9.23 ^ overflow (out)
                                  9.23   data arrival time

                  0.15   10.00   10.00   clock clk (rise edge)
                          0.00   10.00   clock network delay (ideal)
                         -0.25    9.75   clock uncertainty
                          0.00    9.75   clock reconvergence pessimism
                         -2.00    7.75   output external delay
                                  7.75   data required time
-----------------------------------------------------------------------------
                                  7.75   data required time
                                 -9.23   data arrival time
-----------------------------------------------------------------------------
                                 -1.48   slack (VIOLATED)


Startpoint: scale[2] (input port clocked by clk)
Endpoint: _1647_ (rising edge-triggered flip-flop clocked by clk)
Path Group: clk
Path Type: max

Fanout     Cap    Slew   Delay    Time   Description
-----------------------------------------------------------------------------
                  0.15    0.00    0.00   clock clk (rise edge)
                          0.00    0.00   clock network delay (ideal)
                          2.00    2.00 ^ input external delay
                  0.16    0.12    2.12 ^ scale[2] (in)
     8    0.03                           scale[2] (net)
                  0.16    0.00    2.12 ^ _0909_/A (sky130_fd_sc_hd__buf_1)
                  0.53    0.46    2.58 ^ _0909_/X (sky130_fd_sc_hd__buf_1)
    10    0.05                           _0044_ (net)
                  0.53    0.00    2.58 ^ _1088_/B (sky130_fd_sc_hd__nand4_2)
                  0.17    0.21    2.79 v _1088_/Y (sky130_fd_sc_hd__nand4_2)
     3    0.01                           _0223_ (net)
                  0.17    0.00    2.79 v _1125_/A1 (sky130_fd_sc_hd__a21o_2)
                  0.04    0.26    3.05 v _1125_/X (sky130_fd_sc_hd__a21o_2)
     2    0.01                           _0260_ (net)
                  0.04    0.00    3.05 v _1130_/A2 (sky130_fd_sc_hd__a21o_2)
                  0.05    0.24    3.29 v _1130_/X (sky130_fd_sc_hd__a21o_2)
     3    0.01                           _0265_ (net)
                  0.05    0.00    3.29 v _1174_/A2 (sky130_fd_sc_hd__a21o_2)
                  0.06    0.25    3.54 v _1174_/X (sky130_fd_sc_hd__a21o_2)
     3    0.01                           _0309_ (net)
                  0.06    0.00    3.54 v _1175_/C (sky130_fd_sc_hd__and3_2)
                  0.05    0.23    3.77 v _1175_/X (sky130_fd_sc_hd__and3_2)
     2    0.01                           _0310_ (net)
                  0.05    0.00    3.77 v _1179_/A (sky130_fd_sc_hd__or3_2)
                  0.11    0.55    4.32 v _1179_/X (sky130_fd_sc_hd__or3_2)
     4    0.01                           _0314_ (net)
                  0.11    0.00    4.32 v _1239_/A (sky130_fd_sc_hd__and3_2)
                  0.07    0.25    4.57 v _1239_/X (sky130_fd_sc_hd__and3_2)
     5    0.02                           _0374_ (net)
                  0.07    0.00    4.57 v _1241_/A (sky130_fd_sc_hd__nor4b_2)
                  0.40    0.44    5.01 ^ _1241_/Y (sky130_fd_sc_hd__nor4b_2)
     3    0.01                           _0376_ (net)
                  0.40    0.00    5.01 ^ _1243_/A (sky130_fd_sc_hd__nor2_2)
                  0.12    0.16    5.17 v _1243_/Y (sky130_fd_sc_hd__nor2_2)
     4    0.02                           _0378_ (net)
                  0.12    0.00    5.17 v _1249_/A2 (sky130_fd_sc_hd__a41o_2)
                  0.07    0.32    5.49 v _1249_/X (sky130_fd_sc_hd__a41o_2)
     4    0.02                           _0385_ (net)
                  0.07    0.00    5.49 v _1544_/B (sky130_fd_sc_hd__and2_2)
                  0.04    0.20    5.70 v _1544_/X (sky130_fd_sc_hd__and2_2)
     2    0.00                           _0710_ (net)
                  0.04    0.00    5.70 v _1563_/A (sky130_fd_sc_hd__or2_2)
                  0.07    0.33    6.03 v _1563_/X (sky130_fd_sc_hd__or2_2)
     2    0.01                           _0730_ (net)
                  0.07    0.00    6.03 v _1564_/C (sky130_fd_sc_hd__or3_2)
                  0.07    0.42    6.45 v _1564_/X (sky130_fd_sc_hd__or3_2)
     1    0.00                           _0732_ (net)
                  0.07    0.00    6.45 v _1565_/D (sky130_fd_sc_hd__or4_2)
                  0.14    0.65    7.10 v _1565_/X (sky130_fd_sc_hd__or4_2)
     4    0.01                           _0733_ (net)
                  0.14    0.00    7.10 v _1568_/C (sky130_fd_sc_hd__or4_2)
                  0.13    0.71    7.81 v _1568_/X (sky130_fd_sc_hd__or4_2)
     3    0.01                           _0736_ (net)
                  0.13    0.00    7.81 v _1579_/A2 (sky130_fd_sc_hd__o22a_2)
                  0.05    0.28    8.09 v _1579_/X (sky130_fd_sc_hd__o22a_2)
     3    0.01                           _0748_ (net)
                  0.05    0.00    8.09 v _1600_/B (sky130_fd_sc_hd__or3b_2)
                  0.13    0.55    8.64 v _1600_/X (sky130_fd_sc_hd__or3b_2)
     8    0.02                           _0771_ (net)
                  0.13    0.00    8.64 v _1631_/A3 (sky130_fd_sc_hd__a41o_2)
                  0.04    0.31    8.95 v _1631_/X (sky130_fd_sc_hd__a41o_2)
     1    0.00                           _0798_ (net)
                  0.04    0.00    8.95 v _1632_/A1 (sky130_fd_sc_hd__mux2_2)
                  0.05    0.26    9.21 v _1632_/X (sky130_fd_sc_hd__mux2_2)
     1    0.00                           _0799_ (net)
                  0.05    0.00    9.21 v _1633_/A (sky130_fd_sc_hd__buf_1)
                  0.02    0.09    9.30 v _1633_/X (sky130_fd_sc_hd__buf_1)
     1    0.00                           _0006_ (net)
                  0.02    0.00    9.30 v _1647_/D (sky130_fd_sc_hd__dfrtp_2)
                                  9.30   data arrival time

                  0.15   10.00   10.00   clock clk (rise edge)
                          0.00   10.00   clock network delay (ideal)
                         -0.25    9.75   clock uncertainty
                          0.00    9.75   clock reconvergence pessimism
                                  9.75 ^ _1647_/CLK (sky130_fd_sc_hd__dfrtp_2)
                         -0.08    9.67   library setup time
                                  9.67   data required time
-----------------------------------------------------------------------------
                                  9.67   data required time
                                 -9.30   data arrival time
-----------------------------------------------------------------------------
                                  0.37   slack (MET)


Startpoint: scale[2] (input port clocked by clk)
Endpoint: _1643_ (rising edge-triggered flip-flop clocked by clk)
Path Group: clk
Path Type: max

Fanout     Cap    Slew   Delay    Time   Description
-----------------------------------------------------------------------------
                  0.15    0.00    0.00   clock clk (rise edge)
                          0.00    0.00   clock network delay (ideal)
                          2.00    2.00 ^ input external delay
                  0.16    0.12    2.12 ^ scale[2] (in)
     8    0.03                           scale[2] (net)
                  0.16    0.00    2.12 ^ _0909_/A (sky130_fd_sc_hd__buf_1)
                  0.53    0.46    2.58 ^ _0909_/X (sky130_fd_sc_hd__buf_1)
    10    0.05                           _0044_ (net)
                  0.53    0.00    2.58 ^ _1088_/B (sky130_fd_sc_hd__nand4_2)
                  0.17    0.21    2.79 v _1088_/Y (sky130_fd_sc_hd__nand4_2)
     3    0.01                           _0223_ (net)
                  0.17    0.00    2.79 v _1125_/A1 (sky130_fd_sc_hd__a21o_2)
                  0.04    0.26    3.05 v _1125_/X (sky130_fd_sc_hd__a21o_2)
     2    0.01                           _0260_ (net)
                  0.04    0.00    3.05 v _1130_/A2 (sky130_fd_sc_hd__a21o_2)
                  0.05    0.24    3.29 v _1130_/X (sky130_fd_sc_hd__a21o_2)
     3    0.01                           _0265_ (net)
                  0.05    0.00    3.29 v _1174_/A2 (sky130_fd_sc_hd__a21o_2)
                  0.06    0.25    3.54 v _1174_/X (sky130_fd_sc_hd__a21o_2)
     3    0.01                           _0309_ (net)
                  0.06    0.00    3.54 v _1175_/C (sky130_fd_sc_hd__and3_2)
                  0.05    0.23    3.77 v _1175_/X (sky130_fd_sc_hd__and3_2)
     2    0.01                           _0310_ (net)
                  0.05    0.00    3.77 v _1179_/A (sky130_fd_sc_hd__or3_2)
                  0.11    0.55    4.32 v _1179_/X (sky130_fd_sc_hd__or3_2)
     4    0.01                           _0314_ (net)
                  0.11    0.00    4.32 v _1239_/A (sky130_fd_sc_hd__and3_2)
                  0.07    0.25    4.57 v _1239_/X (sky130_fd_sc_hd__and3_2)
     5    0.02                           _0374_ (net)
                  0.07    0.00    4.57 v _1241_/A (sky130_fd_sc_hd__nor4b_2)
                  0.40    0.44    5.01 ^ _1241_/Y (sky130_fd_sc_hd__nor4b_2)
     3    0.01                           _0376_ (net)
                  0.40    0.00    5.01 ^ _1243_/A (sky130_fd_sc_hd__nor2_2)
                  0.12    0.16    5.17 v _1243_/Y (sky130_fd_sc_hd__nor2_2)
     4    0.02                           _0378_ (net)
                  0.12    0.00    5.17 v _1249_/A2 (sky130_fd_sc_hd__a41o_2)
                  0.07    0.32    5.49 v _1249_/X (sky130_fd_sc_hd__a41o_2)
     4    0.02                           _0385_ (net)
                  0.07    0.00    5.49 v _1544_/B (sky130_fd_sc_hd__and2_2)
                  0.04    0.20    5.70 v _1544_/X (sky130_fd_sc_hd__and2_2)
     2    0.00                           _0710_ (net)
                  0.04    0.00    5.70 v _1563_/A (sky130_fd_sc_hd__or2_2)
                  0.07    0.33    6.03 v _1563_/X (sky130_fd_sc_hd__or2_2)
     2    0.01                           _0730_ (net)
                  0.07    0.00    6.03 v _1564_/C (sky130_fd_sc_hd__or3_2)
                  0.07    0.42    6.45 v _1564_/X (sky130_fd_sc_hd__or3_2)
     1    0.00                           _0732_ (net)
                  0.07    0.00    6.45 v _1565_/D (sky130_fd_sc_hd__or4_2)
                  0.14    0.65    7.10 v _1565_/X (sky130_fd_sc_hd__or4_2)
     4    0.01                           _0733_ (net)
                  0.14    0.00    7.10 v _1568_/C (sky130_fd_sc_hd__or4_2)
                  0.13    0.71    7.81 v _1568_/X (sky130_fd_sc_hd__or4_2)
     3    0.01                           _0736_ (net)
                  0.13    0.00    7.81 v _1579_/A2 (sky130_fd_sc_hd__o22a_2)
                  0.05    0.28    8.09 v _1579_/X (sky130_fd_sc_hd__o22a_2)
     3    0.01                           _0748_ (net)
                  0.05    0.00    8.09 v _1600_/B (sky130_fd_sc_hd__or3b_2)
                  0.13    0.55    8.64 v _1600_/X (sky130_fd_sc_hd__or3b_2)
     8    0.02                           _0771_ (net)
                  0.13    0.00    8.65 v _1612_/A2 (sky130_fd_sc_hd__a31o_2)
                  0.03    0.27    8.91 v _1612_/X (sky130_fd_sc_hd__a31o_2)
     1    0.00                           _0781_ (net)
                  0.03    0.00    8.91 v _1613_/A1 (sky130_fd_sc_hd__mux2_2)
                  0.05    0.26    9.18 v _1613_/X (sky130_fd_sc_hd__mux2_2)
     1    0.00                           _0782_ (net)
                  0.05    0.00    9.18 v _1614_/A (sky130_fd_sc_hd__buf_1)
                  0.02    0.09    9.27 v _1614_/X (sky130_fd_sc_hd__buf_1)
     1    0.00                           _0002_ (net)
                  0.02    0.00    9.27 v _1643_/D (sky130_fd_sc_hd__dfrtp_2)
                                  9.27   data arrival time

                  0.15   10.00   10.00   clock clk (rise edge)
                          0.00   10.00   clock network delay (ideal)
                         -0.25    9.75   clock uncertainty
                          0.00    9.75   clock reconvergence pessimism
                                  9.75 ^ _1643_/CLK (sky130_fd_sc_hd__dfrtp_2)
                         -0.08    9.67   library setup time
                                  9.67   data required time
-----------------------------------------------------------------------------
                                  9.67   data required time
                                 -9.27   data arrival time
-----------------------------------------------------------------------------
                                  0.40   slack (MET)


Startpoint: scale[2] (input port clocked by clk)
Endpoint: _1646_ (rising edge-triggered flip-flop clocked by clk)
Path Group: clk
Path Type: max

Fanout     Cap    Slew   Delay    Time   Description
-----------------------------------------------------------------------------
                  0.15    0.00    0.00   clock clk (rise edge)
                          0.00    0.00   clock network delay (ideal)
                          2.00    2.00 ^ input external delay
                  0.16    0.12    2.12 ^ scale[2] (in)
     8    0.03                           scale[2] (net)
                  0.16    0.00    2.12 ^ _0909_/A (sky130_fd_sc_hd__buf_1)
                  0.53    0.46    2.58 ^ _0909_/X (sky130_fd_sc_hd__buf_1)
    10    0.05                           _0044_ (net)
                  0.53    0.00    2.58 ^ _1088_/B (sky130_fd_sc_hd__nand4_2)
                  0.17    0.21    2.79 v _1088_/Y (sky130_fd_sc_hd__nand4_2)
     3    0.01                           _0223_ (net)
                  0.17    0.00    2.79 v _1125_/A1 (sky130_fd_sc_hd__a21o_2)
                  0.04    0.26    3.05 v _1125_/X (sky130_fd_sc_hd__a21o_2)
     2    0.01                           _0260_ (net)
                  0.04    0.00    3.05 v _1130_/A2 (sky130_fd_sc_hd__a21o_2)
                  0.05    0.24    3.29 v _1130_/X (sky130_fd_sc_hd__a21o_2)
     3    0.01                           _0265_ (net)
                  0.05    0.00    3.29 v _1174_/A2 (sky130_fd_sc_hd__a21o_2)
                  0.06    0.25    3.54 v _1174_/X (sky130_fd_sc_hd__a21o_2)
     3    0.01                           _0309_ (net)
                  0.06    0.00    3.54 v _1175_/C (sky130_fd_sc_hd__and3_2)
                  0.05    0.23    3.77 v _1175_/X (sky130_fd_sc_hd__and3_2)
     2    0.01                           _0310_ (net)
                  0.05    0.00    3.77 v _1179_/A (sky130_fd_sc_hd__or3_2)
                  0.11    0.55    4.32 v _1179_/X (sky130_fd_sc_hd__or3_2)
     4    0.01                           _0314_ (net)
                  0.11    0.00    4.32 v _1239_/A (sky130_fd_sc_hd__and3_2)
                  0.07    0.25    4.57 v _1239_/X (sky130_fd_sc_hd__and3_2)
     5    0.02                           _0374_ (net)
                  0.07    0.00    4.57 v _1241_/A (sky130_fd_sc_hd__nor4b_2)
                  0.40    0.44    5.01 ^ _1241_/Y (sky130_fd_sc_hd__nor4b_2)
     3    0.01                           _0376_ (net)
                  0.40    0.00    5.01 ^ _1243_/A (sky130_fd_sc_hd__nor2_2)
                  0.12    0.16    5.17 v _1243_/Y (sky130_fd_sc_hd__nor2_2)
     4    0.02                           _0378_ (net)
                  0.12    0.00    5.17 v _1249_/A2 (sky130_fd_sc_hd__a41o_2)
                  0.07    0.32    5.49 v _1249_/X (sky130_fd_sc_hd__a41o_2)
     4    0.02                           _0385_ (net)
                  0.07    0.00    5.49 v _1544_/B (sky130_fd_sc_hd__and2_2)
                  0.04    0.20    5.70 v _1544_/X (sky130_fd_sc_hd__and2_2)
     2    0.00                           _0710_ (net)
                  0.04    0.00    5.70 v _1563_/A (sky130_fd_sc_hd__or2_2)
                  0.07    0.33    6.03 v _1563_/X (sky130_fd_sc_hd__or2_2)
     2    0.01                           _0730_ (net)
                  0.07    0.00    6.03 v _1564_/C (sky130_fd_sc_hd__or3_2)
                  0.07    0.42    6.45 v _1564_/X (sky130_fd_sc_hd__or3_2)
     1    0.00                           _0732_ (net)
                  0.07    0.00    6.45 v _1565_/D (sky130_fd_sc_hd__or4_2)
                  0.14    0.65    7.10 v _1565_/X (sky130_fd_sc_hd__or4_2)
     4    0.01                           _0733_ (net)
                  0.14    0.00    7.10 v _1568_/C (sky130_fd_sc_hd__or4_2)
                  0.13    0.71    7.81 v _1568_/X (sky130_fd_sc_hd__or4_2)
     3    0.01                           _0736_ (net)
                  0.13    0.00    7.81 v _1579_/A2 (sky130_fd_sc_hd__o22a_2)
                  0.05    0.28    8.09 v _1579_/X (sky130_fd_sc_hd__o22a_2)
     3    0.01                           _0748_ (net)
                  0.05    0.00    8.09 v _1600_/B (sky130_fd_sc_hd__or3b_2)
                  0.13    0.55    8.64 v _1600_/X (sky130_fd_sc_hd__or3b_2)
     8    0.02                           _0771_ (net)
                  0.13    0.00    8.64 v _1626_/A2 (sky130_fd_sc_hd__a31o_2)
                  0.04    0.27    8.92 v _1626_/X (sky130_fd_sc_hd__a31o_2)
     1    0.00                           _0794_ (net)
                  0.04    0.00    8.92 v _1627_/A1 (sky130_fd_sc_hd__mux2_2)
                  0.05    0.26    9.18 v _1627_/X (sky130_fd_sc_hd__mux2_2)
     1    0.00                           _0795_ (net)
                  0.05    0.00    9.18 v _1628_/A (sky130_fd_sc_hd__buf_1)
                  0.02    0.09    9.26 v _1628_/X (sky130_fd_sc_hd__buf_1)
     1    0.00                           _0005_ (net)
                  0.02    0.00    9.26 v _1646_/D (sky130_fd_sc_hd__dfrtp_2)
                                  9.26   data arrival time

                  0.15   10.00   10.00   clock clk (rise edge)
                          0.00   10.00   clock network delay (ideal)
                         -0.25    9.75   clock uncertainty
                          0.00    9.75   clock reconvergence pessimism
                                  9.75 ^ _1646_/CLK (sky130_fd_sc_hd__dfrtp_2)
                         -0.08    9.67   library setup time
                                  9.67   data required time
-----------------------------------------------------------------------------
                                  9.67   data required time
                                 -9.26   data arrival time
-----------------------------------------------------------------------------
                                  0.40   slack (MET)


Startpoint: scale[2] (input port clocked by clk)
Endpoint: _1648_ (rising edge-triggered flip-flop clocked by clk)
Path Group: clk
Path Type: max

Fanout     Cap    Slew   Delay    Time   Description
-----------------------------------------------------------------------------
                  0.15    0.00    0.00   clock clk (rise edge)
                          0.00    0.00   clock network delay (ideal)
                          2.00    2.00 ^ input external delay
                  0.16    0.12    2.12 ^ scale[2] (in)
     8    0.03                           scale[2] (net)
                  0.16    0.00    2.12 ^ _0909_/A (sky130_fd_sc_hd__buf_1)
                  0.53    0.46    2.58 ^ _0909_/X (sky130_fd_sc_hd__buf_1)
    10    0.05                           _0044_ (net)
                  0.53    0.00    2.58 ^ _1088_/B (sky130_fd_sc_hd__nand4_2)
                  0.17    0.21    2.79 v _1088_/Y (sky130_fd_sc_hd__nand4_2)
     3    0.01                           _0223_ (net)
                  0.17    0.00    2.79 v _1125_/A1 (sky130_fd_sc_hd__a21o_2)
                  0.04    0.26    3.05 v _1125_/X (sky130_fd_sc_hd__a21o_2)
     2    0.01                           _0260_ (net)
                  0.04    0.00    3.05 v _1130_/A2 (sky130_fd_sc_hd__a21o_2)
                  0.05    0.24    3.29 v _1130_/X (sky130_fd_sc_hd__a21o_2)
     3    0.01                           _0265_ (net)
                  0.05    0.00    3.29 v _1174_/A2 (sky130_fd_sc_hd__a21o_2)
                  0.06    0.25    3.54 v _1174_/X (sky130_fd_sc_hd__a21o_2)
     3    0.01                           _0309_ (net)
                  0.06    0.00    3.54 v _1175_/C (sky130_fd_sc_hd__and3_2)
                  0.05    0.23    3.77 v _1175_/X (sky130_fd_sc_hd__and3_2)
     2    0.01                           _0310_ (net)
                  0.05    0.00    3.77 v _1179_/A (sky130_fd_sc_hd__or3_2)
                  0.11    0.55    4.32 v _1179_/X (sky130_fd_sc_hd__or3_2)
     4    0.01                           _0314_ (net)
                  0.11    0.00    4.32 v _1239_/A (sky130_fd_sc_hd__and3_2)
                  0.07    0.25    4.57 v _1239_/X (sky130_fd_sc_hd__and3_2)
     5    0.02                           _0374_ (net)
                  0.07    0.00    4.57 v _1241_/A (sky130_fd_sc_hd__nor4b_2)
                  0.40    0.44    5.01 ^ _1241_/Y (sky130_fd_sc_hd__nor4b_2)
     3    0.01                           _0376_ (net)
                  0.40    0.00    5.01 ^ _1243_/A (sky130_fd_sc_hd__nor2_2)
                  0.12    0.16    5.17 v _1243_/Y (sky130_fd_sc_hd__nor2_2)
     4    0.02                           _0378_ (net)
                  0.12    0.00    5.17 v _1249_/A2 (sky130_fd_sc_hd__a41o_2)
                  0.07    0.32    5.49 v _1249_/X (sky130_fd_sc_hd__a41o_2)
     4    0.02                           _0385_ (net)
                  0.07    0.00    5.49 v _1544_/B (sky130_fd_sc_hd__and2_2)
                  0.04    0.20    5.70 v _1544_/X (sky130_fd_sc_hd__and2_2)
     2    0.00                           _0710_ (net)
                  0.04    0.00    5.70 v _1563_/A (sky130_fd_sc_hd__or2_2)
                  0.07    0.33    6.03 v _1563_/X (sky130_fd_sc_hd__or2_2)
     2    0.01                           _0730_ (net)
                  0.07    0.00    6.03 v _1564_/C (sky130_fd_sc_hd__or3_2)
                  0.07    0.42    6.45 v _1564_/X (sky130_fd_sc_hd__or3_2)
     1    0.00                           _0732_ (net)
                  0.07    0.00    6.45 v _1565_/D (sky130_fd_sc_hd__or4_2)
                  0.14    0.65    7.10 v _1565_/X (sky130_fd_sc_hd__or4_2)
     4    0.01                           _0733_ (net)
                  0.14    0.00    7.10 v _1568_/C (sky130_fd_sc_hd__or4_2)
                  0.13    0.71    7.81 v _1568_/X (sky130_fd_sc_hd__or4_2)
     3    0.01                           _0736_ (net)
                  0.13    0.00    7.81 v _1579_/A2 (sky130_fd_sc_hd__o22a_2)
                  0.05    0.28    8.09 v _1579_/X (sky130_fd_sc_hd__o22a_2)
     3    0.01                           _0748_ (net)
                  0.05    0.00    8.09 v _1600_/B (sky130_fd_sc_hd__or3b_2)
                  0.13    0.55    8.64 v _1600_/X (sky130_fd_sc_hd__or3b_2)
     8    0.02                           _0771_ (net)
                  0.13    0.00    8.64 v _1635_/A2 (sky130_fd_sc_hd__a31o_2)
                  0.03    0.27    8.91 v _1635_/X (sky130_fd_sc_hd__a31o_2)
     1    0.00                           _0802_ (net)
                  0.03    0.00    8.91 v _1636_/A1 (sky130_fd_sc_hd__mux2_2)
                  0.05    0.26    9.18 v _1636_/X (sky130_fd_sc_hd__mux2_2)
     1    0.00                           _0803_ (net)
                  0.05    0.00    9.18 v _1637_/A (sky130_fd_sc_hd__buf_1)
                  0.02    0.09    9.26 v _1637_/X (sky130_fd_sc_hd__buf_1)
     1    0.00                           _0007_ (net)
                  0.02    0.00    9.26 v _1648_/D (sky130_fd_sc_hd__dfrtp_2)
                                  9.26   data arrival time

                  0.15   10.00   10.00   clock clk (rise edge)
                          0.00   10.00   clock network delay (ideal)
                         -0.25    9.75   clock uncertainty
                          0.00    9.75   clock reconvergence pessimism
                                  9.75 ^ _1648_/CLK (sky130_fd_sc_hd__dfrtp_2)
                         -0.08    9.67   library setup time
                                  9.67   data required time
-----------------------------------------------------------------------------
                                  9.67   data required time
                                 -9.26   data arrival time
-----------------------------------------------------------------------------
                                  0.41   slack (MET)


Startpoint: scale[2] (input port clocked by clk)
Endpoint: _1644_ (rising edge-triggered flip-flop clocked by clk)
Path Group: clk
Path Type: max

Fanout     Cap    Slew   Delay    Time   Description
-----------------------------------------------------------------------------
                  0.15    0.00    0.00   clock clk (rise edge)
                          0.00    0.00   clock network delay (ideal)
                          2.00    2.00 ^ input external delay
                  0.16    0.12    2.12 ^ scale[2] (in)
     8    0.03                           scale[2] (net)
                  0.16    0.00    2.12 ^ _0909_/A (sky130_fd_sc_hd__buf_1)
                  0.53    0.46    2.58 ^ _0909_/X (sky130_fd_sc_hd__buf_1)
    10    0.05                           _0044_ (net)
                  0.53    0.00    2.58 ^ _1088_/B (sky130_fd_sc_hd__nand4_2)
                  0.17    0.21    2.79 v _1088_/Y (sky130_fd_sc_hd__nand4_2)
     3    0.01                           _0223_ (net)
                  0.17    0.00    2.79 v _1125_/A1 (sky130_fd_sc_hd__a21o_2)
                  0.04    0.26    3.05 v _1125_/X (sky130_fd_sc_hd__a21o_2)
     2    0.01                           _0260_ (net)
                  0.04    0.00    3.05 v _1130_/A2 (sky130_fd_sc_hd__a21o_2)
                  0.05    0.24    3.29 v _1130_/X (sky130_fd_sc_hd__a21o_2)
     3    0.01                           _0265_ (net)
                  0.05    0.00    3.29 v _1174_/A2 (sky130_fd_sc_hd__a21o_2)
                  0.06    0.25    3.54 v _1174_/X (sky130_fd_sc_hd__a21o_2)
     3    0.01                           _0309_ (net)
                  0.06    0.00    3.54 v _1175_/C (sky130_fd_sc_hd__and3_2)
                  0.05    0.23    3.77 v _1175_/X (sky130_fd_sc_hd__and3_2)
     2    0.01                           _0310_ (net)
                  0.05    0.00    3.77 v _1179_/A (sky130_fd_sc_hd__or3_2)
                  0.11    0.55    4.32 v _1179_/X (sky130_fd_sc_hd__or3_2)
     4    0.01                           _0314_ (net)
                  0.11    0.00    4.32 v _1239_/A (sky130_fd_sc_hd__and3_2)
                  0.07    0.25    4.57 v _1239_/X (sky130_fd_sc_hd__and3_2)
     5    0.02                           _0374_ (net)
                  0.07    0.00    4.57 v _1241_/A (sky130_fd_sc_hd__nor4b_2)
                  0.40    0.44    5.01 ^ _1241_/Y (sky130_fd_sc_hd__nor4b_2)
     3    0.01                           _0376_ (net)
                  0.40    0.00    5.01 ^ _1243_/A (sky130_fd_sc_hd__nor2_2)
                  0.12    0.16    5.17 v _1243_/Y (sky130_fd_sc_hd__nor2_2)
     4    0.02                           _0378_ (net)
                  0.12    0.00    5.17 v _1249_/A2 (sky130_fd_sc_hd__a41o_2)
                  0.07    0.32    5.49 v _1249_/X (sky130_fd_sc_hd__a41o_2)
     4    0.02                           _0385_ (net)
                  0.07    0.00    5.49 v _1544_/B (sky130_fd_sc_hd__and2_2)
                  0.04    0.20    5.70 v _1544_/X (sky130_fd_sc_hd__and2_2)
     2    0.00                           _0710_ (net)
                  0.04    0.00    5.70 v _1563_/A (sky130_fd_sc_hd__or2_2)
                  0.07    0.33    6.03 v _1563_/X (sky130_fd_sc_hd__or2_2)
     2    0.01                           _0730_ (net)
                  0.07    0.00    6.03 v _1564_/C (sky130_fd_sc_hd__or3_2)
                  0.07    0.42    6.45 v _1564_/X (sky130_fd_sc_hd__or3_2)
     1    0.00                           _0732_ (net)
                  0.07    0.00    6.45 v _1565_/D (sky130_fd_sc_hd__or4_2)
                  0.14    0.65    7.10 v _1565_/X (sky130_fd_sc_hd__or4_2)
     4    0.01                           _0733_ (net)
                  0.14    0.00    7.10 v _1568_/C (sky130_fd_sc_hd__or4_2)
                  0.13    0.71    7.81 v _1568_/X (sky130_fd_sc_hd__or4_2)
     3    0.01                           _0736_ (net)
                  0.13    0.00    7.81 v _1579_/A2 (sky130_fd_sc_hd__o22a_2)
                  0.05    0.28    8.09 v _1579_/X (sky130_fd_sc_hd__o22a_2)
     3    0.01                           _0748_ (net)
                  0.05    0.00    8.09 v _1600_/B (sky130_fd_sc_hd__or3b_2)
                  0.13    0.55    8.64 v _1600_/X (sky130_fd_sc_hd__or3b_2)
     8    0.02                           _0771_ (net)
                  0.13    0.00    8.65 v _1617_/A1 (sky130_fd_sc_hd__a31o_2)
                  0.03    0.24    8.88 v _1617_/X (sky130_fd_sc_hd__a31o_2)
     1    0.00                           _0786_ (net)
                  0.03    0.00    8.88 v _1618_/A1 (sky130_fd_sc_hd__mux2_2)
                  0.05    0.26    9.15 v _1618_/X (sky130_fd_sc_hd__mux2_2)
     1    0.00                           _0787_ (net)
                  0.05    0.00    9.15 v _1619_/A (sky130_fd_sc_hd__buf_1)
                  0.02    0.09    9.23 v _1619_/X (sky130_fd_sc_hd__buf_1)
     1    0.00                           _0003_ (net)
                  0.02    0.00    9.23 v _1644_/D (sky130_fd_sc_hd__dfrtp_2)
                                  9.23   data arrival time

                  0.15   10.00   10.00   clock clk (rise edge)
                          0.00   10.00   clock network delay (ideal)
                         -0.25    9.75   clock uncertainty
                          0.00    9.75   clock reconvergence pessimism
                                  9.75 ^ _1644_/CLK (sky130_fd_sc_hd__dfrtp_2)
                         -0.08    9.67   library setup time
                                  9.67   data required time
-----------------------------------------------------------------------------
                                  9.67   data required time
                                 -9.23   data arrival time
-----------------------------------------------------------------------------
                                  0.43   slack (MET)


Startpoint: scale[2] (input port clocked by clk)
Endpoint: _1645_ (rising edge-triggered flip-flop clocked by clk)
Path Group: clk
Path Type: max

Fanout     Cap    Slew   Delay    Time   Description
-----------------------------------------------------------------------------
                  0.15    0.00    0.00   clock clk (rise edge)
                          0.00    0.00   clock network delay (ideal)
                          2.00    2.00 ^ input external delay
                  0.16    0.12    2.12 ^ scale[2] (in)
     8    0.03                           scale[2] (net)
                  0.16    0.00    2.12 ^ _0909_/A (sky130_fd_sc_hd__buf_1)
                  0.53    0.46    2.58 ^ _0909_/X (sky130_fd_sc_hd__buf_1)
    10    0.05                           _0044_ (net)
                  0.53    0.00    2.58 ^ _1088_/B (sky130_fd_sc_hd__nand4_2)
                  0.17    0.21    2.79 v _1088_/Y (sky130_fd_sc_hd__nand4_2)
     3    0.01                           _0223_ (net)
                  0.17    0.00    2.79 v _1125_/A1 (sky130_fd_sc_hd__a21o_2)
                  0.04    0.26    3.05 v _1125_/X (sky130_fd_sc_hd__a21o_2)
     2    0.01                           _0260_ (net)
                  0.04    0.00    3.05 v _1130_/A2 (sky130_fd_sc_hd__a21o_2)
                  0.05    0.24    3.29 v _1130_/X (sky130_fd_sc_hd__a21o_2)
     3    0.01                           _0265_ (net)
                  0.05    0.00    3.29 v _1174_/A2 (sky130_fd_sc_hd__a21o_2)
                  0.06    0.25    3.54 v _1174_/X (sky130_fd_sc_hd__a21o_2)
     3    0.01                           _0309_ (net)
                  0.06    0.00    3.54 v _1175_/C (sky130_fd_sc_hd__and3_2)
                  0.05    0.23    3.77 v _1175_/X (sky130_fd_sc_hd__and3_2)
     2    0.01                           _0310_ (net)
                  0.05    0.00    3.77 v _1179_/A (sky130_fd_sc_hd__or3_2)
                  0.11    0.55    4.32 v _1179_/X (sky130_fd_sc_hd__or3_2)
     4    0.01                           _0314_ (net)
                  0.11    0.00    4.32 v _1239_/A (sky130_fd_sc_hd__and3_2)
                  0.07    0.25    4.57 v _1239_/X (sky130_fd_sc_hd__and3_2)
     5    0.02                           _0374_ (net)
                  0.07    0.00    4.57 v _1241_/A (sky130_fd_sc_hd__nor4b_2)
                  0.40    0.44    5.01 ^ _1241_/Y (sky130_fd_sc_hd__nor4b_2)
     3    0.01                           _0376_ (net)
                  0.40    0.00    5.01 ^ _1243_/A (sky130_fd_sc_hd__nor2_2)
                  0.12    0.16    5.17 v _1243_/Y (sky130_fd_sc_hd__nor2_2)
     4    0.02                           _0378_ (net)
                  0.12    0.00    5.17 v _1249_/A2 (sky130_fd_sc_hd__a41o_2)
                  0.07    0.32    5.49 v _1249_/X (sky130_fd_sc_hd__a41o_2)
     4    0.02                           _0385_ (net)
                  0.07    0.00    5.49 v _1544_/B (sky130_fd_sc_hd__and2_2)
                  0.04    0.20    5.70 v _1544_/X (sky130_fd_sc_hd__and2_2)
     2    0.00                           _0710_ (net)
                  0.04    0.00    5.70 v _1563_/A (sky130_fd_sc_hd__or2_2)
                  0.07    0.33    6.03 v _1563_/X (sky130_fd_sc_hd__or2_2)
     2    0.01                           _0730_ (net)
                  0.07    0.00    6.03 v _1564_/C (sky130_fd_sc_hd__or3_2)
                  0.07    0.42    6.45 v _1564_/X (sky130_fd_sc_hd__or3_2)
     1    0.00                           _0732_ (net)
                  0.07    0.00    6.45 v _1565_/D (sky130_fd_sc_hd__or4_2)
                  0.14    0.65    7.10 v _1565_/X (sky130_fd_sc_hd__or4_2)
     4    0.01                           _0733_ (net)
                  0.14    0.00    7.10 v _1568_/C (sky130_fd_sc_hd__or4_2)
                  0.13    0.71    7.81 v _1568_/X (sky130_fd_sc_hd__or4_2)
     3    0.01                           _0736_ (net)
                  0.13    0.00    7.81 v _1579_/A2 (sky130_fd_sc_hd__o22a_2)
                  0.05    0.28    8.09 v _1579_/X (sky130_fd_sc_hd__o22a_2)
     3    0.01                           _0748_ (net)
                  0.05    0.00    8.09 v _1600_/B (sky130_fd_sc_hd__or3b_2)
                  0.13    0.55    8.64 v _1600_/X (sky130_fd_sc_hd__or3b_2)
     8    0.02                           _0771_ (net)
                  0.13    0.00    8.65 v _1622_/A1 (sky130_fd_sc_hd__a21o_2)
                  0.03    0.22    8.87 v _1622_/X (sky130_fd_sc_hd__a21o_2)
     1    0.00                           _0790_ (net)
                  0.03    0.00    8.87 v _1623_/A1 (sky130_fd_sc_hd__mux2_2)
                  0.05    0.26    9.13 v _1623_/X (sky130_fd_sc_hd__mux2_2)
     1    0.00                           _0791_ (net)
                  0.05    0.00    9.13 v _1624_/A (sky130_fd_sc_hd__buf_1)
                  0.02    0.09    9.22 v _1624_/X (sky130_fd_sc_hd__buf_1)
     1    0.00                           _0004_ (net)
                  0.02    0.00    9.22 v _1645_/D (sky130_fd_sc_hd__dfrtp_2)
                                  9.22   data arrival time

                  0.15   10.00   10.00   clock clk (rise edge)
                          0.00   10.00   clock network delay (ideal)
                         -0.25    9.75   clock uncertainty
                          0.00    9.75   clock reconvergence pessimism
                                  9.75 ^ _1645_/CLK (sky130_fd_sc_hd__dfrtp_2)
                         -0.08    9.67   library setup time
                                  9.67   data required time
-----------------------------------------------------------------------------
                                  9.67   data required time
                                 -9.22   data arrival time
-----------------------------------------------------------------------------
                                  0.45   slack (MET)


Startpoint: scale[2] (input port clocked by clk)
Endpoint: _1642_ (rising edge-triggered flip-flop clocked by clk)
Path Group: clk
Path Type: max

Fanout     Cap    Slew   Delay    Time   Description
-----------------------------------------------------------------------------
                  0.15    0.00    0.00   clock clk (rise edge)
                          0.00    0.00   clock network delay (ideal)
                          2.00    2.00 ^ input external delay
                  0.16    0.12    2.12 ^ scale[2] (in)
     8    0.03                           scale[2] (net)
                  0.16    0.00    2.12 ^ _0909_/A (sky130_fd_sc_hd__buf_1)
                  0.53    0.46    2.58 ^ _0909_/X (sky130_fd_sc_hd__buf_1)
    10    0.05                           _0044_ (net)
                  0.53    0.00    2.58 ^ _1088_/B (sky130_fd_sc_hd__nand4_2)
                  0.17    0.21    2.79 v _1088_/Y (sky130_fd_sc_hd__nand4_2)
     3    0.01                           _0223_ (net)
                  0.17    0.00    2.79 v _1125_/A1 (sky130_fd_sc_hd__a21o_2)
                  0.04    0.26    3.05 v _1125_/X (sky130_fd_sc_hd__a21o_2)
     2    0.01                           _0260_ (net)
                  0.04    0.00    3.05 v _1130_/A2 (sky130_fd_sc_hd__a21o_2)
                  0.05    0.24    3.29 v _1130_/X (sky130_fd_sc_hd__a21o_2)
     3    0.01                           _0265_ (net)
                  0.05    0.00    3.29 v _1174_/A2 (sky130_fd_sc_hd__a21o_2)
                  0.06    0.25    3.54 v _1174_/X (sky130_fd_sc_hd__a21o_2)
     3    0.01                           _0309_ (net)
                  0.06    0.00    3.54 v _1175_/C (sky130_fd_sc_hd__and3_2)
                  0.05    0.23    3.77 v _1175_/X (sky130_fd_sc_hd__and3_2)
     2    0.01                           _0310_ (net)
                  0.05    0.00    3.77 v _1179_/A (sky130_fd_sc_hd__or3_2)
                  0.11    0.55    4.32 v _1179_/X (sky130_fd_sc_hd__or3_2)
     4    0.01                           _0314_ (net)
                  0.11    0.00    4.32 v _1239_/A (sky130_fd_sc_hd__and3_2)
                  0.07    0.25    4.57 v _1239_/X (sky130_fd_sc_hd__and3_2)
     5    0.02                           _0374_ (net)
                  0.07    0.00    4.57 v _1241_/A (sky130_fd_sc_hd__nor4b_2)
                  0.40    0.44    5.01 ^ _1241_/Y (sky130_fd_sc_hd__nor4b_2)
     3    0.01                           _0376_ (net)
                  0.40    0.00    5.01 ^ _1243_/A (sky130_fd_sc_hd__nor2_2)
                  0.12    0.16    5.17 v _1243_/Y (sky130_fd_sc_hd__nor2_2)
     4    0.02                           _0378_ (net)
                  0.12    0.00    5.17 v _1249_/A2 (sky130_fd_sc_hd__a41o_2)
                  0.07    0.32    5.49 v _1249_/X (sky130_fd_sc_hd__a41o_2)
     4    0.02                           _0385_ (net)
                  0.07    0.00    5.49 v _1544_/B (sky130_fd_sc_hd__and2_2)
                  0.04    0.20    5.70 v _1544_/X (sky130_fd_sc_hd__and2_2)
     2    0.00                           _0710_ (net)
                  0.04    0.00    5.70 v _1563_/A (sky130_fd_sc_hd__or2_2)
                  0.07    0.33    6.03 v _1563_/X (sky130_fd_sc_hd__or2_2)
     2    0.01                           _0730_ (net)
                  0.07    0.00    6.03 v _1564_/C (sky130_fd_sc_hd__or3_2)
                  0.07    0.42    6.45 v _1564_/X (sky130_fd_sc_hd__or3_2)
     1    0.00                           _0732_ (net)
                  0.07    0.00    6.45 v _1565_/D (sky130_fd_sc_hd__or4_2)
                  0.14    0.65    7.10 v _1565_/X (sky130_fd_sc_hd__or4_2)
     4    0.01                           _0733_ (net)
                  0.14    0.00    7.10 v _1568_/C (sky130_fd_sc_hd__or4_2)
                  0.13    0.71    7.81 v _1568_/X (sky130_fd_sc_hd__or4_2)
     3    0.01                           _0736_ (net)
                  0.13    0.00    7.81 v _1579_/A2 (sky130_fd_sc_hd__o22a_2)
                  0.05    0.28    8.09 v _1579_/X (sky130_fd_sc_hd__o22a_2)
     3    0.01                           _0748_ (net)
                  0.05    0.00    8.09 v _1600_/B (sky130_fd_sc_hd__or3b_2)
                  0.13    0.55    8.64 v _1600_/X (sky130_fd_sc_hd__or3b_2)
     8    0.02                           _0771_ (net)
                  0.13    0.00    8.65 v _1607_/A1 (sky130_fd_sc_hd__a21o_2)
                  0.03    0.22    8.87 v _1607_/X (sky130_fd_sc_hd__a21o_2)
     1    0.00                           _0777_ (net)
                  0.03    0.00    8.87 v _1608_/A1 (sky130_fd_sc_hd__mux2_2)
                  0.05    0.26    9.13 v _1608_/X (sky130_fd_sc_hd__mux2_2)
     1    0.00                           _0778_ (net)
                  0.05    0.00    9.13 v _1609_/A (sky130_fd_sc_hd__buf_1)
                  0.02    0.09    9.22 v _1609_/X (sky130_fd_sc_hd__buf_1)
     1    0.00                           _0001_ (net)
                  0.02    0.00    9.22 v _1642_/D (sky130_fd_sc_hd__dfrtp_2)
                                  9.22   data arrival time

                  0.15   10.00   10.00   clock clk (rise edge)
                          0.00   10.00   clock network delay (ideal)
                         -0.25    9.75   clock uncertainty
                          0.00    9.75   clock reconvergence pessimism
                                  9.75 ^ _1642_/CLK (sky130_fd_sc_hd__dfrtp_2)
                         -0.08    9.67   library setup time
                                  9.67   data required time
-----------------------------------------------------------------------------
                                  9.67   data required time
                                 -9.22   data arrival time
-----------------------------------------------------------------------------
                                  0.45   slack (MET)


Startpoint: scale[2] (input port clocked by clk)
Endpoint: _1649_ (rising edge-triggered flip-flop clocked by clk)
Path Group: clk
Path Type: max

Fanout     Cap    Slew   Delay    Time   Description
-----------------------------------------------------------------------------
                  0.15    0.00    0.00   clock clk (rise edge)
                          0.00    0.00   clock network delay (ideal)
                          2.00    2.00 ^ input external delay
                  0.16    0.12    2.12 ^ scale[2] (in)
     8    0.03                           scale[2] (net)
                  0.16    0.00    2.12 ^ _0909_/A (sky130_fd_sc_hd__buf_1)
                  0.53    0.46    2.58 ^ _0909_/X (sky130_fd_sc_hd__buf_1)
    10    0.05                           _0044_ (net)
                  0.53    0.00    2.58 ^ _1088_/B (sky130_fd_sc_hd__nand4_2)
                  0.17    0.21    2.79 v _1088_/Y (sky130_fd_sc_hd__nand4_2)
     3    0.01                           _0223_ (net)
                  0.17    0.00    2.79 v _1125_/A1 (sky130_fd_sc_hd__a21o_2)
                  0.04    0.26    3.05 v _1125_/X (sky130_fd_sc_hd__a21o_2)
     2    0.01                           _0260_ (net)
                  0.04    0.00    3.05 v _1130_/A2 (sky130_fd_sc_hd__a21o_2)
                  0.05    0.24    3.29 v _1130_/X (sky130_fd_sc_hd__a21o_2)
     3    0.01                           _0265_ (net)
                  0.05    0.00    3.29 v _1174_/A2 (sky130_fd_sc_hd__a21o_2)
                  0.06    0.25    3.54 v _1174_/X (sky130_fd_sc_hd__a21o_2)
     3    0.01                           _0309_ (net)
                  0.06    0.00    3.54 v _1175_/C (sky130_fd_sc_hd__and3_2)
                  0.05    0.23    3.77 v _1175_/X (sky130_fd_sc_hd__and3_2)
     2    0.01                           _0310_ (net)
                  0.05    0.00    3.77 v _1179_/A (sky130_fd_sc_hd__or3_2)
                  0.11    0.55    4.32 v _1179_/X (sky130_fd_sc_hd__or3_2)
     4    0.01                           _0314_ (net)
                  0.11    0.00    4.32 v _1239_/A (sky130_fd_sc_hd__and3_2)
                  0.07    0.25    4.57 v _1239_/X (sky130_fd_sc_hd__and3_2)
     5    0.02                           _0374_ (net)
                  0.07    0.00    4.57 v _1241_/A (sky130_fd_sc_hd__nor4b_2)
                  0.40    0.44    5.01 ^ _1241_/Y (sky130_fd_sc_hd__nor4b_2)
     3    0.01                           _0376_ (net)
                  0.40    0.00    5.01 ^ _1243_/A (sky130_fd_sc_hd__nor2_2)
                  0.12    0.16    5.17 v _1243_/Y (sky130_fd_sc_hd__nor2_2)
     4    0.02                           _0378_ (net)
                  0.12    0.00    5.17 v _1249_/A2 (sky130_fd_sc_hd__a41o_2)
                  0.07    0.32    5.49 v _1249_/X (sky130_fd_sc_hd__a41o_2)
     4    0.02                           _0385_ (net)
                  0.07    0.00    5.49 v _1544_/B (sky130_fd_sc_hd__and2_2)
                  0.04    0.20    5.70 v _1544_/X (sky130_fd_sc_hd__and2_2)
     2    0.00                           _0710_ (net)
                  0.04    0.00    5.70 v _1563_/A (sky130_fd_sc_hd__or2_2)
                  0.07    0.33    6.03 v _1563_/X (sky130_fd_sc_hd__or2_2)
     2    0.01                           _0730_ (net)
                  0.07    0.00    6.03 v _1564_/C (sky130_fd_sc_hd__or3_2)
                  0.07    0.42    6.45 v _1564_/X (sky130_fd_sc_hd__or3_2)
     1    0.00                           _0732_ (net)
                  0.07    0.00    6.45 v _1565_/D (sky130_fd_sc_hd__or4_2)
                  0.14    0.65    7.10 v _1565_/X (sky130_fd_sc_hd__or4_2)
     4    0.01                           _0733_ (net)
                  0.14    0.00    7.10 v _1568_/C (sky130_fd_sc_hd__or4_2)
                  0.13    0.71    7.81 v _1568_/X (sky130_fd_sc_hd__or4_2)
     3    0.01                           _0736_ (net)
                  0.13    0.00    7.81 v _1579_/A2 (sky130_fd_sc_hd__o22a_2)
                  0.05    0.28    8.09 v _1579_/X (sky130_fd_sc_hd__o22a_2)
     3    0.01                           _0748_ (net)
                  0.05    0.00    8.09 v _1639_/C (sky130_fd_sc_hd__or3_2)
                  0.07    0.42    8.51 v _1639_/X (sky130_fd_sc_hd__or3_2)
     1    0.00                           _0805_ (net)
                  0.07    0.00    8.51 v _1640_/B1_N (sky130_fd_sc_hd__a21bo_2)
                  0.03    0.20    8.71 ^ _1640_/X (sky130_fd_sc_hd__a21bo_2)
     1    0.00                           _0008_ (net)
                  0.03    0.00    8.71 ^ _1649_/D (sky130_fd_sc_hd__dfrtp_2)
                                  8.71   data arrival time

                  0.15   10.00   10.00   clock clk (rise edge)
                          0.00   10.00   clock network delay (ideal)
                         -0.25    9.75   clock uncertainty
                          0.00    9.75   clock reconvergence pessimism
                                  9.75 ^ _1649_/CLK (sky130_fd_sc_hd__dfrtp_2)
                         -0.04    9.71   library setup time
                                  9.71   data required time
-----------------------------------------------------------------------------
                                  9.71   data required time
                                 -8.71   data arrival time
-----------------------------------------------------------------------------
                                  1.00   slack (MET)


Startpoint: _1648_ (rising edge-triggered flip-flop clocked by clk)
Endpoint: data_out[6] (output port clocked by clk)
Path Group: clk
Path Type: max

Fanout     Cap    Slew   Delay    Time   Description
-----------------------------------------------------------------------------
                  0.15    0.00    0.00   clock clk (rise edge)
                          0.00    0.00   clock network delay (ideal)
                  0.15    0.00    0.00 ^ _1648_/CLK (sky130_fd_sc_hd__dfrtp_2)
                  0.25    0.56    0.56 ^ _1648_/Q (sky130_fd_sc_hd__dfrtp_2)
     2    0.05                           data_out[6] (net)
                  0.25    0.01    0.57 ^ data_out[6] (out)
                                  0.57   data arrival time

                  0.15   10.00   10.00   clock clk (rise edge)
                          0.00   10.00   clock network delay (ideal)
                         -0.25    9.75   clock uncertainty
                          0.00    9.75   clock reconvergence pessimism
                         -2.00    7.75   output external delay
                                  7.75   data required time
-----------------------------------------------------------------------------
                                  7.75   data required time
                                 -0.57   data arrival time
-----------------------------------------------------------------------------
                                  7.18   slack (MET)


Startpoint: _1643_ (rising edge-triggered flip-flop clocked by clk)
Endpoint: data_out[1] (output port clocked by clk)
Path Group: clk
Path Type: max

Fanout     Cap    Slew   Delay    Time   Description
-----------------------------------------------------------------------------
                  0.15    0.00    0.00   clock clk (rise edge)
                          0.00    0.00   clock network delay (ideal)
                  0.15    0.00    0.00 ^ _1643_/CLK (sky130_fd_sc_hd__dfrtp_2)
                  0.24    0.56    0.56 ^ _1643_/Q (sky130_fd_sc_hd__dfrtp_2)
     2    0.05                           data_out[1] (net)
                  0.24    0.01    0.57 ^ data_out[1] (out)
                                  0.57   data arrival time

                  0.15   10.00   10.00   clock clk (rise edge)
                          0.00   10.00   clock network delay (ideal)
                         -0.25    9.75   clock uncertainty
                          0.00    9.75   clock reconvergence pessimism
                         -2.00    7.75   output external delay
                                  7.75   data required time
-----------------------------------------------------------------------------
                                  7.75   data required time
                                 -0.57   data arrival time
-----------------------------------------------------------------------------
                                  7.18   slack (MET)


Startpoint: valid_in (input port clocked by clk)
Endpoint: _1641_ (rising edge-triggered flip-flop clocked by clk)
Path Group: clk
Path Type: max

Fanout     Cap    Slew   Delay    Time   Description
-----------------------------------------------------------------------------
                  0.15    0.00    0.00   clock clk (rise edge)
                          0.00    0.00   clock network delay (ideal)
                          2.00    2.00 v input external delay
                  0.11    0.08    2.08 v valid_in (in)
     9    0.05                           valid_in (net)
                  0.11    0.00    2.08 v _1603_/B (sky130_fd_sc_hd__or2_2)
                  0.05    0.30    2.39 v _1603_/X (sky130_fd_sc_hd__or2_2)
     1    0.00                           _0773_ (net)
                  0.05    0.00    2.39 v _1604_/A (sky130_fd_sc_hd__buf_1)
                  0.02    0.09    2.48 v _1604_/X (sky130_fd_sc_hd__buf_1)
     1    0.00                           _0000_ (net)
                  0.02    0.00    2.48 v _1641_/D (sky130_fd_sc_hd__dfrtp_2)
                                  2.48   data arrival time

                  0.15   10.00   10.00   clock clk (rise edge)
                          0.00   10.00   clock network delay (ideal)
                         -0.25    9.75   clock uncertainty
                          0.00    9.75   clock reconvergence pessimism
                                  9.75 ^ _1641_/CLK (sky130_fd_sc_hd__dfrtp_2)
                         -0.08    9.67   library setup time
                                  9.67   data required time
-----------------------------------------------------------------------------
                                  9.67   data required time
                                 -2.48   data arrival time
-----------------------------------------------------------------------------
                                  7.19   slack (MET)


Startpoint: _1642_ (rising edge-triggered flip-flop clocked by clk)
Endpoint: data_out[0] (output port clocked by clk)
Path Group: clk
Path Type: max

Fanout     Cap    Slew   Delay    Time   Description
-----------------------------------------------------------------------------
                  0.15    0.00    0.00   clock clk (rise edge)
                          0.00    0.00   clock network delay (ideal)
                  0.15    0.00    0.00 ^ _1642_/CLK (sky130_fd_sc_hd__dfrtp_2)
                  0.13    0.55    0.55 v _1642_/Q (sky130_fd_sc_hd__dfrtp_2)
     2    0.04                           data_out[0] (net)
                  0.13    0.00    0.56 v data_out[0] (out)
                                  0.56   data arrival time

                  0.15   10.00   10.00   clock clk (rise edge)
                          0.00   10.00   clock network delay (ideal)
                         -0.25    9.75   clock uncertainty
                          0.00    9.75   clock reconvergence pessimism
                         -2.00    7.75   output external delay
                                  7.75   data required time
-----------------------------------------------------------------------------
                                  7.75   data required time
                                 -0.56   data arrival time
-----------------------------------------------------------------------------
                                  7.19   slack (MET)


Startpoint: _1649_ (rising edge-triggered flip-flop clocked by clk)
Endpoint: data_out[7] (output port clocked by clk)
Path Group: clk
Path Type: max

Fanout     Cap    Slew   Delay    Time   Description
-----------------------------------------------------------------------------
                  0.15    0.00    0.00   clock clk (rise edge)
                          0.00    0.00   clock network delay (ideal)
                  0.15    0.00    0.00 ^ _1649_/CLK (sky130_fd_sc_hd__dfrtp_2)
                  0.13    0.55    0.55 v _1649_/Q (sky130_fd_sc_hd__dfrtp_2)
     2    0.04                           data_out[7] (net)
                  0.13    0.00    0.55 v data_out[7] (out)
                                  0.55   data arrival time

                  0.15   10.00   10.00   clock clk (rise edge)
                          0.00   10.00   clock network delay (ideal)
                         -0.25    9.75   clock uncertainty
                          0.00    9.75   clock reconvergence pessimism
                         -2.00    7.75   output external delay
                                  7.75   data required time
-----------------------------------------------------------------------------
                                  7.75   data required time
                                 -0.55   data arrival time
-----------------------------------------------------------------------------
                                  7.20   slack (MET)


Startpoint: _1644_ (rising edge-triggered flip-flop clocked by clk)
Endpoint: data_out[2] (output port clocked by clk)
Path Group: clk
Path Type: max

Fanout     Cap    Slew   Delay    Time   Description
-----------------------------------------------------------------------------
                  0.15    0.00    0.00   clock clk (rise edge)
                          0.00    0.00   clock network delay (ideal)
                  0.15    0.00    0.00 ^ _1644_/CLK (sky130_fd_sc_hd__dfrtp_2)
                  0.13    0.55    0.55 v _1644_/Q (sky130_fd_sc_hd__dfrtp_2)
     2    0.04                           data_out[2] (net)
                  0.13    0.00    0.55 v data_out[2] (out)
                                  0.55   data arrival time

                  0.15   10.00   10.00   clock clk (rise edge)
                          0.00   10.00   clock network delay (ideal)
                         -0.25    9.75   clock uncertainty
                          0.00    9.75   clock reconvergence pessimism
                         -2.00    7.75   output external delay
                                  7.75   data required time
-----------------------------------------------------------------------------
                                  7.75   data required time
                                 -0.55   data arrival time
-----------------------------------------------------------------------------
                                  7.20   slack (MET)


Startpoint: _1641_ (rising edge-triggered flip-flop clocked by clk)
Endpoint: valid_out (output port clocked by clk)
Path Group: clk
Path Type: max

Fanout     Cap    Slew   Delay    Time   Description
-----------------------------------------------------------------------------
                  0.15    0.00    0.00   clock clk (rise edge)
                          0.00    0.00   clock network delay (ideal)
                  0.15    0.00    0.00 ^ _1641_/CLK (sky130_fd_sc_hd__dfrtp_2)
                  0.13    0.55    0.55 v _1641_/Q (sky130_fd_sc_hd__dfrtp_2)
     2    0.04                           valid_out (net)
                  0.13    0.00    0.55 v valid_out (out)
                                  0.55   data arrival time

                  0.15   10.00   10.00   clock clk (rise edge)
                          0.00   10.00   clock network delay (ideal)
                         -0.25    9.75   clock uncertainty
                          0.00    9.75   clock reconvergence pessimism
                         -2.00    7.75   output external delay
                                  7.75   data required time
-----------------------------------------------------------------------------
                                  7.75   data required time
                                 -0.55   data arrival time
-----------------------------------------------------------------------------
                                  7.20   slack (MET)


Startpoint: _1646_ (rising edge-triggered flip-flop clocked by clk)
Endpoint: data_out[4] (output port clocked by clk)
Path Group: clk
Path Type: max

Fanout     Cap    Slew   Delay    Time   Description
-----------------------------------------------------------------------------
                  0.15    0.00    0.00   clock clk (rise edge)
                          0.00    0.00   clock network delay (ideal)
                  0.15    0.00    0.00 ^ _1646_/CLK (sky130_fd_sc_hd__dfrtp_2)
                  0.13    0.55    0.55 v _1646_/Q (sky130_fd_sc_hd__dfrtp_2)
     2    0.04                           data_out[4] (net)
                  0.13    0.00    0.55 v data_out[4] (out)
                                  0.55   data arrival time

                  0.15   10.00   10.00   clock clk (rise edge)
                          0.00   10.00   clock network delay (ideal)
                         -0.25    9.75   clock uncertainty
                          0.00    9.75   clock reconvergence pessimism
                         -2.00    7.75   output external delay
                                  7.75   data required time
-----------------------------------------------------------------------------
                                  7.75   data required time
                                 -0.55   data arrival time
-----------------------------------------------------------------------------
                                  7.20   slack (MET)


Startpoint: _1647_ (rising edge-triggered flip-flop clocked by clk)
Endpoint: data_out[5] (output port clocked by clk)
Path Group: clk
Path Type: max

Fanout     Cap    Slew   Delay    Time   Description
-----------------------------------------------------------------------------
                  0.15    0.00    0.00   clock clk (rise edge)
                          0.00    0.00   clock network delay (ideal)
                  0.15    0.00    0.00 ^ _1647_/CLK (sky130_fd_sc_hd__dfrtp_2)
                  0.12    0.55    0.55 v _1647_/Q (sky130_fd_sc_hd__dfrtp_2)
     2    0.04                           data_out[5] (net)
                  0.12    0.00    0.55 v data_out[5] (out)
                                  0.55   data arrival time

                  0.15   10.00   10.00   clock clk (rise edge)
                          0.00   10.00   clock network delay (ideal)
                         -0.25    9.75   clock uncertainty
                          0.00    9.75   clock reconvergence pessimism
                         -2.00    7.75   output external delay
                                  7.75   data required time
-----------------------------------------------------------------------------
                                  7.75   data required time
                                 -0.55   data arrival time
-----------------------------------------------------------------------------
                                  7.20   slack (MET)


Startpoint: _1645_ (rising edge-triggered flip-flop clocked by clk)
Endpoint: data_out[3] (output port clocked by clk)
Path Group: clk
Path Type: max

Fanout     Cap    Slew   Delay    Time   Description
-----------------------------------------------------------------------------
                  0.15    0.00    0.00   clock clk (rise edge)
                          0.00    0.00   clock network delay (ideal)
                  0.15    0.00    0.00 ^ _1645_/CLK (sky130_fd_sc_hd__dfrtp_2)
                  0.12    0.54    0.54 v _1645_/Q (sky130_fd_sc_hd__dfrtp_2)
     2    0.04                           data_out[3] (net)
                  0.12    0.00    0.55 v data_out[3] (out)
                                  0.55   data arrival time

                  0.15   10.00   10.00   clock clk (rise edge)
                          0.00   10.00   clock network delay (ideal)
                         -0.25    9.75   clock uncertainty
                          0.00    9.75   clock reconvergence pessimism
                         -2.00    7.75   output external delay
                                  7.75   data required time
-----------------------------------------------------------------------------
                                  7.75   data required time
                                 -0.55   data arrival time
-----------------------------------------------------------------------------
                                  7.20   slack (MET)


Startpoint: rst_n (input port clocked by clk)
Endpoint: _1641_ (recovery check against rising-edge clock clk)
Path Group: asynchronous
Path Type: max

Fanout     Cap    Slew   Delay    Time   Description
-----------------------------------------------------------------------------
                  0.15    0.00    0.00   clock clk (rise edge)
                          0.00    0.00   clock network delay (ideal)
                          2.00    2.00 ^ input external delay
                  0.21    0.15    2.15 ^ rst_n (in)
     9    0.05                           rst_n (net)
                  0.21    0.00    2.15 ^ _1641_/RESET_B (sky130_fd_sc_hd__dfrtp_2)
                                  2.15   data arrival time

                  0.15   10.00   10.00   clock clk (rise edge)
                          0.00   10.00   clock network delay (ideal)
                         -0.25    9.75   clock uncertainty
                          0.00    9.75   clock reconvergence pessimism
                                  9.75 ^ _1641_/CLK (sky130_fd_sc_hd__dfrtp_2)
                          0.20    9.95   library recovery time
                                  9.95   data required time
-----------------------------------------------------------------------------
                                  9.95   data required time
                                 -2.15   data arrival time
-----------------------------------------------------------------------------
                                  7.80   slack (MET)


Startpoint: rst_n (input port clocked by clk)
Endpoint: _1648_ (recovery check against rising-edge clock clk)
Path Group: asynchronous
Path Type: max

Fanout     Cap    Slew   Delay    Time   Description
-----------------------------------------------------------------------------
                  0.15    0.00    0.00   clock clk (rise edge)
                          0.00    0.00   clock network delay (ideal)
                          2.00    2.00 ^ input external delay
                  0.21    0.15    2.15 ^ rst_n (in)
     9    0.05                           rst_n (net)
                  0.21    0.00    2.15 ^ _1648_/RESET_B (sky130_fd_sc_hd__dfrtp_2)
                                  2.15   data arrival time

                  0.15   10.00   10.00   clock clk (rise edge)
                          0.00   10.00   clock network delay (ideal)
                         -0.25    9.75   clock uncertainty
                          0.00    9.75   clock reconvergence pessimism
                                  9.75 ^ _1648_/CLK (sky130_fd_sc_hd__dfrtp_2)
                          0.20    9.95   library recovery time
                                  9.95   data required time
-----------------------------------------------------------------------------
                                  9.95   data required time
                                 -2.15   data arrival time
-----------------------------------------------------------------------------
                                  7.80   slack (MET)


Startpoint: rst_n (input port clocked by clk)
Endpoint: _1646_ (recovery check against rising-edge clock clk)
Path Group: asynchronous
Path Type: max

Fanout     Cap    Slew   Delay    Time   Description
-----------------------------------------------------------------------------
                  0.15    0.00    0.00   clock clk (rise edge)
                          0.00    0.00   clock network delay (ideal)
                          2.00    2.00 ^ input external delay
                  0.21    0.15    2.15 ^ rst_n (in)
     9    0.05                           rst_n (net)
                  0.21    0.00    2.15 ^ _1646_/RESET_B (sky130_fd_sc_hd__dfrtp_2)
                                  2.15   data arrival time

                  0.15   10.00   10.00   clock clk (rise edge)
                          0.00   10.00   clock network delay (ideal)
                         -0.25    9.75   clock uncertainty
                          0.00    9.75   clock reconvergence pessimism
                                  9.75 ^ _1646_/CLK (sky130_fd_sc_hd__dfrtp_2)
                          0.20    9.95   library recovery time
                                  9.95   data required time
-----------------------------------------------------------------------------
                                  9.95   data required time
                                 -2.15   data arrival time
-----------------------------------------------------------------------------
                                  7.80   slack (MET)


Startpoint: rst_n (input port clocked by clk)
Endpoint: _1649_ (recovery check against rising-edge clock clk)
Path Group: asynchronous
Path Type: max

Fanout     Cap    Slew   Delay    Time   Description
-----------------------------------------------------------------------------
                  0.15    0.00    0.00   clock clk (rise edge)
                          0.00    0.00   clock network delay (ideal)
                          2.00    2.00 ^ input external delay
                  0.21    0.15    2.15 ^ rst_n (in)
     9    0.05                           rst_n (net)
                  0.21    0.00    2.15 ^ _1649_/RESET_B (sky130_fd_sc_hd__dfrtp_2)
                                  2.15   data arrival time

                  0.15   10.00   10.00   clock clk (rise edge)
                          0.00   10.00   clock network delay (ideal)
                         -0.25    9.75   clock uncertainty
                          0.00    9.75   clock reconvergence pessimism
                                  9.75 ^ _1649_/CLK (sky130_fd_sc_hd__dfrtp_2)
                          0.20    9.95   library recovery time
                                  9.95   data required time
-----------------------------------------------------------------------------
                                  9.95   data required time
                                 -2.15   data arrival time
-----------------------------------------------------------------------------
                                  7.80   slack (MET)


Startpoint: rst_n (input port clocked by clk)
Endpoint: _1647_ (recovery check against rising-edge clock clk)
Path Group: asynchronous
Path Type: max

Fanout     Cap    Slew   Delay    Time   Description
-----------------------------------------------------------------------------
                  0.15    0.00    0.00   clock clk (rise edge)
                          0.00    0.00   clock network delay (ideal)
                          2.00    2.00 ^ input external delay
                  0.21    0.15    2.15 ^ rst_n (in)
     9    0.05                           rst_n (net)
                  0.21    0.00    2.15 ^ _1647_/RESET_B (sky130_fd_sc_hd__dfrtp_2)
                                  2.15   data arrival time

                  0.15   10.00   10.00   clock clk (rise edge)
                          0.00   10.00   clock network delay (ideal)
                         -0.25    9.75   clock uncertainty
                          0.00    9.75   clock reconvergence pessimism
                                  9.75 ^ _1647_/CLK (sky130_fd_sc_hd__dfrtp_2)
                          0.20    9.95   library recovery time
                                  9.95   data required time
-----------------------------------------------------------------------------
                                  9.95   data required time
                                 -2.15   data arrival time
-----------------------------------------------------------------------------
                                  7.80   slack (MET)


Startpoint: rst_n (input port clocked by clk)
Endpoint: _1644_ (recovery check against rising-edge clock clk)
Path Group: asynchronous
Path Type: max

Fanout     Cap    Slew   Delay    Time   Description
-----------------------------------------------------------------------------
                  0.15    0.00    0.00   clock clk (rise edge)
                          0.00    0.00   clock network delay (ideal)
                          2.00    2.00 ^ input external delay
                  0.21    0.15    2.15 ^ rst_n (in)
     9    0.05                           rst_n (net)
                  0.21    0.00    2.15 ^ _1644_/RESET_B (sky130_fd_sc_hd__dfrtp_2)
                                  2.15   data arrival time

                  0.15   10.00   10.00   clock clk (rise edge)
                          0.00   10.00   clock network delay (ideal)
                         -0.25    9.75   clock uncertainty
                          0.00    9.75   clock reconvergence pessimism
                                  9.75 ^ _1644_/CLK (sky130_fd_sc_hd__dfrtp_2)
                          0.20    9.95   library recovery time
                                  9.95   data required time
-----------------------------------------------------------------------------
                                  9.95   data required time
                                 -2.15   data arrival time
-----------------------------------------------------------------------------
                                  7.80   slack (MET)


Startpoint: rst_n (input port clocked by clk)
Endpoint: _1643_ (recovery check against rising-edge clock clk)
Path Group: asynchronous
Path Type: max

Fanout     Cap    Slew   Delay    Time   Description
-----------------------------------------------------------------------------
                  0.15    0.00    0.00   clock clk (rise edge)
                          0.00    0.00   clock network delay (ideal)
                          2.00    2.00 ^ input external delay
                  0.21    0.15    2.15 ^ rst_n (in)
     9    0.05                           rst_n (net)
                  0.21    0.00    2.15 ^ _1643_/RESET_B (sky130_fd_sc_hd__dfrtp_2)
                                  2.15   data arrival time

                  0.15   10.00   10.00   clock clk (rise edge)
                          0.00   10.00   clock network delay (ideal)
                         -0.25    9.75   clock uncertainty
                          0.00    9.75   clock reconvergence pessimism
                                  9.75 ^ _1643_/CLK (sky130_fd_sc_hd__dfrtp_2)
                          0.20    9.95   library recovery time
                                  9.95   data required time
-----------------------------------------------------------------------------
                                  9.95   data required time
                                 -2.15   data arrival time
-----------------------------------------------------------------------------
                                  7.80   slack (MET)


Startpoint: rst_n (input port clocked by clk)
Endpoint: _1642_ (recovery check against rising-edge clock clk)
Path Group: asynchronous
Path Type: max

Fanout     Cap    Slew   Delay    Time   Description
-----------------------------------------------------------------------------
                  0.15    0.00    0.00   clock clk (rise edge)
                          0.00    0.00   clock network delay (ideal)
                          2.00    2.00 ^ input external delay
                  0.21    0.15    2.15 ^ rst_n (in)
     9    0.05                           rst_n (net)
                  0.21    0.00    2.15 ^ _1642_/RESET_B (sky130_fd_sc_hd__dfrtp_2)
                                  2.15   data arrival time

                  0.15   10.00   10.00   clock clk (rise edge)
                          0.00   10.00   clock network delay (ideal)
                         -0.25    9.75   clock uncertainty
                          0.00    9.75   clock reconvergence pessimism
                                  9.75 ^ _1642_/CLK (sky130_fd_sc_hd__dfrtp_2)
                          0.20    9.95   library recovery time
                                  9.95   data required time
-----------------------------------------------------------------------------
                                  9.95   data required time
                                 -2.15   data arrival time
-----------------------------------------------------------------------------
                                  7.80   slack (MET)


Startpoint: rst_n (input port clocked by clk)
Endpoint: _1645_ (recovery check against rising-edge clock clk)
Path Group: asynchronous
Path Type: max

Fanout     Cap    Slew   Delay    Time   Description
-----------------------------------------------------------------------------
                  0.15    0.00    0.00   clock clk (rise edge)
                          0.00    0.00   clock network delay (ideal)
                          2.00    2.00 ^ input external delay
                  0.21    0.15    2.15 ^ rst_n (in)
     9    0.05                           rst_n (net)
                  0.21    0.00    2.15 ^ _1645_/RESET_B (sky130_fd_sc_hd__dfrtp_2)
                                  2.15   data arrival time

                  0.15   10.00   10.00   clock clk (rise edge)
                          0.00   10.00   clock network delay (ideal)
                         -0.25    9.75   clock uncertainty
                          0.00    9.75   clock reconvergence pessimism
                                  9.75 ^ _1645_/CLK (sky130_fd_sc_hd__dfrtp_2)
                          0.20    9.95   library recovery time
                                  9.95   data required time
-----------------------------------------------------------------------------
                                  9.95   data required time
                                 -2.15   data arrival time
-----------------------------------------------------------------------------
                                  7.80   slack (MET)



